120,1,"ETS364B",2,8,"CUJ250020_R25_P2","1","DARREN","FSC1-ETS364","2011A [2011.1.2.21]","2.04",
125,P,"","","","LoadBoard:,5",
140,1,"c:\ETS\WORK\FSL136HR_01_ATEC.DLL","FSL136HR_01_ATEC","1.0","05/17/2009","06/25/2019",
140,2,"c:\ETS\WORK\FSL136HR_01_ATEC.pds","FSL136HR_01_ATEC","4.00","05/17/2009","04/17/2014",
140,3,"c:\ETS\WORK\FSL136HR_01_ATEC.evd","<not available>","1.0","05/17/2009","08/14/2009",
140,4,"FSL136HR_01_ATEC","FPSÄATEC","1.0","05/17/2009","06/25/2019",
145,"WARNING: Detected Boards using Default Calibration",
10,1.0,3,-0.400,-3.000,"V","OS_VCC",
10,1.1,3,2.900,-1.000,"UA","ICCLKG",
10,1.2,3,-0.400,-3.000,"V","OS_DRAIN",
10,1.3,3,2.900,-1.000,"UA","IDLKG",
10,1.4,3,-0.400,-3.000,"V","OS_VFB",
10,1.5,3,2.900,-1.000,"UA","IFBLKG",
10,1.6,3,-0.400,-3.000,"V","OS_VSTR",
10,1.7,3,2.900,-1.000,"UA","ISTRLKG",
10,1.8,3,-0.400,-3.000,"V","OS_RLIM",
10,1.9,3,2.900,-1.000,"UA","IRLLKG",
10,2.0,3,1.000,-1.000,"uA","IDSS",
10,3.0,3,2.150,1.230,"mA","IOP",
10,3.1,3,2.150,1.230,"mA","IOPMIN",
10,3.2,3,2.150,1.230,"mA","IOPMAX26",
10,3.3,3,2.150,1.230,"mA","IOPMAX30",
10,3.4,3,3.450,1.550,"mA","IOPSW",
10,4.0,3,12.950,11.050,"V","VSTART",
10,4.1,3,640.000,360.000,"uA","ISTART",
10,4.2,3,8.950,7.050,"V","VSTOP",
10,4.3,3,5.900,2.100,"V","UVLO_HYS",
10,4.4,3,28.000,1.000,"uA","DIVSTOP",
10,5.0,3,476.000,324.000,"uA","IFB",
10,5.1,3,476.000,324.000,"uA","IPK",
10,5.2,3,6.425,3.575,"uA","IDELAY",
10,5.3,3,195.000,20.000,"mV","VFBOFF",
10,6.0,3,22.600,15.900,"mS","TSS",
10,7.0,3,100.000,-20.000,"nA","IJLKG",
10,7.1,3,1.290,0.910,"mA","ICH",
10,7.2,3,1.250,0.810,"mA","ISTRVCC",
10,7.3,3,19.500,0.000,"uA","ISTD",
10,7.4,3,26.000,14.000,"V","VSTR",
10,8.0,3,109.500,90.500,"KHz","FSS",
10,8.1,3,8.650,6.750,"uS","TON_MAX",
10,8.2,3,2.965,1.635,"uS","TOFF_MAX",
10,8.3,3,82.700,71.300,"%","DMAX",
10,8.4,3,2.850,0.000,"%","Fstable",
10,8.5,3,1.000,-1.000,"%","Dmin",
10,9.0,3,6.475,5.525,"V","VSD",
10,10.0,3,590.000,410.000,"mV","VBURH",
10,10.1,3,440.000,260.000,"mV","VBURL",
10,10.2,3,240.000,60.000,"mV","Burst_Hys",
10,11.0,3,25.425,22.575,"V","VOVP",
10,12.0,3,1.000,0.000,"","AR",
10,13.0,3,2.390,1.910,"A","ILIM",
10,13.1,3,1.960,1.480,"A","SILIM1",
10,13.2,3,1.320,0.830,"A","SILIM2",
10,14.0,3,1.000,-1.000,"uA","IDSS1",
100,1.0,"    ","P",-0.542,
100,1.1,"    ","P",1.384,
100,1.2,"    ","P",-0.678,
100,1.3,"    ","P",0.016,
100,1.4,"    ","P",-0.654,
100,1.5,"    ","P",0.021,
100,1.6,"    ","P",-0.696,
100,1.7,"    ","P",0.002,
100,1.8,"    ","P",-0.660,
100,1.9,"    ","P",-0.003,
100,2.0,"    ","P",0.313,
100,3.0,"    ","P",1.654,
100,3.1,"    ","P",1.638,
100,3.2,"    ","P",1.700,
100,3.3,"    ","P",1.732,
100,3.4,"    ","P",2.886,
100,4.0,"    ","P",12.273,
100,4.1,"    ","P",558.986,
100,4.2,"    ","P",8.183,
100,4.3,"    ","P",4.091,
100,4.4,"    ","P",15.000,
100,5.0,"    ","P",379.659,
100,5.1,"    ","P",380.761,
100,5.2,"    ","P",5.268,
100,5.3,"    ","P",135.246,
100,6.0,"    ","P",19.377,
100,7.0,"    ","P",6.247,
100,7.1,"    ","P",1.167,
100,7.2,"    ","P",1.052,
100,7.3,"    ","P",0.206,
100,7.4,"    ","P",18.362,
100,8.0,"    ","P",104.669,
100,8.1,"    ","P",7.292,
100,8.2,"    ","P",2.264,
100,8.3,"    ","P",76.305,
100,8.4,"    ","P",0.015,
100,8.5,"    ","P",0.000,
100,9.0,"    ","P",6.157,
100,10.0,"    ","P",500.026,
100,10.1,"    ","P",432.908,
100,10.2,"    ","P",67.118,
100,11.0,"    ","P",24.836,
100,12.0,"    ","P",1.000,
100,13.0,"    ","P",2.224,
100,13.1,"    ","P",1.750,
100,13.2,"    ","P",1.100,
100,14.0,"    ","P",0.446,
130,1,"06/26/2019  08:31:19","36604","P",,,1,1,0,
100,1.0,"    ","P",-0.541,
100,1.1,"    ","P",1.400,
100,1.2,"    ","P",-0.678,
100,1.3,"    ","P",0.005,
100,1.4,"    ","P",-0.653,
100,1.5,"    ","P",0.043,
100,1.6,"    ","P",-0.696,
100,1.7,"    ","P",0.005,
100,1.8,"    ","P",-0.660,
100,1.9,"    ","P",0.016,
100,2.0,"    ","P",0.284,
100,3.0,"    ","P",1.637,
100,3.1,"    ","P",1.620,
100,3.2,"    ","P",1.682,
100,3.3,"    ","P",1.714,
100,3.4,"    ","P",2.889,
100,4.0,"    ","P",12.363,
100,4.1,"    ","P",543.364,
100,4.2,"    ","P",8.233,
100,4.3,"    ","P",4.130,
100,4.4,"    ","P",15.000,
100,5.0,"    ","P",374.747,
100,5.1,"    ","P",375.711,
100,5.2,"    ","P",5.433,
100,5.3,"    ","P",133.623,
100,6.0,"    ","P",19.509,
100,7.0,"FAIL","F",1.024e+004,
100,7.1,"    ","P",1.167,
100,7.2,"    ","P",1.049,
100,7.3,"    ","P",0.361,
100,7.4,"    ","P",18.447,
130,1,"06/26/2019  08:31:20","36605","F",,,11,4,0,
100,1.0,"    ","P",-0.541,
100,1.1,"    ","P",1.422,
100,1.2,"    ","P",-0.679,
100,1.3,"    ","P",0.014,
100,1.4,"    ","P",-0.653,
100,1.5,"    ","P",0.018,
100,1.6,"    ","P",-0.696,
100,1.7,"    ","P",-0.008,
100,1.8,"    ","P",-0.660,
100,1.9,"    ","P",0.035,
100,2.0,"    ","P",0.315,
100,3.0,"    ","P",1.673,
100,3.1,"    ","P",1.658,
100,3.2,"    ","P",1.718,
100,3.3,"    ","P",1.750,
100,3.4,"    ","P",2.911,
100,4.0,"    ","P",12.254,
100,4.1,"    ","P",574.608,
100,4.2,"    ","P",8.133,
100,4.3,"    ","P",4.121,
100,4.4,"    ","P",15.000,
100,5.0,"    ","P",382.757,
100,5.1,"    ","P",383.817,
100,5.2,"    ","P",5.457,
100,5.3,"    ","P",135.027,
100,6.0,"    ","P",19.068,
100,7.0,"FAIL","F",1.024e+004,
100,7.1,"    ","P",1.171,
100,7.2,"    ","P",1.054,
100,7.3,"    ","P",0.354,
100,7.4,"    ","P",18.824,
130,1,"06/26/2019  08:31:21","36606","F",,,11,4,0,
100,1.0,"    ","P",-0.541,
100,1.1,"    ","P",1.347,
100,1.2,"    ","P",-0.679,
100,1.3,"    ","P",0.020,
100,1.4,"    ","P",-0.654,
100,1.5,"    ","P",-0.016,
100,1.6,"    ","P",-0.696,
100,1.7,"    ","P",0.008,
100,1.8,"    ","P",-0.660,
100,1.9,"    ","P",0.007,
100,2.0,"    ","P",0.316,
100,3.0,"    ","P",1.642,
100,3.1,"    ","P",1.626,
100,3.2,"    ","P",1.688,
100,3.3,"    ","P",1.721,
100,3.4,"    ","P",2.883,
100,4.0,"    ","P",12.223,
100,4.1,"    ","P",546.489,
100,4.2,"    ","P",8.152,
100,4.3,"    ","P",4.072,
100,4.4,"    ","P",15.000,
100,5.0,"    ","P",380.504,
100,5.1,"    ","P",381.515,
100,5.2,"    ","P",5.523,
100,5.3,"    ","P",134.653,
100,6.0,"    ","P",19.514,
100,7.0,"FAIL","F",1.024e+004,
100,7.1,"    ","P",1.169,
100,7.2,"    ","P",1.051,
100,7.3,"    ","P",0.379,
100,7.4,"    ","P",18.344,
130,1,"06/26/2019  08:31:22","36607","F",,,11,4,0,
100,1.0,"    ","P",-0.542,
100,1.1,"    ","P",1.381,
100,1.2,"    ","P",-0.680,
100,1.3,"    ","P",0.016,
100,1.4,"    ","P",-0.654,
100,1.5,"    ","P",0.062,
100,1.6,"    ","P",-0.698,
100,1.7,"    ","P",0.014,
100,1.8,"    ","P",-0.660,
100,1.9,"    ","P",-0.015,
100,2.0,"    ","P",0.316,
100,3.0,"    ","P",1.641,
100,3.1,"    ","P",1.623,
100,3.2,"    ","P",1.686,
100,3.3,"    ","P",1.717,
100,3.4,"    ","P",2.894,
100,4.0,"    ","P",12.225,
100,4.1,"    ","P",537.116,
100,4.2,"    ","P",8.163,
100,4.3,"    ","P",4.062,
100,4.4,"    ","P",15.000,
100,5.0,"    ","P",382.601,
100,5.1,"    ","P",383.648,
100,5.2,"    ","P",5.226,
100,5.3,"    ","P",133.966,
100,6.0,"    ","P",19.176,
100,7.0,"FAIL","F",1.024e+004,
100,7.1,"    ","P",1.162,
100,7.2,"    ","P",1.044,
100,7.3,"    ","P",0.370,
100,7.4,"    ","P",18.721,
130,1,"06/26/2019  08:31:23","36608","F",,,11,4,0,
100,1.0,"    ","P",-0.542,
100,1.1,"    ","P",1.403,
100,1.2,"    ","P",-0.679,
100,1.3,"    ","P",0.017,
100,1.4,"    ","P",-0.654,
100,1.5,"    ","P",0.012,
100,1.6,"    ","P",-0.698,
100,1.7,"    ","P",0.008,
100,1.8,"    ","P",-0.660,
100,1.9,"    ","P",0.000,
100,2.0,"    ","P",0.316,
100,3.0,"    ","P",1.648,
100,3.1,"    ","P",1.632,
100,3.2,"    ","P",1.693,
100,3.3,"    ","P",1.725,
100,3.4,"    ","P",2.894,
100,4.0,"    ","P",12.273,
100,4.1,"    ","P",565.235,
100,4.2,"    ","P",8.202,
100,4.3,"    ","P",4.071,
100,4.4,"    ","P",15.000,
100,5.0,"    ","P",373.933,
100,5.1,"    ","P",374.701,
100,5.2,"    ","P",5.424,
100,5.3,"    ","P",134.278,
100,6.0,"    ","P",18.986,
100,7.0,"FAIL","F",1.024e+004,
100,7.1,"    ","P",1.161,
100,7.2,"    ","P",1.042,
100,7.3,"    ","P",0.361,
100,7.4,"    ","P",18.224,
130,1,"06/26/2019  08:31:24","36609","F",,,11,4,0,
100,1.0,"    ","P",-0.542,
100,1.1,"    ","P",1.412,
100,1.2,"    ","P",-0.679,
100,1.3,"    ","P",0.015,
100,1.4,"    ","P",-0.654,
100,1.5,"    ","P",0.068,
100,1.6,"    ","P",-0.699,
100,1.7,"    ","P",-0.042,
100,1.8,"    ","P",-0.661,
100,1.9,"    ","P",0.007,
100,2.0,"    ","P",0.316,
100,3.0,"    ","P",1.630,
100,3.1,"    ","P",1.613,
100,3.2,"    ","P",1.677,
100,3.3,"    ","P",1.710,
100,3.4,"    ","P",2.885,
100,4.0,"    ","P",12.303,
100,4.1,"    ","P",540.240,
100,4.2,"    ","P",8.207,
100,4.3,"    ","P",4.096,
100,4.4,"    ","P",15.000,
100,5.0,"    ","P",378.032,
100,5.1,"    ","P",379.235,
100,5.2,"    ","P",5.476,
100,5.3,"    ","P",133.654,
100,6.0,"    ","P",18.390,
100,7.0,"FAIL","F",1.024e+004,
100,7.1,"    ","P",1.162,
100,7.2,"    ","P",1.043,
100,7.3,"    ","P",0.367,
100,7.4,"    ","P",18.139,
130,1,"06/26/2019  08:31:25","36610","F",,,11,4,0,
100,1.0,"    ","P",-0.542,
100,1.1,"    ","P",1.375,
100,1.2,"    ","P",-0.679,
100,1.3,"    ","P",0.017,
100,1.4,"    ","P",-0.654,
100,1.5,"    ","P",0.049,
100,1.6,"    ","P",-0.700,
100,1.7,"    ","P",0.030,
100,1.8,"    ","P",-0.661,
100,1.9,"    ","P",0.013,
100,2.0,"    ","P",0.315,
100,3.0,"    ","P",1.645,
100,3.1,"    ","P",1.629,
100,3.2,"    ","P",1.690,
100,3.3,"    ","P",1.723,
100,3.4,"    ","P",2.857,
100,4.0,"    ","P",12.223,
100,4.1,"    ","P",546.489,
100,4.2,"    ","P",8.156,
100,4.3,"    ","P",4.067,
100,4.4,"    ","P",15.000,
100,5.0,"    ","P",373.088,
100,5.1,"    ","P",374.110,
100,5.2,"    ","P",5.539,
100,5.3,"    ","P",134.216,
100,6.0,"    ","P",19.478,
100,7.0,"FAIL","F",1.024e+004,
100,7.1,"    ","P",1.170,
100,7.2,"    ","P",1.049,
100,7.3,"    ","P",0.380,
100,7.4,"    ","P",18.242,
130,1,"06/26/2019  08:31:26","36611","F",,,11,4,0,
100,1.0,"    ","P",-0.544,
100,1.1,"    ","P",1.409,
100,1.2,"    ","P",-0.678,
100,1.3,"    ","P",0.016,
100,1.4,"    ","P",-0.654,
100,1.5,"    ","P",0.043,
100,1.6,"    ","P",-0.698,
100,1.7,"    ","P",0.002,
100,1.8,"    ","P",-0.661,
100,1.9,"    ","P",0.019,
100,2.0,"    ","P",0.316,
100,3.0,"    ","P",1.638,
100,3.1,"    ","P",1.621,
100,3.2,"    ","P",1.684,
100,3.3,"    ","P",1.715,
100,3.4,"    ","P",2.823,
100,4.0,"    ","P",12.274,
100,4.1,"    ","P",530.867,
100,4.2,"    ","P",8.183,
100,4.3,"    ","P",4.091,
100,4.4,"    ","P",15.000,
100,5.0,"    ","P",385.480,
100,5.1,"    ","P",386.734,
100,5.2,"    ","P",5.534,
100,5.3,"    ","P",134.278,
100,6.0,"    ","P",19.245,
100,7.0,"FAIL","F",1.024e+004,
100,7.1,"    ","P",1.163,
100,7.2,"    ","P",1.043,
100,7.3,"    ","P",0.371,
100,7.4,"    ","P",18.310,
130,1,"06/26/2019  08:31:28","36612","F",,,11,4,0,
100,1.0,"    ","P",-0.543,
100,1.1,"    ","P",1.387,
100,1.2,"    ","P",-0.679,
100,1.3,"    ","P",0.016,
100,1.4,"    ","P",-0.654,
100,1.5,"    ","P",0.009,
100,1.6,"    ","P",-0.698,
100,1.7,"    ","P",-0.005,
100,1.8,"    ","P",-0.661,
100,1.9,"    ","P",0.016,
100,2.0,"    ","P",0.315,
100,3.0,"    ","P",1.650,
100,3.1,"    ","P",1.634,
100,3.2,"    ","P",1.695,
100,3.3,"    ","P",1.727,
100,3.4,"    ","P",2.894,
100,4.0,"    ","P",12.303,
100,4.1,"    ","P",552.737,
100,4.2,"    ","P",8.195,
100,4.3,"    ","P",4.108,
100,4.4,"    ","P",15.000,
100,5.0,"    ","P",379.190,
100,5.1,"    ","P",380.283,
100,5.2,"    ","P",5.254,
100,5.3,"    ","P",133.841,
100,6.0,"    ","P",19.371,
100,7.0,"FAIL","F",1.024e+004,
100,7.1,"    ","P",1.166,
100,7.2,"    ","P",1.048,
100,7.3,"    ","P",0.364,
100,7.4,"    ","P",18.344,
130,1,"06/26/2019  08:31:29","36613","F",,,11,4,0,
100,1.0,"    ","P",-0.543,
100,1.1,"    ","P",1.378,
100,1.2,"    ","P",-0.679,
100,1.3,"    ","P",0.016,
100,1.4,"    ","P",-0.654,
100,1.5,"    ","P",0.018,
100,1.6,"    ","P",-0.697,
100,1.7,"    ","P",0.011,
100,1.8,"    ","P",-0.660,
100,1.9,"    ","P",0.029,
100,2.0,"    ","P",0.316,
100,3.0,"    ","P",1.626,
100,3.1,"    ","P",1.610,
100,3.2,"    ","P",1.672,
100,3.3,"    ","P",1.704,
100,3.4,"    ","P",2.854,
100,4.0,"    ","P",12.373,
100,4.1,"    ","P",543.364,
100,4.2,"    ","P",8.252,
100,4.3,"    ","P",4.122,
100,4.4,"    ","P",15.000,
100,5.0,"    ","P",370.898,
100,5.1,"    ","P",371.918,
100,5.2,"    ","P",5.688,
100,5.3,"    ","P",134.934,
100,6.0,"    ","P",19.242,
100,7.0,"FAIL","F",1.024e+004,
100,7.1,"    ","P",1.149,
100,7.2,"    ","P",1.031,
100,7.3,"    ","P",0.366,
100,7.4,"    ","P",18.224,
130,1,"06/26/2019  08:31:30","36614","F",,,11,4,0,
100,1.0,"    ","P",-0.543,
100,1.1,"    ","P",1.441,
100,1.2,"    ","P",-0.680,
100,1.3,"    ","P",0.014,
100,1.4,"    ","P",-0.654,
100,1.5,"    ","P",0.068,
100,1.6,"    ","P",-0.697,
100,1.7,"    ","P",-0.014,
100,1.8,"    ","P",-0.660,
100,1.9,"    ","P",0.016,
100,2.0,"    ","P",0.315,
100,3.0,"    ","P",1.656,
100,3.1,"    ","P",1.639,
100,3.2,"    ","P",1.701,
100,3.3,"    ","P",1.734,
100,3.4,"    ","P",2.909,
100,4.0,"    ","P",12.303,
100,4.1,"    ","P",552.737,
100,4.2,"    ","P",8.197,
100,4.3,"    ","P",4.106,
100,4.4,"    ","P",15.000,
100,5.0,"    ","P",383.665,
100,5.1,"    ","P",384.539,
100,5.2,"    ","P",5.385,
100,5.3,"    ","P",134.028,
100,6.0,"    ","P",19.471,
100,7.0,"FAIL","F",1.024e+004,
100,7.1,"    ","P",1.159,
100,7.2,"    ","P",1.039,
100,7.3,"    ","P",0.379,
100,7.4,"    ","P",17.950,
130,1,"06/26/2019  08:31:31","36615","F",,,11,4,0,
100,1.0,"    ","P",-0.543,
100,1.1,"    ","P",1.381,
100,1.2,"    ","P",-0.680,
100,1.3,"    ","P",0.018,
100,1.4,"    ","P",-0.654,
100,1.5,"    ","P",-0.004,
100,1.6,"    ","P",-0.696,
100,1.7,"    ","P",0.020,
100,1.8,"    ","P",-0.661,
100,1.9,"    ","P",0.000,
100,2.0,"    ","P",0.315,
100,3.0,"    ","P",1.637,
100,3.1,"    ","P",1.621,
100,3.2,"    ","P",1.683,
100,3.3,"    ","P",1.714,
100,3.4,"    ","P",2.878,
100,4.0,"    ","P",12.234,
100,4.1,"    ","P",549.613,
100,4.2,"    ","P",8.152,
100,4.3,"    ","P",4.082,
100,4.4,"    ","P",15.000,
100,5.0,"    ","P",375.466,
100,5.1,"    ","P",376.390,
100,5.2,"    ","P",5.357,
100,5.3,"    ","P",134.341,
100,6.0,"    ","P",19.188,
100,7.0,"FAIL","F",1.024e+004,
100,7.1,"    ","P",1.174,
100,7.2,"    ","P",1.057,
100,7.3,"    ","P",0.362,
100,7.4,"    ","P",18.139,
130,1,"06/26/2019  08:31:32","36616","F",,,11,4,0,
100,1.0,"    ","P",-0.543,
100,1.1,"    ","P",1.387,
100,1.2,"    ","P",-0.680,
100,1.3,"    ","P",0.014,
100,1.4,"    ","P",-0.654,
100,1.5,"    ","P",0.021,
100,1.6,"    ","P",-0.696,
100,1.7,"    ","P",0.033,
100,1.8,"    ","P",-0.660,
100,1.9,"    ","P",0.016,
100,2.0,"    ","P",0.315,
100,3.0,"    ","P",1.649,
100,3.1,"    ","P",1.632,
100,3.2,"    ","P",1.696,
100,3.3,"    ","P",1.727,
100,3.4,"    ","P",2.875,
100,4.0,"    ","P",12.343,
100,4.1,"    ","P",555.862,
100,4.2,"    ","P",8.243,
100,4.3,"    ","P",4.100,
100,4.4,"    ","P",15.000,
100,5.0,"    ","P",376.342,
100,5.1,"    ","P",377.515,
100,5.2,"    ","P",5.447,
100,5.3,"    ","P",133.966,
100,6.0,"    ","P",19.078,
100,7.0,"FAIL","F",1.024e+004,
100,7.1,"    ","P",1.172,
100,7.2,"    ","P",1.054,
100,7.3,"    ","P",0.357,
100,7.4,"    ","P",18.242,
130,1,"06/26/2019  08:31:33","36617","F",,,11,4,0,
100,1.0,"    ","P",-0.543,
100,1.1,"    ","P",1.422,
100,1.2,"    ","P",-0.679,
100,1.3,"    ","P",0.017,
100,1.4,"    ","P",-0.654,
100,1.5,"    ","P",0.078,
100,1.6,"    ","P",-0.695,
100,1.7,"    ","P",-0.011,
100,1.8,"    ","P",-0.660,
100,1.9,"    ","P",0.013,
100,2.0,"    ","P",0.315,
100,3.0,"    ","P",1.628,
100,3.1,"    ","P",1.611,
100,3.2,"    ","P",1.675,
100,3.3,"    ","P",1.706,
100,3.4,"    ","P",2.868,
100,4.0,"    ","P",12.309,
100,4.1,"    ","P",540.240,
100,4.2,"    ","P",8.202,
100,4.3,"    ","P",4.107,
100,4.4,"    ","P",15.000,
100,5.0,"    ","P",376.937,
100,5.1,"    ","P",378.163,
100,5.2,"    ","P",5.730,
100,5.3,"    ","P",134.465,
100,6.0,"    ","P",18.858,
100,7.0,"FAIL","F",1.024e+004,
100,7.1,"    ","P",1.165,
100,7.2,"    ","P",1.048,
100,7.3,"    ","P",0.364,
100,7.4,"    ","P",18.207,
130,1,"06/26/2019  08:31:34","36618","F",,,11,4,0,
100,1.0,"    ","P",-0.542,
100,1.1,"    ","P",1.397,
100,1.2,"    ","P",-0.679,
100,1.3,"    ","P",0.020,
100,1.4,"    ","P",-0.654,
100,1.5,"    ","P",0.028,
100,1.6,"    ","P",-0.695,
100,1.7,"    ","P",-0.014,
100,1.8,"    ","P",-0.660,
100,1.9,"    ","P",0.010,
100,2.0,"    ","P",0.315,
100,3.0,"    ","P",1.659,
100,3.1,"    ","P",1.643,
100,3.2,"    ","P",1.703,
100,3.3,"    ","P",1.735,
100,3.4,"    ","P",2.904,
100,4.0,"    ","P",12.264,
100,4.1,"    ","P",571.483,
100,4.2,"    ","P",8.172,
100,4.3,"    ","P",4.091,
100,4.4,"    ","P",15.000,
100,5.0,"    ","P",375.247,
100,5.1,"    ","P",376.146,
100,5.2,"    ","P",5.281,
100,5.3,"    ","P",134.590,
100,6.0,"    ","P",18.926,
100,7.0,"FAIL","F",1.024e+004,
100,7.1,"    ","P",1.159,
100,7.2,"    ","P",1.042,
100,7.3,"    ","P",0.353,
100,7.4,"    ","P",17.933,
130,1,"06/26/2019  08:31:35","36619","F",,,11,4,0,
100,1.0,"    ","P",-0.543,
100,1.1,"    ","P",1.381,
100,1.2,"    ","P",-0.679,
100,1.3,"    ","P",0.018,
100,1.4,"    ","P",-0.654,
100,1.5,"    ","P",0.043,
100,1.6,"    ","P",-0.695,
100,1.7,"    ","P",-0.017,
100,1.8,"    ","P",-0.661,
100,1.9,"    ","P",0.007,
100,2.0,"    ","P",0.315,
100,3.0,"    ","P",1.650,
100,3.1,"    ","P",1.634,
100,3.2,"    ","P",1.696,
100,3.3,"    ","P",1.728,
100,3.4,"    ","P",2.896,
100,4.0,"    ","P",12.233,
100,4.1,"    ","P",558.986,
100,4.2,"    ","P",8.173,
100,4.3,"    ","P",4.060,
100,4.4,"    ","P",15.000,
100,5.0,"    ","P",385.542,
100,5.1,"    ","P",386.619,
100,5.2,"    ","P",5.591,
100,5.3,"    ","P",134.309,
100,6.0,"    ","P",19.091,
100,7.0,"FAIL","F",1.024e+004,
100,7.1,"    ","P",1.161,
100,7.2,"    ","P",1.044,
100,7.3,"    ","P",0.355,
100,7.4,"    ","P",18.036,
130,1,"06/26/2019  08:31:36","36620","F",,,11,4,0,
100,1.0,"    ","P",-0.543,
100,1.1,"    ","P",1.372,
100,1.2,"    ","P",-0.679,
100,1.3,"    ","P",0.016,
100,1.4,"    ","P",-0.655,
100,1.5,"    ","P",0.012,
100,1.6,"    ","P",-0.696,
100,1.7,"    ","P",0.011,
100,1.8,"    ","P",-0.661,
100,1.9,"    ","P",0.004,
100,2.0,"    ","P",0.315,
100,3.0,"    ","P",1.655,
100,3.1,"    ","P",1.639,
100,3.2,"    ","P",1.701,
100,3.3,"    ","P",1.733,
100,3.4,"    ","P",2.874,
100,4.0,"    ","P",12.363,
100,4.1,"    ","P",552.737,
100,4.2,"    ","P",8.243,
100,4.3,"    ","P",4.120,
100,4.4,"    ","P",15.000,
100,5.0,"    ","P",388.045,
100,5.1,"    ","P",389.101,
100,5.2,"    ","P",5.411,
100,5.3,"    ","P",134.372,
100,6.0,"    ","P",19.378,
100,7.0,"FAIL","F",1.024e+004,
100,7.1,"    ","P",1.156,
100,7.2,"    ","P",1.038,
100,7.3,"    ","P",0.376,
100,7.4,"    ","P",18.224,
130,1,"06/26/2019  08:31:37","36621","F",,,11,4,0,
100,1.0,"    ","P",-0.543,
100,1.1,"    ","P",1.394,
100,1.2,"    ","P",-0.679,
100,1.3,"    ","P",0.017,
100,1.4,"    ","P",-0.655,
100,1.5,"    ","P",0.031,
100,1.6,"    ","P",-0.695,
100,1.7,"    ","P",-0.011,
100,1.8,"    ","P",-0.661,
100,1.9,"    ","P",0.016,
100,2.0,"    ","P",0.315,
100,3.0,"    ","P",1.633,
100,3.1,"    ","P",1.616,
100,3.2,"    ","P",1.680,
100,3.3,"    ","P",1.712,
100,3.4,"    ","P",2.883,
100,4.0,"    ","P",12.255,
100,4.1,"    ","P",555.862,
100,4.2,"    ","P",8.183,
100,4.3,"    ","P",4.072,
100,4.4,"    ","P",15.000,
100,5.0,"    ","P",374.340,
100,5.1,"    ","P",375.486,
100,5.2,"    ","P",5.318,
100,5.3,"    ","P",134.590,
100,6.0,"    ","P",19.367,
100,7.0,"FAIL","F",1.024e+004,
100,7.1,"    ","P",1.167,
100,7.2,"    ","P",1.051,
100,7.3,"    ","P",0.379,
100,7.4,"    ","P",18.653,
130,1,"06/26/2019  08:31:38","36622","F",,,11,4,0,
100,1.0,"    ","P",-0.542,
100,1.1,"    ","P",1.366,
100,1.2,"    ","P",-0.677,
100,1.3,"    ","P",0.020,
100,1.4,"    ","P",-0.654,
100,1.5,"    ","P",0.040,
100,1.6,"    ","P",-0.695,
100,1.7,"    ","P",-0.023,
100,1.8,"    ","P",-0.660,
100,1.9,"    ","P",0.019,
100,2.0,"    ","P",0.315,
100,3.0,"    ","P",1.635,
100,3.1,"    ","P",1.618,
100,3.2,"    ","P",1.682,
100,3.3,"    ","P",1.716,
100,3.4,"    ","P",2.827,
100,4.0,"    ","P",12.223,
100,4.1,"    ","P",537.116,
100,4.2,"    ","P",8.173,
100,4.3,"    ","P",4.050,
100,4.4,"    ","P",15.000,
100,5.0,"    ","P",381.130,
100,5.1,"    ","P",382.394,
100,5.2,"    ","P",5.320,
100,5.3,"    ","P",134.309,
100,6.0,"    ","P",19.348,
100,7.0,"FAIL","F",1.024e+004,
100,7.1,"    ","P",1.145,
100,7.2,"    ","P",1.028,
100,7.3,"    ","P",0.378,
100,7.4,"    ","P",18.242,
130,1,"06/26/2019  08:31:39","36623","F",,,11,4,0,
100,1.0,"    ","P",-0.542,
100,1.1,"    ","P",1.403,
100,1.2,"    ","P",-0.677,
100,1.3,"    ","P",0.016,
100,1.4,"    ","P",-0.655,
100,1.5,"    ","P",0.034,
100,1.6,"    ","P",-0.696,
100,1.7,"    ","P",0.039,
100,1.8,"    ","P",-0.660,
100,1.9,"    ","P",-0.012,
100,2.0,"    ","P",0.315,
100,3.0,"    ","P",1.641,
100,3.1,"    ","P",1.625,
100,3.2,"    ","P",1.688,
100,3.3,"    ","P",1.722,
100,3.4,"    ","P",2.851,
100,4.0,"    ","P",12.213,
100,4.1,"    ","P",555.862,
100,4.2,"    ","P",8.154,
100,4.3,"    ","P",4.060,
100,4.4,"    ","P",15.000,
100,5.0,"    ","P",379.628,
100,5.1,"    ","P",380.614,
100,5.2,"    ","P",5.199,
100,5.3,"    ","P",134.715,
100,6.0,"FAIL","F",14.999,
130,1,"06/26/2019  08:31:41","36624","F",,,10,4,0,
999,
50,1,"P",1,"PASS",
50,5,"F",0,"Continuity",
50,6,"F",0,"IDSS",
50,7,"F",0,"IOP",
50,8,"F",0,"UVLO",
50,9,"F",0,"IFB",
50,10,"F",1,"TSS",
50,11,"F",19,"VStr",
50,12,"F",0,"FOSC",
50,13,"F",0,"VSD",
50,14,"F",0,"BURST",
50,15,"F",0,"VOVP",
50,16,"F",0,"AR",
50,17,"F",0,"ILIMIT",
50,18,"F",0,"IDSS1",
50,19,"F",0,"",
50,20,"F",0,"",
50,21,"F",0,"",
50,22,"F",0,"",
50,23,"F",0,"",
50,24,"F",0,"",
50,25,"F",0,"",
50,32,"A",0,"Alarm Bin",
60,1,"P",1,"PASS",
60,3,"F",0,"Continuity",
60,4,"F",20,"IDSS",
2,1.-1,"Continuity",21,0,
1,1.0,"OS_VCC",21,0,
1,1.1,"ICCLKG",21,0,
1,1.2,"OS_DRAIN",21,0,
1,1.3,"IDLKG",21,0,
1,1.4,"OS_VFB",21,0,
1,1.5,"IFBLKG",21,0,
1,1.6,"OS_VSTR",21,0,
1,1.7,"ISTRLKG",21,0,
1,1.8,"OS_RLIM",21,0,
1,1.9,"IRLLKG",21,0,
2,2.-1,"IDSS",21,0,
1,2.0,"IDSS",21,0,
2,3.-1,"Vcc_Current",21,0,
1,3.0,"IOP",21,0,
1,3.1,"IOPMIN",21,0,
1,3.2,"IOPMAX26",21,0,
1,3.3,"IOPMAX30",21,0,
1,3.4,"IOPSW",21,0,
2,4.-1,"UVLO",21,0,
1,4.0,"VSTART",21,0,
1,4.1,"ISTART",21,0,
1,4.2,"VSTOP",21,0,
1,4.3,"UVLO_HYS",21,0,
1,4.4,"DIVSTOP",21,0,
2,5.-1,"Vfb_Current",21,0,
1,5.0,"IFB",21,0,
1,5.1,"IPK",21,0,
1,5.2,"IDELAY",21,0,
1,5.3,"VFBOFF",21,0,
2,6.-1,"TSS",20,1,
1,6.0,"TSS",20,1,
2,7.-1,"Start_Current",1,19,
1,7.0,"IJLKG",1,19,
1,7.1,"ICH",1,0,
1,7.2,"ISTRVCC",1,0,
1,7.3,"ISTD",1,0,
1,7.4,"VSTR",1,0,
2,8.-1,"FOSC",1,0,
1,8.0,"FSS",1,0,
1,8.1,"TON_MAX",1,0,
1,8.2,"TOFF_MAX",1,0,
1,8.3,"DMAX",1,0,
1,8.4,"Fstable",1,0,
1,8.5,"Dmin",1,0,
2,9.-1,"VSD",1,0,
1,9.0,"VSD",1,0,
2,10.-1,"Burst_Thershold",1,0,
1,10.0,"VBURH",1,0,
1,10.1,"VBURL",1,0,
1,10.2,"Burst_Hys",1,0,
2,11.-1,"VOVP",1,0,
1,11.0,"VOVP",1,0,
2,12.-1,"AR",1,0,
1,12.0,"AR",1,0,
2,13.-1,"ILIMIT",1,0,
1,13.0,"ILIM",1,0,
1,13.1,"SILIM1",1,0,
1,13.2,"SILIM2",1,0,
2,14.-1,"IDSS1",1,0,
1,14.0,"IDSS1",1,0,
3, 21, 1, 664654, 301036, 0,
250,1,1,1,
250,1,5,0,
250,1,6,0,
250,1,7,0,
250,1,8,0,
250,1,9,0,
250,1,10,1,
250,1,11,19,
250,1,12,0,
250,1,13,0,
250,1,14,0,
250,1,15,0,
250,1,16,0,
250,1,17,0,
250,1,18,0,
250,1,19,0,
250,1,20,0,
250,1,21,0,
250,1,22,0,
250,1,23,0,
250,1,24,0,
250,1,25,0,
250,1,32,0,
260,1,1,1,
260,1,3,0,
260,1,4,20,
202,1,1.-1,21,0,
201,1,1.0,21,0,
201,1,1.1,21,0,
201,1,1.2,21,0,
201,1,1.3,21,0,
201,1,1.4,21,0,
201,1,1.5,21,0,
201,1,1.6,21,0,
201,1,1.7,21,0,
201,1,1.8,21,0,
201,1,1.9,21,0,
202,1,2.-1,21,0,
201,1,2.0,21,0,
202,1,3.-1,21,0,
201,1,3.0,21,0,
201,1,3.1,21,0,
201,1,3.2,21,0,
201,1,3.3,21,0,
201,1,3.4,21,0,
202,1,4.-1,21,0,
201,1,4.0,21,0,
201,1,4.1,21,0,
201,1,4.2,21,0,
201,1,4.3,21,0,
201,1,4.4,21,0,
202,1,5.-1,21,0,
201,1,5.0,21,0,
201,1,5.1,21,0,
201,1,5.2,21,0,
201,1,5.3,21,0,
202,1,6.-1,20,1,
201,1,6.0,20,1,
202,1,7.-1,1,19,
201,1,7.0,1,19,
201,1,7.1,1,0,
201,1,7.2,1,0,
201,1,7.3,1,0,
201,1,7.4,1,0,
202,1,8.-1,1,0,
201,1,8.0,1,0,
201,1,8.1,1,0,
201,1,8.2,1,0,
201,1,8.3,1,0,
201,1,8.4,1,0,
201,1,8.5,1,0,
202,1,9.-1,1,0,
201,1,9.0,1,0,
202,1,10.-1,1,0,
201,1,10.0,1,0,
201,1,10.1,1,0,
201,1,10.2,1,0,
202,1,11.-1,1,0,
201,1,11.0,1,0,
202,1,12.-1,1,0,
201,1,12.0,1,0,
202,1,13.-1,1,0,
201,1,13.0,1,0,
201,1,13.1,1,0,
201,1,13.2,1,0,
202,1,14.-1,1,0,
201,1,14.0,1,0,
203,1,21,1,0,
250,2,1,0,
250,2,5,0,
250,2,6,0,
250,2,7,0,
250,2,8,0,
250,2,9,0,
250,2,10,0,
250,2,11,0,
250,2,12,0,
250,2,13,0,
250,2,14,0,
250,2,15,0,
250,2,16,0,
250,2,17,0,
250,2,18,0,
250,2,19,0,
250,2,20,0,
250,2,21,0,
250,2,22,0,
250,2,23,0,
250,2,24,0,
250,2,25,0,
250,2,32,0,
260,2,1,0,
260,2,3,0,
260,2,4,0,
202,2,1.-1,0,0,
202,2,2.-1,0,0,
202,2,3.-1,0,0,
202,2,4.-1,0,0,
202,2,5.-1,0,0,
202,2,6.-1,0,0,
202,2,7.-1,0,0,
202,2,8.-1,0,0,
202,2,9.-1,0,0,
202,2,10.-1,0,0,
202,2,11.-1,0,0,
202,2,12.-1,0,0,
202,2,13.-1,0,0,
202,2,14.-1,0,0,
203,2,0,0,0,
300,-1,1.0,21,-0.542,0.001,-0.544,-0.541,
301,-1,1.0,27,25,22,21,
300,-1,1.1,21,1.393,0.022,1.347,1.441,
301,-1,1.1,27,25,15,20,16,1,
300,-1,1.2,21,-0.679,0.001,-0.680,-0.677,
301,-1,1.2,27,25,21,21,
300,-1,1.3,21,0.016,0.003,0.005,0.020,
301,-1,1.3,27,25,8,21,
300,-1,1.4,21,-0.654,0.000,-0.655,-0.653,
301,-1,1.4,27,25,21,21,
300,-1,1.5,21,0.032,0.024,-0.016,0.078,
301,-1,1.5,27,25,8,20,9,1,
300,-1,1.6,21,-0.696,0.001,-0.700,-0.695,
301,-1,1.6,27,25,21,21,
300,-1,1.7,21,0.002,0.020,-0.042,0.039,
301,-1,1.7,27,25,8,21,
300,-1,1.8,21,-0.660,0.000,-0.661,-0.660,
301,-1,1.8,27,25,21,21,
300,-1,1.9,21,0.010,0.012,-0.015,0.035,
301,-1,1.9,27,25,8,21,
300,-1,2.0,21,0.314,0.007,0.284,0.316,
301,-1,2.0,27,25,16,21,
300,-1,3.0,21,1.644,0.012,1.626,1.673,
301,-1,3.0,27,25,12,20,13,1,
300,-1,3.1,21,1.628,0.012,1.610,1.658,
301,-1,3.1,27,25,11,8,12,13,
300,-1,3.2,21,1.690,0.011,1.672,1.718,
301,-1,3.2,27,25,13,20,14,1,
300,-1,3.3,21,1.722,0.011,1.704,1.750,
301,-1,3.3,27,25,13,4,14,17,
300,-1,3.4,21,2.878,0.024,2.823,2.911,
301,-1,3.4,27,25,16,2,17,19,
300,-1,4.0,21,12.278,0.051,12.213,12.373,
301,-1,4.0,27,25,15,7,16,10,17,4,
300,-1,4.1,21,550.952,11.333,530.867,574.608,
301,-1,4.1,27,25,15,1,16,8,17,9,18,3,
300,-1,4.2,21,8.188,0.033,8.133,8.252,
301,-1,4.2,27,25,14,1,15,17,16,3,
300,-1,4.3,21,4.089,0.024,4.050,4.130,
301,-1,4.3,27,25,13,12,14,9,
300,-1,4.4,21,15.000,0.000,15.000,15.000,
301,-1,4.4,27,25,13,21,
300,-1,5.0,21,378.916,4.625,370.898,388.045,
301,-1,5.0,27,25,9,2,10,12,11,7,
300,-1,5.1,21,379.971,4.660,371.918,389.101,
301,-1,5.1,27,25,9,1,10,12,11,7,12,1,
300,-1,5.2,21,5.422,0.145,5.199,5.730,
301,-1,5.2,27,25,14,1,15,6,16,8,17,4,18,2,
300,-1,5.3,21,134.352,0.428,133.623,135.246,
301,-1,5.3,27,25,16,21,
300,-1,6.0,20,19.203,0.274,18.390,19.514,
301,-1,6.0,27,25,0,1,10,1,12,5,13,10,14,4,
300,-1,7.0,1,6.247,0.000,6.247,6.247,
301,-1,7.0,27,25,7,1,26,19,
300,-1,7.1,20,1.163,0.007,1.145,1.174,
301,-1,7.1,27,25,15,1,16,11,17,8,
300,-1,7.2,20,1.045,0.007,1.028,1.057,
301,-1,7.2,27,25,13,4,14,16,
300,-1,7.3,20,0.359,0.037,0.206,0.380,
301,-1,7.3,27,25,3,20,
300,-1,7.4,20,18.290,0.232,17.933,18.824,
301,-1,7.4,27,25,10,17,11,3,
300,-1,8.0,1,104.669,0.000,104.669,104.669,
301,-1,8.0,27,25,18,1,
300,-1,8.1,1,7.292,0.000,7.292,7.292,
301,-1,8.1,27,25,9,1,
300,-1,8.2,1,2.264,0.000,2.264,2.264,
301,-1,8.2,27,25,12,1,
300,-1,8.3,1,76.305,0.000,76.305,76.305,
301,-1,8.3,27,25,12,1,
300,-1,8.4,1,0.015,0.000,0.015,0.015,
301,-1,8.4,27,25,3,1,
300,-1,8.5,1,0.000,0.000,0.000,0.000,
301,-1,8.5,27,25,13,1,
300,-1,9.0,1,6.157,0.000,6.157,6.157,
301,-1,9.0,27,25,16,1,
300,-1,10.0,1,500.026,0.000,500.026,500.026,
301,-1,10.0,27,25,13,1,
300,-1,10.1,1,432.908,0.000,432.908,432.908,
301,-1,10.1,27,25,22,1,
300,-1,10.2,1,67.118,0.000,67.118,67.118,
301,-1,10.2,27,25,4,1,
300,-1,11.0,1,24.836,0.000,24.836,24.836,
301,-1,11.0,27,25,19,1,
300,-1,12.0,1,1.000,0.000,1.000,1.000,
301,-1,12.0,27,25,23,1,
300,-1,13.0,1,2.224,0.000,2.224,2.224,
301,-1,13.0,27,25,16,1,
300,-1,13.1,1,1.750,0.000,1.750,1.750,
301,-1,13.1,27,25,14,1,
300,-1,13.2,1,1.100,0.000,1.100,1.100,
301,-1,13.2,27,25,14,1,
300,-1,14.0,1,0.446,0.000,0.446,0.446,
301,-1,14.0,27,25,17,1,
300,1,1.0,21,-0.542,0.001,-0.544,-0.541,
301,1,1.0,27,25,22,21,
300,1,1.1,21,1.393,0.022,1.347,1.441,
301,1,1.1,27,25,15,20,16,1,
300,1,1.2,21,-0.679,0.001,-0.680,-0.677,
301,1,1.2,27,25,21,21,
300,1,1.3,21,0.016,0.003,0.005,0.020,
301,1,1.3,27,25,8,21,
300,1,1.4,21,-0.654,0.000,-0.655,-0.653,
301,1,1.4,27,25,21,21,
300,1,1.5,21,0.032,0.024,-0.016,0.078,
301,1,1.5,27,25,8,20,9,1,
300,1,1.6,21,-0.696,0.001,-0.700,-0.695,
301,1,1.6,27,25,21,21,
300,1,1.7,21,0.002,0.020,-0.042,0.039,
301,1,1.7,27,25,8,21,
300,1,1.8,21,-0.660,0.000,-0.661,-0.660,
301,1,1.8,27,25,21,21,
300,1,1.9,21,0.010,0.012,-0.015,0.035,
301,1,1.9,27,25,8,21,
300,1,2.0,21,0.314,0.007,0.284,0.316,
301,1,2.0,27,25,16,21,
300,1,3.0,21,1.644,0.012,1.626,1.673,
301,1,3.0,27,25,12,20,13,1,
300,1,3.1,21,1.628,0.012,1.610,1.658,
301,1,3.1,27,25,11,8,12,13,
300,1,3.2,21,1.690,0.011,1.672,1.718,
301,1,3.2,27,25,13,20,14,1,
300,1,3.3,21,1.722,0.011,1.704,1.750,
301,1,3.3,27,25,13,4,14,17,
300,1,3.4,21,2.878,0.024,2.823,2.911,
301,1,3.4,27,25,16,2,17,19,
300,1,4.0,21,12.278,0.051,12.213,12.373,
301,1,4.0,27,25,15,7,16,10,17,4,
300,1,4.1,21,550.952,11.333,530.867,574.608,
301,1,4.1,27,25,15,1,16,8,17,9,18,3,
300,1,4.2,21,8.188,0.033,8.133,8.252,
301,1,4.2,27,25,14,1,15,17,16,3,
300,1,4.3,21,4.089,0.024,4.050,4.130,
301,1,4.3,27,25,13,12,14,9,
300,1,4.4,21,15.000,0.000,15.000,15.000,
301,1,4.4,27,25,13,21,
300,1,5.0,21,378.916,4.625,370.898,388.045,
301,1,5.0,27,25,9,2,10,12,11,7,
300,1,5.1,21,379.971,4.660,371.918,389.101,
301,1,5.1,27,25,9,1,10,12,11,7,12,1,
300,1,5.2,21,5.422,0.145,5.199,5.730,
301,1,5.2,27,25,14,1,15,6,16,8,17,4,18,2,
300,1,5.3,21,134.352,0.428,133.623,135.246,
301,1,5.3,27,25,16,21,
300,1,6.0,20,19.203,0.274,18.390,19.514,
301,1,6.0,27,25,0,1,10,1,12,5,13,10,14,4,
300,1,7.0,1,6.247,0.000,6.247,6.247,
301,1,7.0,27,25,7,1,26,19,
300,1,7.1,20,1.163,0.007,1.145,1.174,
301,1,7.1,27,25,15,1,16,11,17,8,
300,1,7.2,20,1.045,0.007,1.028,1.057,
301,1,7.2,27,25,13,4,14,16,
300,1,7.3,20,0.359,0.037,0.206,0.380,
301,1,7.3,27,25,3,20,
300,1,7.4,20,18.290,0.232,17.933,18.824,
301,1,7.4,27,25,10,17,11,3,
300,1,8.0,1,104.669,0.000,104.669,104.669,
301,1,8.0,27,25,18,1,
300,1,8.1,1,7.292,0.000,7.292,7.292,
301,1,8.1,27,25,9,1,
300,1,8.2,1,2.264,0.000,2.264,2.264,
301,1,8.2,27,25,12,1,
300,1,8.3,1,76.305,0.000,76.305,76.305,
301,1,8.3,27,25,12,1,
300,1,8.4,1,0.015,0.000,0.015,0.015,
301,1,8.4,27,25,3,1,
300,1,8.5,1,0.000,0.000,0.000,0.000,
301,1,8.5,27,25,13,1,
300,1,9.0,1,6.157,0.000,6.157,6.157,
301,1,9.0,27,25,16,1,
300,1,10.0,1,500.026,0.000,500.026,500.026,
301,1,10.0,27,25,13,1,
300,1,10.1,1,432.908,0.000,432.908,432.908,
301,1,10.1,27,25,22,1,
300,1,10.2,1,67.118,0.000,67.118,67.118,
301,1,10.2,27,25,4,1,
300,1,11.0,1,24.836,0.000,24.836,24.836,
301,1,11.0,27,25,19,1,
300,1,12.0,1,1.000,0.000,1.000,1.000,
301,1,12.0,27,25,23,1,
300,1,13.0,1,2.224,0.000,2.224,2.224,
301,1,13.0,27,25,16,1,
300,1,13.1,1,1.750,0.000,1.750,1.750,
301,1,13.1,27,25,14,1,
300,1,13.2,1,1.100,0.000,1.100,1.100,
301,1,13.2,27,25,14,1,
300,1,14.0,1,0.446,0.000,0.446,0.446,
301,1,14.0,27,25,17,1,
30,"06/26/2019  08:31:19","06/26/2019  08:31:41",
