120,1,"ETS364B",2,8,"CUJ250020_R25_P2","1","DARREN","FSC1-ETS364","2011A [2011.1.2.21]","2.04",
125,P,"","","","LoadBoard:,5",
140,1,"c:\ETS\WORK\FSL136HR_01_ATEC.DLL","FSL136HR_01_ATEC","1.0","05/17/2009","06/26/2019",
140,2,"c:\ETS\WORK\FSL136HR_01_ATEC.pds","FSL136HR_01_ATEC","4.00","05/17/2009","04/17/2014",
140,3,"c:\ETS\WORK\FSL136HR_01_ATEC.evd","<not available>","1.0","05/17/2009","08/14/2009",
140,4,"FSL136HR_01_ATEC","FPSÄATEC","1.0","05/17/2009","06/26/2019",
145,"WARNING: Detected Boards using Default Calibration",
10,1.0,3,-0.400,-3.000,"V","OS_VCC",
10,1.1,3,2.900,-1.000,"UA","ICCLKG",
10,1.2,3,-0.400,-3.000,"V","OS_DRAIN",
10,1.3,3,2.900,-1.000,"UA","IDLKG",
10,1.4,3,-0.400,-3.000,"V","OS_VFB",
10,1.5,3,2.900,-1.000,"UA","IFBLKG",
10,1.6,3,-0.400,-3.000,"V","OS_VSTR",
10,1.7,3,2.900,-1.000,"UA","ISTRLKG",
10,1.8,3,-0.400,-3.000,"V","OS_RLIM",
10,1.9,3,2.900,-1.000,"UA","IRLLKG",
10,2.0,3,1.000,-1.000,"uA","IDSS",
10,3.0,3,2.150,1.230,"mA","IOP",
10,3.1,3,2.150,1.230,"mA","IOPMIN",
10,3.2,3,2.150,1.230,"mA","IOPMAX26",
10,3.3,3,2.150,1.230,"mA","IOPMAX30",
10,3.4,3,3.450,1.550,"mA","IOPSW",
10,4.0,3,12.950,11.050,"V","VSTART",
10,4.1,3,640.000,360.000,"uA","ISTART",
10,4.2,3,8.950,7.050,"V","VSTOP",
10,4.3,3,5.900,2.100,"V","UVLO_HYS",
10,4.4,3,28.000,1.000,"uA","DIVSTOP",
10,5.0,3,476.000,324.000,"uA","IFB",
10,5.1,3,476.000,324.000,"uA","IPK",
10,5.2,3,6.425,3.575,"uA","IDELAY",
10,5.3,3,195.000,20.000,"mV","VFBOFF",
10,6.0,3,22.600,15.900,"mS","TSS",
10,7.0,3,100.000,-20.000,"nA","IJLKG",
10,7.1,3,1.290,0.910,"mA","ICH",
10,7.2,3,1.250,0.810,"mA","ISTRVCC",
10,7.3,3,19.500,0.000,"uA","ISTD",
10,7.4,3,26.000,14.000,"V","VSTR",
10,8.0,3,109.500,90.500,"KHz","FSS",
10,8.1,3,8.650,6.750,"uS","TON_MAX",
10,8.2,3,2.965,1.635,"uS","TOFF_MAX",
10,8.3,3,82.700,71.300,"%","DMAX",
10,8.4,3,2.850,0.000,"%","Fstable",
10,8.5,3,1.000,-1.000,"%","Dmin",
10,9.0,3,6.475,5.525,"V","VSD",
10,10.0,3,590.000,410.000,"mV","VBURH",
10,10.1,3,440.000,260.000,"mV","VBURL",
10,10.2,3,240.000,60.000,"mV","Burst_Hys",
10,11.0,3,25.425,22.575,"V","VOVP",
10,12.0,3,1.000,0.000,"","AR",
10,13.0,3,2.390,1.910,"A","ILIM",
10,13.1,3,1.960,1.480,"A","SILIM1",
10,13.2,3,1.320,0.830,"A","SILIM2",
10,14.0,3,1.000,-1.000,"uA","IDSS1",
100,1.0,"    ","P",-0.540,
100,1.1,"    ","P",1.412,
100,1.2,"    ","P",-0.676,
100,1.3,"    ","P",0.014,
100,1.4,"    ","P",-0.653,
100,1.5,"    ","P",0.024,
100,1.6,"    ","P",-0.698,
100,1.7,"    ","P",0.020,
100,1.8,"    ","P",-0.659,
100,1.9,"    ","P",0.004,
100,2.0,"    ","P",0.305,
100,3.0,"    ","P",1.631,
100,3.1,"    ","P",1.614,
100,3.2,"    ","P",1.678,
100,3.3,"    ","P",1.712,
100,3.4,"    ","P",2.881,
100,4.0,"    ","P",12.293,
100,4.1,"    ","P",540.240,
100,4.2,"    ","P",8.223,
100,4.3,"    ","P",4.070,
100,4.4,"    ","P",15.000,
100,5.0,"    ","P",376.280,
100,5.1,"    ","P",377.037,
100,5.2,"    ","P",5.462,
100,5.3,"    ","P",133.685,
100,6.0,"    ","P",19.093,
100,7.0,"    ","P",0.006,
100,7.1,"    ","P",1.161,
100,7.2,"    ","P",1.042,
100,7.3,"    ","P",0.204,
100,7.4,"    ","P",18.019,
100,8.0,"    ","P",105.173,
100,8.1,"    ","P",7.267,
100,8.2,"    ","P",2.241,
100,8.3,"    ","P",76.432,
100,8.4,"    ","P",0.017,
100,8.5,"    ","P",0.000,
100,9.0,"    ","P",6.140,
100,10.0,"    ","P",498.778,
100,10.1,"    ","P",375.467,
100,10.2,"    ","P",123.310,
100,11.0,"    ","P",24.829,
100,12.0,"    ","P",1.000,
100,13.0,"    ","P",2.209,
100,13.1,"    ","P",1.750,
100,13.2,"    ","P",1.100,
100,14.0,"    ","P",0.447,
130,1,"06/26/2019  08:46:35","22053","P",,,1,1,0,
100,1.0,"    ","P",-0.540,
100,1.1,"    ","P",1.375,
100,1.2,"    ","P",-0.676,
100,1.3,"    ","P",0.006,
100,1.4,"    ","P",-0.653,
100,1.5,"    ","P",-0.013,
100,1.6,"    ","P",-0.698,
100,1.7,"    ","P",-0.005,
100,1.8,"    ","P",-0.659,
100,1.9,"    ","P",0.019,
100,2.0,"    ","P",0.311,
100,3.0,"    ","P",1.647,
100,3.1,"    ","P",1.630,
100,3.2,"    ","P",1.693,
100,3.3,"    ","P",1.727,
100,3.4,"    ","P",2.856,
100,4.0,"    ","P",12.193,
100,4.1,"    ","P",537.116,
100,4.2,"    ","P",8.131,
100,4.3,"    ","P",4.062,
100,4.4,"    ","P",15.000,
100,5.0,"    ","P",392.051,
100,5.1,"    ","P",392.782,
100,5.2,"    ","P",5.462,
100,5.3,"    ","P",134.091,
100,6.0,"    ","P",19.082,
100,7.0,"    ","P",0.006,
100,7.1,"    ","P",1.161,
100,7.2,"    ","P",1.042,
100,7.3,"    ","P",0.206,
100,7.4,"    ","P",18.242,
100,8.0,"    ","P",104.725,
100,8.1,"    ","P",7.281,
100,8.2,"    ","P",2.270,
100,8.3,"    ","P",76.233,
100,8.4,"    ","P",0.020,
100,8.5,"    ","P",0.000,
100,9.0,"    ","P",6.089,
100,10.0,"    ","P",505.021,
100,10.1,"    ","P",382.335,
100,10.2,"    ","P",122.686,
100,11.0,"    ","P",24.614,
100,12.0,"    ","P",1.000,
100,13.0,"    ","P",2.218,
100,13.1,"    ","P",1.750,
100,13.2,"    ","P",1.100,
100,14.0,"    ","P",0.445,
130,1,"06/26/2019  08:46:37","22054","P",,,1,1,0,
100,1.0,"    ","P",-0.541,
100,1.1,"    ","P",1.409,
100,1.2,"    ","P",-0.677,
100,1.3,"    ","P",0.003,
100,1.4,"    ","P",-0.653,
100,1.5,"    ","P",0.065,
100,1.6,"    ","P",-0.694,
100,1.7,"    ","P",0.008,
100,1.8,"    ","P",-0.659,
100,1.9,"    ","P",-0.012,
100,2.0,"    ","P",0.284,
100,3.0,"    ","P",1.647,
100,3.1,"    ","P",1.630,
100,3.2,"    ","P",1.693,
100,3.3,"    ","P",1.726,
100,3.4,"    ","P",2.892,
100,4.0,"    ","P",12.214,
100,4.1,"    ","P",546.489,
100,4.2,"    ","P",8.172,
100,4.3,"    ","P",4.042,
100,4.4,"    ","P",15.000,
100,5.0,"    ","P",382.006,
100,5.1,"    ","P",382.891,
100,5.2,"    ","P",5.437,
100,5.3,"    ","P",134.184,
100,6.0,"    ","P",19.076,
100,7.0,"    ","P",0.006,
100,7.1,"    ","P",1.159,
100,7.2,"    ","P",1.043,
100,7.3,"    ","P",0.201,
100,7.4,"    ","P",18.344,
100,8.0,"    ","P",105.622,
100,8.1,"    ","P",7.226,
100,8.2,"    ","P",2.243,
100,8.3,"    ","P",76.315,
100,8.4,"    ","P",0.007,
100,8.5,"    ","P",0.000,
100,9.0,"    ","P",6.134,
100,10.0,"    ","P",497.841,
100,10.1,"    ","P",381.398,
100,10.2,"    ","P",116.443,
100,11.0,"    ","P",24.604,
100,12.0,"    ","P",1.000,
100,13.0,"    ","P",2.222,
100,13.1,"    ","P",1.750,
100,13.2,"    ","P",1.100,
100,14.0,"    ","P",0.444,
130,1,"06/26/2019  08:46:38","22055","P",,,1,1,0,
100,1.0,"    ","P",-0.541,
100,1.1,"    ","P",1.391,
100,1.2,"    ","P",-0.678,
100,1.3,"    ","P",-0.001,
100,1.4,"    ","P",-0.654,
100,1.5,"    ","P",0.034,
100,1.6,"    ","P",-0.695,
100,1.7,"    ","P",0.005,
100,1.8,"    ","P",-0.660,
100,1.9,"    ","P",0.016,
100,2.0,"    ","P",0.283,
100,3.0,"    ","P",1.637,
100,3.1,"    ","P",1.620,
100,3.2,"    ","P",1.683,
100,3.3,"    ","P",1.716,
100,3.4,"    ","P",2.879,
100,4.0,"    ","P",12.273,
100,4.1,"    ","P",549.613,
100,4.2,"    ","P",8.201,
100,4.3,"    ","P",4.072,
100,4.4,"    ","P",15.000,
100,5.0,"    ","P",372.306,
100,5.1,"    ","P",373.263,
100,5.2,"    ","P",5.391,
100,5.3,"    ","P",134.965,
100,6.0,"    ","P",19.039,
100,7.0,"    ","P",0.006,
100,7.1,"    ","P",1.157,
100,7.2,"    ","P",1.039,
100,7.3,"    ","P",0.201,
100,7.4,"    ","P",18.516,
100,8.0,"    ","P",105.475,
100,8.1,"    ","P",7.248,
100,8.2,"    ","P",2.235,
100,8.3,"    ","P",76.434,
100,8.4,"    ","P",0.021,
100,8.5,"    ","P",0.000,
100,9.0,"    ","P",6.125,
100,10.0,"    ","P",513.762,
100,10.1,"    ","P",379.213,
100,10.2,"    ","P",134.549,
100,11.0,"    ","P",24.756,
100,12.0,"    ","P",1.000,
100,13.0,"    ","P",2.210,
100,13.1,"    ","P",1.750,
100,13.2,"    ","P",1.100,
100,14.0,"    ","P",0.443,
130,1,"06/26/2019  08:46:40","22056","P",,,1,1,0,
100,1.0,"    ","P",-0.541,
100,1.1,"    ","P",1.403,
100,1.2,"    ","P",-0.678,
100,1.3,"    ","P",0.004,
100,1.4,"    ","P",-0.654,
100,1.5,"    ","P",-0.004,
100,1.6,"    ","P",-0.695,
100,1.7,"    ","P",0.005,
100,1.8,"    ","P",-0.660,
100,1.9,"    ","P",0.016,
100,2.0,"    ","P",0.284,
100,3.0,"    ","P",1.653,
100,3.1,"    ","P",1.637,
100,3.2,"    ","P",1.700,
100,3.3,"    ","P",1.734,
100,3.4,"    ","P",2.859,
100,4.0,"    ","P",12.303,
100,4.1,"    ","P",558.986,
100,4.2,"    ","P",8.196,
100,4.3,"    ","P",4.108,
100,4.4,"    ","P",15.000,
100,5.0,"    ","P",382.100,
100,5.1,"    ","P",382.982,
100,5.2,"    ","P",5.648,
100,5.3,"    ","P",133.685,
100,6.0,"    ","P",19.143,
100,7.0,"    ","P",0.006,
100,7.1,"    ","P",1.156,
100,7.2,"    ","P",1.040,
100,7.3,"    ","P",0.207,
100,7.4,"    ","P",18.756,
100,8.0,"    ","P",104.448,
100,8.1,"    ","P",7.299,
100,8.2,"    ","P",2.277,
100,8.3,"    ","P",76.221,
100,8.4,"    ","P",0.015,
100,8.5,"    ","P",0.000,
100,9.0,"    ","P",6.150,
100,10.0,"    ","P",507.831,
100,10.1,"    ","P",369.536,
100,10.2,"    ","P",138.295,
100,11.0,"    ","P",24.854,
100,12.0,"    ","P",1.000,
100,13.0,"    ","P",2.228,
100,13.1,"    ","P",1.750,
100,13.2,"    ","P",1.100,
100,14.0,"    ","P",0.444,
130,1,"06/26/2019  08:46:41","22057","P",,,1,1,0,
100,1.0,"    ","P",-0.541,
100,1.1,"    ","P",1.381,
100,1.2,"    ","P",-0.678,
100,1.3,"    ","P",0.005,
100,1.4,"    ","P",-0.654,
100,1.5,"    ","P",0.024,
100,1.6,"    ","P",-0.694,
100,1.7,"    ","P",0.033,
100,1.8,"    ","P",-0.660,
100,1.9,"    ","P",0.054,
100,2.0,"    ","P",0.284,
100,3.0,"    ","P",1.672,
100,3.1,"    ","P",1.656,
100,3.2,"    ","P",1.719,
100,3.3,"    ","P",1.754,
100,3.4,"    ","P",2.905,
100,4.0,"    ","P",12.274,
100,4.1,"    ","P",555.862,
100,4.2,"    ","P",8.192,
100,4.3,"    ","P",4.082,
100,4.4,"    ","P",15.000,
100,5.0,"    ","P",392.739,
100,5.1,"    ","P",393.930,
100,5.2,"    ","P",5.267,
100,5.3,"    ","P",134.372,
100,6.0,"    ","P",18.918,
100,7.0,"    ","P",10.243,
100,7.1,"    ","P",1.157,
100,7.2,"    ","P",1.040,
100,7.3,"    ","P",0.371,
100,7.4,"    ","P",18.242,
100,8.0,"    ","P",104.870,
100,8.1,"    ","P",7.305,
100,8.2,"    ","P",2.231,
100,8.3,"    ","P",76.604,
100,8.4,"    ","P",0.019,
100,8.5,"    ","P",0.000,
100,9.0,"    ","P",6.125,
100,10.0,"    ","P",498.465,
100,10.1,"    ","P",380.774,
100,10.2,"    ","P",117.691,
100,11.0,"    ","P",24.792,
100,12.0,"    ","P",1.000,
100,13.0,"    ","P",2.219,
100,13.1,"    ","P",1.750,
100,13.2,"    ","P",1.100,
100,14.0,"    ","P",0.444,
130,1,"06/26/2019  08:46:42","22058","P",,,1,1,0,
100,1.0,"    ","P",-0.541,
100,1.1,"    ","P",1.447,
100,1.2,"    ","P",-0.677,
100,1.3,"    ","P",0.004,
100,1.4,"    ","P",-0.654,
100,1.5,"    ","P",0.024,
100,1.6,"    ","P",-0.695,
100,1.7,"    ","P",-0.017,
100,1.8,"    ","P",-0.660,
100,1.9,"    ","P",0.016,
100,2.0,"    ","P",0.285,
100,3.0,"    ","P",1.640,
100,3.1,"    ","P",1.624,
100,3.2,"    ","P",1.686,
100,3.3,"    ","P",1.721,
100,3.4,"    ","P",2.866,
100,4.0,"    ","P",12.273,
100,4.1,"    ","P",552.737,
100,4.2,"    ","P",8.197,
100,4.3,"    ","P",4.077,
100,4.4,"    ","P",15.000,
100,5.0,"    ","P",370.084,
100,5.1,"    ","P",370.839,
100,5.2,"    ","P",5.702,
100,5.3,"    ","P",133.529,
100,6.0,"    ","P",18.905,
100,7.0,"    ","P",0.006,
100,7.1,"    ","P",1.154,
100,7.2,"    ","P",1.037,
100,7.3,"    ","P",0.198,
100,7.4,"    ","P",18.053,
100,8.0,"    ","P",106.005,
100,8.1,"    ","P",7.225,
100,8.2,"    ","P",2.204,
100,8.3,"    ","P",76.621,
100,8.4,"    ","P",0.025,
100,8.5,"    ","P",0.000,
100,9.0,"    ","P",6.130,
100,10.0,"    ","P",514.386,
100,10.1,"    ","P",379.213,
100,10.2,"    ","P",135.173,
100,11.0,"    ","P",24.754,
100,12.0,"    ","P",1.000,
100,13.0,"    ","P",2.211,
100,13.1,"    ","P",1.750,
100,13.2,"    ","P",1.100,
100,14.0,"    ","P",0.444,
130,1,"06/26/2019  08:46:44","22059","P",,,1,1,0,
100,1.0,"    ","P",-0.541,
100,1.1,"    ","P",1.412,
100,1.2,"    ","P",-0.676,
100,1.3,"    ","P",0.002,
100,1.4,"    ","P",-0.654,
100,1.5,"    ","P",0.043,
100,1.6,"    ","P",-0.695,
100,1.7,"    ","P",-0.027,
100,1.8,"    ","P",-0.660,
100,1.9,"    ","P",0.038,
100,2.0,"    ","P",0.284,
100,3.0,"    ","P",1.652,
100,3.1,"    ","P",1.635,
100,3.2,"    ","P",1.699,
100,3.3,"    ","P",1.732,
100,3.4,"    ","P",2.808,
100,4.0,"    ","P",12.333,
100,4.1,"    ","P",543.364,
100,4.2,"    ","P",8.243,
100,4.3,"    ","P",4.091,
100,4.4,"    ","P",15.000,
100,5.0,"    ","P",381.725,
100,5.1,"    ","P",382.738,
100,5.2,"    ","P",5.612,
100,5.3,"    ","P",134.278,
100,6.0,"    ","P",19.233,
100,7.0,"    ","P",0.006,
100,7.1,"    ","P",1.152,
100,7.2,"    ","P",1.036,
100,7.3,"    ","P",0.207,
100,7.4,"    ","P",18.139,
100,8.0,"    ","P",104.516,
100,8.1,"    ","P",7.245,
100,8.2,"    ","P",2.323,
100,8.3,"    ","P",75.723,
100,8.4,"    ","P",0.014,
100,8.5,"    ","P",0.000,
100,9.0,"    ","P",6.125,
100,10.0,"    ","P",507.519,
100,10.1,"    ","P",377.028,
100,10.2,"    ","P",130.491,
100,11.0,"    ","P",24.922,
100,12.0,"    ","P",1.000,
100,13.0,"    ","P",2.228,
100,13.1,"    ","P",1.750,
100,13.2,"    ","P",1.100,
100,14.0,"    ","P",0.444,
130,1,"06/26/2019  08:46:45","22060","P",,,1,1,0,
100,1.0,"    ","P",-0.542,
100,1.1,"    ","P",1.416,
100,1.2,"    ","P",-0.678,
100,1.3,"    ","P",0.003,
100,1.4,"    ","P",-0.654,
100,1.5,"    ","P",0.012,
100,1.6,"    ","P",-0.695,
100,1.7,"    ","P",-0.017,
100,1.8,"    ","P",-0.660,
100,1.9,"    ","P",-0.009,
100,2.0,"    ","P",0.284,
100,3.0,"    ","P",1.630,
100,3.1,"    ","P",1.612,
100,3.2,"    ","P",1.677,
100,3.3,"    ","P",1.712,
100,3.4,"    ","P",2.849,
100,4.0,"    ","P",12.293,
100,4.1,"    ","P",540.240,
100,4.2,"    ","P",8.206,
100,4.3,"    ","P",4.087,
100,4.4,"    ","P",15.000,
100,5.0,"    ","P",380.911,
100,5.1,"    ","P",381.990,
100,5.2,"    ","P",5.289,
100,5.3,"    ","P",134.434,
100,6.0,"    ","P",19.477,
100,7.0,"    ","P",0.006,
100,7.1,"    ","P",1.159,
100,7.2,"    ","P",1.046,
100,7.3,"    ","P",0.204,
100,7.4,"    ","P",18.344,
100,8.0,"    ","P",105.052,
100,8.1,"    ","P",7.242,
100,8.2,"    ","P",2.278,
100,8.3,"    ","P",76.069,
100,8.4,"    ","P",0.044,
100,8.5,"    ","P",0.000,
100,9.0,"    ","P",6.125,
100,10.0,"    ","P",497.529,
100,10.1,"    ","P",371.097,
100,10.2,"    ","P",126.432,
100,11.0,"    ","P",24.810,
100,12.0,"    ","P",1.000,
100,13.0,"    ","P",2.220,
100,13.1,"    ","P",1.750,
100,13.2,"    ","P",1.100,
100,14.0,"    ","P",0.444,
130,1,"06/26/2019  08:46:47","22061","P",,,1,1,0,
100,1.0,"    ","P",-0.542,
100,1.1,"    ","P",1.387,
100,1.2,"    ","P",-0.678,
100,1.3,"    ","P",0.003,
100,1.4,"    ","P",-0.654,
100,1.5,"    ","P",0.034,
100,1.6,"    ","P",-0.694,
100,1.7,"    ","P",-0.017,
100,1.8,"    ","P",-0.660,
100,1.9,"    ","P",0.010,
100,2.0,"    ","P",0.284,
100,3.0,"    ","P",1.657,
100,3.1,"    ","P",1.641,
100,3.2,"    ","P",1.704,
100,3.3,"    ","P",1.739,
100,3.4,"    ","P",2.876,
100,4.0,"    ","P",12.203,
100,4.1,"    ","P",552.737,
100,4.2,"    ","P",8.143,
100,4.3,"    ","P",4.060,
100,4.4,"    ","P",15.000,
100,5.0,"    ","P",385.949,
100,5.1,"    ","P",386.750,
100,5.2,"    ","P",5.172,
100,5.3,"    ","P",134.497,
100,6.0,"    ","P",19.338,
100,7.0,"    ","P",0.006,
100,7.1,"    ","P",1.157,
100,7.2,"    ","P",1.042,
100,7.3,"    ","P",0.209,
100,7.4,"    ","P",18.447,
100,8.0,"    ","P",104.191,
100,8.1,"    ","P",7.305,
100,8.2,"    ","P",2.293,
100,8.3,"    ","P",76.114,
100,8.4,"    ","P",0.017,
100,8.5,"    ","P",0.000,
100,9.0,"    ","P",6.104,
100,10.0,"    ","P",508.455,
100,10.1,"    ","P",377.028,
100,10.2,"    ","P",131.427,
100,11.0,"    ","P",24.645,
100,12.0,"    ","P",1.000,
100,13.0,"    ","P",2.217,
100,13.1,"    ","P",1.750,
100,13.2,"    ","P",1.100,
100,14.0,"    ","P",0.444,
130,1,"06/26/2019  08:46:48","22062","P",,,1,1,0,
100,1.0,"    ","P",-0.541,
100,1.1,"    ","P",1.422,
100,1.2,"    ","P",-0.678,
100,1.3,"    ","P",0.009,
100,1.4,"    ","P",-0.653,
100,1.5,"    ","P",0.024,
100,1.6,"    ","P",-0.694,
100,1.7,"    ","P",-0.023,
100,1.8,"    ","P",-0.659,
100,1.9,"    ","P",0.000,
100,2.0,"    ","P",0.291,
100,3.0,"    ","P",1.662,
100,3.1,"    ","P",1.646,
100,3.2,"    ","P",1.708,
100,3.3,"    ","P",1.745,
100,3.4,"    ","P",2.885,
100,4.0,"    ","P",12.215,
100,4.1,"    ","P",562.110,
100,4.2,"    ","P",8.153,
100,4.3,"    ","P",4.062,
100,4.4,"    ","P",15.000,
100,5.0,"    ","P",383.915,
100,5.1,"    ","P",384.827,
100,5.2,"    ","P",5.212,
100,5.3,"    ","P",134.091,
100,6.0,"    ","P",19.364,
100,7.0,"    ","P",0.006,
100,7.1,"    ","P",1.162,
100,7.2,"    ","P",1.046,
100,7.3,"    ","P",0.208,
100,7.4,"    ","P",18.242,
100,8.0,"    ","P",104.295,
100,8.1,"    ","P",7.321,
100,8.2,"    ","P",2.267,
100,8.3,"    ","P",76.356,
100,8.4,"    ","P",0.027,
100,8.5,"    ","P",0.000,
100,9.0,"    ","P",6.130,
100,10.0,"    ","P",512.201,
100,10.1,"    ","P",387.018,
100,10.2,"    ","P",125.184,
100,11.0,"    ","P",24.598,
100,12.0,"    ","P",1.000,
100,13.0,"    ","P",2.229,
100,13.1,"    ","P",1.750,
100,13.2,"    ","P",1.100,
100,14.0,"    ","P",0.445,
130,1,"06/26/2019  08:47:11","22063","P",,,1,1,0,
100,1.0,"    ","P",-0.541,
100,1.1,"    ","P",1.397,
100,1.2,"    ","P",-0.678,
100,1.3,"    ","P",0.003,
100,1.4,"    ","P",-0.653,
100,1.5,"    ","P",0.012,
100,1.6,"    ","P",-0.694,
100,1.7,"    ","P",0.014,
100,1.8,"    ","P",-0.660,
100,1.9,"    ","P",0.022,
100,2.0,"    ","P",0.283,
100,3.0,"    ","P",1.639,
100,3.1,"    ","P",1.622,
100,3.2,"    ","P",1.686,
100,3.3,"    ","P",1.723,
100,3.4,"    ","P",2.869,
100,4.0,"    ","P",12.293,
100,4.1,"    ","P",540.240,
100,4.2,"    ","P",8.197,
100,4.3,"    ","P",4.096,
100,4.4,"    ","P",15.000,
100,5.0,"    ","P",385.699,
100,5.1,"    ","P",386.543,
100,5.2,"    ","P",5.530,
100,5.3,"    ","P",133.560,
100,6.0,"    ","P",19.046,
100,7.0,"    ","P",0.006,
100,7.1,"    ","P",1.151,
100,7.2,"    ","P",1.036,
100,7.3,"    ","P",0.200,
100,7.4,"    ","P",18.242,
100,8.0,"    ","P",105.576,
100,8.1,"    ","P",7.239,
100,8.2,"    ","P",2.228,
100,8.3,"    ","P",76.465,
100,8.4,"    ","P",0.012,
100,8.5,"    ","P",0.000,
100,9.0,"    ","P",6.130,
100,10.0,"    ","P",505.958,
100,10.1,"    ","P",375.155,
100,10.2,"    ","P",130.803,
100,11.0,"    ","P",24.775,
100,12.0,"    ","P",1.000,
100,13.0,"    ","P",2.225,
100,13.1,"    ","P",1.750,
100,13.2,"    ","P",1.100,
100,14.0,"    ","P",0.443,
130,1,"06/26/2019  08:47:12","22064","P",,,1,1,0,
100,1.0,"    ","P",-0.541,
100,1.1,"    ","P",1.434,
100,1.2,"    ","P",-0.677,
100,1.3,"    ","P",0.008,
100,1.4,"    ","P",-0.654,
100,1.5,"    ","P",0.012,
100,1.6,"    ","P",-0.694,
100,1.7,"    ","P",-0.014,
100,1.8,"    ","P",-0.660,
100,1.9,"    ","P",0.032,
100,2.0,"    ","P",0.283,
100,3.0,"    ","P",1.640,
100,3.1,"    ","P",1.623,
100,3.2,"    ","P",1.687,
100,3.3,"    ","P",1.721,
100,3.4,"    ","P",2.861,
100,4.0,"    ","P",12.233,
100,4.1,"    ","P",546.489,
100,4.2,"    ","P",8.142,
100,4.3,"    ","P",4.092,
100,4.4,"    ","P",15.000,
100,5.0,"    ","P",377.907,
100,5.1,"    ","P",378.788,
100,5.2,"    ","P",5.098,
100,5.3,"    ","P",134.372,
100,6.0,"    ","P",19.083,
100,7.0,"    ","P",0.006,
100,7.1,"    ","P",1.138,
100,7.2,"    ","P",1.021,
100,7.3,"    ","P",0.201,
100,7.4,"    ","P",18.139,
100,8.0,"    ","P",105.578,
100,8.1,"    ","P",7.226,
100,8.2,"    ","P",2.247,
100,8.3,"    ","P",76.278,
100,8.4,"    ","P",0.021,
100,8.5,"    ","P",0.000,
100,9.0,"    ","P",6.115,
100,10.0,"    ","P",500.338,
100,10.1,"    ","P",385.769,
100,10.2,"    ","P",114.569,
100,11.0,"    ","P",24.715,
100,12.0,"    ","P",1.000,
100,13.0,"    ","P",2.216,
100,13.1,"    ","P",1.750,
100,13.2,"    ","P",1.100,
100,14.0,"    ","P",0.443,
130,1,"06/26/2019  08:47:14","22065","P",,,1,1,0,
100,1.0,"    ","P",-0.542,
100,1.1,"    ","P",1.437,
100,1.2,"    ","P",-0.678,
100,1.3,"    ","P",0.003,
100,1.4,"    ","P",-0.654,
100,1.5,"    ","P",0.043,
100,1.6,"    ","P",-0.694,
100,1.7,"    ","P",-0.005,
100,1.8,"    ","P",-0.660,
100,1.9,"    ","P",0.025,
100,2.0,"    ","P",0.284,
100,3.0,"    ","P",1.648,
100,3.1,"    ","P",1.631,
100,3.2,"    ","P",1.695,
100,3.3,"    ","P",1.729,
100,3.4,"    ","P",2.864,
100,4.0,"    ","P",12.234,
100,4.1,"    ","P",549.613,
100,4.2,"    ","P",8.143,
100,4.3,"    ","P",4.090,
100,4.4,"    ","P",15.000,
100,5.0,"    ","P",387.733,
100,5.1,"    ","P",388.598,
100,5.2,"    ","P",5.563,
100,5.3,"    ","P",133.435,
100,6.0,"    ","P",19.210,
100,7.0,"    ","P",0.006,
100,7.1,"    ","P",1.135,
100,7.2,"    ","P",1.019,
100,7.3,"    ","P",0.204,
100,7.4,"    ","P",18.053,
100,8.0,"    ","P",105.025,
100,8.1,"    ","P",7.262,
100,8.2,"    ","P",2.261,
100,8.3,"    ","P",76.258,
100,8.4,"    ","P",0.001,
100,8.5,"    ","P",0.000,
100,9.0,"    ","P",6.160,
100,10.0,"    ","P",507.519,
100,10.1,"    ","P",388.579,
100,10.2,"    ","P",118.940,
100,11.0,"    ","P",24.676,
100,12.0,"    ","P",1.000,
100,13.0,"    ","P",2.211,
100,13.1,"    ","P",1.750,
100,13.2,"    ","P",1.100,
100,14.0,"    ","P",0.444,
130,1,"06/26/2019  08:47:15","22066","P",,,1,1,0,
100,1.0,"    ","P",-0.542,
100,1.1,"    ","P",1.366,
100,1.2,"    ","P",-0.678,
100,1.3,"    ","P",0.003,
100,1.4,"    ","P",-0.654,
100,1.5,"    ","P",0.028,
100,1.6,"    ","P",-0.694,
100,1.7,"    ","P",-0.011,
100,1.8,"    ","P",-0.660,
100,1.9,"    ","P",-0.012,
100,2.0,"    ","P",0.284,
100,3.0,"    ","P",1.668,
100,3.1,"    ","P",1.652,
100,3.2,"    ","P",1.714,
100,3.3,"    ","P",1.746,
100,3.4,"    ","P",2.917,
100,4.0,"    ","P",12.245,
100,4.1,"    ","P",555.862,
100,4.2,"    ","P",8.167,
100,4.3,"    ","P",4.078,
100,4.4,"    ","P",15.000,
100,5.0,"    ","P",385.886,
100,5.1,"    ","P",386.931,
100,5.2,"    ","P",5.845,
100,5.3,"    ","P",133.810,
100,6.0,"    ","P",19.280,
100,7.0,"    ","P",0.006,
100,7.1,"    ","P",1.133,
100,7.2,"    ","P",1.017,
100,7.3,"    ","P",0.209,
100,7.4,"    ","P",17.727,
100,8.0,"    ","P",104.300,
100,8.1,"    ","P",7.315,
100,8.2,"    ","P",2.273,
100,8.3,"    ","P",76.290,
100,8.4,"    ","P",0.023,
100,8.5,"    ","P",0.000,
100,9.0,"    ","P",6.135,
100,10.0,"    ","P",510.640,
100,10.1,"    ","P",377.028,
100,10.2,"    ","P",133.612,
100,11.0,"    ","P",24.669,
100,12.0,"    ","P",1.000,
100,13.0,"    ","P",2.212,
100,13.1,"    ","P",1.750,
100,13.2,"    ","P",1.100,
100,14.0,"    ","P",0.442,
130,1,"06/26/2019  08:47:17","22067","P",,,1,1,0,
100,1.0,"    ","P",-0.542,
100,1.1,"    ","P",1.378,
100,1.2,"    ","P",-0.678,
100,1.3,"    ","P",0.006,
100,1.4,"    ","P",-0.654,
100,1.5,"    ","P",0.012,
100,1.6,"    ","P",-0.693,
100,1.7,"    ","P",-0.011,
100,1.8,"    ","P",-0.660,
100,1.9,"    ","P",-0.025,
100,2.0,"    ","P",0.283,
100,3.0,"    ","P",1.633,
100,3.1,"    ","P",1.616,
100,3.2,"    ","P",1.679,
100,3.3,"    ","P",1.712,
100,3.4,"    ","P",2.837,
100,4.0,"    ","P",12.263,
100,4.1,"    ","P",543.364,
100,4.2,"    ","P",8.173,
100,4.3,"    ","P",4.090,
100,4.4,"    ","P",15.000,
100,5.0,"    ","P",382.695,
100,5.1,"    ","P",383.713,
100,5.2,"    ","P",5.468,
100,5.3,"    ","P",133.779,
100,6.0,"    ","P",19.317,
100,7.0,"    ","P",0.006,
100,7.1,"    ","P",1.136,
100,7.2,"    ","P",1.021,
100,7.3,"    ","P",0.212,
100,7.4,"    ","P",18.139,
100,8.0,"    ","P",103.592,
100,8.1,"    ","P",7.400,
100,8.2,"    ","P",2.254,
100,8.3,"    ","P",76.653,
100,8.4,"    ","P",0.025,
100,8.5,"    ","P",0.000,
100,9.0,"    ","P",6.140,
100,10.0,"    ","P",513.450,
100,10.1,"    ","P",375.155,
100,10.2,"    ","P",138.295,
100,11.0,"    ","P",24.742,
100,12.0,"    ","P",1.000,
100,13.0,"    ","P",2.202,
100,13.1,"    ","P",1.750,
100,13.2,"    ","P",1.100,
100,14.0,"    ","P",0.443,
130,1,"06/26/2019  08:47:18","22068","P",,,1,1,0,
100,1.0,"    ","P",-0.542,
100,1.1,"    ","P",1.406,
100,1.2,"    ","P",-0.677,
100,1.3,"    ","P",0.002,
100,1.4,"    ","P",-0.654,
100,1.5,"    ","P",-0.013,
100,1.6,"    ","P",-0.693,
100,1.7,"    ","P",-0.014,
100,1.8,"    ","P",-0.660,
100,1.9,"    ","P",-0.018,
100,2.0,"    ","P",0.284,
100,3.0,"    ","P",1.618,
100,3.1,"    ","P",1.600,
100,3.2,"    ","P",1.665,
100,3.3,"    ","P",1.697,
100,3.4,"    ","P",2.852,
100,4.0,"    ","P",12.373,
100,4.1,"    ","P",540.240,
100,4.2,"    ","P",8.243,
100,4.3,"    ","P",4.131,
100,4.4,"    ","P",15.000,
100,5.0,"    ","P",367.331,
100,5.1,"    ","P",368.119,
100,5.2,"    ","P",5.491,
100,5.3,"    ","P",134.122,
100,6.0,"    ","P",18.941,
100,7.0,"    ","P",0.006,
100,7.1,"    ","P",1.139,
100,7.2,"    ","P",1.025,
100,7.3,"    ","P",0.200,
100,7.4,"    ","P",17.950,
100,8.0,"    ","P",105.765,
100,8.1,"    ","P",7.174,
100,8.2,"    ","P",2.282,
100,8.3,"    ","P",75.866,
100,8.4,"    ","P",0.019,
100,8.5,"    ","P",0.000,
100,9.0,"    ","P",6.148,
100,10.0,"    ","P",504.709,
100,10.1,"    ","P",378.901,
100,10.2,"    ","P",125.808,
100,11.0,"    ","P",24.982,
100,12.0,"    ","P",1.000,
100,13.0,"    ","P",2.158,
100,13.1,"    ","P",1.750,
100,13.2,"    ","P",1.100,
100,14.0,"    ","P",0.442,
130,1,"06/26/2019  08:47:19","22069","P",,,1,1,0,
100,1.0,"    ","P",-0.542,
100,1.1,"    ","P",1.422,
100,1.2,"    ","P",-0.678,
100,1.3,"    ","P",0.005,
100,1.4,"    ","P",-0.654,
100,1.5,"    ","P",0.040,
100,1.6,"    ","P",-0.694,
100,1.7,"    ","P",0.002,
100,1.8,"    ","P",-0.660,
100,1.9,"    ","P",0.007,
100,2.0,"    ","P",0.284,
100,3.0,"    ","P",1.643,
100,3.1,"    ","P",1.626,
100,3.2,"    ","P",1.690,
100,3.3,"    ","P",1.722,
100,3.4,"    ","P",2.889,
100,4.0,"    ","P",12.323,
100,4.1,"    ","P",549.613,
100,4.2,"    ","P",8.213,
100,4.3,"    ","P",4.110,
100,4.4,"    ","P",15.000,
100,5.0,"    ","P",379.159,
100,5.1,"    ","P",380.117,
100,5.2,"    ","P",5.173,
100,5.3,"    ","P",133.654,
100,6.0,"    ","P",19.209,
100,7.0,"    ","P",0.006,
100,7.1,"    ","P",1.149,
100,7.2,"    ","P",1.034,
100,7.3,"    ","P",0.208,
100,7.4,"    ","P",18.139,
100,8.0,"    ","P",104.106,
100,8.1,"    ","P",7.324,
100,8.2,"    ","P",2.283,
100,8.3,"    ","P",76.235,
100,8.4,"    ","P",0.035,
100,8.5,"    ","P",0.000,
100,9.0,"    ","P",6.150,
100,10.0,"    ","P",520.318,
100,10.1,"    ","P",382.335,
100,10.2,"    ","P",137.983,
100,11.0,"    ","P",24.822,
100,12.0,"    ","P",1.000,
100,13.0,"    ","P",2.207,
100,13.1,"    ","P",1.750,
100,13.2,"    ","P",1.100,
100,14.0,"    ","P",0.443,
130,1,"06/26/2019  08:47:21","22070","P",,,1,1,0,
100,1.0,"    ","P",-0.542,
100,1.1,"    ","P",1.403,
100,1.2,"    ","P",-0.679,
100,1.3,"    ","P",0.003,
100,1.4,"    ","P",-0.654,
100,1.5,"    ","P",0.031,
100,1.6,"    ","P",-0.694,
100,1.7,"    ","P",0.005,
100,1.8,"    ","P",-0.660,
100,1.9,"    ","P",0.013,
100,2.0,"    ","P",0.283,
100,3.0,"    ","P",1.651,
100,3.1,"    ","P",1.634,
100,3.2,"    ","P",1.697,
100,3.3,"    ","P",1.730,
100,3.4,"    ","P",2.888,
100,4.0,"    ","P",12.234,
100,4.1,"    ","P",543.364,
100,4.2,"    ","P",8.143,
100,4.3,"    ","P",4.091,
100,4.4,"    ","P",15.000,
100,5.0,"    ","P",390.330,
100,5.1,"    ","P",391.247,
100,5.2,"    ","P",5.723,
100,5.3,"    ","P",134.247,
100,6.0,"    ","P",19.031,
100,7.0,"    ","P",0.006,
100,7.1,"    ","P",1.138,
100,7.2,"    ","P",1.023,
100,7.3,"    ","P",0.200,
100,7.4,"    ","P",18.122,
100,8.0,"    ","P",105.531,
100,8.1,"    ","P",7.272,
100,8.2,"    ","P",2.204,
100,8.3,"    ","P",76.739,
100,8.4,"    ","P",0.017,
100,8.5,"    ","P",0.000,
100,9.0,"    ","P",6.105,
100,10.0,"    ","P",495.344,
100,10.1,"    ","P",375.779,
100,10.2,"    ","P",119.564,
100,11.0,"    ","P",24.630,
100,12.0,"    ","P",1.000,
100,13.0,"    ","P",2.204,
100,13.1,"    ","P",1.750,
100,13.2,"    ","P",1.100,
100,14.0,"    ","P",0.443,
130,1,"06/26/2019  08:47:22","22071","P",,,1,1,0,
100,1.0,"    ","P",-0.542,
100,1.1,"    ","P",1.416,
100,1.2,"    ","P",-0.679,
100,1.3,"    ","P",0.002,
100,1.4,"    ","P",-0.654,
100,1.5,"    ","P",0.021,
100,1.6,"    ","P",-0.694,
100,1.7,"    ","P",-0.011,
100,1.8,"    ","P",-0.660,
100,1.9,"    ","P",0.007,
100,2.0,"    ","P",0.283,
100,3.0,"    ","P",1.627,
100,3.1,"    ","P",1.609,
100,3.2,"    ","P",1.674,
100,3.3,"    ","P",1.706,
100,3.4,"    ","P",2.877,
100,4.0,"    ","P",12.313,
100,4.1,"    ","P",540.240,
100,4.2,"    ","P",8.203,
100,4.3,"    ","P",4.110,
100,4.4,"    ","P",15.000,
100,5.0,"    ","P",377.250,
100,5.1,"    ","P",378.282,
100,5.2,"    ","P",5.374,
100,5.3,"    ","P",133.716,
100,6.0,"    ","P",19.154,
100,7.0,"    ","P",0.006,
100,7.1,"    ","P",1.153,
100,7.2,"    ","P",1.035,
100,7.3,"    ","P",0.205,
100,7.4,"    ","P",18.207,
100,8.0,"    ","P",104.751,
100,8.1,"    ","P",7.236,
100,8.2,"    ","P",2.313,
100,8.3,"    ","P",75.779,
100,8.4,"    ","P",0.003,
100,8.5,"    ","P",0.000,
100,9.0,"    ","P",6.155,
100,10.0,"    ","P",506.582,
100,10.1,"    ","P",377.964,
100,10.2,"    ","P",128.617,
100,11.0,"    ","P",24.841,
100,12.0,"    ","P",1.000,
100,13.0,"    ","P",2.209,
100,13.1,"    ","P",1.750,
100,13.2,"    ","P",1.100,
100,14.0,"    ","P",0.444,
130,1,"06/26/2019  08:47:24","22072","P",,,1,1,0,
100,1.0,"    ","P",-0.542,
100,1.1,"    ","P",1.412,
100,1.2,"    ","P",-0.679,
100,1.3,"    ","P",0.007,
100,1.4,"    ","P",-0.654,
100,1.5,"    ","P",-0.004,
100,1.6,"    ","P",-0.694,
100,1.7,"    ","P",-0.027,
100,1.8,"    ","P",-0.660,
100,1.9,"    ","P",0.019,
100,2.0,"    ","P",0.283,
100,3.0,"    ","P",1.650,
100,3.1,"    ","P",1.633,
100,3.2,"    ","P",1.696,
100,3.3,"    ","P",1.729,
100,3.4,"    ","P",2.904,
100,4.0,"    ","P",12.323,
100,4.1,"    ","P",562.110,
100,4.2,"    ","P",8.173,
100,4.3,"    ","P",4.150,
100,4.4,"    ","P",15.000,
100,5.0,"    ","P",380.316,
100,5.1,"    ","P",381.087,
100,5.2,"    ","P",5.528,
100,5.3,"    ","P",134.278,
100,6.0,"    ","P",18.517,
100,7.0,"    ","P",0.006,
100,7.1,"    ","P",1.157,
100,7.2,"    ","P",1.042,
100,7.3,"    ","P",0.203,
100,7.4,"    ","P",18.156,
100,8.0,"    ","P",105.026,
100,8.1,"    ","P",7.206,
100,8.2,"    ","P",2.317,
100,8.3,"    ","P",75.668,
100,8.4,"    ","P",0.019,
100,8.5,"    ","P",0.000,
100,9.0,"    ","P",6.140,
100,10.0,"    ","P",500.338,
100,10.1,"    ","P",388.266,
100,10.2,"    ","P",112.072,
100,11.0,"    ","P",24.831,
100,12.0,"    ","P",1.000,
100,13.0,"    ","P",2.219,
100,13.1,"    ","P",1.750,
100,13.2,"    ","P",1.100,
100,14.0,"    ","P",0.443,
130,1,"06/26/2019  08:47:25","22073","P",,,1,1,0,
100,1.0,"    ","P",-0.542,
100,1.1,"    ","P",1.409,
100,1.2,"    ","P",-0.679,
100,1.3,"    ","P",0.003,
100,1.4,"    ","P",-0.654,
100,1.5,"    ","P",0.018,
100,1.6,"    ","P",-0.694,
100,1.7,"    ","P",-0.017,
100,1.8,"    ","P",-0.660,
100,1.9,"    ","P",0.029,
100,2.0,"    ","P",0.283,
100,3.0,"    ","P",1.653,
100,3.1,"    ","P",1.637,
100,3.2,"    ","P",1.700,
100,3.3,"    ","P",1.732,
100,3.4,"    ","P",2.897,
100,4.0,"    ","P",12.233,
100,4.1,"    ","P",558.986,
100,4.2,"    ","P",8.171,
100,4.3,"    ","P",4.062,
100,4.4,"    ","P",15.000,
100,5.0,"    ","P",384.384,
100,5.1,"    ","P",385.318,
100,5.2,"    ","P",5.495,
100,5.3,"    ","P",133.248,
100,6.0,"    ","P",19.417,
100,7.0,"    ","P",0.006,
100,7.1,"    ","P",1.157,
100,7.2,"    ","P",1.042,
100,7.3,"    ","P",0.205,
100,7.4,"    ","P",18.464,
100,8.0,"    ","P",104.796,
100,8.1,"    ","P",7.266,
100,8.2,"    ","P",2.274,
100,8.3,"    ","P",76.168,
100,8.4,"    ","P",0.081,
100,8.5,"    ","P",0.000,
100,9.0,"    ","P",6.120,
100,10.0,"    ","P",505.333,
100,10.1,"    ","P",384.832,
100,10.2,"    ","P",120.501,
100,11.0,"    ","P",24.675,
100,12.0,"    ","P",1.000,
100,13.0,"    ","P",2.215,
100,13.1,"    ","P",1.750,
100,13.2,"    ","P",1.100,
100,14.0,"    ","P",0.443,
130,1,"06/26/2019  08:47:26","22074","P",,,1,1,0,
100,1.0,"    ","P",-0.542,
100,1.1,"    ","P",1.406,
100,1.2,"    ","P",-0.678,
100,1.3,"    ","P",0.005,
100,1.4,"    ","P",-0.654,
100,1.5,"    ","P",0.018,
100,1.6,"    ","P",-0.694,
100,1.7,"    ","P",-0.005,
100,1.8,"    ","P",-0.660,
100,1.9,"    ","P",-0.015,
100,2.0,"    ","P",0.284,
100,3.0,"    ","P",1.632,
100,3.1,"    ","P",1.615,
100,3.2,"    ","P",1.679,
100,3.3,"    ","P",1.711,
100,3.4,"    ","P",2.848,
100,4.0,"    ","P",12.264,
100,4.1,"    ","P",543.364,
100,4.2,"    ","P",8.183,
100,4.3,"    ","P",4.081,
100,4.4,"    ","P",15.000,
100,5.0,"    ","P",373.245,
100,5.1,"    ","P",373.832,
100,5.2,"    ","P",5.707,
100,5.3,"    ","P",134.247,
100,6.0,"    ","P",19.307,
100,7.0,"    ","P",0.006,
100,7.1,"    ","P",1.172,
100,7.2,"    ","P",1.057,
100,7.3,"    ","P",0.211,
100,7.4,"    ","P",18.344,
100,8.0,"    ","P",103.950,
100,8.1,"    ","P",7.319,
100,8.2,"    ","P",2.303,
100,8.3,"    ","P",76.070,
100,8.4,"    ","P",0.020,
100,8.5,"    ","P",0.000,
100,9.0,"    ","P",6.155,
100,10.0,"    ","P",516.572,
100,10.1,"    ","P",388.579,
100,10.2,"    ","P",127.993,
100,11.0,"    ","P",24.724,
100,12.0,"    ","P",1.000,
100,13.0,"    ","P",2.196,
100,13.1,"    ","P",1.750,
100,13.2,"    ","P",1.100,
100,14.0,"    ","P",0.443,
130,1,"06/26/2019  08:47:28","22075","P",,,1,1,0,
100,1.0,"    ","P",-0.532,
100,1.1,"    ","P",1.278,
100,1.2,"    ","P",-0.698,
100,1.3,"    ","P",0.003,
100,1.4,"    ","P",-0.620,
100,1.5,"    ","P",0.737,
100,1.6,"    ","P",-0.623,
100,1.7,"    ","P",0.014,
100,1.8,"    ","P",-0.662,
100,1.9,"    ","P",0.041,
100,2.0,"    ","P",0.282,
100,3.0,"    ","P",1.972,
100,3.1,"    ","P",1.927,
100,3.2,"FAIL","F",2.639,
100,3.3,"FAIL","F",10.250,
100,3.4,"    ","P",2.746,
130,1,"06/26/2019  08:47:29","22076","F",,,7,4,0,
100,1.0,"    ","P",-0.532,
100,1.1,"    ","P",1.287,
100,1.2,"    ","P",-0.697,
100,1.3,"    ","P",0.014,
100,1.4,"    ","P",-0.618,
100,1.5,"    ","P",0.715,
100,1.6,"    ","P",-0.622,
100,1.7,"    ","P",-0.017,
100,1.8,"    ","P",-0.659,
100,1.9,"    ","P",0.016,
100,2.0,"    ","P",0.306,
100,3.0,"    ","P",1.928,
100,3.1,"    ","P",1.883,
100,3.2,"FAIL","F",3.958,
100,3.3,"FAIL","F",10.250,
100,3.4,"    ","P",2.712,
130,1,"06/26/2019  08:47:30","22077","F",,,7,4,0,
100,1.0,"    ","P",-0.532,
100,1.1,"    ","P",1.287,
100,1.2,"    ","P",-0.697,
100,1.3,"    ","P",0.019,
100,1.4,"    ","P",-0.619,
100,1.5,"    ","P",0.697,
100,1.6,"    ","P",-0.622,
100,1.7,"    ","P",0.020,
100,1.8,"    ","P",-0.659,
100,1.9,"    ","P",-0.006,
100,2.0,"    ","P",0.307,
100,3.0,"    ","P",1.955,
100,3.1,"    ","P",1.911,
100,3.2,"FAIL","F",3.902,
100,3.3,"FAIL","F",10.250,
100,3.4,"    ","P",2.676,
130,1,"06/26/2019  08:47:31","22078","F",,,7,4,0,
100,1.0,"    ","P",-0.532,
100,1.1,"    ","P",1.250,
100,1.2,"    ","P",-0.697,
100,1.3,"    ","P",0.013,
100,1.4,"    ","P",-0.620,
100,1.5,"    ","P",0.712,
100,1.6,"    ","P",-0.623,
100,1.7,"    ","P",0.020,
100,1.8,"    ","P",-0.662,
100,1.9,"    ","P",0.029,
100,2.0,"    ","P",0.308,
100,3.0,"    ","P",1.944,
100,3.1,"    ","P",1.899,
100,3.2,"FAIL","F",3.659,
100,3.3,"FAIL","F",10.250,
100,3.4,"    ","P",2.747,
130,1,"06/26/2019  08:47:32","22079","F",,,7,4,0,
100,1.0,"    ","P",-0.532,
100,1.1,"    ","P",1.253,
100,1.2,"    ","P",-0.698,
100,1.3,"    ","P",0.014,
100,1.4,"    ","P",-0.620,
100,1.5,"    ","P",0.672,
100,1.6,"    ","P",-0.623,
100,1.7,"    ","P",0.014,
100,1.8,"    ","P",-0.662,
100,1.9,"    ","P",0.032,
100,2.0,"    ","P",0.308,
100,3.0,"    ","P",1.941,
100,3.1,"    ","P",1.897,
100,3.2,"FAIL","F",3.926,
100,3.3,"FAIL","F",10.250,
100,3.4,"    ","P",2.650,
130,1,"06/26/2019  08:47:33","22080","F",,,7,4,0,
100,1.0,"    ","P",-0.531,
100,1.1,"    ","P",1.269,
100,1.2,"    ","P",-0.698,
100,1.3,"    ","P",0.015,
100,1.4,"    ","P",-0.619,
100,1.5,"    ","P",0.731,
100,1.6,"    ","P",-0.623,
100,1.7,"    ","P",-0.020,
100,1.8,"    ","P",-0.661,
100,1.9,"    ","P",0.051,
100,2.0,"    ","P",0.308,
100,3.0,"    ","P",1.950,
100,3.1,"    ","P",1.905,
100,3.2,"FAIL","F",3.806,
100,3.3,"FAIL","F",10.250,
100,3.4,"    ","P",2.674,
130,1,"06/26/2019  08:47:34","22081","F",,,7,4,0,
100,1.0,"    ","P",-0.531,
100,1.1,"    ","P",1.303,
100,1.2,"    ","P",-0.698,
100,1.3,"    ","P",0.015,
100,1.4,"    ","P",-0.620,
100,1.5,"    ","P",0.728,
100,1.6,"    ","P",-0.623,
100,1.7,"    ","P",-0.005,
100,1.8,"    ","P",-0.663,
100,1.9,"    ","P",0.019,
100,2.0,"    ","P",0.309,
100,3.0,"    ","P",1.927,
100,3.1,"    ","P",1.881,
100,3.2,"FAIL","F",3.833,
100,3.3,"FAIL","F",10.250,
100,3.4,"    ","P",2.616,
130,1,"06/26/2019  08:47:35","22082","F",,,7,4,0,
100,1.0,"    ","P",-0.531,
100,1.1,"    ","P",1.294,
100,1.2,"    ","P",-0.698,
100,1.3,"    ","P",0.012,
100,1.4,"    ","P",-0.619,
100,1.5,"    ","P",0.744,
100,1.6,"    ","P",-0.623,
100,1.7,"    ","P",-0.042,
100,1.8,"    ","P",-0.660,
100,1.9,"    ","P",0.007,
100,2.0,"    ","P",0.308,
100,3.0,"    ","P",1.926,
100,3.1,"    ","P",1.881,
100,3.2,"FAIL","F",3.725,
100,3.3,"FAIL","F",10.250,
100,3.4,"    ","P",2.619,
130,1,"06/26/2019  08:47:36","22083","F",,,7,4,0,
100,1.0,"    ","P",-0.531,
100,1.1,"    ","P",1.316,
100,1.2,"    ","P",-0.698,
100,1.3,"    ","P",0.015,
100,1.4,"    ","P",-0.619,
100,1.5,"    ","P",0.712,
100,1.6,"    ","P",-0.623,
100,1.7,"    ","P",0.002,
100,1.8,"    ","P",-0.660,
100,1.9,"    ","P",-0.006,
100,2.0,"    ","P",0.307,
100,3.0,"    ","P",1.923,
100,3.1,"    ","P",1.877,
100,3.2,"FAIL","F",3.792,
100,3.3,"FAIL","F",10.250,
100,3.4,"    ","P",2.694,
130,1,"06/26/2019  08:47:37","22084","F",,,7,4,0,
100,1.0,"    ","P",-0.531,
100,1.1,"    ","P",1.309,
100,1.2,"    ","P",-0.698,
100,1.3,"    ","P",0.014,
100,1.4,"    ","P",-0.619,
100,1.5,"    ","P",0.675,
100,1.6,"    ","P",-0.623,
100,1.7,"    ","P",-0.014,
100,1.8,"    ","P",-0.662,
100,1.9,"    ","P",-0.025,
100,2.0,"    ","P",0.309,
100,3.0,"    ","P",1.945,
100,3.1,"    ","P",1.901,
100,3.2,"FAIL","F",4.038,
100,3.3,"FAIL","F",10.250,
100,3.4,"    ","P",2.716,
130,1,"06/26/2019  08:47:37","22085","F",,,7,4,0,
100,1.0,"    ","P",-0.531,
100,1.1,"    ","P",1.300,
100,1.2,"    ","P",-0.698,
100,1.3,"    ","P",0.016,
100,1.4,"    ","P",-0.619,
100,1.5,"    ","P",0.709,
100,1.6,"    ","P",-0.622,
100,1.7,"    ","P",0.002,
100,1.8,"    ","P",-0.660,
100,1.9,"    ","P",0.013,
100,2.0,"    ","P",0.308,
100,3.0,"    ","P",1.935,
100,3.1,"    ","P",1.890,
100,3.2,"FAIL","F",3.941,
100,3.3,"FAIL","F",10.250,
100,3.4,"    ","P",2.670,
130,1,"06/26/2019  08:47:38","22086","F",,,7,4,0,
100,1.0,"    ","P",-0.531,
100,1.1,"    ","P",1.278,
100,1.2,"    ","P",-0.698,
100,1.3,"    ","P",0.017,
100,1.4,"    ","P",-0.618,
100,1.5,"    ","P",0.668,
100,1.6,"    ","P",-0.622,
100,1.7,"    ","P",-0.014,
100,1.8,"    ","P",-0.659,
100,1.9,"    ","P",0.004,
100,2.0,"    ","P",0.308,
100,3.0,"    ","P",1.965,
100,3.1,"    ","P",1.921,
100,3.2,"FAIL","F",3.847,
100,3.3,"FAIL","F",10.250,
100,3.4,"    ","P",2.695,
130,1,"06/26/2019  08:47:39","22087","F",,,7,4,0,
100,1.0,"    ","P",-0.531,
100,1.1,"    ","P",1.281,
100,1.2,"    ","P",-0.698,
100,1.3,"    ","P",0.014,
100,1.4,"    ","P",-0.618,
100,1.5,"    ","P",0.722,
100,1.6,"    ","P",-0.622,
100,1.7,"    ","P",-0.033,
100,1.8,"    ","P",-0.659,
100,1.9,"    ","P",0.016,
100,2.0,"    ","P",0.309,
100,3.0,"    ","P",1.912,
100,3.1,"    ","P",1.868,
100,3.2,"FAIL","F",3.700,
100,3.3,"FAIL","F",10.250,
100,3.4,"    ","P",2.652,
130,1,"06/26/2019  08:47:40","22088","F",,,7,4,0,
100,1.0,"    ","P",-0.532,
100,1.1,"    ","P",1.247,
100,1.2,"    ","P",-0.698,
100,1.3,"    ","P",0.013,
100,1.4,"    ","P",-0.618,
100,1.5,"    ","P",0.643,
100,1.6,"    ","P",-0.622,
100,1.7,"    ","P",-0.008,
100,1.8,"    ","P",-0.659,
100,1.9,"    ","P",0.004,
100,2.0,"    ","P",0.309,
100,3.0,"    ","P",1.971,
100,3.1,"    ","P",1.926,
100,3.2,"FAIL","F",3.633,
100,3.3,"FAIL","F",10.250,
100,3.4,"    ","P",2.717,
130,1,"06/26/2019  08:47:41","22089","F",,,7,4,0,
100,1.0,"    ","P",-0.532,
100,1.1,"    ","P",1.341,
100,1.2,"    ","P",-0.698,
100,1.3,"    ","P",0.016,
100,1.4,"    ","P",-0.619,
100,1.5,"    ","P",0.681,
100,1.6,"    ","P",-0.622,
100,1.7,"    ","P",0.023,
100,1.8,"    ","P",-0.659,
100,1.9,"    ","P",0.000,
100,2.0,"    ","P",0.307,
100,3.0,"    ","P",1.924,
100,3.1,"    ","P",1.880,
100,3.2,"FAIL","F",3.666,
100,3.3,"FAIL","F",10.250,
100,3.4,"    ","P",2.655,
130,1,"06/26/2019  08:47:42","22090","F",,,7,4,0,
100,1.0,"    ","P",-0.532,
100,1.1,"    ","P",1.278,
100,1.2,"    ","P",-0.697,
100,1.3,"    ","P",0.013,
100,1.4,"    ","P",-0.618,
100,1.5,"    ","P",0.715,
100,1.6,"    ","P",-0.622,
100,1.7,"    ","P",-0.020,
100,1.8,"    ","P",-0.658,
100,1.9,"    ","P",0.022,
100,2.0,"    ","P",0.309,
100,3.0,"    ","P",1.956,
100,3.1,"    ","P",1.911,
100,3.2,"FAIL","F",3.986,
100,3.3,"FAIL","F",10.250,
100,3.4,"    ","P",2.684,
130,1,"06/26/2019  08:47:43","22091","F",,,7,4,0,
100,1.0,"    ","P",-0.532,
100,1.1,"    ","P",1.259,
100,1.2,"    ","P",-0.697,
100,1.3,"    ","P",0.009,
100,1.4,"    ","P",-0.617,
100,1.5,"    ","P",0.706,
100,1.6,"    ","P",-0.622,
100,1.7,"    ","P",-0.039,
100,1.8,"    ","P",-0.658,
100,1.9,"    ","P",0.013,
100,2.0,"    ","P",0.309,
100,3.0,"    ","P",1.923,
100,3.1,"    ","P",1.879,
100,3.2,"FAIL","F",4.061,
100,3.3,"FAIL","F",10.250,
100,3.4,"    ","P",2.689,
130,1,"06/26/2019  08:47:44","22092","F",,,7,4,0,
100,1.0,"    ","P",-0.532,
100,1.1,"    ","P",1.312,
100,1.2,"    ","P",-0.697,
100,1.3,"    ","P",0.016,
100,1.4,"    ","P",-0.618,
100,1.5,"    ","P",0.744,
100,1.6,"    ","P",-0.622,
100,1.7,"    ","P",-0.011,
100,1.8,"    ","P",-0.659,
100,1.9,"    ","P",0.038,
100,2.0,"    ","P",0.309,
100,3.0,"    ","P",1.957,
100,3.1,"    ","P",1.913,
100,3.2,"FAIL","F",2.555,
100,3.3,"FAIL","F",10.250,
100,3.4,"    ","P",2.672,
130,1,"06/26/2019  08:47:45","22093","F",,,7,4,0,
100,1.0,"    ","P",-0.531,
100,1.1,"    ","P",1.287,
100,1.2,"    ","P",-0.696,
100,1.3,"    ","P",0.011,
100,1.4,"    ","P",-0.618,
100,1.5,"    ","P",0.715,
100,1.6,"    ","P",-0.622,
100,1.7,"    ","P",-0.017,
100,1.8,"    ","P",-0.660,
100,1.9,"    ","P",0.004,
100,2.0,"    ","P",0.309,
100,3.0,"    ","P",1.909,
100,3.1,"    ","P",1.866,
100,3.2,"    ","P",2.007,
100,3.3,"FAIL","F",10.250,
100,3.4,"    ","P",2.638,
130,1,"06/26/2019  08:47:57","22094","F",,,7,4,0,
100,1.0,"    ","P",-0.531,
100,1.1,"    ","P",1.291,
100,1.2,"    ","P",-0.697,
100,1.3,"    ","P",0.016,
100,1.4,"    ","P",-0.618,
100,1.5,"    ","P",0.697,
100,1.6,"    ","P",-0.622,
100,1.7,"    ","P",0.030,
100,1.8,"    ","P",-0.660,
100,1.9,"    ","P",0.029,
100,2.0,"    ","P",0.475,
100,3.0,"    ","P",1.973,
100,3.1,"    ","P",1.929,
100,3.2,"    ","P",2.114,
100,3.3,"FAIL","F",10.250,
100,3.4,"    ","P",2.695,
130,1,"06/26/2019  08:47:58","22095","F",,,7,4,0,
100,1.0,"    ","P",-0.532,
100,1.1,"    ","P",1.294,
100,1.2,"    ","P",-0.697,
100,1.3,"    ","P",0.016,
100,1.4,"    ","P",-0.619,
100,1.5,"    ","P",0.709,
100,1.6,"    ","P",-0.622,
100,1.7,"    ","P",0.011,
100,1.8,"    ","P",-0.661,
100,1.9,"    ","P",0.022,
100,2.0,"    ","P",0.308,
100,3.0,"    ","P",1.963,
100,3.1,"    ","P",1.919,
100,3.2,"FAIL","F",2.505,
100,3.3,"FAIL","F",10.250,
100,3.4,"    ","P",2.691,
130,1,"06/26/2019  08:47:59","22096","F",,,7,4,0,
100,1.0,"    ","P",-0.532,
100,1.1,"    ","P",1.272,
100,1.2,"    ","P",-0.696,
100,1.3,"    ","P",0.011,
100,1.4,"    ","P",-0.618,
100,1.5,"    ","P",0.722,
100,1.6,"    ","P",-0.622,
100,1.7,"    ","P",-0.042,
100,1.8,"    ","P",-0.659,
100,1.9,"    ","P",-0.006,
100,2.0,"    ","P",0.490,
100,3.0,"    ","P",1.965,
100,3.1,"    ","P",1.920,
100,3.2,"FAIL","F",2.614,
100,3.3,"FAIL","F",10.250,
100,3.4,"    ","P",2.724,
130,1,"06/26/2019  08:48:00","22097","F",,,7,4,0,
999,
50,1,"P",23,"PASS",
50,5,"F",0,"Continuity",
50,6,"F",0,"IDSS",
50,7,"F",22,"IOP",
50,8,"F",0,"UVLO",
50,9,"F",0,"IFB",
50,10,"F",0,"TSS",
50,11,"F",0,"VStr",
50,12,"F",0,"FOSC",
50,13,"F",0,"VSD",
50,14,"F",0,"BURST",
50,15,"F",0,"VOVP",
50,16,"F",0,"AR",
50,17,"F",0,"ILIMIT",
50,18,"F",0,"IDSS1",
50,19,"F",0,"",
50,20,"F",0,"",
50,21,"F",0,"",
50,22,"F",0,"",
50,23,"F",0,"",
50,24,"F",0,"",
50,25,"F",0,"",
50,32,"A",0,"Alarm Bin",
60,1,"P",23,"PASS",
60,3,"F",0,"Continuity",
60,4,"F",22,"IDSS",
2,1.-1,"Continuity",45,0,
1,1.0,"OS_VCC",45,0,
1,1.1,"ICCLKG",45,0,
1,1.2,"OS_DRAIN",45,0,
1,1.3,"IDLKG",45,0,
1,1.4,"OS_VFB",45,0,
1,1.5,"IFBLKG",45,0,
1,1.6,"OS_VSTR",45,0,
1,1.7,"ISTRLKG",45,0,
1,1.8,"OS_RLIM",45,0,
1,1.9,"IRLLKG",45,0,
2,2.-1,"IDSS",45,0,
1,2.0,"IDSS",45,0,
2,3.-1,"Vcc_Current",23,22,
1,3.0,"IOP",45,0,
1,3.1,"IOPMIN",45,0,
1,3.2,"IOPMAX26",25,20,
1,3.3,"IOPMAX30",23,2,
1,3.4,"IOPSW",23,0,
2,4.-1,"UVLO",23,0,
1,4.0,"VSTART",23,0,
1,4.1,"ISTART",23,0,
1,4.2,"VSTOP",23,0,
1,4.3,"UVLO_HYS",23,0,
1,4.4,"DIVSTOP",23,0,
2,5.-1,"Vfb_Current",23,0,
1,5.0,"IFB",23,0,
1,5.1,"IPK",23,0,
1,5.2,"IDELAY",23,0,
1,5.3,"VFBOFF",23,0,
2,6.-1,"TSS",23,0,
1,6.0,"TSS",23,0,
2,7.-1,"Start_Current",23,0,
1,7.0,"IJLKG",23,0,
1,7.1,"ICH",23,0,
1,7.2,"ISTRVCC",23,0,
1,7.3,"ISTD",23,0,
1,7.4,"VSTR",23,0,
2,8.-1,"FOSC",23,0,
1,8.0,"FSS",23,0,
1,8.1,"TON_MAX",23,0,
1,8.2,"TOFF_MAX",23,0,
1,8.3,"DMAX",23,0,
1,8.4,"Fstable",23,0,
1,8.5,"Dmin",23,0,
2,9.-1,"VSD",23,0,
1,9.0,"VSD",23,0,
2,10.-1,"Burst_Thershold",23,0,
1,10.0,"VBURH",23,0,
1,10.1,"VBURL",23,0,
1,10.2,"Burst_Hys",23,0,
2,11.-1,"VOVP",23,0,
1,11.0,"VOVP",23,0,
2,12.-1,"AR",23,0,
1,12.0,"AR",23,0,
2,13.-1,"ILIMIT",23,0,
1,13.0,"ILIM",23,0,
1,13.1,"SILIM1",23,0,
1,13.2,"SILIM2",23,0,
2,14.-1,"IDSS1",23,0,
1,14.0,"IDSS1",23,0,
3, 45, 23, 633652, 126395, 0,
250,1,1,23,
250,1,5,0,
250,1,6,0,
250,1,7,22,
250,1,8,0,
250,1,9,0,
250,1,10,0,
250,1,11,0,
250,1,12,0,
250,1,13,0,
250,1,14,0,
250,1,15,0,
250,1,16,0,
250,1,17,0,
250,1,18,0,
250,1,19,0,
250,1,20,0,
250,1,21,0,
250,1,22,0,
250,1,23,0,
250,1,24,0,
250,1,25,0,
250,1,32,0,
260,1,1,23,
260,1,3,0,
260,1,4,22,
202,1,1.-1,45,0,
201,1,1.0,45,0,
201,1,1.1,45,0,
201,1,1.2,45,0,
201,1,1.3,45,0,
201,1,1.4,45,0,
201,1,1.5,45,0,
201,1,1.6,45,0,
201,1,1.7,45,0,
201,1,1.8,45,0,
201,1,1.9,45,0,
202,1,2.-1,45,0,
201,1,2.0,45,0,
202,1,3.-1,23,22,
201,1,3.0,45,0,
201,1,3.1,45,0,
201,1,3.2,25,20,
201,1,3.3,23,2,
201,1,3.4,23,0,
202,1,4.-1,23,0,
201,1,4.0,23,0,
201,1,4.1,23,0,
201,1,4.2,23,0,
201,1,4.3,23,0,
201,1,4.4,23,0,
202,1,5.-1,23,0,
201,1,5.0,23,0,
201,1,5.1,23,0,
201,1,5.2,23,0,
201,1,5.3,23,0,
202,1,6.-1,23,0,
201,1,6.0,23,0,
202,1,7.-1,23,0,
201,1,7.0,23,0,
201,1,7.1,23,0,
201,1,7.2,23,0,
201,1,7.3,23,0,
201,1,7.4,23,0,
202,1,8.-1,23,0,
201,1,8.0,23,0,
201,1,8.1,23,0,
201,1,8.2,23,0,
201,1,8.3,23,0,
201,1,8.4,23,0,
201,1,8.5,23,0,
202,1,9.-1,23,0,
201,1,9.0,23,0,
202,1,10.-1,23,0,
201,1,10.0,23,0,
201,1,10.1,23,0,
201,1,10.2,23,0,
202,1,11.-1,23,0,
201,1,11.0,23,0,
202,1,12.-1,23,0,
201,1,12.0,23,0,
202,1,13.-1,23,0,
201,1,13.0,23,0,
201,1,13.1,23,0,
201,1,13.2,23,0,
202,1,14.-1,23,0,
201,1,14.0,23,0,
203,1,45,23,0,
250,2,1,0,
250,2,5,0,
250,2,6,0,
250,2,7,0,
250,2,8,0,
250,2,9,0,
250,2,10,0,
250,2,11,0,
250,2,12,0,
250,2,13,0,
250,2,14,0,
250,2,15,0,
250,2,16,0,
250,2,17,0,
250,2,18,0,
250,2,19,0,
250,2,20,0,
250,2,21,0,
250,2,22,0,
250,2,23,0,
250,2,24,0,
250,2,25,0,
250,2,32,0,
260,2,1,0,
260,2,3,0,
260,2,4,0,
202,2,1.-1,0,0,
202,2,2.-1,0,0,
202,2,3.-1,0,0,
202,2,4.-1,0,0,
202,2,5.-1,0,0,
202,2,6.-1,0,0,
202,2,7.-1,0,0,
202,2,8.-1,0,0,
202,2,9.-1,0,0,
202,2,10.-1,0,0,
202,2,11.-1,0,0,
202,2,12.-1,0,0,
202,2,13.-1,0,0,
202,2,14.-1,0,0,
203,2,0,0,0,
300,-1,1.0,45,-0.537,0.005,-0.542,-0.531,
301,-1,1.0,27,25,22,45,
300,-1,1.1,45,1.347,0.065,1.247,1.447,
301,-1,1.1,27,25,15,44,16,1,
300,-1,1.2,45,-0.687,0.010,-0.698,-0.676,
301,-1,1.2,27,25,21,45,
300,-1,1.3,45,0.009,0.006,-0.001,0.019,
301,-1,1.3,27,25,8,45,
300,-1,1.4,45,-0.636,0.018,-0.654,-0.617,
301,-1,1.4,27,25,21,45,
300,-1,1.5,45,0.356,0.347,-0.013,0.744,
301,-1,1.5,27,25,8,23,11,1,12,21,
300,-1,1.6,45,-0.659,0.036,-0.698,-0.622,
301,-1,1.6,27,25,21,45,
300,-1,1.7,45,-0.006,0.018,-0.042,0.033,
301,-1,1.7,27,25,8,45,
300,-1,1.8,45,-0.660,0.001,-0.663,-0.658,
301,-1,1.8,27,25,21,45,
300,-1,1.9,45,0.012,0.019,-0.025,0.054,
301,-1,1.9,27,25,8,45,
300,-1,2.0,45,0.304,0.041,0.282,0.490,
301,-1,2.0,27,25,16,43,18,2,
300,-1,3.0,45,1.791,0.152,1.618,1.973,
301,-1,3.0,27,25,11,1,12,20,13,2,18,10,19,12,
300,-1,3.1,45,1.761,0.138,1.600,1.929,
301,-1,3.1,27,25,11,7,12,16,17,10,18,12,
300,-1,3.2,25,1.721,0.104,1.665,2.114,
301,-1,3.2,27,25,12,1,13,20,14,2,20,1,22,1,26,20,
300,-1,3.3,23,1.725,0.014,1.697,1.754,
301,-1,3.3,27,25,13,6,14,17,26,22,
300,-1,3.4,45,2.780,0.100,2.616,2.917,
301,-1,3.4,27,25,14,3,15,17,16,3,17,22,
300,-1,4.0,23,12.270,0.046,12.193,12.373,
301,-1,4.0,27,25,15,8,16,13,17,2,
300,-1,4.1,23,548.390,7.753,537.116,562.110,
301,-1,4.1,27,25,16,12,17,11,
300,-1,4.2,23,8.183,0.032,8.131,8.243,
301,-1,4.2,27,25,14,2,15,19,16,2,
300,-1,4.3,23,4.087,0.024,4.042,4.150,
301,-1,4.3,27,25,13,17,14,6,
300,-1,4.4,23,15.000,0.000,15.000,15.000,
301,-1,4.4,27,25,13,23,
300,-1,5.0,23,381.391,6.662,367.331,392.739,
301,-1,5.0,27,25,9,4,10,6,11,10,12,3,
300,-1,5.1,23,382.287,6.711,368.119,393.930,
301,-1,5.1,27,25,9,3,10,5,11,12,12,3,
300,-1,5.2,23,5.463,0.197,5.098,5.845,
301,-1,5.2,27,25,14,4,15,2,16,8,17,4,18,4,19,1,
300,-1,5.3,23,134.012,0.414,133.248,134.965,
301,-1,5.3,27,25,16,23,
300,-1,6.0,23,19.138,0.208,18.517,19.477,
301,-1,6.0,27,25,11,1,12,8,13,13,14,1,
300,-1,7.0,23,0.451,2.135,0.006,10.243,
301,-1,7.0,27,25,6,22,8,1,
300,-1,7.1,23,1.152,0.010,1.133,1.172,
301,-1,7.1,27,25,15,6,16,16,17,1,
300,-1,7.2,23,1.036,0.010,1.017,1.057,
301,-1,7.2,27,25,12,1,13,13,14,9,
300,-1,7.3,23,0.212,0.035,0.198,0.371,
301,-1,7.3,27,25,3,23,
300,-1,7.4,23,18.218,0.212,17.727,18.756,
301,-1,7.4,27,25,9,1,10,20,11,2,
300,-1,8.0,23,104.886,0.645,103.592,106.005,
301,-1,8.0,27,25,17,4,18,12,19,7,
300,-1,8.1,23,7.270,0.049,7.174,7.400,
301,-1,8.1,27,25,7,1,8,13,9,8,10,1,
300,-1,8.2,23,2.265,0.033,2.204,2.323,
301,-1,8.2,27,25,12,10,13,13,
300,-1,8.3,23,76.243,0.292,75.668,76.739,
301,-1,8.3,27,25,11,7,12,15,13,1,
300,-1,8.4,23,0.022,0.016,0.001,0.081,
301,-1,8.4,27,25,3,22,4,1,
300,-1,8.5,23,0.000,0.000,0.000,0.000,
301,-1,8.5,27,25,13,23,
300,-1,9.0,23,6.132,0.018,6.089,6.160,
301,-1,9.0,27,25,15,4,16,19,
300,-1,10.0,23,506.473,6.742,495.344,520.318,
301,-1,10.0,27,25,12,1,13,6,14,12,15,4,
300,-1,10.1,23,379.933,5.402,369.536,388.579,
301,-1,10.1,27,25,15,2,16,13,17,8,
300,-1,10.2,23,126.541,7.873,112.072,138.295,
301,-1,10.2,27,25,9,4,10,8,11,8,12,3,
300,-1,11.0,23,24.750,0.103,24.598,24.982,
301,-1,11.0,27,25,17,4,18,10,19,8,20,1,
300,-1,12.0,23,1.000,0.000,1.000,1.000,
301,-1,12.0,27,25,23,23,
300,-1,13.0,23,2.212,0.015,2.158,2.229,
301,-1,13.0,27,25,13,1,15,7,16,15,
300,-1,13.1,23,1.750,0.000,1.750,1.750,
301,-1,13.1,27,25,14,23,
300,-1,13.2,23,1.100,-1.#IO,1.100,1.100,
301,-1,13.2,27,25,14,23,
300,-1,14.0,23,0.444,0.001,0.442,0.447,
301,-1,14.0,27,25,17,23,
300,1,1.0,45,-0.537,0.005,-0.542,-0.531,
301,1,1.0,27,25,22,45,
300,1,1.1,45,1.347,0.065,1.247,1.447,
301,1,1.1,27,25,15,44,16,1,
300,1,1.2,45,-0.687,0.010,-0.698,-0.676,
301,1,1.2,27,25,21,45,
300,1,1.3,45,0.009,0.006,-0.001,0.019,
301,1,1.3,27,25,8,45,
300,1,1.4,45,-0.636,0.018,-0.654,-0.617,
301,1,1.4,27,25,21,45,
300,1,1.5,45,0.356,0.347,-0.013,0.744,
301,1,1.5,27,25,8,23,11,1,12,21,
300,1,1.6,45,-0.659,0.036,-0.698,-0.622,
301,1,1.6,27,25,21,45,
300,1,1.7,45,-0.006,0.018,-0.042,0.033,
301,1,1.7,27,25,8,45,
300,1,1.8,45,-0.660,0.001,-0.663,-0.658,
301,1,1.8,27,25,21,45,
300,1,1.9,45,0.012,0.019,-0.025,0.054,
301,1,1.9,27,25,8,45,
300,1,2.0,45,0.304,0.041,0.282,0.490,
301,1,2.0,27,25,16,43,18,2,
300,1,3.0,45,1.791,0.152,1.618,1.973,
301,1,3.0,27,25,11,1,12,20,13,2,18,10,19,12,
300,1,3.1,45,1.761,0.138,1.600,1.929,
301,1,3.1,27,25,11,7,12,16,17,10,18,12,
300,1,3.2,25,1.721,0.104,1.665,2.114,
301,1,3.2,27,25,12,1,13,20,14,2,20,1,22,1,26,20,
300,1,3.3,23,1.725,0.014,1.697,1.754,
301,1,3.3,27,25,13,6,14,17,26,22,
300,1,3.4,45,2.780,0.100,2.616,2.917,
301,1,3.4,27,25,14,3,15,17,16,3,17,22,
300,1,4.0,23,12.270,0.046,12.193,12.373,
301,1,4.0,27,25,15,8,16,13,17,2,
300,1,4.1,23,548.390,7.753,537.116,562.110,
301,1,4.1,27,25,16,12,17,11,
300,1,4.2,23,8.183,0.032,8.131,8.243,
301,1,4.2,27,25,14,2,15,19,16,2,
300,1,4.3,23,4.087,0.024,4.042,4.150,
301,1,4.3,27,25,13,17,14,6,
300,1,4.4,23,15.000,0.000,15.000,15.000,
301,1,4.4,27,25,13,23,
300,1,5.0,23,381.391,6.662,367.331,392.739,
301,1,5.0,27,25,9,4,10,6,11,10,12,3,
300,1,5.1,23,382.287,6.711,368.119,393.930,
301,1,5.1,27,25,9,3,10,5,11,12,12,3,
300,1,5.2,23,5.463,0.197,5.098,5.845,
301,1,5.2,27,25,14,4,15,2,16,8,17,4,18,4,19,1,
300,1,5.3,23,134.012,0.414,133.248,134.965,
301,1,5.3,27,25,16,23,
300,1,6.0,23,19.138,0.208,18.517,19.477,
301,1,6.0,27,25,11,1,12,8,13,13,14,1,
300,1,7.0,23,0.451,2.135,0.006,10.243,
301,1,7.0,27,25,6,22,8,1,
300,1,7.1,23,1.152,0.010,1.133,1.172,
301,1,7.1,27,25,15,6,16,16,17,1,
300,1,7.2,23,1.036,0.010,1.017,1.057,
301,1,7.2,27,25,12,1,13,13,14,9,
300,1,7.3,23,0.212,0.035,0.198,0.371,
301,1,7.3,27,25,3,23,
300,1,7.4,23,18.218,0.212,17.727,18.756,
301,1,7.4,27,25,9,1,10,20,11,2,
300,1,8.0,23,104.886,0.645,103.592,106.005,
301,1,8.0,27,25,17,4,18,12,19,7,
300,1,8.1,23,7.270,0.049,7.174,7.400,
301,1,8.1,27,25,7,1,8,13,9,8,10,1,
300,1,8.2,23,2.265,0.033,2.204,2.323,
301,1,8.2,27,25,12,10,13,13,
300,1,8.3,23,76.243,0.292,75.668,76.739,
301,1,8.3,27,25,11,7,12,15,13,1,
300,1,8.4,23,0.022,0.016,0.001,0.081,
301,1,8.4,27,25,3,22,4,1,
300,1,8.5,23,0.000,0.000,0.000,0.000,
301,1,8.5,27,25,13,23,
300,1,9.0,23,6.132,0.018,6.089,6.160,
301,1,9.0,27,25,15,4,16,19,
300,1,10.0,23,506.473,6.742,495.344,520.318,
301,1,10.0,27,25,12,1,13,6,14,12,15,4,
300,1,10.1,23,379.933,5.402,369.536,388.579,
301,1,10.1,27,25,15,2,16,13,17,8,
300,1,10.2,23,126.541,7.873,112.072,138.295,
301,1,10.2,27,25,9,4,10,8,11,8,12,3,
300,1,11.0,23,24.750,0.103,24.598,24.982,
301,1,11.0,27,25,17,4,18,10,19,8,20,1,
300,1,12.0,23,1.000,0.000,1.000,1.000,
301,1,12.0,27,25,23,23,
300,1,13.0,23,2.212,0.015,2.158,2.229,
301,1,13.0,27,25,13,1,15,7,16,15,
300,1,13.1,23,1.750,0.000,1.750,1.750,
301,1,13.1,27,25,14,23,
300,1,13.2,23,1.100,-1.#IO,1.100,1.100,
301,1,13.2,27,25,14,23,
300,1,14.0,23,0.444,0.001,0.442,0.447,
301,1,14.0,27,25,17,23,
30,"06/26/2019  08:46:35","06/26/2019  08:48:00",
