120,1,"ETS364B",2,8,"CUJ250014_R25_BINR","1","DINO","FSC1-ETS364","2011A [2011.1.2.21]","2.04",
125,P,"","","","LoadBoard:,5",
140,1,"c:\ETS\WORK\FSL116LR_01_ATEC.DLL","FSL116LR_01_ATEC","1.0","05/17/2009","06/26/2019",
140,2,"c:\ETS\WORK\FSL116LR_01_ATEC.pds","FSL116LR_01_ATEC","3.00","05/17/2009","08/01/2013",
140,3,"c:\ETS\WORK\FSL116LR_01_ATEC.evd","<not available>","1.0","05/17/2009","08/14/2009",
140,4,"FSL116LR_01_ATEC","FPSÄATEC","1.0","05/17/2009","06/26/2019",
145,"WARNING: Detected Boards using Default Calibration",
10,1.0,3,-0.400,-3.000,"V","OS_VCC",
10,1.1,3,2.900,-1.000,"UA","ICCLKG",
10,1.2,3,-0.400,-3.000,"V","OS_DRAIN",
10,1.3,3,2.900,-1.000,"UA","IDLKG",
10,1.4,3,-0.400,-3.000,"V","OS_VFB",
10,1.5,3,2.900,-1.000,"UA","IFBLKG",
10,1.6,3,-0.400,-3.000,"V","OS_VSTR",
10,1.7,3,2.900,-1.000,"UA","ISTRLKG",
10,1.8,3,-0.400,-3.000,"V","OS_RLIM",
10,1.9,3,2.900,-1.000,"UA","IRLLKG",
10,2.0,3,1.000,-1.000,"uA","IDSS",
10,3.0,3,2.470,1.140,"mA","IOP",
10,3.1,3,2.470,1.140,"mA","IOPMIN",
10,3.2,3,2.470,1.140,"mA","IOPMAX26",
10,3.3,3,2.470,1.140,"mA","IOPMAX30",
10,3.4,3,3.450,1.550,"mA","IOPSW",
10,4.0,3,12.950,11.050,"V","VSTART",
10,4.1,3,640.000,360.000,"uA","ISTART",
10,4.2,3,8.950,7.050,"V","VSTOP",
10,4.3,3,5.900,2.100,"V","UVLO_HYS",
10,4.4,3,28.000,-1.000,"uA","DIVSTOP",
10,5.0,3,476.000,324.000,"uA","IFB",
10,5.1,3,476.000,324.000,"uA","IPK",
10,5.2,3,6.425,3.575,"uA","IDELAY",
10,5.3,3,195.000,20.000,"mV","VFBOFF",
10,6.0,3,24.750,15.250,"mS","TSS",
10,7.0,3,100.000,-20.000,"nA","IJLKG",
10,7.1,3,1.290,0.910,"mA","ICH",
10,7.2,3,1.290,0.810,"mA","ISTRVCC",
10,7.3,3,19.500,0.000,"uA","ISTD",
10,7.4,3,26.000,14.000,"V","VSTR",
10,8.0,3,54.000,46.000,"KHz","FSS",
10,8.1,3,18.350,12.450,"uS","TON_MAX",
10,8.2,3,5.950,3.250,"uS","TOFF_MAX",
10,8.3,3,82.700,71.300,"%","DMAX",
10,8.4,3,2.850,0.000,"%","Fstable",
10,8.5,3,1.000,-1.000,"%","Dmin",
10,9.0,3,6.475,5.525,"V","VSD",
10,10.0,3,710.000,490.000,"mV","VBURH",
10,10.1,3,570.000,330.000,"mV","VBURL",
10,10.2,3,240.000,60.000,"mV","Burst_Hys",
10,11.0,3,25.425,22.575,"V","VOVP",
10,12.0,3,1.000,0.000,"","AR",
10,13.0,3,1.330,1.070,"A","ILIM",
10,13.1,3,1.090,0.830,"A","SILIM1",
10,13.2,3,0.730,0.470,"A","SILIM2",
10,14.0,3,1.000,-1.000,"uA","IDSS1",
100,1.0,"    ","P",-0.545,
100,1.1,"    ","P",1.407,
100,1.2,"    ","P",-0.712,
100,1.3,"    ","P",0.011,
100,1.4,"    ","P",-0.660,
100,1.5,"    ","P",0.003,
100,1.6,"    ","P",-0.698,
100,1.7,"    ","P",0.001,
100,1.8,"    ","P",-0.663,
100,1.9,"    ","P",0.001,
100,2.0,"    ","P",0.377,
100,3.0,"    ","P",1.651,
100,3.1,"    ","P",1.633,
100,3.2,"    ","P",1.697,
100,3.3,"    ","P",1.729,
100,3.4,"    ","P",2.364,
100,4.0,"    ","P",12.273,
100,4.1,"    ","P",525.903,
100,4.2,"    ","P",8.174,
100,4.3,"    ","P",4.099,
100,4.4,"    ","P",8.744,
100,5.0,"    ","P",405.700,
100,5.1,"    ","P",404.024,
100,5.2,"    ","P",5.432,
100,5.3,"    ","P",134.552,
100,6.0,"    ","P",20.245,
100,7.0,"    ","P",11.382,
100,7.1,"    ","P",1.051,
100,7.2,"    ","P",0.937,
100,7.3,"    ","P",0.204,
100,7.4,"    ","P",17.436,
100,8.0,"    ","P",50.990,
100,8.1,"    ","P",14.333,
100,8.2,"    ","P",4.234,
100,8.3,"    ","P",77.198,
100,8.4,"    ","P",0.012,
100,8.5,"    ","P",0.000,
100,9.0,"    ","P",6.078,
100,10.0,"    ","P",599.319,
100,10.1,"    ","P",462.512,
100,10.2,"    ","P",136.806,
100,11.0,"    ","P",24.121,
100,12.0,"    ","P",1.000,
100,13.0,"    ","P",1.248,
100,13.1,"    ","P",0.950,
100,13.2,"    ","P",0.600,
100,14.0,"    ","P",0.525,
130,1,"06/27/2019  01:05:37","0","P",,,1,1,0,
100,1.0,"    ","P",-0.545,
100,1.1,"    ","P",1.398,
100,1.2,"    ","P",-0.711,
100,1.3,"    ","P",-0.018,
100,1.4,"    ","P",-0.659,
100,1.5,"    ","P",0.019,
100,1.6,"    ","P",-0.697,
100,1.7,"    ","P",0.017,
100,1.8,"    ","P",-0.662,
100,1.9,"    ","P",0.032,
100,2.0,"    ","P",0.302,
100,3.0,"    ","P",1.647,
100,3.1,"    ","P",1.630,
100,3.2,"    ","P",1.694,
100,3.3,"    ","P",1.726,
100,3.4,"    ","P",2.358,
100,4.0,"    ","P",12.224,
100,4.1,"    ","P",531.779,
100,4.2,"    ","P",8.137,
100,4.3,"    ","P",4.086,
100,4.4,"    ","P",7.010,
100,5.0,"    ","P",406.672,
100,5.1,"    ","P",404.697,
100,5.2,"    ","P",5.374,
100,5.3,"    ","P",134.115,
100,6.0,"    ","P",20.250,
100,7.0,"    ","P",11.507,
100,7.1,"    ","P",1.067,
100,7.2,"    ","P",0.955,
100,7.3,"    ","P",0.200,
100,7.4,"    ","P",17.624,
100,8.0,"    ","P",50.912,
100,8.1,"    ","P",14.348,
100,8.2,"    ","P",4.294,
100,8.3,"    ","P",76.967,
100,8.4,"    ","P",0.015,
100,8.5,"    ","P",0.000,
100,9.0,"    ","P",6.048,
100,10.0,"    ","P",611.188,
100,10.1,"    ","P",463.137,
100,10.2,"    ","P",148.051,
100,11.0,"    ","P",24.058,
100,12.0,"    ","P",1.000,
100,13.0,"    ","P",1.239,
100,13.1,"    ","P",0.950,
100,13.2,"    ","P",0.600,
100,14.0,"    ","P",0.518,
130,1,"06/27/2019  01:05:39","0","P",,,1,1,0,
100,1.0,"    ","P",-0.545,
100,1.1,"    ","P",1.432,
100,1.2,"    ","P",-0.710,
100,1.3,"    ","P",-0.024,
100,1.4,"    ","P",-0.659,
100,1.5,"    ","P",-0.019,
100,1.6,"    ","P",-0.696,
100,1.7,"    ","P",-0.008,
100,1.8,"    ","P",-0.662,
100,1.9,"    ","P",-0.021,
100,2.0,"    ","P",0.299,
100,3.0,"    ","P",1.667,
100,3.1,"    ","P",1.650,
100,3.2,"    ","P",1.714,
100,3.3,"    ","P",1.750,
100,3.4,"    ","P",2.385,
100,4.0,"    ","P",12.293,
100,4.1,"    ","P",541.165,
100,4.2,"    ","P",8.201,
100,4.3,"    ","P",4.092,
100,4.4,"    ","P",7.955,
100,5.0,"    ","P",404.477,
100,5.1,"    ","P",402.546,
100,5.2,"    ","P",5.308,
100,5.3,"    ","P",137.332,
100,6.0,"    ","P",20.234,
100,7.0,"    ","P",11.319,
100,7.1,"    ","P",1.026,
100,7.2,"    ","P",0.909,
100,7.3,"    ","P",0.219,
100,7.4,"    ","P",17.145,
100,8.0,"    ","P",49.404,
100,8.1,"    ","P",14.734,
100,8.2,"    ","P",4.515,
100,8.3,"    ","P",76.546,
100,8.4,"    ","P",0.015,
100,8.5,"    ","P",0.000,
100,9.0,"    ","P",6.062,
100,10.0,"    ","P",607.752,
100,10.1,"    ","P",470.633,
100,10.2,"    ","P",137.119,
100,11.0,"    ","P",24.157,
100,12.0,"    ","P",1.000,
100,13.0,"    ","P",1.240,
100,13.1,"    ","P",0.950,
100,13.2,"    ","P",0.600,
100,14.0,"    ","P",0.514,
130,1,"06/27/2019  01:05:40","0","P",,,1,1,0,
100,1.0,"    ","P",-0.544,
100,1.1,"    ","P",1.438,
100,1.2,"    ","P",-0.710,
100,1.3,"    ","P",-0.021,
100,1.4,"    ","P",-0.659,
100,1.5,"    ","P",0.003,
100,1.6,"    ","P",-0.696,
100,1.7,"    ","P",-0.014,
100,1.8,"    ","P",-0.662,
100,1.9,"    ","P",0.017,
100,2.0,"    ","P",0.297,
100,3.0,"    ","P",1.666,
100,3.1,"    ","P",1.649,
100,3.2,"    ","P",1.712,
100,3.3,"    ","P",1.749,
100,3.4,"    ","P",2.404,
100,4.0,"    ","P",12.304,
100,4.1,"    ","P",547.193,
100,4.2,"    ","P",8.183,
100,4.3,"    ","P",4.121,
100,4.4,"    ","P",6.340,
100,5.0,"    ","P",403.004,
100,5.1,"    ","P",401.478,
100,5.2,"    ","P",5.429,
100,5.3,"    ","P",137.863,
100,6.0,"    ","P",20.232,
100,7.0,"    ","P",11.476,
100,7.1,"    ","P",1.041,
100,7.2,"    ","P",0.926,
100,7.3,"    ","P",0.201,
100,7.4,"    ","P",17.247,
100,8.0,"    ","P",50.627,
100,8.1,"    ","P",14.376,
100,8.2,"    ","P",4.318,
100,8.3,"    ","P",76.903,
100,8.4,"    ","P",0.010,
100,8.5,"    ","P",0.000,
100,9.0,"    ","P",6.093,
100,10.0,"    ","P",605.565,
100,10.1,"    ","P",464.386,
100,10.2,"    ","P",141.179,
100,11.0,"    ","P",24.126,
100,12.0,"    ","P",1.000,
100,13.0,"    ","P",1.237,
100,13.1,"    ","P",0.950,
100,13.2,"    ","P",0.600,
100,14.0,"    ","P",0.515,
130,1,"06/27/2019  01:05:42","0","P",,,1,1,0,
100,1.0,"    ","P",-0.545,
100,1.1,"    ","P",1.335,
100,1.2,"    ","P",-0.710,
100,1.3,"    ","P",-0.017,
100,1.4,"    ","P",-0.659,
100,1.5,"    ","P",-0.016,
100,1.6,"    ","P",-0.694,
100,1.7,"    ","P",0.020,
100,1.8,"    ","P",-0.662,
100,1.9,"    ","P",0.014,
100,2.0,"    ","P",0.297,
100,3.0,"    ","P",1.630,
100,3.1,"    ","P",1.613,
100,3.2,"    ","P",1.676,
100,3.3,"    ","P",1.704,
100,3.4,"    ","P",2.357,
100,4.0,"    ","P",12.244,
100,4.1,"    ","P",530.558,
100,4.2,"    ","P",8.153,
100,4.3,"    ","P",4.091,
100,4.4,"    ","P",7.890,
100,5.0,"    ","P",400.088,
100,5.1,"    ","P",398.368,
100,5.2,"    ","P",5.360,
100,5.3,"    ","P",134.614,
100,6.0,"    ","P",20.227,
100,7.0,"    ","P",11.476,
100,7.1,"    ","P",1.040,
100,7.2,"    ","P",0.925,
100,7.3,"    ","P",0.219,
100,7.4,"    ","P",17.230,
100,8.0,"    ","P",49.391,
100,8.1,"    ","P",14.584,
100,8.2,"    ","P",4.649,
100,8.3,"    ","P",75.827,
100,8.4,"    ","P",0.018,
100,8.5,"    ","P",0.000,
100,9.0,"    ","P",6.108,
100,10.0,"    ","P",599.631,
100,10.1,"    ","P",471.570,
100,10.2,"    ","P",128.061,
100,11.0,"    ","P",23.981,
100,12.0,"    ","P",1.000,
100,13.0,"    ","P",1.230,
100,13.1,"    ","P",0.950,
100,13.2,"    ","P",0.600,
100,14.0,"    ","P",0.513,
130,1,"06/27/2019  01:05:43","0","P",,,1,1,0,
100,1.0,"    ","P",-0.544,
100,1.1,"    ","P",1.401,
100,1.2,"    ","P",-0.710,
100,1.3,"    ","P",-0.018,
100,1.4,"    ","P",-0.658,
100,1.5,"    ","P",-0.022,
100,1.6,"    ","P",-0.697,
100,1.7,"    ","P",0.023,
100,1.8,"    ","P",-0.662,
100,1.9,"    ","P",-0.015,
100,2.0,"    ","P",0.296,
100,3.0,"    ","P",1.675,
100,3.1,"    ","P",1.657,
100,3.2,"    ","P",1.722,
100,3.3,"    ","P",1.759,
100,3.4,"    ","P",2.381,
100,4.0,"    ","P",12.253,
100,4.1,"    ","P",542.081,
100,4.2,"    ","P",8.193,
100,4.3,"    ","P",4.061,
100,4.4,"    ","P",7.863,
100,5.0,"    ","P",399.461,
100,5.1,"    ","P",397.601,
100,5.2,"    ","P",5.451,
100,5.3,"    ","P",138.113,
100,6.0,"    ","P",20.255,
100,7.0,"    ","P",11.476,
100,7.1,"    ","P",1.045,
100,7.2,"    ","P",0.930,
100,7.3,"    ","P",0.223,
100,7.4,"    ","P",17.350,
100,8.0,"    ","P",48.894,
100,8.1,"    ","P",15.036,
100,8.2,"    ","P",4.303,
100,8.3,"    ","P",77.750,
100,8.4,"    ","P",0.025,
100,8.5,"    ","P",0.000,
100,9.0,"    ","P",6.108,
100,10.0,"    ","P",609.626,
100,10.1,"    ","P",459.701,
100,10.2,"    ","P",149.925,
100,11.0,"    ","P",24.108,
100,12.0,"    ","P",1.000,
100,13.0,"    ","P",1.229,
100,13.1,"    ","P",0.950,
100,13.2,"    ","P",0.600,
100,14.0,"    ","P",0.513,
130,1,"06/27/2019  01:05:45","0","P",,,1,1,0,
100,1.0,"    ","P",-0.544,
100,1.1,"    ","P",1.376,
100,1.2,"    ","P",-0.710,
100,1.3,"    ","P",-0.020,
100,1.4,"    ","P",-0.659,
100,1.5,"    ","P",0.006,
100,1.6,"    ","P",-0.698,
100,1.7,"    ","P",-0.020,
100,1.8,"    ","P",-0.662,
100,1.9,"    ","P",0.045,
100,2.0,"    ","P",0.296,
100,3.0,"    ","P",1.652,
100,3.1,"    ","P",1.634,
100,3.2,"    ","P",1.699,
100,3.3,"    ","P",1.734,
100,3.4,"    ","P",2.380,
100,4.0,"    ","P",12.264,
100,4.1,"    ","P",529.719,
100,4.2,"    ","P",8.161,
100,4.3,"    ","P",4.104,
100,4.4,"    ","P",6.808,
100,5.0,"    ","P",404.070,
100,5.1,"    ","P",402.436,
100,5.2,"    ","P",5.270,
100,5.3,"    ","P",138.175,
100,6.0,"    ","P",20.251,
100,7.0,"    ","P",11.632,
100,7.1,"    ","P",1.035,
100,7.2,"    ","P",0.918,
100,7.3,"    ","P",0.197,
100,7.4,"    ","P",17.744,
100,8.0,"    ","P",51.143,
100,8.1,"    ","P",14.311,
100,8.2,"    ","P",4.276,
100,8.3,"    ","P",76.995,
100,8.4,"    ","P",0.002,
100,8.5,"    ","P",0.000,
100,9.0,"    ","P",6.088,
100,10.0,"    ","P",613.999,
100,10.1,"    ","P",473.444,
100,10.2,"    ","P",140.554,
100,11.0,"    ","P",24.108,
100,12.0,"    ","P",1.000,
100,13.0,"    ","P",1.245,
100,13.1,"    ","P",0.950,
100,13.2,"    ","P",0.600,
100,14.0,"    ","P",0.515,
130,1,"06/27/2019  01:05:46","0","P",,,1,1,0,
100,1.0,"    ","P",-0.544,
100,1.1,"    ","P",1.413,
100,1.2,"    ","P",-0.710,
100,1.3,"    ","P",-0.018,
100,1.4,"    ","P",-0.658,
100,1.5,"    ","P",0.025,
100,1.6,"    ","P",-0.698,
100,1.7,"    ","P",0.048,
100,1.8,"    ","P",-0.661,
100,1.9,"    ","P",0.004,
100,2.0,"    ","P",0.295,
100,3.0,"    ","P",1.671,
100,3.1,"    ","P",1.654,
100,3.2,"    ","P",1.719,
100,3.3,"    ","P",1.752,
100,3.4,"    ","P",2.392,
100,4.0,"    ","P",12.365,
100,4.1,"    ","P",539.791,
100,4.2,"    ","P",8.223,
100,4.3,"    ","P",4.142,
100,4.4,"    ","P",8.735,
100,5.0,"    ","P",397.987,
100,5.1,"    ","P",396.229,
100,5.2,"    ","P",5.075,
100,5.3,"    ","P",137.675,
100,6.0,"    ","P",20.250,
100,7.0,"    ","P",11.382,
100,7.1,"    ","P",1.022,
100,7.2,"    ","P",0.903,
100,7.3,"    ","P",0.228,
100,7.4,"    ","P",17.333,
100,8.0,"    ","P",48.844,
100,8.1,"    ","P",15.023,
100,8.2,"    ","P",4.442,
100,8.3,"    ","P",77.180,
100,8.4,"    ","P",0.002,
100,8.5,"    ","P",0.000,
100,9.0,"    ","P",6.113,
100,10.0,"    ","P",611.188,
100,10.1,"    ","P",467.822,
100,10.2,"    ","P",143.366,
100,11.0,"    ","P",24.410,
100,12.0,"    ","P",1.000,
100,13.0,"    ","P",1.244,
100,13.1,"    ","P",0.950,
100,13.2,"    ","P",0.600,
100,14.0,"    ","P",0.513,
130,1,"06/27/2019  01:05:47","0","P",,,1,1,0,
100,1.0,"    ","P",-0.543,
100,1.1,"    ","P",1.382,
100,1.2,"    ","P",-0.709,
100,1.3,"    ","P",-0.017,
100,1.4,"    ","P",-0.658,
100,1.5,"    ","P",-0.028,
100,1.6,"    ","P",-0.697,
100,1.7,"    ","P",0.017,
100,1.8,"    ","P",-0.661,
100,1.9,"    ","P",0.020,
100,2.0,"    ","P",0.296,
100,3.0,"    ","P",1.657,
100,3.1,"    ","P",1.639,
100,3.2,"    ","P",1.704,
100,3.3,"    ","P",1.735,
100,3.4,"    ","P",2.372,
100,4.0,"    ","P",12.253,
100,4.1,"    ","P",539.333,
100,4.2,"    ","P",8.203,
100,4.3,"    ","P",4.051,
100,4.4,"    ","P",7.835,
100,5.0,"    ","P",400.935,
100,5.1,"    ","P",399.019,
100,5.2,"    ","P",5.275,
100,5.3,"    ","P",133.740,
100,6.0,"    ","P",20.240,
100,7.0,"    ","P",11.288,
100,7.1,"    ","P",1.060,
100,7.2,"    ","P",0.947,
100,7.3,"    ","P",0.200,
100,7.4,"    ","P",17.744,
100,8.0,"    ","P",50.569,
100,8.1,"    ","P",14.299,
100,8.2,"    ","P",4.390,
100,8.3,"    ","P",76.509,
100,8.4,"    ","P",0.058,
100,8.5,"    ","P",0.000,
100,9.0,"    ","P",6.083,
100,10.0,"    ","P",605.565,
100,10.1,"    ","P",459.077,
100,10.2,"    ","P",146.489,
100,11.0,"    ","P",24.187,
100,12.0,"    ","P",1.000,
100,13.0,"    ","P",1.232,
100,13.1,"    ","P",0.950,
100,13.2,"    ","P",0.600,
100,14.0,"    ","P",0.512,
130,1,"06/27/2019  01:05:49","0","P",,,1,1,0,
100,1.0,"    ","P",-0.544,
100,1.1,"    ","P",1.398,
100,1.2,"    ","P",-0.710,
100,1.3,"    ","P",-0.018,
100,1.4,"    ","P",-0.658,
100,1.5,"    ","P",0.025,
100,1.6,"    ","P",-0.694,
100,1.7,"    ","P",-0.011,
100,1.8,"    ","P",-0.661,
100,1.9,"    ","P",0.007,
100,2.0,"    ","P",0.296,
100,3.0,"    ","P",1.662,
100,3.1,"    ","P",1.645,
100,3.2,"    ","P",1.708,
100,3.3,"    ","P",1.737,
100,3.4,"    ","P",2.394,
100,4.0,"    ","P",12.304,
100,4.1,"    ","P",540.326,
100,4.2,"    ","P",8.216,
100,4.3,"    ","P",4.087,
100,4.4,"    ","P",6.413,
100,5.0,"    ","P",403.788,
100,5.1,"    ","P",401.938,
100,5.2,"    ","P",5.299,
100,5.3,"    ","P",135.489,
100,6.0,"    ","P",20.254,
100,7.0,"    ","P",11.538,
100,7.1,"    ","P",1.042,
100,7.2,"    ","P",0.926,
100,7.3,"    ","P",0.210,
100,7.4,"    ","P",17.145,
100,8.0,"    ","P",49.955,
100,8.1,"    ","P",14.751,
100,8.2,"    ","P",4.228,
100,8.3,"    ","P",77.722,
100,8.4,"    ","P",0.014,
100,8.5,"    ","P",0.000,
100,9.0,"    ","P",6.103,
100,10.0,"    ","P",608.689,
100,10.1,"    ","P",475.943,
100,10.2,"    ","P",132.746,
100,11.0,"    ","P",24.178,
100,12.0,"    ","P",1.000,
100,13.0,"    ","P",1.247,
100,13.1,"    ","P",0.950,
100,13.2,"    ","P",0.600,
100,14.0,"    ","P",0.513,
130,1,"06/27/2019  01:05:50","0","P",,,1,1,0,
100,1.0,"    ","P",-0.544,
100,1.1,"    ","P",1.391,
100,1.2,"    ","P",-0.710,
100,1.3,"    ","P",-0.022,
100,1.4,"    ","P",-0.658,
100,1.5,"    ","P",-0.031,
100,1.6,"    ","P",-0.694,
100,1.7,"    ","P",0.017,
100,1.8,"    ","P",-0.662,
100,1.9,"    ","P",0.048,
100,2.0,"    ","P",0.296,
100,3.0,"    ","P",1.622,
100,3.1,"    ","P",1.605,
100,3.2,"    ","P",1.669,
100,3.3,"    ","P",1.698,
100,3.4,"    ","P",2.338,
100,4.0,"    ","P",12.285,
100,4.1,"    ","P",521.172,
100,4.2,"    ","P",8.213,
100,4.3,"    ","P",4.072,
100,4.4,"    ","P",9.001,
100,5.0,"    ","P",398.301,
100,5.1,"    ","P",396.514,
100,5.2,"    ","P",5.089,
100,5.3,"    ","P",135.583,
100,6.0,"    ","P",20.234,
100,7.0,"    ","P",11.632,
100,7.1,"    ","P",1.040,
100,7.2,"    ","P",0.925,
100,7.3,"    ","P",0.211,
100,7.4,"    ","P",17.539,
100,8.0,"    ","P",49.815,
100,8.1,"    ","P",14.769,
100,8.2,"    ","P",4.302,
100,8.3,"    ","P",77.443,
100,8.4,"    ","P",0.016,
100,8.5,"    ","P",0.000,
100,9.0,"    ","P",6.108,
100,10.0,"    ","P",604.628,
100,10.1,"    ","P",460.638,
100,10.2,"    ","P",143.990,
100,11.0,"    ","P",24.157,
100,12.0,"    ","P",1.000,
100,13.0,"    ","P",1.219,
100,13.1,"    ","P",0.950,
100,13.2,"    ","P",0.600,
100,14.0,"    ","P",0.516,
130,1,"06/27/2019  01:05:52","0","P",,,1,1,0,
100,1.0,"    ","P",-0.544,
100,1.1,"    ","P",1.410,
100,1.2,"    ","P",-0.708,
100,1.3,"    ","P",-0.016,
100,1.4,"    ","P",-0.658,
100,1.5,"    ","P",-0.003,
100,1.6,"    ","P",-0.696,
100,1.7,"    ","P",0.039,
100,1.8,"    ","P",-0.661,
100,1.9,"    ","P",-0.018,
100,2.0,"    ","P",0.296,
100,3.0,"    ","P",1.647,
100,3.1,"    ","P",1.629,
100,3.2,"    ","P",1.692,
100,3.3,"    ","P",1.725,
100,3.4,"    ","P",2.358,
100,4.0,"    ","P",12.275,
100,4.1,"    ","P",533.534,
100,4.2,"    ","P",8.211,
100,4.3,"    ","P",4.064,
100,4.4,"    ","P",6.156,
100,5.0,"    ","P",398.803,
100,5.1,"    ","P",396.981,
100,5.2,"    ","P",5.383,
100,5.3,"    ","P",134.021,
100,6.0,"    ","P",20.239,
100,7.0,"    ","P",11.413,
100,7.1,"    ","P",1.068,
100,7.2,"    ","P",0.959,
100,7.3,"    ","P",0.214,
100,7.4,"    ","P",18.139,
100,8.0,"    ","P",49.409,
100,8.1,"    ","P",14.763,
100,8.2,"    ","P",4.378,
100,8.3,"    ","P",77.129,
100,8.4,"    ","P",0.008,
100,8.5,"    ","P",0.000,
100,9.0,"    ","P",6.113,
100,10.0,"    ","P",602.442,
100,10.1,"    ","P",466.885,
100,10.2,"    ","P",135.557,
100,11.0,"    ","P",24.133,
100,12.0,"    ","P",1.000,
100,13.0,"    ","P",1.231,
100,13.1,"    ","P",0.950,
100,13.2,"    ","P",0.600,
100,14.0,"    ","P",0.513,
130,1,"06/27/2019  01:05:53","0","P",,,1,1,0,
100,1.0,"    ","P",-0.544,
100,1.1,"    ","P",1.407,
100,1.2,"    ","P",-0.707,
100,1.3,"    ","P",-0.017,
100,1.4,"    ","P",-0.658,
100,1.5,"    ","P",-0.009,
100,1.6,"    ","P",-0.696,
100,1.7,"    ","P",0.001,
100,1.8,"    ","P",-0.661,
100,1.9,"    ","P",-0.002,
100,2.0,"    ","P",0.296,
100,3.0,"    ","P",1.647,
100,3.1,"    ","P",1.629,
100,3.2,"    ","P",1.693,
100,3.3,"    ","P",1.725,
100,3.4,"    ","P",2.363,
100,4.0,"    ","P",12.330,
100,4.1,"    ","P",536.968,
100,4.2,"    ","P",8.223,
100,4.3,"    ","P",4.107,
100,4.4,"    ","P",7.138,
100,5.0,"    ","P",398.332,
100,5.1,"    ","P",396.642,
100,5.2,"    ","P",5.203,
100,5.3,"    ","P",134.490,
100,6.0,"    ","P",20.244,
100,7.0,"    ","P",11.444,
100,7.1,"    ","P",1.073,
100,7.2,"    ","P",0.962,
100,7.3,"    ","P",0.220,
100,7.4,"    ","P",17.642,
100,8.0,"    ","P",49.104,
100,8.1,"    ","P",14.839,
100,8.2,"    ","P",4.445,
100,8.3,"    ","P",76.948,
100,8.4,"    ","P",0.011,
100,8.5,"    ","P",0.000,
100,9.0,"    ","P",6.123,
100,10.0,"    ","P",606.815,
100,10.1,"    ","P",472.195,
100,10.2,"    ","P",134.620,
100,11.0,"    ","P",24.260,
100,12.0,"    ","P",1.000,
100,13.0,"    ","P",1.228,
100,13.1,"    ","P",0.950,
100,13.2,"    ","P",0.600,
100,14.0,"    ","P",0.515,
130,1,"06/27/2019  01:05:54","0","P",,,1,1,0,
100,1.0,"    ","P",-0.543,
100,1.1,"    ","P",1.385,
100,1.2,"    ","P",-0.709,
100,1.3,"    ","P",-0.016,
100,1.4,"    ","P",-0.658,
100,1.5,"    ","P",-0.006,
100,1.6,"    ","P",-0.697,
100,1.7,"    ","P",0.008,
100,1.8,"    ","P",-0.661,
100,1.9,"    ","P",-0.005,
100,2.0,"    ","P",0.296,
100,3.0,"    ","P",1.654,
100,3.1,"    ","P",1.636,
100,3.2,"    ","P",1.700,
100,3.3,"    ","P",1.731,
100,3.4,"    ","P",2.381,
100,4.0,"    ","P",12.233,
100,4.1,"    ","P",528.498,
100,4.2,"    ","P",8.133,
100,4.3,"    ","P",4.101,
100,4.4,"    ","P",7.037,
100,5.0,"    ","P",399.775,
100,5.1,"    ","P",397.895,
100,5.2,"    ","P",5.167,
100,5.3,"    ","P",133.396,
100,6.0,"    ","P",20.259,
100,7.0,"    ","P",11.444,
100,7.1,"    ","P",1.099,
100,7.2,"    ","P",0.984,
100,7.3,"    ","P",0.201,
100,7.4,"    ","P",18.036,
100,8.0,"    ","P",50.647,
100,8.1,"    ","P",14.387,
100,8.2,"    ","P",4.349,
100,8.3,"    ","P",76.789,
100,8.4,"    ","P",0.009,
100,8.5,"    ","P",0.000,
100,9.0,"    ","P",6.083,
100,10.0,"    ","P",599.006,
100,10.1,"    ","P",460.014,
100,10.2,"    ","P",138.993,
100,11.0,"    ","P",24.004,
100,12.0,"    ","P",1.000,
100,13.0,"    ","P",1.227,
100,13.1,"    ","P",0.950,
100,13.2,"    ","P",0.600,
100,14.0,"    ","P",0.515,
130,1,"06/27/2019  01:05:56","0","P",,,1,1,0,
100,1.0,"    ","P",-0.543,
100,1.1,"    ","P",1.407,
100,1.2,"    ","P",-0.709,
100,1.3,"    ","P",-0.016,
100,1.4,"    ","P",-0.658,
100,1.5,"    ","P",0.035,
100,1.6,"    ","P",-0.696,
100,1.7,"    ","P",0.045,
100,1.8,"    ","P",-0.661,
100,1.9,"    ","P",0.029,
100,2.0,"    ","P",0.295,
100,3.0,"    ","P",1.678,
100,3.1,"    ","P",1.661,
100,3.2,"    ","P",1.725,
100,3.3,"    ","P",1.757,
100,3.4,"    ","P",2.392,
100,4.0,"    ","P",12.244,
100,4.1,"    ","P",540.173,
100,4.2,"    ","P",8.192,
100,4.3,"    ","P",4.052,
100,4.4,"    ","P",6.505,
100,5.0,"    ","P",410.215,
100,5.1,"    ","P",408.446,
100,5.2,"    ","P",5.390,
100,5.3,"    ","P",133.834,
100,6.0,"    ","P",20.250,
100,7.0,"    ","P",11.382,
100,7.1,"    ","P",1.125,
100,7.2,"    ","P",1.013,
100,7.3,"    ","P",0.203,
100,7.4,"    ","P",17.744,
100,8.0,"    ","P",50.514,
100,8.1,"    ","P",14.350,
100,8.2,"    ","P",4.453,
100,8.3,"    ","P",76.318,
100,8.4,"    ","P",0.009,
100,8.5,"    ","P",0.000,
100,9.0,"    ","P",6.113,
100,10.0,"    ","P",610.875,
100,10.1,"    ","P",473.444,
100,10.2,"    ","P",137.431,
100,11.0,"    ","P",24.156,
100,12.0,"    ","P",1.000,
100,13.0,"    ","P",1.247,
100,13.1,"    ","P",0.950,
100,13.2,"    ","P",0.600,
100,14.0,"    ","P",0.512,
130,1,"06/27/2019  01:05:57","0","P",,,1,1,0,
100,1.0,"    ","P",-0.543,
100,1.1,"    ","P",1.438,
100,1.2,"    ","P",-0.709,
100,1.3,"    ","P",-0.021,
100,1.4,"    ","P",-0.658,
100,1.5,"    ","P",0.010,
100,1.6,"    ","P",-0.695,
100,1.7,"    ","P",-0.008,
100,1.8,"    ","P",-0.661,
100,1.9,"    ","P",0.023,
100,2.0,"    ","P",0.295,
100,3.0,"    ","P",1.662,
100,3.1,"    ","P",1.645,
100,3.2,"    ","P",1.709,
100,3.3,"    ","P",1.741,
100,3.4,"    ","P",2.362,
100,4.0,"    ","P",12.263,
100,4.1,"    ","P",529.413,
100,4.2,"    ","P",8.173,
100,4.3,"    ","P",4.090,
100,4.4,"    ","P",7.670,
100,5.0,"    ","P",406.139,
100,5.1,"    ","P",404.469,
100,5.2,"    ","P",5.381,
100,5.3,"    ","P",133.740,
100,6.0,"    ","P",20.265,
100,7.0,"    ","P",11.413,
100,7.1,"    ","P",1.110,
100,7.2,"    ","P",0.998,
100,7.3,"    ","P",0.194,
100,7.4,"    ","P",17.830,
100,8.0,"    ","P",50.893,
100,8.1,"    ","P",14.077,
100,8.2,"    ","P",4.435,
100,8.3,"    ","P",76.041,
100,8.4,"    ","P",0.006,
100,8.5,"    ","P",0.000,
100,9.0,"    ","P",6.088,
100,10.0,"    ","P",604.628,
100,10.1,"    ","P",468.759,
100,10.2,"    ","P",135.869,
100,11.0,"    ","P",24.065,
100,12.0,"    ","P",1.000,
100,13.0,"    ","P",1.240,
100,13.1,"    ","P",0.950,
100,13.2,"    ","P",0.600,
100,14.0,"    ","P",0.513,
130,1,"06/27/2019  01:05:59","0","P",,,1,1,0,
100,1.0,"    ","P",-0.544,
100,1.1,"    ","P",1.388,
100,1.2,"    ","P",-0.709,
100,1.3,"    ","P",-0.016,
100,1.4,"    ","P",-0.658,
100,1.5,"    ","P",0.000,
100,1.6,"    ","P",-0.694,
100,1.7,"    ","P",-0.020,
100,1.8,"    ","P",-0.661,
100,1.9,"    ","P",-0.002,
100,2.0,"    ","P",0.295,
100,3.0,"    ","P",1.659,
100,3.1,"    ","P",1.641,
100,3.2,"    ","P",1.705,
100,3.3,"    ","P",1.736,
100,3.4,"    ","P",2.362,
100,4.0,"    ","P",12.205,
100,4.1,"    ","P",523.766,
100,4.2,"    ","P",8.161,
100,4.3,"    ","P",4.044,
100,4.4,"    ","P",6.918,
100,5.0,"    ","P",412.535,
100,5.1,"    ","P",411.077,
100,5.2,"    ","P",5.489,
100,5.3,"    ","P",136.020,
100,6.0,"    ","P",20.264,
100,7.0,"    ","P",11.444,
100,7.1,"    ","P",1.045,
100,7.2,"    ","P",0.930,
100,7.3,"    ","P",0.211,
100,7.4,"    ","P",17.007,
100,8.0,"    ","P",49.875,
100,8.1,"    ","P",14.643,
100,8.2,"    ","P",4.415,
100,8.3,"    ","P",76.834,
100,8.4,"    ","P",0.012,
100,8.5,"    ","P",0.000,
100,9.0,"    ","P",6.098,
100,10.0,"    ","P",602.130,
100,10.1,"    ","P",471.258,
100,10.2,"    ","P",130.872,
100,11.0,"    ","P",24.000,
100,12.0,"    ","P",1.000,
100,13.0,"    ","P",1.259,
100,13.1,"    ","P",0.950,
100,13.2,"    ","P",0.600,
100,14.0,"    ","P",0.513,
130,1,"06/27/2019  01:06:00","0","P",,,1,1,0,
100,1.0,"    ","P",-0.544,
100,1.1,"    ","P",1.398,
100,1.2,"    ","P",-0.709,
100,1.3,"    ","P",-0.023,
100,1.4,"    ","P",-0.658,
100,1.5,"    ","P",-0.022,
100,1.6,"    ","P",-0.694,
100,1.7,"    ","P",0.008,
100,1.8,"    ","P",-0.661,
100,1.9,"    ","P",-0.021,
100,2.0,"    ","P",0.295,
100,3.0,"    ","P",1.681,
100,3.1,"    ","P",1.665,
100,3.2,"    ","P",1.727,
100,3.3,"    ","P",1.758,
100,3.4,"    ","P",2.390,
100,4.0,"    ","P",12.224,
100,4.1,"    ","P",543.225,
100,4.2,"    ","P",8.153,
100,4.3,"    ","P",4.071,
100,4.4,"    ","P",8.698,
100,5.0,"    ","P",417.207,
100,5.1,"    ","P",415.571,
100,5.2,"    ","P",5.100,
100,5.3,"    ","P",136.082,
100,6.0,"    ","P",20.249,
100,7.0,"    ","P",11.476,
100,7.1,"    ","P",1.056,
100,7.2,"    ","P",0.941,
100,7.3,"    ","P",0.209,
100,7.4,"    ","P",17.727,
100,8.0,"    ","P",49.861,
100,8.1,"    ","P",14.538,
100,8.2,"    ","P",4.444,
100,8.3,"    ","P",76.590,
100,8.4,"    ","P",0.011,
100,8.5,"    ","P",0.000,
100,9.0,"    ","P",6.108,
100,10.0,"    ","P",597.445,
100,10.1,"    ","P",458.764,
100,10.2,"    ","P",138.680,
100,11.0,"    ","P",24.026,
100,12.0,"    ","P",1.000,
100,13.0,"    ","P",1.271,
100,13.1,"    ","P",0.950,
100,13.2,"    ","P",0.600,
100,14.0,"    ","P",0.515,
130,1,"06/27/2019  01:06:02","0","P",,,1,1,0,
100,1.0,"    ","P",-0.544,
100,1.1,"    ","P",1.391,
100,1.2,"    ","P",-0.707,
100,1.3,"    ","P",-0.022,
100,1.4,"    ","P",-0.658,
100,1.5,"    ","P",-0.016,
100,1.6,"    ","P",-0.697,
100,1.7,"    ","P",0.008,
100,1.8,"    ","P",-0.661,
100,1.9,"    ","P",0.026,
100,2.0,"    ","P",0.295,
100,3.0,"    ","P",1.662,
100,3.1,"    ","P",1.645,
100,3.2,"    ","P",1.709,
100,3.3,"    ","P",1.742,
100,3.4,"    ","P",2.378,
100,4.0,"    ","P",12.204,
100,4.1,"    ","P",539.944,
100,4.2,"    ","P",8.143,
100,4.3,"    ","P",4.061,
100,4.4,"    ","P",9.166,
100,5.0,"    ","P",404.854,
100,5.1,"    ","P",403.157,
100,5.2,"    ","P",5.320,
100,5.3,"    ","P",134.552,
100,6.0,"    ","P",20.247,
100,7.0,"    ","P",11.476,
100,7.1,"    ","P",1.055,
100,7.2,"    ","P",0.943,
100,7.3,"    ","P",0.209,
100,7.4,"    ","P",17.744,
100,8.0,"    ","P",49.945,
100,8.1,"    ","P",14.446,
100,8.2,"    ","P",4.556,
100,8.3,"    ","P",76.023,
100,8.4,"    ","P",0.003,
100,8.5,"    ","P",0.000,
100,9.0,"    ","P",6.083,
100,10.0,"    ","P",604.628,
100,10.1,"    ","P",467.510,
100,10.2,"    ","P",137.119,
100,11.0,"    ","P",23.945,
100,12.0,"    ","P",1.000,
100,13.0,"    ","P",1.244,
100,13.1,"    ","P",0.950,
100,13.2,"    ","P",0.600,
100,14.0,"    ","P",0.512,
130,1,"06/27/2019  01:06:03","0","P",,,1,1,0,
100,1.0,"    ","P",-0.543,
100,1.1,"    ","P",1.401,
100,1.2,"    ","P",-0.707,
100,1.3,"    ","P",-0.016,
100,1.4,"    ","P",-0.658,
100,1.5,"    ","P",0.013,
100,1.6,"    ","P",-0.697,
100,1.7,"    ","P",0.001,
100,1.8,"    ","P",-0.661,
100,1.9,"    ","P",0.026,
100,2.0,"    ","P",0.295,
100,3.0,"    ","P",1.658,
100,3.1,"    ","P",1.640,
100,3.2,"    ","P",1.705,
100,3.3,"    ","P",1.740,
100,3.4,"    ","P",2.366,
100,4.0,"    ","P",12.293,
100,4.1,"    ","P",540.020,
100,4.2,"    ","P",8.208,
100,4.3,"    ","P",4.086,
100,4.4,"    ","P",7.579,
100,5.0,"    ","P",404.540,
100,5.1,"    ","P",403.028,
100,5.2,"    ","P",5.099,
100,5.3,"    ","P",133.428,
100,6.0,"    ","P",20.251,
100,7.0,"    ","P",11.476,
100,7.1,"    ","P",1.077,
100,7.2,"    ","P",0.965,
100,7.3,"    ","P",0.221,
100,7.4,"    ","P",17.933,
100,8.0,"    ","P",48.937,
100,8.1,"    ","P",14.756,
100,8.2,"    ","P",4.546,
100,8.3,"    ","P",76.447,
100,8.4,"    ","P",0.007,
100,8.5,"    ","P",0.000,
100,9.0,"    ","P",6.108,
100,10.0,"    ","P",607.440,
100,10.1,"    ","P",467.510,
100,10.2,"    ","P",139.930,
100,11.0,"    ","P",24.228,
100,12.0,"    ","P",1.000,
100,13.0,"    ","P",1.245,
100,13.1,"    ","P",0.950,
100,13.2,"    ","P",0.600,
100,14.0,"    ","P",0.512,
130,1,"06/27/2019  01:06:04","0","P",,,1,1,0,
100,1.0,"    ","P",-0.544,
100,1.1,"    ","P",1.360,
100,1.2,"    ","P",-0.709,
100,1.3,"    ","P",-0.021,
100,1.4,"    ","P",-0.658,
100,1.5,"    ","P",-0.009,
100,1.6,"    ","P",-0.694,
100,1.7,"    ","P",0.005,
100,1.8,"    ","P",-0.661,
100,1.9,"    ","P",0.011,
100,2.0,"    ","P",0.294,
100,3.0,"    ","P",1.661,
100,3.1,"    ","P",1.643,
100,3.2,"    ","P",1.708,
100,3.3,"    ","P",1.737,
100,3.4,"    ","P",2.373,
100,4.0,"    ","P",12.143,
100,4.1,"    ","P",532.542,
100,4.2,"    ","P",8.109,
100,4.3,"    ","P",4.034,
100,4.4,"    ","P",9.184,
100,5.0,"    ","P",410.842,
100,5.1,"    ","P",408.997,
100,5.2,"    ","P",5.312,
100,5.3,"    ","P",134.802,
100,6.0,"    ","P",20.258,
100,7.0,"    ","P",11.570,
100,7.1,"    ","P",1.069,
100,7.2,"    ","P",0.954,
100,7.3,"    ","P",0.204,
100,7.4,"    ","P",17.230,
100,8.0,"    ","P",50.480,
100,8.1,"    ","P",14.388,
100,8.2,"    ","P",4.403,
100,8.3,"    ","P",76.568,
100,8.4,"    ","P",0.019,
100,8.5,"    ","P",0.000,
100,9.0,"    ","P",6.053,
100,10.0,"    ","P",596.507,
100,10.1,"    ","P",466.885,
100,10.2,"    ","P",129.622,
100,11.0,"    ","P",23.845,
100,12.0,"    ","P",1.000,
100,13.0,"    ","P",1.260,
100,13.1,"    ","P",0.950,
100,13.2,"    ","P",0.600,
100,14.0,"    ","P",0.512,
130,1,"06/27/2019  01:06:06","0","P",,,1,1,0,
100,1.0,"    ","P",-0.543,
100,1.1,"    ","P",1.388,
100,1.2,"    ","P",-0.709,
100,1.3,"    ","P",-0.025,
100,1.4,"    ","P",-0.658,
100,1.5,"    ","P",-0.003,
100,1.6,"    ","P",-0.693,
100,1.7,"    ","P",0.020,
100,1.8,"    ","P",-0.661,
100,1.9,"    ","P",-0.002,
100,2.0,"    ","P",0.294,
100,3.0,"    ","P",1.674,
100,3.1,"    ","P",1.657,
100,3.2,"    ","P",1.720,
100,3.3,"    ","P",1.754,
100,3.4,"    ","P",2.401,
100,4.0,"    ","P",12.274,
100,4.1,"    ","P",535.442,
100,4.2,"    ","P",8.204,
100,4.3,"    ","P",4.070,
100,4.4,"    ","P",6.120,
100,5.0,"    ","P",412.096,
100,5.1,"    ","P",410.463,
100,5.2,"    ","P",5.320,
100,5.3,"    ","P",135.333,
100,6.0,"    ","P",20.271,
100,7.0,"    ","P",11.319,
100,7.1,"    ","P",1.068,
100,7.2,"    ","P",0.952,
100,7.3,"    ","P",0.223,
100,7.4,"    ","P",17.350,
100,8.0,"    ","P",49.168,
100,8.1,"    ","P",14.895,
100,8.2,"    ","P",4.469,
100,8.3,"    ","P",76.921,
100,8.4,"    ","P",0.015,
100,8.5,"    ","P",0.000,
100,9.0,"    ","P",6.093,
100,10.0,"    ","P",602.130,
100,10.1,"    ","P",470.633,
100,10.2,"    ","P",131.496,
100,11.0,"    ","P",24.108,
100,12.0,"    ","P",1.000,
100,13.0,"    ","P",1.272,
100,13.1,"    ","P",0.950,
100,13.2,"    ","P",0.600,
100,14.0,"    ","P",0.513,
130,1,"06/27/2019  01:06:07","0","P",,,1,1,0,
100,1.0,"    ","P",-0.543,
100,1.1,"    ","P",1.379,
100,1.2,"    ","P",-0.709,
100,1.3,"    ","P",-0.020,
100,1.4,"    ","P",-0.658,
100,1.5,"    ","P",-0.022,
100,1.6,"    ","P",-0.693,
100,1.7,"    ","P",-0.005,
100,1.8,"    ","P",-0.661,
100,1.9,"    ","P",0.014,
100,2.0,"    ","P",0.295,
100,3.0,"    ","P",1.647,
100,3.1,"    ","P",1.630,
100,3.2,"    ","P",1.694,
100,3.3,"    ","P",1.722,
100,3.4,"    ","P",2.355,
100,4.0,"    ","P",12.235,
100,4.1,"    ","P",530.482,
100,4.2,"    ","P",8.143,
100,4.3,"    ","P",4.092,
100,4.4,"    ","P",7.001,
100,5.0,"    ","P",406.014,
100,5.1,"    ","P",404.165,
100,5.2,"    ","P",5.296,
100,5.3,"    ","P",135.208,
100,6.0,"    ","P",20.250,
100,7.0,"    ","P",11.194,
100,7.1,"    ","P",1.063,
100,7.2,"    ","P",0.952,
100,7.3,"    ","P",0.196,
100,7.4,"    ","P",17.744,
100,8.0,"    ","P",50.918,
100,8.1,"    ","P",14.353,
100,8.2,"    ","P",4.275,
100,8.3,"    ","P",77.052,
100,8.4,"    ","P",0.008,
100,8.5,"    ","P",0.000,
100,9.0,"    ","P",6.073,
100,10.0,"    ","P",594.946,
100,10.1,"    ","P",461.263,
100,10.2,"    ","P",133.683,
100,11.0,"    ","P",23.985,
100,12.0,"    ","P",1.000,
100,13.0,"    ","P",1.259,
100,13.1,"    ","P",0.950,
100,13.2,"    ","P",0.600,
100,14.0,"    ","P",0.513,
130,1,"06/27/2019  01:06:09","0","P",,,1,1,0,
100,1.0,"    ","P",-0.543,
100,1.1,"    ","P",1.410,
100,1.2,"    ","P",-0.708,
100,1.3,"    ","P",-0.016,
100,1.4,"    ","P",-0.658,
100,1.5,"    ","P",-0.003,
100,1.6,"    ","P",-0.696,
100,1.7,"    ","P",0.008,
100,1.8,"    ","P",-0.661,
100,1.9,"    ","P",0.004,
100,2.0,"    ","P",0.295,
100,3.0,"    ","P",1.649,
100,3.1,"    ","P",1.631,
100,3.2,"    ","P",1.695,
100,3.3,"    ","P",1.729,
100,3.4,"    ","P",2.349,
100,4.0,"    ","P",12.294,
100,4.1,"    ","P",529.642,
100,4.2,"    ","P",8.214,
100,4.3,"    ","P",4.080,
100,4.4,"    ","P",8.441,
100,5.0,"    ","P",405.105,
100,5.1,"    ","P",403.564,
100,5.2,"    ","P",5.171,
100,5.3,"    ","P",133.521,
100,6.0,"    ","P",20.257,
100,7.0,"    ","P",11.570,
100,7.1,"    ","P",1.038,
100,7.2,"    ","P",0.924,
100,7.3,"    ","P",0.231,
100,7.4,"    ","P",17.350,
100,8.0,"    ","P",48.324,
100,8.1,"    ","P",15.052,
100,8.2,"    ","P",4.500,
100,8.3,"    ","P",76.984,
100,8.4,"    ","P",0.012,
100,8.5,"    ","P",0.000,
100,9.0,"    ","P",6.108,
100,10.0,"    ","P",604.004,
100,10.1,"    ","P",462.512,
100,10.2,"    ","P",141.491,
100,11.0,"    ","P",24.220,
100,12.0,"    ","P",1.000,
100,13.0,"    ","P",1.233,
100,13.1,"    ","P",0.950,
100,13.2,"    ","P",0.600,
100,14.0,"    ","P",0.512,
130,1,"06/27/2019  01:06:10","0","P",,,1,1,0,
100,1.0,"    ","P",-0.543,
100,1.1,"    ","P",1.360,
100,1.2,"    ","P",-0.708,
100,1.3,"    ","P",-0.018,
100,1.4,"    ","P",-0.658,
100,1.5,"    ","P",0.006,
100,1.6,"    ","P",-0.697,
100,1.7,"    ","P",-0.005,
100,1.8,"    ","P",-0.661,
100,1.9,"    ","P",0.026,
100,2.0,"    ","P",0.295,
100,3.0,"    ","P",1.638,
100,3.1,"    ","P",1.621,
100,3.2,"    ","P",1.684,
100,3.3,"    ","P",1.717,
100,3.4,"    ","P",2.332,
100,4.0,"    ","P",12.214,
100,4.1,"    ","P",526.437,
100,4.2,"    ","P",8.133,
100,4.3,"    ","P",4.081,
100,4.4,"    ","P",7.285,
100,5.0,"    ","P",403.317,
100,5.1,"    ","P",401.509,
100,5.2,"    ","P",5.144,
100,5.3,"    ","P",133.303,
100,6.0,"    ","P",20.244,
100,7.0,"    ","P",11.601,
100,7.1,"    ","P",1.040,
100,7.2,"    ","P",0.926,
100,7.3,"    ","P",0.230,
100,7.4,"    ","P",17.350,
100,8.0,"    ","P",48.567,
100,8.1,"    ","P",14.987,
100,8.2,"    ","P",4.541,
100,8.3,"    ","P",76.745,
100,8.4,"    ","P",0.013,
100,8.5,"    ","P",0.000,
100,9.0,"    ","P",6.063,
100,10.0,"    ","P",596.820,
100,10.1,"    ","P",466.260,
100,10.2,"    ","P",130.559,
100,11.0,"    ","P",24.067,
100,12.0,"    ","P",1.000,
100,13.0,"    ","P",1.234,
100,13.1,"    ","P",0.950,
100,13.2,"    ","P",0.600,
100,14.0,"    ","P",0.513,
130,1,"06/27/2019  01:06:11","0","P",,,1,1,0,
100,1.0,"    ","P",-0.543,
100,1.1,"    ","P",1.376,
100,1.2,"    ","P",-0.708,
100,1.3,"    ","P",-0.018,
100,1.4,"    ","P",-0.658,
100,1.5,"    ","P",-0.016,
100,1.6,"    ","P",-0.693,
100,1.7,"    ","P",0.020,
100,1.8,"    ","P",-0.661,
100,1.9,"    ","P",0.026,
100,2.0,"    ","P",0.294,
100,3.0,"    ","P",1.669,
100,3.1,"    ","P",1.652,
100,3.2,"    ","P",1.715,
100,3.3,"    ","P",1.744,
100,3.4,"    ","P",2.384,
100,4.0,"    ","P",12.244,
100,4.1,"    ","P",529.642,
100,4.2,"    ","P",8.120,
100,4.3,"    ","P",4.124,
100,4.4,"    ","P",6.248,
100,5.0,"    ","P",418.962,
100,5.1,"    ","P",417.212,
100,5.2,"    ","P",5.455,
100,5.3,"    ","P",135.333,
100,6.0,"    ","P",20.253,
100,7.0,"    ","P",11.695,
100,7.1,"    ","P",1.054,
100,7.2,"    ","P",0.940,
100,7.3,"    ","P",0.195,
100,7.4,"    ","P",17.316,
100,8.0,"    ","P",50.738,
100,8.1,"    ","P",14.293,
100,8.2,"    ","P",4.279,
100,8.3,"    ","P",76.961,
100,8.4,"    ","P",0.065,
100,8.5,"    ","P",0.000,
100,9.0,"    ","P",6.102,
100,10.0,"    ","P",602.130,
100,10.1,"    ","P",475.006,
100,10.2,"    ","P",127.124,
100,11.0,"    ","P",23.984,
100,12.0,"    ","P",1.000,
100,13.0,"    ","P",1.281,
100,13.1,"    ","P",0.950,
100,13.2,"    ","P",0.600,
100,14.0,"    ","P",0.513,
130,1,"06/27/2019  01:06:13","0","P",,,1,1,0,
100,1.0,"    ","P",-0.543,
100,1.1,"    ","P",1.382,
100,1.2,"    ","P",-0.707,
100,1.3,"    ","P",-0.020,
100,1.4,"    ","P",-0.658,
100,1.5,"    ","P",-0.006,
100,1.6,"    ","P",-0.693,
100,1.7,"    ","P",0.064,
100,1.8,"    ","P",-0.661,
100,1.9,"    ","P",0.001,
100,2.0,"    ","P",0.294,
100,3.0,"    ","P",1.698,
100,3.1,"    ","P",1.680,
100,3.2,"    ","P",1.743,
100,3.3,"    ","P",1.773,
100,3.4,"    ","P",2.381,
100,4.0,"    ","P",12.264,
100,4.1,"    ","P",543.988,
100,4.2,"    ","P",8.163,
100,4.3,"    ","P",4.100,
100,4.4,"    ","P",5.872,
100,5.0,"    ","P",422.066,
100,5.1,"    ","P",420.200,
100,5.2,"    ","P",5.519,
100,5.3,"    ","P",134.490,
100,6.0,"    ","P",20.250,
100,7.0,"    ","P",11.507,
100,7.1,"    ","P",1.067,
100,7.2,"    ","P",0.949,
100,7.3,"    ","P",0.233,
100,7.4,"    ","P",17.624,
100,8.0,"    ","P",48.431,
100,8.1,"    ","P",15.066,
100,8.2,"    ","P",4.562,
100,8.3,"    ","P",76.759,
100,8.4,"    ","P",0.006,
100,8.5,"    ","P",0.000,
100,9.0,"    ","P",6.103,
100,10.0,"    ","P",608.689,
100,10.1,"    ","P",469.696,
100,10.2,"    ","P",138.993,
100,11.0,"    ","P",24.152,
100,12.0,"    ","P",1.000,
100,13.0,"    ","P",1.282,
100,13.1,"    ","P",0.950,
100,13.2,"    ","P",0.600,
100,14.0,"    ","P",0.511,
130,1,"06/27/2019  01:06:14","0","P",,,1,1,0,
100,1.0,"    ","P",-0.543,
100,1.1,"    ","P",1.335,
100,1.2,"    ","P",-0.708,
100,1.3,"    ","P",-0.019,
100,1.4,"    ","P",-0.657,
100,1.5,"    ","P",0.010,
100,1.6,"    ","P",-0.695,
100,1.7,"    ","P",0.005,
100,1.8,"    ","P",-0.661,
100,1.9,"    ","P",0.029,
100,2.0,"    ","P",0.294,
100,3.0,"    ","P",1.651,
100,3.1,"    ","P",1.634,
100,3.2,"    ","P",1.698,
100,3.3,"    ","P",1.731,
100,3.4,"    ","P",2.351,
100,4.0,"    ","P",12.244,
100,4.1,"    ","P",533.763,
100,4.2,"    ","P",8.173,
100,4.3,"    ","P",4.071,
100,4.4,"    ","P",6.267,
100,5.0,"    ","P",403.976,
100,5.1,"    ","P",402.270,
100,5.2,"    ","P",5.297,
100,5.3,"    ","P",134.896,
100,6.0,"    ","P",20.239,
100,7.0,"    ","P",11.413,
100,7.1,"    ","P",1.106,
100,7.2,"    ","P",0.996,
100,7.3,"    ","P",0.210,
100,7.4,"    ","P",18.224,
100,8.0,"    ","P",49.769,
100,8.1,"    ","P",14.626,
100,8.2,"    ","P",4.392,
100,8.3,"    ","P",76.906,
100,8.4,"    ","P",0.006,
100,8.5,"    ","P",0.000,
100,9.0,"    ","P",6.118,
100,10.0,"    ","P",604.628,
100,10.1,"    ","P",459.077,
100,10.2,"    ","P",145.552,
100,11.0,"    ","P",24.154,
100,12.0,"    ","P",1.000,
100,13.0,"    ","P",1.247,
100,13.1,"    ","P",0.950,
100,13.2,"    ","P",0.600,
100,14.0,"    ","P",0.512,
130,1,"06/27/2019  01:06:16","0","P",,,1,1,0,
100,1.0,"    ","P",-0.543,
100,1.1,"    ","P",1.401,
100,1.2,"    ","P",-0.708,
100,1.3,"    ","P",-0.018,
100,1.4,"    ","P",-0.657,
100,1.5,"    ","P",-0.022,
100,1.6,"    ","P",-0.695,
100,1.7,"    ","P",-0.046,
100,1.8,"    ","P",-0.660,
100,1.9,"    ","P",0.011,
100,2.0,"    ","P",0.294,
100,3.0,"    ","P",1.640,
100,3.1,"    ","P",1.623,
100,3.2,"    ","P",1.688,
100,3.3,"    ","P",1.722,
100,3.4,"    ","P",2.363,
100,4.0,"    ","P",12.254,
100,4.1,"    ","P",531.474,
100,4.2,"    ","P",8.163,
100,4.3,"    ","P",4.090,
100,4.4,"    ","P",7.753,
100,5.0,"    ","P",397.360,
100,5.1,"    ","P",395.524,
100,5.2,"    ","P",5.257,
100,5.3,"    ","P",134.271,
100,6.0,"    ","P",20.249,
100,7.0,"    ","P",11.476,
100,7.1,"    ","P",1.075,
100,7.2,"    ","P",0.961,
100,7.3,"    ","P",0.217,
100,7.4,"    ","P",18.242,
100,8.0,"    ","P",49.429,
100,8.1,"    ","P",14.642,
100,8.2,"    ","P",4.568,
100,8.3,"    ","P",76.222,
100,8.4,"    ","P",0.007,
100,8.5,"    ","P",0.000,
100,9.0,"    ","P",6.093,
100,10.0,"    ","P",601.817,
100,10.1,"    ","P",460.638,
100,10.2,"    ","P",141.179,
100,11.0,"    ","P",24.010,
100,12.0,"    ","P",1.000,
100,13.0,"    ","P",1.212,
100,13.1,"    ","P",0.950,
100,13.2,"    ","P",0.600,
100,14.0,"    ","P",0.512,
130,1,"06/27/2019  01:06:17","0","P",,,1,1,0,
100,1.0,"    ","P",-0.543,
100,1.1,"    ","P",1.410,
100,1.2,"    ","P",-0.708,
100,1.3,"    ","P",-0.018,
100,1.4,"    ","P",-0.658,
100,1.5,"    ","P",-0.037,
100,1.6,"    ","P",-0.695,
100,1.7,"    ","P",-0.011,
100,1.8,"    ","P",-0.660,
100,1.9,"    ","P",0.001,
100,2.0,"    ","P",0.294,
100,3.0,"    ","P",1.656,
100,3.1,"    ","P",1.639,
100,3.2,"    ","P",1.703,
100,3.3,"    ","P",1.739,
100,3.4,"    ","P",2.382,
100,4.0,"    ","P",12.180,
100,4.1,"    ","P",533.763,
100,4.2,"    ","P",8.135,
100,4.3,"    ","P",4.045,
100,4.4,"    ","P",7.946,
100,5.0,"    ","P",398.082,
100,5.1,"    ","P",396.195,
100,5.2,"    ","P",5.234,
100,5.3,"    ","P",134.427,
100,6.0,"    ","P",20.251,
100,7.0,"    ","P",11.570,
100,7.1,"    ","P",1.082,
100,7.2,"    ","P",0.969,
100,7.3,"    ","P",0.199,
100,7.4,"    ","P",17.830,
100,8.0,"    ","P",50.777,
100,8.1,"    ","P",14.288,
100,8.2,"    ","P",4.398,
100,8.3,"    ","P",76.465,
100,8.4,"    ","P",0.012,
100,8.5,"    ","P",0.000,
100,9.0,"    ","P",6.088,
100,10.0,"    ","P",596.820,
100,10.1,"    ","P",458.452,
100,10.2,"    ","P",138.368,
100,11.0,"    ","P",23.930,
100,12.0,"    ","P",1.000,
100,13.0,"    ","P",1.228,
100,13.1,"    ","P",0.950,
100,13.2,"    ","P",0.600,
100,14.0,"    ","P",0.510,
130,1,"06/27/2019  01:06:19","0","P",,,1,1,0,
100,1.0,"    ","P",-0.543,
100,1.1,"    ","P",1.366,
100,1.2,"    ","P",-0.708,
100,1.3,"    ","P",-0.020,
100,1.4,"    ","P",-0.658,
100,1.5,"    ","P",-0.019,
100,1.6,"    ","P",-0.696,
100,1.7,"    ","P",0.001,
100,1.8,"    ","P",-0.661,
100,1.9,"    ","P",0.023,
100,2.0,"    ","P",0.294,
100,3.0,"    ","P",1.672,
100,3.1,"    ","P",1.655,
100,3.2,"    ","P",1.719,
100,3.3,"    ","P",1.755,
100,3.4,"    ","P",2.405,
100,4.0,"    ","P",12.304,
100,4.1,"    ","P",548.262,
100,4.2,"    ","P",8.211,
100,4.3,"    ","P",4.093,
100,4.4,"    ","P",7.386,
100,5.0,"    ","P",403.098,
100,5.1,"    ","P",401.324,
100,5.2,"    ","P",5.544,
100,5.3,"    ","P",137.863,
100,6.0,"    ","P",20.241,
100,7.0,"    ","P",11.444,
100,7.1,"    ","P",1.049,
100,7.2,"    ","P",0.934,
100,7.3,"    ","P",0.200,
100,7.4,"    ","P",17.145,
100,8.0,"    ","P",50.831,
100,8.1,"    ","P",14.388,
100,8.2,"    ","P",4.335,
100,8.3,"    ","P",76.847,
100,8.4,"    ","P",0.000,
100,8.5,"    ","P",0.000,
100,9.0,"    ","P",6.088,
100,10.0,"    ","P",607.752,
100,10.1,"    ","P",466.573,
100,10.2,"    ","P",141.179,
100,11.0,"    ","P",24.218,
100,12.0,"    ","P",1.000,
100,13.0,"    ","P",1.235,
100,13.1,"    ","P",0.950,
100,13.2,"    ","P",0.600,
100,14.0,"    ","P",0.511,
130,1,"06/27/2019  01:06:20","0","P",,,1,1,0,
100,1.0,"    ","P",-0.543,
100,1.1,"    ","P",1.348,
100,1.2,"    ","P",-0.708,
100,1.3,"    ","P",-0.018,
100,1.4,"    ","P",-0.657,
100,1.5,"    ","P",0.003,
100,1.6,"    ","P",-0.697,
100,1.7,"    ","P",-0.014,
100,1.8,"    ","P",-0.660,
100,1.9,"    ","P",-0.018,
100,2.0,"    ","P",0.294,
100,3.0,"    ","P",1.644,
100,3.1,"    ","P",1.627,
100,3.2,"    ","P",1.689,
100,3.3,"    ","P",1.719,
100,3.4,"    ","P",2.354,
100,4.0,"    ","P",12.253,
100,4.1,"    ","P",531.931,
100,4.2,"    ","P",8.153,
100,4.3,"    ","P",4.100,
100,4.4,"    ","P",7.514,
100,5.0,"    ","P",403.913,
100,5.1,"    ","P",402.399,
100,5.2,"    ","P",5.374,
100,5.3,"    ","P",135.114,
100,6.0,"    ","P",20.254,
100,7.0,"    ","P",11.413,
100,7.1,"    ","P",1.057,
100,7.2,"    ","P",0.942,
100,7.3,"    ","P",0.211,
100,7.4,"    ","P",17.350,
100,8.0,"    ","P",49.782,
100,8.1,"    ","P",14.580,
100,8.2,"    ","P",4.477,
100,8.3,"    ","P",76.506,
100,8.4,"    ","P",0.016,
100,8.5,"    ","P",0.000,
100,9.0,"    ","P",6.088,
100,10.0,"    ","P",603.379,
100,10.1,"    ","P",452.830,
100,10.2,"    ","P",150.549,
100,11.0,"    ","P",24.065,
100,12.0,"    ","P",1.000,
100,13.0,"    ","P",1.246,
100,13.1,"    ","P",0.950,
100,13.2,"    ","P",0.600,
100,14.0,"    ","P",0.511,
130,1,"06/27/2019  01:06:21","0","P",,,1,1,0,
100,1.0,"    ","P",-0.543,
100,1.1,"    ","P",1.388,
100,1.2,"    ","P",-0.707,
100,1.3,"    ","P",-0.022,
100,1.4,"    ","P",-0.657,
100,1.5,"    ","P",0.028,
100,1.6,"    ","P",-0.697,
100,1.7,"    ","P",0.023,
100,1.8,"    ","P",-0.660,
100,1.9,"    ","P",-0.021,
100,2.0,"    ","P",0.294,
100,3.0,"    ","P",1.661,
100,3.1,"    ","P",1.644,
100,3.2,"    ","P",1.706,
100,3.3,"    ","P",1.737,
100,3.4,"    ","P",2.370,
100,4.0,"    ","P",12.263,
100,4.1,"    ","P",545.743,
100,4.2,"    ","P",8.180,
100,4.3,"    ","P",4.083,
100,4.4,"    ","P",5.028,
100,5.0,"    ","P",399.242,
100,5.1,"    ","P",397.667,
100,5.2,"    ","P",5.493,
100,5.3,"    ","P",135.645,
100,6.0,"    ","P",20.269,
100,7.0,"    ","P",11.413,
100,7.1,"    ","P",1.078,
100,7.2,"    ","P",0.966,
100,7.3,"    ","P",0.228,
100,7.4,"    ","P",17.933,
100,8.0,"    ","P",48.508,
100,8.1,"    ","P",14.903,
100,8.2,"    ","P",4.606,
100,8.3,"    ","P",76.389,
100,8.4,"    ","P",0.011,
100,8.5,"    ","P",0.000,
100,9.0,"    ","P",6.098,
100,10.0,"    ","P",599.631,
100,10.1,"    ","P",465.323,
100,10.2,"    ","P",134.308,
100,11.0,"    ","P",24.097,
100,12.0,"    ","P",1.000,
100,13.0,"    ","P",1.226,
100,13.1,"    ","P",0.950,
100,13.2,"    ","P",0.600,
100,14.0,"    ","P",0.510,
130,1,"06/27/2019  01:06:23","0","P",,,1,1,0,
100,1.0,"    ","P",-0.543,
100,1.1,"    ","P",1.385,
100,1.2,"    ","P",-0.707,
100,1.3,"    ","P",-0.018,
100,1.4,"    ","P",-0.657,
100,1.5,"    ","P",-0.012,
100,1.6,"    ","P",-0.695,
100,1.7,"    ","P",0.008,
100,1.8,"    ","P",-0.660,
100,1.9,"    ","P",0.036,
100,2.0,"    ","P",0.295,
100,3.0,"    ","P",1.659,
100,3.1,"    ","P",1.641,
100,3.2,"    ","P",1.704,
100,3.3,"    ","P",1.735,
100,3.4,"    ","P",2.373,
100,4.0,"    ","P",12.244,
100,4.1,"    ","P",530.558,
100,4.2,"    ","P",8.202,
100,4.3,"    ","P",4.042,
100,4.4,"    ","P",6.817,
100,5.0,"    ","P",407.205,
100,5.1,"    ","P",405.578,
100,5.2,"    ","P",5.185,
100,5.3,"    ","P",133.740,
100,6.0,"    ","P",20.249,
100,7.0,"    ","P",11.663,
100,7.1,"    ","P",1.049,
100,7.2,"    ","P",0.935,
100,7.3,"    ","P",0.202,
100,7.4,"    ","P",17.847,
100,8.0,"    ","P",50.563,
100,8.1,"    ","P",14.351,
100,8.2,"    ","P",4.449,
100,8.3,"    ","P",76.336,
100,8.4,"    ","P",0.012,
100,8.5,"    ","P",0.000,
100,9.0,"    ","P",6.098,
100,10.0,"    ","P",609.001,
100,10.1,"    ","P",468.759,
100,10.2,"    ","P",140.242,
100,11.0,"    ","P",24.068,
100,12.0,"    ","P",1.000,
100,13.0,"    ","P",1.255,
100,13.1,"    ","P",0.950,
100,13.2,"    ","P",0.600,
100,14.0,"    ","P",0.513,
130,1,"06/27/2019  01:06:24","0","P",,,1,1,0,
100,1.0,"    ","P",-0.543,
100,1.1,"    ","P",1.341,
100,1.2,"    ","P",-0.707,
100,1.3,"    ","P",-0.020,
100,1.4,"    ","P",-0.657,
100,1.5,"    ","P",0.038,
100,1.6,"    ","P",-0.695,
100,1.7,"    ","P",0.017,
100,1.8,"    ","P",-0.660,
100,1.9,"    ","P",0.026,
100,2.0,"    ","P",0.294,
100,3.0,"    ","P",1.620,
100,3.1,"    ","P",1.603,
100,3.2,"    ","P",1.667,
100,3.3,"    ","P",1.698,
100,3.4,"    ","P",2.327,
100,4.0,"    ","P",12.363,
100,4.1,"    ","P",523.919,
100,4.2,"    ","P",8.259,
100,4.3,"    ","P",4.104,
100,4.4,"    ","P",8.881,
100,5.0,"    ","P",391.654,
100,5.1,"    ","P",389.862,
100,5.2,"    ","P",5.328,
100,5.3,"    ","P",133.896,
100,6.0,"    ","P",20.242,
100,7.0,"    ","P",11.538,
100,7.1,"    ","P",1.039,
100,7.2,"    ","P",0.927,
100,7.3,"    ","P",0.213,
100,7.4,"    ","P",16.956,
100,8.0,"    ","P",49.983,
100,8.1,"    ","P",14.678,
100,8.2,"    ","P",4.416,
100,8.3,"    ","P",76.874,
100,8.4,"    ","P",0.013,
100,8.5,"    ","P",0.000,
100,9.0,"    ","P",6.108,
100,10.0,"    ","P",604.628,
100,10.1,"    ","P",473.444,
100,10.2,"    ","P",131.184,
100,11.0,"    ","P",24.323,
100,12.0,"    ","P",1.000,
100,13.0,"    ","P",1.206,
100,13.1,"    ","P",0.950,
100,13.2,"    ","P",0.600,
100,14.0,"    ","P",0.511,
130,1,"06/27/2019  01:06:26","0","P",,,1,1,0,
100,1.0,"    ","P",-0.543,
100,1.1,"    ","P",1.407,
100,1.2,"    ","P",-0.709,
100,1.3,"    ","P",-0.019,
100,1.4,"    ","P",-0.658,
100,1.5,"    ","P",0.000,
100,1.6,"    ","P",-0.696,
100,1.7,"    ","P",0.023,
100,1.8,"    ","P",-0.661,
100,1.9,"    ","P",0.039,
100,2.0,"    ","P",0.294,
100,3.0,"    ","P",1.669,
100,3.1,"    ","P",1.652,
100,3.2,"    ","P",1.714,
100,3.3,"    ","P",1.748,
100,3.4,"    ","P",2.370,
100,4.0,"    ","P",12.136,
100,4.1,"    ","P",537.426,
100,4.2,"    ","P",8.112,
100,4.3,"    ","P",4.024,
100,4.4,"    ","P",7.542,
100,5.0,"    ","P",410.278,
100,5.1,"    ","P",408.443,
100,5.2,"    ","P",5.295,
100,5.3,"    ","P",133.490,
100,6.0,"    ","P",20.239,
100,7.0,"    ","P",11.444,
100,7.1,"    ","P",1.055,
100,7.2,"    ","P",0.942,
100,7.3,"    ","P",0.223,
100,7.4,"    ","P",16.819,
100,8.0,"    ","P",48.925,
100,8.1,"    ","P",14.864,
100,8.2,"    ","P",4.495,
100,8.3,"    ","P",76.779,
100,8.4,"    ","P",0.006,
100,8.5,"    ","P",0.000,
100,9.0,"    ","P",6.052,
100,10.0,"    ","P",591.822,
100,10.1,"    ","P",451.580,
100,10.2,"    ","P",140.242,
100,11.0,"    ","P",23.860,
100,12.0,"    ","P",1.000,
100,13.0,"    ","P",1.252,
100,13.1,"    ","P",0.950,
100,13.2,"    ","P",0.600,
100,14.0,"    ","P",0.512,
130,1,"06/27/2019  01:06:27","0","P",,,1,1,0,
100,1.0,"    ","P",-0.543,
100,1.1,"    ","P",1.357,
100,1.2,"    ","P",-0.708,
100,1.3,"    ","P",-0.021,
100,1.4,"    ","P",-0.657,
100,1.5,"    ","P",0.041,
100,1.6,"    ","P",-0.696,
100,1.7,"    ","P",-0.008,
100,1.8,"    ","P",-0.660,
100,1.9,"    ","P",0.017,
100,2.0,"    ","P",0.293,
100,3.0,"    ","P",1.652,
100,3.1,"    ","P",1.635,
100,3.2,"    ","P",1.697,
100,3.3,"    ","P",1.730,
100,3.4,"    ","P",2.393,
100,4.0,"    ","P",12.303,
100,4.1,"    ","P",537.960,
100,4.2,"    ","P",8.187,
100,4.3,"    ","P",4.117,
100,4.4,"    ","P",8.386,
100,5.0,"    ","P",399.994,
100,5.1,"    ","P",398.343,
100,5.2,"    ","P",5.196,
100,5.3,"    ","P",134.240,
100,6.0,"    ","P",20.249,
100,7.0,"    ","P",11.162,
100,7.1,"    ","P",1.045,
100,7.2,"    ","P",0.935,
100,7.3,"    ","P",0.193,
100,7.4,"    ","P",17.042,
100,8.0,"    ","P",51.462,
100,8.1,"    ","P",14.227,
100,8.2,"    ","P",4.246,
100,8.3,"    ","P",77.015,
100,8.4,"    ","P",0.014,
100,8.5,"    ","P",0.000,
100,9.0,"    ","P",6.098,
100,10.0,"    ","P",602.754,
100,10.1,"    ","P",459.701,
100,10.2,"    ","P",143.053,
100,11.0,"    ","P",24.188,
100,12.0,"    ","P",1.000,
100,13.0,"    ","P",1.234,
100,13.1,"    ","P",0.950,
100,13.2,"    ","P",0.600,
100,14.0,"    ","P",0.512,
130,1,"06/27/2019  01:06:28","0","P",,,1,1,0,
100,1.0,"    ","P",-0.543,
100,1.1,"    ","P",1.435,
100,1.2,"    ","P",-0.708,
100,1.3,"    ","P",-0.021,
100,1.4,"    ","P",-0.657,
100,1.5,"    ","P",0.003,
100,1.6,"    ","P",-0.696,
100,1.7,"    ","P",-0.017,
100,1.8,"    ","P",-0.660,
100,1.9,"    ","P",0.011,
100,2.0,"    ","P",0.294,
100,3.0,"    ","P",1.630,
100,3.1,"    ","P",1.613,
100,3.2,"    ","P",1.676,
100,3.3,"    ","P",1.708,
100,3.4,"    ","P",2.345,
100,4.0,"    ","P",12.283,
100,4.1,"    ","P",524.606,
100,4.2,"    ","P",8.192,
100,4.3,"    ","P",4.092,
100,4.4,"    ","P",6.679,
100,5.0,"    ","P",401.750,
100,5.1,"    ","P",399.900,
100,5.2,"    ","P",5.365,
100,5.3,"    ","P",134.989,
100,6.0,"    ","P",20.253,
100,7.0,"    ","P",11.695,
100,7.1,"    ","P",1.045,
100,7.2,"    ","P",0.931,
100,7.3,"    ","P",0.196,
100,7.4,"    ","P",17.247,
100,8.0,"    ","P",51.309,
100,8.1,"    ","P",14.140,
100,8.2,"    ","P",4.457,
100,8.3,"    ","P",76.032,
100,8.4,"    ","P",0.007,
100,8.5,"    ","P",0.000,
100,9.0,"    ","P",6.108,
100,10.0,"    ","P",607.752,
100,10.1,"    ","P",460.326,
100,10.2,"    ","P",147.426,
100,11.0,"    ","P",24.183,
100,12.0,"    ","P",1.000,
100,13.0,"    ","P",1.235,
100,13.1,"    ","P",0.950,
100,13.2,"    ","P",0.600,
100,14.0,"    ","P",0.510,
130,1,"06/27/2019  01:06:30","0","P",,,1,1,0,
100,1.0,"    ","P",-0.543,
100,1.1,"    ","P",1.416,
100,1.2,"    ","P",-0.708,
100,1.3,"    ","P",-0.018,
100,1.4,"    ","P",-0.657,
100,1.5,"    ","P",0.028,
100,1.6,"    ","P",-0.698,
100,1.7,"    ","P",-0.011,
100,1.8,"    ","P",-0.660,
100,1.9,"    ","P",0.001,
100,2.0,"    ","P",0.293,
100,3.0,"    ","P",1.646,
100,3.1,"    ","P",1.629,
100,3.2,"    ","P",1.692,
100,3.3,"    ","P",1.725,
100,3.4,"    ","P",2.363,
100,4.0,"    ","P",12.164,
100,4.1,"    ","P",538.341,
100,4.2,"    ","P",8.133,
100,4.3,"    ","P",4.031,
100,4.4,"    ","P",6.257,
100,5.0,"    ","P",397.768,
100,5.1,"    ","P",395.982,
100,5.2,"    ","P",5.276,
100,5.3,"    ","P",135.895,
100,6.0,"    ","P",20.239,
100,7.0,"    ","P",11.663,
100,7.1,"    ","P",1.038,
100,7.2,"    ","P",0.925,
100,7.3,"    ","P",0.211,
100,7.4,"    ","P",17.333,
100,8.0,"    ","P",49.624,
100,8.1,"    ","P",14.657,
100,8.2,"    ","P",4.425,
100,8.3,"    ","P",76.810,
100,8.4,"    ","P",0.007,
100,8.5,"    ","P",0.000,
100,9.0,"    ","P",6.078,
100,10.0,"    ","P",598.694,
100,10.1,"    ","P",459.389,
100,10.2,"    ","P",139.305,
100,11.0,"    ","P",23.859,
100,12.0,"    ","P",1.000,
100,13.0,"    ","P",1.229,
100,13.1,"    ","P",0.950,
100,13.2,"    ","P",0.600,
100,14.0,"    ","P",0.513,
130,1,"06/27/2019  01:06:31","0","P",,,1,1,0,
100,1.0,"    ","P",-0.542,
100,1.1,"    ","P",1.379,
100,1.2,"    ","P",-0.708,
100,1.3,"    ","P",-0.016,
100,1.4,"    ","P",-0.657,
100,1.5,"    ","P",0.010,
100,1.6,"    ","P",-0.697,
100,1.7,"    ","P",-0.024,
100,1.8,"    ","P",-0.660,
100,1.9,"    ","P",0.011,
100,2.0,"    ","P",0.294,
100,3.0,"    ","P",1.667,
100,3.1,"    ","P",1.650,
100,3.2,"    ","P",1.713,
100,3.3,"    ","P",1.747,
100,3.4,"    ","P",2.372,
100,4.0,"    ","P",12.324,
100,4.1,"    ","P",545.743,
100,4.2,"    ","P",8.222,
100,4.3,"    ","P",4.102,
100,4.4,"    ","P",7.679,
100,5.0,"    ","P",402.973,
100,5.1,"    ","P",401.162,
100,5.2,"    ","P",5.243,
100,5.3,"    ","P",136.457,
100,6.0,"    ","P",20.254,
100,7.0,"    ","P",11.538,
100,7.1,"    ","P",1.055,
100,7.2,"    ","P",0.944,
100,7.3,"    ","P",0.208,
100,7.4,"    ","P",17.230,
100,8.0,"    ","P",49.960,
100,8.1,"    ","P",14.565,
100,8.2,"    ","P",4.378,
100,8.3,"    ","P",76.889,
100,8.4,"    ","P",0.006,
100,8.5,"    ","P",0.000,
100,9.0,"    ","P",6.108,
100,10.0,"    ","P",609.001,
100,10.1,"    ","P",466.573,
100,10.2,"    ","P",142.428,
100,11.0,"    ","P",24.298,
100,12.0,"    ","P",1.000,
100,13.0,"    ","P",1.225,
100,13.1,"    ","P",0.950,
100,13.2,"    ","P",0.600,
100,14.0,"    ","P",0.511,
130,1,"06/27/2019  01:06:33","0","P",,,1,1,0,
100,1.0,"    ","P",-0.543,
100,1.1,"    ","P",1.410,
100,1.2,"    ","P",-0.709,
100,1.3,"    ","P",-0.016,
100,1.4,"    ","P",-0.658,
100,1.5,"    ","P",0.000,
100,1.6,"    ","P",-0.696,
100,1.7,"    ","P",-0.030,
100,1.8,"    ","P",-0.661,
100,1.9,"    ","P",0.017,
100,2.0,"    ","P",0.294,
100,3.0,"    ","P",1.678,
100,3.1,"    ","P",1.661,
100,3.2,"    ","P",1.725,
100,3.3,"    ","P",1.759,
100,3.4,"    ","P",2.391,
100,4.0,"    ","P",12.314,
100,4.1,"    ","P",542.462,
100,4.2,"    ","P",8.193,
100,4.3,"    ","P",4.121,
100,4.4,"    ","P",7.716,
100,5.0,"    ","P",404.070,
100,5.1,"    ","P",402.408,
100,5.2,"    ","P",5.458,
100,5.3,"    ","P",138.831,
100,6.0,"    ","P",20.249,
100,7.0,"    ","P",11.507,
100,7.1,"    ","P",1.057,
100,7.2,"    ","P",0.944,
100,7.3,"    ","P",0.228,
100,7.4,"    ","P",17.556,
100,8.0,"    ","P",48.452,
100,8.1,"    ","P",14.934,
100,8.2,"    ","P",4.577,
100,8.3,"    ","P",76.540,
100,8.4,"    ","P",0.009,
100,8.5,"    ","P",0.000,
100,9.0,"    ","P",6.108,
100,10.0,"    ","P",601.817,
100,10.1,"    ","P",460.326,
100,10.2,"    ","P",141.491,
100,11.0,"    ","P",24.230,
100,12.0,"    ","P",1.000,
100,13.0,"    ","P",1.245,
100,13.1,"    ","P",0.950,
100,13.2,"    ","P",0.600,
100,14.0,"    ","P",0.510,
130,1,"06/27/2019  01:06:34","0","P",,,1,1,0,
999,
50,1,"P",41,"PASS",
50,5,"F",0,"Continuity",
50,6,"F",0,"IDSS",
50,7,"F",0,"IOP",
50,8,"F",0,"UVLO",
50,9,"F",0,"IFB",
50,10,"F",0,"TSS",
50,11,"F",0,"VStr",
50,12,"F",0,"FOSC",
50,13,"F",0,"VSD",
50,14,"F",0,"BURST",
50,15,"F",0,"VOVP",
50,16,"F",0,"AR",
50,17,"F",0,"ILIMIT",
50,18,"F",0,"IDSS1",
50,19,"F",0,"",
50,20,"F",0,"",
50,21,"F",0,"",
50,22,"F",0,"",
50,23,"F",0,"",
50,24,"F",0,"",
50,25,"F",0,"",
50,32,"A",0,"Alarm Bin",
60,1,"P",41,"PASS",
60,3,"F",0,"Continuity",
60,4,"F",0,"IDSS",
2,1.-1,"Continuity",41,0,
1,1.0,"OS_VCC",41,0,
1,1.1,"ICCLKG",41,0,
1,1.2,"OS_DRAIN",41,0,
1,1.3,"IDLKG",41,0,
1,1.4,"OS_VFB",41,0,
1,1.5,"IFBLKG",41,0,
1,1.6,"OS_VSTR",41,0,
1,1.7,"ISTRLKG",41,0,
1,1.8,"OS_RLIM",41,0,
1,1.9,"IRLLKG",41,0,
2,2.-1,"IDSS",41,0,
1,2.0,"IDSS",41,0,
2,3.-1,"Vcc_Current",41,0,
1,3.0,"IOP",41,0,
1,3.1,"IOPMIN",41,0,
1,3.2,"IOPMAX26",41,0,
1,3.3,"IOPMAX30",41,0,
1,3.4,"IOPSW",41,0,
2,4.-1,"UVLO",41,0,
1,4.0,"VSTART",41,0,
1,4.1,"ISTART",41,0,
1,4.2,"VSTOP",41,0,
1,4.3,"UVLO_HYS",41,0,
1,4.4,"DIVSTOP",41,0,
2,5.-1,"Vfb_Current",41,0,
1,5.0,"IFB",41,0,
1,5.1,"IPK",41,0,
1,5.2,"IDELAY",41,0,
1,5.3,"VFBOFF",41,0,
2,6.-1,"TSS",41,0,
1,6.0,"TSS",41,0,
2,7.-1,"Start_Current",41,0,
1,7.0,"IJLKG",41,0,
1,7.1,"ICH",41,0,
1,7.2,"ISTRVCC",41,0,
1,7.3,"ISTD",41,0,
1,7.4,"VSTR",41,0,
2,8.-1,"FOSC",41,0,
1,8.0,"FSS",41,0,
1,8.1,"TON_MAX",41,0,
1,8.2,"TOFF_MAX",41,0,
1,8.3,"DMAX",41,0,
1,8.4,"Fstable",41,0,
1,8.5,"Dmin",41,0,
2,9.-1,"VSD",41,0,
1,9.0,"VSD",41,0,
2,10.-1,"Burst_Thershold",41,0,
1,10.0,"VBURH",41,0,
1,10.1,"VBURL",41,0,
1,10.2,"Burst_Hys",41,0,
2,11.-1,"VOVP",41,0,
1,11.0,"VOVP",41,0,
2,12.-1,"AR",41,0,
1,12.0,"AR",41,0,
2,13.-1,"ILIMIT",41,0,
1,13.0,"ILIM",41,0,
1,13.1,"SILIM1",41,0,
1,13.2,"SILIM2",41,0,
2,14.-1,"IDSS1",41,0,
1,14.0,"IDSS1",41,0,
3, 41, 41, 635177, 0, 0,
250,1,1,41,
250,1,5,0,
250,1,6,0,
250,1,7,0,
250,1,8,0,
250,1,9,0,
250,1,10,0,
250,1,11,0,
250,1,12,0,
250,1,13,0,
250,1,14,0,
250,1,15,0,
250,1,16,0,
250,1,17,0,
250,1,18,0,
250,1,19,0,
250,1,20,0,
250,1,21,0,
250,1,22,0,
250,1,23,0,
250,1,24,0,
250,1,25,0,
250,1,32,0,
260,1,1,41,
260,1,3,0,
260,1,4,0,
202,1,1.-1,41,0,
201,1,1.0,41,0,
201,1,1.1,41,0,
201,1,1.2,41,0,
201,1,1.3,41,0,
201,1,1.4,41,0,
201,1,1.5,41,0,
201,1,1.6,41,0,
201,1,1.7,41,0,
201,1,1.8,41,0,
201,1,1.9,41,0,
202,1,2.-1,41,0,
201,1,2.0,41,0,
202,1,3.-1,41,0,
201,1,3.0,41,0,
201,1,3.1,41,0,
201,1,3.2,41,0,
201,1,3.3,41,0,
201,1,3.4,41,0,
202,1,4.-1,41,0,
201,1,4.0,41,0,
201,1,4.1,41,0,
201,1,4.2,41,0,
201,1,4.3,41,0,
201,1,4.4,41,0,
202,1,5.-1,41,0,
201,1,5.0,41,0,
201,1,5.1,41,0,
201,1,5.2,41,0,
201,1,5.3,41,0,
202,1,6.-1,41,0,
201,1,6.0,41,0,
202,1,7.-1,41,0,
201,1,7.0,41,0,
201,1,7.1,41,0,
201,1,7.2,41,0,
201,1,7.3,41,0,
201,1,7.4,41,0,
202,1,8.-1,41,0,
201,1,8.0,41,0,
201,1,8.1,41,0,
201,1,8.2,41,0,
201,1,8.3,41,0,
201,1,8.4,41,0,
201,1,8.5,41,0,
202,1,9.-1,41,0,
201,1,9.0,41,0,
202,1,10.-1,41,0,
201,1,10.0,41,0,
201,1,10.1,41,0,
201,1,10.2,41,0,
202,1,11.-1,41,0,
201,1,11.0,41,0,
202,1,12.-1,41,0,
201,1,12.0,41,0,
202,1,13.-1,41,0,
201,1,13.0,41,0,
201,1,13.1,41,0,
201,1,13.2,41,0,
202,1,14.-1,41,0,
201,1,14.0,41,0,
203,1,41,41,0,
250,2,1,0,
250,2,5,0,
250,2,6,0,
250,2,7,0,
250,2,8,0,
250,2,9,0,
250,2,10,0,
250,2,11,0,
250,2,12,0,
250,2,13,0,
250,2,14,0,
250,2,15,0,
250,2,16,0,
250,2,17,0,
250,2,18,0,
250,2,19,0,
250,2,20,0,
250,2,21,0,
250,2,22,0,
250,2,23,0,
250,2,24,0,
250,2,25,0,
250,2,32,0,
260,2,1,0,
260,2,3,0,
260,2,4,0,
202,2,1.-1,0,0,
202,2,2.-1,0,0,
202,2,3.-1,0,0,
202,2,4.-1,0,0,
202,2,5.-1,0,0,
202,2,6.-1,0,0,
202,2,7.-1,0,0,
202,2,8.-1,0,0,
202,2,9.-1,0,0,
202,2,10.-1,0,0,
202,2,11.-1,0,0,
202,2,12.-1,0,0,
202,2,13.-1,0,0,
202,2,14.-1,0,0,
203,2,0,0,0,
30,"06/27/2019  01:05:37","06/27/2019  01:06:34",
