120,1,"ETS364B",2,8,"CUJ250020_R25_BINR","1","DINO","FSC1-ETS364","2011A [2011.1.2.21]","2.04",
125,P,"","","","LoadBoard:,5",
140,1,"c:\ETS\WORK\FSL136HR_01_ATEC.DLL","FSL136HR_01_ATEC","1.0","05/17/2009","06/26/2019",
140,2,"c:\ETS\WORK\FSL136HR_01_ATEC.pds","FSL136HR_01_ATEC","4.00","05/17/2009","04/17/2014",
140,3,"c:\ETS\WORK\FSL136HR_01_ATEC.evd","<not available>","1.0","05/17/2009","08/14/2009",
140,4,"FSL136HR_01_ATEC","FPSÄATEC","1.0","05/17/2009","06/26/2019",
145,"WARNING: Detected Boards using Default Calibration",
10,1.0,3,-0.400,-3.000,"V","OS_VCC",
10,1.1,3,2.900,-1.000,"UA","ICCLKG",
10,1.2,3,-0.400,-3.000,"V","OS_DRAIN",
10,1.3,3,2.900,-1.000,"UA","IDLKG",
10,1.4,3,-0.400,-3.000,"V","OS_VFB",
10,1.5,3,2.900,-1.000,"UA","IFBLKG",
10,1.6,3,-0.400,-3.000,"V","OS_VSTR",
10,1.7,3,2.900,-1.000,"UA","ISTRLKG",
10,1.8,3,-0.400,-3.000,"V","OS_RLIM",
10,1.9,3,2.900,-1.000,"UA","IRLLKG",
10,2.0,3,1.000,-1.000,"uA","IDSS",
10,3.0,3,2.150,1.230,"mA","IOP",
10,3.1,3,2.150,1.230,"mA","IOPMIN",
10,3.2,3,2.150,1.230,"mA","IOPMAX26",
10,3.3,3,2.150,1.230,"mA","IOPMAX30",
10,3.4,3,3.450,1.550,"mA","IOPSW",
10,4.0,3,12.950,11.050,"V","VSTART",
10,4.1,3,640.000,360.000,"uA","ISTART",
10,4.2,3,8.950,7.050,"V","VSTOP",
10,4.3,3,5.900,2.100,"V","UVLO_HYS",
10,4.4,3,28.000,1.000,"uA","DIVSTOP",
10,5.0,3,476.000,324.000,"uA","IFB",
10,5.1,3,476.000,324.000,"uA","IPK",
10,5.2,3,6.425,3.575,"uA","IDELAY",
10,5.3,3,195.000,20.000,"mV","VFBOFF",
10,6.0,3,22.600,15.900,"mS","TSS",
10,7.0,3,100.000,-20.000,"nA","IJLKG",
10,7.1,3,1.290,0.910,"mA","ICH",
10,7.2,3,1.250,0.810,"mA","ISTRVCC",
10,7.3,3,19.500,0.000,"uA","ISTD",
10,7.4,3,26.000,14.000,"V","VSTR",
10,8.0,3,109.500,90.500,"KHz","FSS",
10,8.1,3,8.650,6.750,"uS","TON_MAX",
10,8.2,3,2.965,1.635,"uS","TOFF_MAX",
10,8.3,3,82.700,71.300,"%","DMAX",
10,8.4,3,2.850,0.000,"%","Fstable",
10,8.5,3,1.000,-1.000,"%","Dmin",
10,9.0,3,6.475,5.525,"V","VSD",
10,10.0,3,590.000,410.000,"mV","VBURH",
10,10.1,3,440.000,260.000,"mV","VBURL",
10,10.2,3,240.000,60.000,"mV","Burst_Hys",
10,11.0,3,25.425,22.575,"V","VOVP",
10,12.0,3,1.000,0.000,"","AR",
10,13.0,3,2.390,1.910,"A","ILIM",
10,13.1,3,1.960,1.480,"A","SILIM1",
10,13.2,3,1.320,0.830,"A","SILIM2",
10,14.0,3,1.000,-1.000,"uA","IDSS1",
100,1.0,"    ","P",-0.545,
100,1.1,"    ","P",1.391,
100,1.2,"    ","P",-0.679,
100,1.3,"    ","P",0.016,
100,1.4,"    ","P",-0.659,
100,1.5,"    ","P",0.031,
100,1.6,"    ","P",-0.698,
100,1.7,"    ","P",-0.005,
100,1.8,"    ","P",-0.662,
100,1.9,"    ","P",-0.024,
100,2.0,"    ","P",0.341,
100,3.0,"    ","P",1.639,
100,3.1,"    ","P",1.621,
100,3.2,"    ","P",1.687,
100,3.3,"    ","P",1.722,
100,3.4,"    ","P",2.869,
100,4.0,"    ","P",12.253,
100,4.1,"    ","P",535.289,
100,4.2,"    ","P",8.172,
100,4.3,"    ","P",4.081,
100,4.4,"    ","P",15.000,
100,5.0,"    ","P",379.772,
100,5.1,"    ","P",378.265,
100,5.2,"    ","P",5.220,
100,5.3,"    ","P",131.803,
100,6.0,"    ","P",18.220,
100,7.0,"    ","P",9.283,
100,7.1,"    ","P",1.137,
100,7.2,"    ","P",1.022,
100,7.3,"    ","P",0.213,
100,7.4,"    ","P",17.933,
100,8.0,"    ","P",94.310,
100,8.1,"    ","P",7.286,
100,8.2,"    ","P",2.259,
100,8.3,"    ","P",76.335,
100,8.4,"    ","P",0.018,
100,8.5,"    ","P",0.000,
100,9.0,"    ","P",6.133,
100,10.0,"    ","P",504.679,
100,10.1,"    ","P",373.807,
100,10.2,"    ","P",130.872,
100,11.0,"    ","P",24.605,
100,12.0,"    ","P",1.000,
100,13.0,"    ","P",2.140,
100,13.1,"    ","P",1.750,
100,13.2,"    ","P",1.100,
100,14.0,"    ","P",0.480,
130,1,"06/26/2019  20:12:43","26052","P",,,1,1,0,
100,1.0,"    ","P",-0.545,
100,1.1,"    ","P",1.388,
100,1.2,"    ","P",-0.681,
100,1.3,"    ","P",0.007,
100,1.4,"    ","P",-0.660,
100,1.5,"    ","P",-0.009,
100,1.6,"    ","P",-0.696,
100,1.7,"    ","P",0.011,
100,1.8,"    ","P",-0.663,
100,1.9,"    ","P",-0.002,
100,2.0,"    ","P",0.312,
100,3.0,"    ","P",1.645,
100,3.1,"    ","P",1.627,
100,3.2,"    ","P",1.693,
100,3.3,"    ","P",1.727,
100,3.4,"    ","P",2.902,
100,4.0,"    ","P",12.244,
100,4.1,"    ","P",547.804,
100,4.2,"    ","P",8.198,
100,4.3,"    ","P",4.046,
100,4.4,"    ","P",15.000,
100,5.0,"    ","P",381.998,
100,5.1,"    ","P",380.623,
100,5.2,"    ","P",5.383,
100,5.3,"    ","P",132.053,
100,6.0,"    ","P",18.227,
100,7.0,"    ","P",9.408,
100,7.1,"    ","P",1.172,
100,7.2,"    ","P",1.058,
100,7.3,"    ","P",0.207,
100,7.4,"    ","P",18.224,
100,8.0,"    ","P",95.038,
100,8.1,"    ","P",7.201,
100,8.2,"    ","P",2.270,
100,8.3,"    ","P",76.033,
100,8.4,"    ","P",0.024,
100,8.5,"    ","P",0.000,
100,9.0,"    ","P",6.148,
100,10.0,"    ","P",508.739,
100,10.1,"    ","P",373.494,
100,10.2,"    ","P",135.245,
100,11.0,"    ","P",24.650,
100,12.0,"    ","P",1.000,
100,13.0,"    ","P",2.176,
100,13.1,"    ","P",1.750,
100,13.2,"    ","P",1.100,
100,14.0,"    ","P",0.478,
130,1,"06/26/2019  20:12:45","26053","P",,,1,1,0,
100,1.0,"    ","P",-0.546,
100,1.1,"    ","P",1.382,
100,1.2,"    ","P",-0.681,
100,1.3,"    ","P",0.006,
100,1.4,"    ","P",-0.660,
100,1.5,"    ","P",-0.056,
100,1.6,"    ","P",-0.696,
100,1.7,"    ","P",0.008,
100,1.8,"    ","P",-0.663,
100,1.9,"    ","P",0.011,
100,2.0,"    ","P",0.310,
100,3.0,"    ","P",1.647,
100,3.1,"    ","P",1.630,
100,3.2,"    ","P",1.696,
100,3.3,"    ","P",1.729,
100,3.4,"    ","P",2.875,
100,4.0,"    ","P",12.324,
100,4.1,"    ","P",560.318,
100,4.2,"    ","P",8.221,
100,4.3,"    ","P",4.103,
100,4.4,"    ","P",15.000,
100,5.0,"    ","P",374.410,
100,5.1,"    ","P",372.612,
100,5.2,"    ","P",5.343,
100,5.3,"    ","P",132.053,
100,6.0,"    ","P",18.204,
100,7.0,"    ","P",9.220,
100,7.1,"    ","P",1.164,
100,7.2,"    ","P",1.050,
100,7.3,"    ","P",0.217,
100,7.4,"    ","P",18.841,
100,8.0,"    ","P",93.546,
100,8.1,"    ","P",7.389,
100,8.2,"    ","P",2.232,
100,8.3,"    ","P",76.800,
100,8.4,"    ","P",0.013,
100,8.5,"    ","P",0.000,
100,9.0,"    ","P",6.127,
100,10.0,"    ","P",515.298,
100,10.1,"    ","P",370.996,
100,10.2,"    ","P",144.303,
100,11.0,"    ","P",24.889,
100,12.0,"    ","P",1.000,
100,13.0,"    ","P",2.146,
100,13.1,"    ","P",1.750,
100,13.2,"    ","P",1.100,
100,14.0,"    ","P",0.477,
130,1,"06/26/2019  20:12:46","26054","P",,,1,1,0,
100,1.0,"    ","P",-0.546,
100,1.1,"    ","P",1.395,
100,1.2,"    ","P",-0.682,
100,1.3,"    ","P",0.006,
100,1.4,"    ","P",-0.660,
100,1.5,"    ","P",-0.003,
100,1.6,"    ","P",-0.696,
100,1.7,"    ","P",-0.011,
100,1.8,"    ","P",-0.663,
100,1.9,"    ","P",0.020,
100,2.0,"    ","P",0.310,
100,3.0,"    ","P",1.660,
100,3.1,"    ","P",1.643,
100,3.2,"    ","P",1.708,
100,3.3,"    ","P",1.743,
100,3.4,"    ","P",2.912,
100,4.0,"    ","P",12.333,
100,4.1,"    ","P",550.932,
100,4.2,"    ","P",8.222,
100,4.3,"    ","P",4.111,
100,4.4,"    ","P",15.000,
100,5.0,"    ","P",382.970,
100,5.1,"    ","P",381.334,
100,5.2,"    ","P",5.399,
100,5.3,"    ","P",131.678,
100,6.0,"    ","P",18.217,
100,7.0,"    ","P",9.471,
100,7.1,"    ","P",1.157,
100,7.2,"    ","P",1.042,
100,7.3,"    ","P",0.204,
100,7.4,"    ","P",18.139,
100,8.0,"    ","P",95.562,
100,8.1,"    ","P",7.225,
100,8.2,"    ","P",2.193,
100,8.3,"    ","P",76.713,
100,8.4,"    ","P",0.022,
100,8.5,"    ","P",0.000,
100,9.0,"    ","P",6.159,
100,10.0,"    ","P",502.805,
100,10.1,"    ","P",370.683,
100,10.2,"    ","P",132.121,
100,11.0,"    ","P",24.846,
100,12.0,"    ","P",1.000,
100,13.0,"    ","P",2.156,
100,13.1,"    ","P",1.750,
100,13.2,"    ","P",1.100,
100,14.0,"    ","P",0.477,
130,1,"06/26/2019  20:12:47","26055","P",,,1,1,0,
100,1.0,"    ","P",-0.546,
100,1.1,"    ","P",1.366,
100,1.2,"    ","P",-0.678,
100,1.3,"    ","P",0.007,
100,1.4,"    ","P",-0.660,
100,1.5,"    ","P",0.010,
100,1.6,"    ","P",-0.695,
100,1.7,"    ","P",0.011,
100,1.8,"    ","P",-0.663,
100,1.9,"    ","P",0.011,
100,2.0,"    ","P",0.310,
100,3.0,"    ","P",1.671,
100,3.1,"    ","P",1.653,
100,3.2,"    ","P",1.720,
100,3.3,"    ","P",1.753,
100,3.4,"    ","P",2.927,
100,4.0,"    ","P",12.363,
100,4.1,"    ","P",560.318,
100,4.2,"    ","P",8.262,
100,4.3,"    ","P",4.101,
100,4.4,"    ","P",15.000,
100,5.0,"    ","P",394.727,
100,5.1,"    ","P",392.881,
100,5.2,"    ","P",5.562,
100,5.3,"    ","P",130.679,
100,6.0,"    ","P",18.204,
100,7.0,"    ","P",9.471,
100,7.1,"    ","P",1.136,
100,7.2,"    ","P",1.022,
100,7.3,"    ","P",0.215,
100,7.4,"    ","P",17.727,
100,8.0,"    ","P",93.719,
100,8.1,"    ","P",7.384,
100,8.2,"    ","P",2.221,
100,8.3,"    ","P",76.879,
100,8.4,"    ","P",0.019,
100,8.5,"    ","P",0.000,
100,9.0,"    ","P",6.158,
100,10.0,"    ","P",519.983,
100,10.1,"    ","P",378.492,
100,10.2,"    ","P",141.491,
100,11.0,"    ","P",24.881,
100,12.0,"    ","P",1.000,
100,13.0,"    ","P",2.221,
100,13.1,"    ","P",1.750,
100,13.2,"    ","P",1.100,
100,14.0,"    ","P",0.477,
130,1,"06/26/2019  20:12:49","26056","P",,,1,1,0,
100,1.0,"    ","P",-0.546,
100,1.1,"    ","P",1.429,
100,1.2,"    ","P",-0.678,
100,1.3,"    ","P",0.005,
100,1.4,"    ","P",-0.660,
100,1.5,"    ","P",0.016,
100,1.6,"    ","P",-0.695,
100,1.7,"    ","P",-0.017,
100,1.8,"    ","P",-0.663,
100,1.9,"    ","P",-0.008,
100,2.0,"    ","P",0.309,
100,3.0,"    ","P",1.654,
100,3.1,"    ","P",1.636,
100,3.2,"    ","P",1.703,
100,3.3,"    ","P",1.737,
100,3.4,"    ","P",2.882,
100,4.0,"    ","P",12.233,
100,4.1,"    ","P",560.318,
100,4.2,"    ","P",8.153,
100,4.3,"    ","P",4.080,
100,4.4,"    ","P",15.000,
100,5.0,"    ","P",391.278,
100,5.1,"    ","P",389.646,
100,5.2,"    ","P",5.434,
100,5.3,"    ","P",132.022,
100,6.0,"    ","P",18.216,
100,7.0,"    ","P",9.408,
100,7.1,"    ","P",1.144,
100,7.2,"    ","P",1.029,
100,7.3,"    ","P",0.205,
100,7.4,"    ","P",17.642,
100,8.0,"    ","P",95.416,
100,8.1,"    ","P",7.274,
100,8.2,"    ","P",2.160,
100,8.3,"    ","P",77.109,
100,8.4,"    ","P",0.007,
100,8.5,"    ","P",0.000,
100,9.0,"    ","P",6.122,
100,10.0,"    ","P",508.427,
100,10.1,"    ","P",371.308,
100,10.2,"    ","P",137.119,
100,11.0,"    ","P",24.569,
100,12.0,"    ","P",1.000,
100,13.0,"    ","P",2.213,
100,13.1,"    ","P",1.750,
100,13.2,"    ","P",1.100,
100,14.0,"    ","P",0.478,
130,1,"06/26/2019  20:12:50","26057","P",,,1,1,0,
100,1.0,"    ","P",-0.545,
100,1.1,"    ","P",1.382,
100,1.2,"    ","P",-0.678,
100,1.3,"    ","P",0.003,
100,1.4,"    ","P",-0.659,
100,1.5,"    ","P",0.022,
100,1.6,"    ","P",-0.696,
100,1.7,"    ","P",0.017,
100,1.8,"    ","P",-0.662,
100,1.9,"    ","P",-0.005,
100,2.0,"    ","P",0.310,
100,3.0,"    ","P",1.639,
100,3.1,"    ","P",1.622,
100,3.2,"    ","P",1.686,
100,3.3,"    ","P",1.721,
100,3.4,"    ","P",2.893,
100,4.0,"    ","P",12.294,
100,4.1,"    ","P",557.190,
100,4.2,"    ","P",8.211,
100,4.3,"    ","P",4.082,
100,4.4,"    ","P",15.000,
100,5.0,"    ","P",377.765,
100,5.1,"    ","P",375.900,
100,5.2,"    ","P",5.441,
100,5.3,"    ","P",131.335,
100,6.0,"    ","P",18.204,
100,7.0,"    ","P",9.251,
100,7.1,"    ","P",1.141,
100,7.2,"    ","P",1.027,
100,7.3,"    ","P",0.213,
100,7.4,"    ","P",18.242,
100,8.0,"    ","P",93.977,
100,8.1,"    ","P",7.303,
100,8.2,"    ","P",2.275,
100,8.3,"    ","P",76.250,
100,8.4,"    ","P",0.009,
100,8.5,"    ","P",0.000,
100,9.0,"    ","P",6.133,
100,10.0,"    ","P",503.117,
100,10.1,"    ","P",370.683,
100,10.2,"    ","P",132.434,
100,11.0,"    ","P",24.753,
100,12.0,"    ","P",1.000,
100,13.0,"    ","P",2.140,
100,13.1,"    ","P",1.750,
100,13.2,"    ","P",1.100,
100,14.0,"    ","P",0.476,
130,1,"06/26/2019  20:12:52","26058","P",,,1,1,0,
100,1.0,"    ","P",-0.545,
100,1.1,"    ","P",1.442,
100,1.2,"    ","P",-0.676,
100,1.3,"    ","P",0.005,
100,1.4,"    ","P",-0.659,
100,1.5,"    ","P",0.003,
100,1.6,"    ","P",-0.696,
100,1.7,"    ","P",-0.039,
100,1.8,"    ","P",-0.662,
100,1.9,"    ","P",0.026,
100,2.0,"    ","P",0.312,
100,3.0,"    ","P",1.665,
100,3.1,"    ","P",1.648,
100,3.2,"    ","P",1.713,
100,3.3,"    ","P",1.748,
100,3.4,"    ","P",2.854,
100,4.0,"    ","P",12.364,
100,4.1,"    ","P",550.932,
100,4.2,"    ","P",8.242,
100,4.3,"    ","P",4.122,
100,4.4,"    ","P",15.000,
100,5.0,"    ","P",391.403,
100,5.1,"    ","P",389.589,
100,5.2,"    ","P",5.574,
100,5.3,"    ","P",131.429,
100,6.0,"    ","P",18.212,
100,7.0,"    ","P",9.408,
100,7.1,"    ","P",1.146,
100,7.2,"    ","P",1.032,
100,7.3,"    ","P",0.206,
100,7.4,"    ","P",17.950,
100,8.0,"    ","P",95.133,
100,8.1,"    ","P",7.277,
100,8.2,"    ","P",2.186,
100,8.3,"    ","P",76.901,
100,8.4,"    ","P",0.013,
100,8.5,"    ","P",0.000,
100,9.0,"    ","P",6.183,
100,10.0,"    ","P",508.114,
100,10.1,"    ","P",376.930,
100,10.2,"    ","P",131.184,
100,11.0,"    ","P",24.833,
100,12.0,"    ","P",1.000,
100,13.0,"    ","P",2.206,
100,13.1,"    ","P",1.750,
100,13.2,"    ","P",1.100,
100,14.0,"    ","P",0.475,
130,1,"06/26/2019  20:12:53","26059","P",,,1,1,0,
100,1.0,"    ","P",-0.545,
100,1.1,"    ","P",1.388,
100,1.2,"    ","P",-0.677,
100,1.3,"    ","P",0.004,
100,1.4,"    ","P",-0.659,
100,1.5,"    ","P",0.019,
100,1.6,"    ","P",-0.696,
100,1.7,"    ","P",0.020,
100,1.8,"    ","P",-0.662,
100,1.9,"    ","P",-0.011,
100,2.0,"    ","P",0.310,
100,3.0,"    ","P",1.665,
100,3.1,"    ","P",1.647,
100,3.2,"    ","P",1.712,
100,3.3,"    ","P",1.746,
100,3.4,"    ","P",2.909,
100,4.0,"    ","P",12.254,
100,4.1,"    ","P",560.318,
100,4.2,"    ","P",8.202,
100,4.3,"    ","P",4.052,
100,4.4,"    ","P",15.000,
100,5.0,"    ","P",388.927,
100,5.1,"    ","P",387.144,
100,5.2,"    ","P",5.265,
100,5.3,"    ","P",131.647,
100,6.0,"    ","P",18.211,
100,7.0,"    ","P",9.502,
100,7.1,"    ","P",1.169,
100,7.2,"    ","P",1.054,
100,7.3,"    ","P",0.206,
100,7.4,"    ","P",18.242,
100,8.0,"    ","P",95.104,
100,8.1,"    ","P",7.213,
100,8.2,"    ","P",2.250,
100,8.3,"    ","P",76.220,
100,8.4,"    ","P",0.020,
100,8.5,"    ","P",0.000,
100,9.0,"    ","P",6.133,
100,10.0,"    ","P",500.930,
100,10.1,"    ","P",374.432,
100,10.2,"    ","P",126.499,
100,11.0,"    ","P",24.660,
100,12.0,"    ","P",1.000,
100,13.0,"    ","P",2.200,
100,13.1,"    ","P",1.750,
100,13.2,"    ","P",1.100,
100,14.0,"    ","P",0.477,
130,1,"06/26/2019  20:12:54","26060","P",,,1,1,0,
100,1.0,"    ","P",-0.545,
100,1.1,"    ","P",1.416,
100,1.2,"    ","P",-0.677,
100,1.3,"    ","P",0.005,
100,1.4,"    ","P",-0.659,
100,1.5,"    ","P",0.022,
100,1.6,"    ","P",-0.697,
100,1.7,"    ","P",0.005,
100,1.8,"    ","P",-0.663,
100,1.9,"    ","P",0.011,
100,2.0,"    ","P",0.310,
100,3.0,"    ","P",1.651,
100,3.1,"    ","P",1.634,
100,3.2,"    ","P",1.698,
100,3.3,"    ","P",1.733,
100,3.4,"    ","P",2.860,
100,4.0,"    ","P",12.274,
100,4.1,"    ","P",557.190,
100,4.2,"    ","P",8.222,
100,4.3,"    ","P",4.052,
100,4.4,"    ","P",15.000,
100,5.0,"    ","P",385.415,
100,5.1,"    ","P",383.780,
100,5.2,"    ","P",5.238,
100,5.3,"    ","P",132.084,
100,6.0,"    ","P",18.230,
100,7.0,"    ","P",9.314,
100,7.1,"    ","P",1.164,
100,7.2,"    ","P",1.051,
100,7.3,"    ","P",0.209,
100,7.4,"    ","P",18.739,
100,8.0,"    ","P",94.428,
100,8.1,"    ","P",7.244,
100,8.2,"    ","P",2.289,
100,8.3,"    ","P",75.989,
100,8.4,"    ","P",0.024,
100,8.5,"    ","P",0.000,
100,9.0,"    ","P",6.128,
100,10.0,"    ","P",496.870,
100,10.1,"    ","P",368.497,
100,10.2,"    ","P",128.373,
100,11.0,"    ","P",24.720,
100,12.0,"    ","P",1.000,
100,13.0,"    ","P",2.152,
100,13.1,"    ","P",1.750,
100,13.2,"    ","P",1.100,
100,14.0,"    ","P",0.478,
130,1,"06/26/2019  20:12:56","26061","P",,,1,1,0,
100,1.0,"    ","P",-0.545,
100,1.1,"    ","P",1.426,
100,1.2,"    ","P",-0.678,
100,1.3,"    ","P",0.005,
100,1.4,"    ","P",-0.659,
100,1.5,"    ","P",-0.025,
100,1.6,"    ","P",-0.695,
100,1.7,"    ","P",-0.020,
100,1.8,"    ","P",-0.662,
100,1.9,"    ","P",0.007,
100,2.0,"    ","P",0.310,
100,3.0,"    ","P",1.644,
100,3.1,"    ","P",1.628,
100,3.2,"    ","P",1.692,
100,3.3,"    ","P",1.727,
100,3.4,"    ","P",2.847,
100,4.0,"    ","P",12.223,
100,4.1,"    ","P",563.447,
100,4.2,"    ","P",8.142,
100,4.3,"    ","P",4.081,
100,4.4,"    ","P",15.000,
100,5.0,"    ","P",376.699,
100,5.1,"    ","P",374.732,
100,5.2,"    ","P",5.432,
100,5.3,"    ","P",131.241,
100,6.0,"    ","P",18.217,
100,7.0,"    ","P",9.627,
100,7.1,"    ","P",1.136,
100,7.2,"    ","P",1.022,
100,7.3,"    ","P",0.213,
100,7.4,"    ","P",18.224,
100,8.0,"    ","P",93.955,
100,8.1,"    ","P",7.332,
100,8.2,"    ","P",2.247,
100,8.3,"    ","P",76.540,
100,8.4,"    ","P",0.016,
100,8.5,"    ","P",0.000,
100,9.0,"    ","P",6.117,
100,10.0,"    ","P",496.558,
100,10.1,"    ","P",367.248,
100,10.2,"    ","P",129.310,
100,11.0,"    ","P",24.581,
100,12.0,"    ","P",1.000,
100,13.0,"    ","P",2.108,
100,13.1,"    ","P",1.750,
100,13.2,"    ","P",1.100,
100,14.0,"    ","P",0.479,
130,1,"06/26/2019  20:12:57","26062","P",,,1,1,0,
100,1.0,"    ","P",-0.545,
100,1.1,"    ","P",1.391,
100,1.2,"    ","P",-0.679,
100,1.3,"    ","P",0.005,
100,1.4,"    ","P",-0.659,
100,1.5,"    ","P",0.003,
100,1.6,"    ","P",-0.695,
100,1.7,"    ","P",0.011,
100,1.8,"    ","P",-0.662,
100,1.9,"    ","P",0.029,
100,2.0,"    ","P",0.310,
100,3.0,"    ","P",1.659,
100,3.1,"    ","P",1.642,
100,3.2,"    ","P",1.707,
100,3.3,"    ","P",1.743,
100,3.4,"    ","P",2.867,
100,4.0,"    ","P",12.293,
100,4.1,"    ","P",550.932,
100,4.2,"    ","P",8.230,
100,4.3,"    ","P",4.064,
100,4.4,"    ","P",15.000,
100,5.0,"    ","P",384.255,
100,5.1,"    ","P",382.584,
100,5.2,"    ","P",5.524,
100,5.3,"    ","P",130.679,
100,6.0,"    ","P",18.205,
100,7.0,"    ","P",9.408,
100,7.1,"    ","P",1.139,
100,7.2,"    ","P",1.024,
100,7.3,"    ","P",0.215,
100,7.4,"    ","P",18.053,
100,8.0,"    ","P",93.770,
100,8.1,"    ","P",7.332,
100,8.2,"    ","P",2.268,
100,8.3,"    ","P",76.374,
100,8.4,"    ","P",0.024,
100,8.5,"    ","P",0.000,
100,9.0,"    ","P",6.162,
100,10.0,"    ","P",504.679,
100,10.1,"    ","P",380.366,
100,10.2,"    ","P",124.313,
100,11.0,"    ","P",24.735,
100,12.0,"    ","P",1.000,
100,13.0,"    ","P",2.156,
100,13.1,"    ","P",1.750,
100,13.2,"    ","P",1.100,
100,14.0,"    ","P",0.477,
130,1,"06/26/2019  20:12:59","26063","P",,,1,1,0,
100,1.0,"    ","P",-0.545,
100,1.1,"    ","P",1.373,
100,1.2,"    ","P",-0.680,
100,1.3,"    ","P",0.007,
100,1.4,"    ","P",-0.659,
100,1.5,"    ","P",0.019,
100,1.6,"    ","P",-0.695,
100,1.7,"    ","P",-0.008,
100,1.8,"    ","P",-0.662,
100,1.9,"    ","P",-0.002,
100,2.0,"    ","P",0.310,
100,3.0,"    ","P",1.624,
100,3.1,"    ","P",1.606,
100,3.2,"    ","P",1.673,
100,3.3,"    ","P",1.710,
100,3.4,"    ","P",2.840,
100,4.0,"    ","P",12.244,
100,4.1,"    ","P",554.061,
100,4.2,"    ","P",8.181,
100,4.3,"    ","P",4.063,
100,4.4,"    ","P",15.000,
100,5.0,"    ","P",374.661,
100,5.1,"    ","P",372.715,
100,5.2,"    ","P",5.276,
100,5.3,"    ","P",131.304,
100,6.0,"    ","P",18.210,
100,7.0,"    ","P",9.502,
100,7.1,"    ","P",1.148,
100,7.2,"    ","P",1.034,
100,7.3,"    ","P",0.213,
100,7.4,"    ","P",18.242,
100,8.0,"    ","P",94.173,
100,8.1,"    ","P",7.303,
100,8.2,"    ","P",2.260,
100,8.3,"    ","P",76.364,
100,8.4,"    ","P",0.071,
100,8.5,"    ","P",0.000,
100,9.0,"    ","P",6.138,
100,10.0,"    ","P",500.618,
100,10.1,"    ","P",370.059,
100,10.2,"    ","P",130.559,
100,11.0,"    ","P",24.679,
100,12.0,"    ","P",1.000,
100,13.0,"    ","P",2.150,
100,13.1,"    ","P",1.750,
100,13.2,"    ","P",1.100,
100,14.0,"    ","P",0.478,
130,1,"06/26/2019  20:13:00","26064","P",,,1,1,0,
100,1.0,"    ","P",-0.545,
100,1.1,"    ","P",1.429,
100,1.2,"    ","P",-0.680,
100,1.3,"    ","P",0.004,
100,1.4,"    ","P",-0.659,
100,1.5,"    ","P",0.000,
100,1.6,"    ","P",-0.695,
100,1.7,"    ","P",0.014,
100,1.8,"    ","P",-0.662,
100,1.9,"    ","P",0.011,
100,2.0,"    ","P",0.310,
100,3.0,"    ","P",1.635,
100,3.1,"    ","P",1.617,
100,3.2,"    ","P",1.684,
100,3.3,"    ","P",1.720,
100,3.4,"    ","P",2.831,
100,4.0,"    ","P",12.261,
100,4.1,"    ","P",538.418,
100,4.2,"    ","P",8.193,
100,4.3,"    ","P",4.068,
100,4.4,"    ","P",15.000,
100,5.0,"    ","P",382.656,
100,5.1,"    ","P",380.870,
100,5.2,"    ","P",5.303,
100,5.3,"    ","P",131.585,
100,6.0,"    ","P",18.221,
100,7.0,"    ","P",9.439,
100,7.1,"    ","P",1.149,
100,7.2,"    ","P",1.033,
100,7.3,"    ","P",0.218,
100,7.4,"    ","P",17.933,
100,8.0,"    ","P",93.302,
100,8.1,"    ","P",7.380,
100,8.2,"    ","P",2.263,
100,8.3,"    ","P",76.530,
100,8.4,"    ","P",0.016,
100,8.5,"    ","P",0.000,
100,9.0,"    ","P",6.128,
100,10.0,"    ","P",505.928,
100,10.1,"    ","P",366.623,
100,10.2,"    ","P",139.305,
100,11.0,"    ","P",24.687,
100,12.0,"    ","P",1.000,
100,13.0,"    ","P",2.200,
100,13.1,"    ","P",1.750,
100,13.2,"    ","P",1.100,
100,14.0,"    ","P",0.477,
130,1,"06/26/2019  20:13:01","26065","P",,,1,1,0,
100,1.0,"    ","P",-0.545,
100,1.1,"    ","P",1.382,
100,1.2,"    ","P",-0.680,
100,1.3,"    ","P",0.005,
100,1.4,"    ","P",-0.659,
100,1.5,"    ","P",-0.019,
100,1.6,"    ","P",-0.695,
100,1.7,"    ","P",0.008,
100,1.8,"    ","P",-0.662,
100,1.9,"    ","P",0.004,
100,2.0,"    ","P",0.309,
100,3.0,"    ","P",1.664,
100,3.1,"    ","P",1.647,
100,3.2,"    ","P",1.710,
100,3.3,"    ","P",1.745,
100,3.4,"    ","P",2.889,
100,4.0,"    ","P",12.273,
100,4.1,"    ","P",579.090,
100,4.2,"    ","P",8.171,
100,4.3,"    ","P",4.102,
100,4.4,"    ","P",15.000,
100,5.0,"    ","P",377.828,
100,5.1,"    ","P",376.141,
100,5.2,"    ","P",5.379,
100,5.3,"    ","P",131.803,
100,6.0,"    ","P",18.217,
100,7.0,"    ","P",9.659,
100,7.1,"    ","P",1.142,
100,7.2,"    ","P",1.027,
100,7.3,"    ","P",0.204,
100,7.4,"    ","P",18.259,
100,8.0,"    ","P",95.490,
100,8.1,"    ","P",7.199,
100,8.2,"    ","P",2.227,
100,8.3,"    ","P",76.375,
100,8.4,"    ","P",0.014,
100,8.5,"    ","P",0.000,
100,9.0,"    ","P",6.148,
100,10.0,"    ","P",504.679,
100,10.1,"    ","P",373.494,
100,10.2,"    ","P",131.184,
100,11.0,"    ","P",24.674,
100,12.0,"    ","P",1.000,
100,13.0,"    ","P",2.155,
100,13.1,"    ","P",1.750,
100,13.2,"    ","P",1.100,
100,14.0,"    ","P",0.479,
130,1,"06/26/2019  20:13:03","26066","P",,,1,1,0,
100,1.0,"    ","P",-0.544,
100,1.1,"    ","P",1.432,
100,1.2,"    ","P",-0.679,
100,1.3,"    ","P",0.005,
100,1.4,"    ","P",-0.659,
100,1.5,"    ","P",0.003,
100,1.6,"    ","P",-0.698,
100,1.7,"    ","P",0.005,
100,1.8,"    ","P",-0.662,
100,1.9,"    ","P",0.023,
100,2.0,"    ","P",0.310,
100,3.0,"    ","P",1.651,
100,3.1,"    ","P",1.634,
100,3.2,"    ","P",1.700,
100,3.3,"    ","P",1.738,
100,3.4,"    ","P",2.905,
100,4.0,"    ","P",12.333,
100,4.1,"    ","P",547.804,
100,4.2,"    ","P",8.223,
100,4.3,"    ","P",4.110,
100,4.4,"    ","P",15.000,
100,5.0,"    ","P",383.628,
100,5.1,"    ","P",381.870,
100,5.2,"    ","P",5.823,
100,5.3,"    ","P",130.804,
100,6.0,"    ","P",18.213,
100,7.0,"    ","P",9.533,
100,7.1,"    ","P",1.146,
100,7.2,"    ","P",1.034,
100,7.3,"    ","P",0.222,
100,7.4,"    ","P",18.139,
100,8.0,"    ","P",92.751,
100,8.1,"    ","P",7.351,
100,8.2,"    ","P",2.354,
100,8.3,"    ","P",75.742,
100,8.4,"    ","P",0.024,
100,8.5,"    ","P",0.000,
100,9.0,"    ","P",6.143,
100,10.0,"    ","P",498.119,
100,10.1,"    ","P",365.374,
100,10.2,"    ","P",132.746,
100,11.0,"    ","P",24.815,
100,12.0,"    ","P",1.000,
100,13.0,"    ","P",2.169,
100,13.1,"    ","P",1.750,
100,13.2,"    ","P",1.100,
100,14.0,"    ","P",0.477,
130,1,"06/26/2019  20:13:04","26067","P",,,1,1,0,
100,1.0,"    ","P",-0.544,
100,1.1,"    ","P",1.401,
100,1.2,"    ","P",-0.679,
100,1.3,"    ","P",0.006,
100,1.4,"    ","P",-0.658,
100,1.5,"    ","P",0.013,
100,1.6,"    ","P",-0.698,
100,1.7,"    ","P",0.023,
100,1.8,"    ","P",-0.662,
100,1.9,"    ","P",0.011,
100,2.0,"    ","P",0.310,
100,3.0,"    ","P",1.643,
100,3.1,"    ","P",1.626,
100,3.2,"    ","P",1.691,
100,3.3,"    ","P",1.724,
100,3.4,"    ","P",2.870,
100,4.0,"    ","P",12.274,
100,4.1,"    ","P",554.061,
100,4.2,"    ","P",8.205,
100,4.3,"    ","P",4.069,
100,4.4,"    ","P",15.000,
100,5.0,"    ","P",383.001,
100,5.1,"    ","P",381.412,
100,5.2,"    ","P",5.536,
100,5.3,"    ","P",129.398,
100,6.0,"    ","P",18.209,
100,7.0,"    ","P",9.251,
100,7.1,"    ","P",1.147,
100,7.2,"    ","P",1.033,
100,7.3,"    ","P",0.208,
100,7.4,"    ","P",18.224,
100,8.0,"    ","P",94.896,
100,8.1,"    ","P",7.320,
100,8.2,"    ","P",2.164,
100,8.3,"    ","P",77.185,
100,8.4,"    ","P",0.016,
100,8.5,"    ","P",0.000,
100,9.0,"    ","P",6.137,
100,10.0,"    ","P",501.243,
100,10.1,"    ","P",356.316,
100,10.2,"    ","P",144.927,
100,11.0,"    ","P",24.730,
100,12.0,"    ","P",1.000,
100,13.0,"    ","P",2.172,
100,13.1,"    ","P",1.750,
100,13.2,"    ","P",1.100,
100,14.0,"    ","P",0.477,
130,1,"06/26/2019  20:13:06","26068","P",,,1,1,0,
100,1.0,"    ","P",-0.544,
100,1.1,"    ","P",1.382,
100,1.2,"    ","P",-0.678,
100,1.3,"    ","P",0.004,
100,1.4,"    ","P",-0.658,
100,1.5,"    ","P",-0.019,
100,1.6,"    ","P",-0.695,
100,1.7,"    ","P",0.011,
100,1.8,"    ","P",-0.661,
100,1.9,"    ","P",0.001,
100,2.0,"    ","P",0.349,
100,3.0,"    ","P",1.669,
100,3.1,"    ","P",1.652,
100,3.2,"    ","P",1.716,
100,3.3,"    ","P",1.751,
100,3.4,"    ","P",2.918,
100,4.0,"    ","P",12.324,
100,4.1,"    ","P",554.061,
100,4.2,"    ","P",8.253,
100,4.3,"    ","P",4.071,
100,4.4,"    ","P",15.000,
100,5.0,"    ","P",390.118,
100,5.1,"    ","P",388.412,
100,5.2,"    ","P",5.395,
100,5.3,"    ","P",130.335,
100,6.0,"    ","P",18.208,
100,7.0,"    ","P",9.596,
100,7.1,"    ","P",1.122,
100,7.2,"    ","P",1.007,
100,7.3,"    ","P",0.218,
100,7.4,"    ","P",17.950,
100,8.0,"    ","P",93.282,
100,8.1,"    ","P",7.345,
100,8.2,"    ","P",2.306,
100,8.3,"    ","P",76.108,
100,8.4,"    ","P",0.023,
100,8.5,"    ","P",0.000,
100,9.0,"    ","P",6.153,
100,10.0,"    ","P",506.240,
100,10.1,"    ","P",365.686,
100,10.2,"    ","P",140.554,
100,11.0,"    ","P",24.820,
100,12.0,"    ","P",1.000,
100,13.0,"    ","P",2.182,
100,13.1,"    ","P",1.750,
100,13.2,"    ","P",1.100,
100,14.0,"    ","P",0.478,
130,1,"06/26/2019  20:13:07","26069","P",,,1,1,0,
100,1.0,"    ","P",-0.544,
100,1.1,"    ","P",1.410,
100,1.2,"    ","P",-0.679,
100,1.3,"    ","P",0.005,
100,1.4,"    ","P",-0.658,
100,1.5,"    ","P",-0.019,
100,1.6,"    ","P",-0.698,
100,1.7,"    ","P",0.045,
100,1.8,"    ","P",-0.661,
100,1.9,"    ","P",0.020,
100,2.0,"    ","P",0.309,
100,3.0,"    ","P",1.657,
100,3.1,"    ","P",1.640,
100,3.2,"    ","P",1.705,
100,3.3,"    ","P",1.738,
100,3.4,"    ","P",2.888,
100,4.0,"    ","P",12.275,
100,4.1,"    ","P",547.804,
100,4.2,"    ","P",8.194,
100,4.3,"    ","P",4.081,
100,4.4,"    ","P",15.000,
100,5.0,"    ","P",381.433,
100,5.1,"    ","P",379.972,
100,5.2,"    ","P",5.511,
100,5.3,"    ","P",130.398,
100,6.0,"    ","P",18.259,
100,7.0,"    ","P",9.565,
100,7.1,"    ","P",1.152,
100,7.2,"    ","P",1.040,
100,7.3,"    ","P",0.209,
100,7.4,"    ","P",18.139,
100,8.0,"    ","P",94.478,
100,8.1,"    ","P",7.277,
100,8.2,"    ","P",2.251,
100,8.3,"    ","P",76.378,
100,8.4,"    ","P",0.005,
100,8.5,"    ","P",0.000,
100,9.0,"    ","P",6.123,
100,10.0,"    ","P",500.618,
100,10.1,"    ","P",370.996,
100,10.2,"    ","P",129.622,
100,11.0,"    ","P",24.718,
100,12.0,"    ","P",1.000,
100,13.0,"    ","P",2.146,
100,13.1,"    ","P",1.750,
100,13.2,"    ","P",1.100,
100,14.0,"    ","P",0.478,
130,1,"06/26/2019  20:13:08","26070","P",,,1,1,0,
100,1.0,"    ","P",-0.545,
100,1.1,"    ","P",1.438,
100,1.2,"    ","P",-0.678,
100,1.3,"    ","P",0.004,
100,1.4,"    ","P",-0.658,
100,1.5,"    ","P",0.019,
100,1.6,"    ","P",-0.696,
100,1.7,"    ","P",-0.039,
100,1.8,"    ","P",-0.662,
100,1.9,"    ","P",0.032,
100,2.0,"    ","P",0.309,
100,3.0,"    ","P",1.654,
100,3.1,"    ","P",1.637,
100,3.2,"    ","P",1.701,
100,3.3,"    ","P",1.735,
100,3.4,"    ","P",2.863,
100,4.0,"    ","P",12.313,
100,4.1,"    ","P",557.190,
100,4.2,"    ","P",8.205,
100,4.3,"    ","P",4.108,
100,4.4,"    ","P",15.000,
100,5.0,"    ","P",386.042,
100,5.1,"    ","P",384.193,
100,5.2,"    ","P",5.641,
100,5.3,"    ","P",130.585,
100,6.0,"    ","P",18.221,
100,7.0,"    ","P",9.690,
100,7.1,"    ","P",1.140,
100,7.2,"    ","P",1.025,
100,7.3,"    ","P",0.212,
100,7.4,"    ","P",17.847,
100,8.0,"    ","P",94.189,
100,8.1,"    ","P",7.337,
100,8.2,"    ","P",2.221,
100,8.3,"    ","P",76.759,
100,8.4,"    ","P",0.019,
100,8.5,"    ","P",0.000,
100,9.0,"    ","P",6.128,
100,10.0,"    ","P",514.674,
100,10.1,"    ","P",366.623,
100,10.2,"    ","P",148.051,
100,11.0,"    ","P",24.814,
100,12.0,"    ","P",1.000,
100,13.0,"    ","P",2.139,
100,13.1,"    ","P",1.750,
100,13.2,"    ","P",1.100,
100,14.0,"    ","P",0.475,
130,1,"06/26/2019  20:13:10","26071","P",,,1,1,0,
999,
50,1,"P",20,"PASS",
50,5,"F",0,"Continuity",
50,6,"F",0,"IDSS",
50,7,"F",0,"IOP",
50,8,"F",0,"UVLO",
50,9,"F",0,"IFB",
50,10,"F",0,"TSS",
50,11,"F",0,"VStr",
50,12,"F",0,"FOSC",
50,13,"F",0,"VSD",
50,14,"F",0,"BURST",
50,15,"F",0,"VOVP",
50,16,"F",0,"AR",
50,17,"F",0,"ILIMIT",
50,18,"F",0,"IDSS1",
50,19,"F",0,"",
50,20,"F",0,"",
50,21,"F",0,"",
50,22,"F",0,"",
50,23,"F",0,"",
50,24,"F",0,"",
50,25,"F",0,"",
50,32,"A",0,"Alarm Bin",
60,1,"P",20,"PASS",
60,3,"F",0,"Continuity",
60,4,"F",0,"IDSS",
2,1.-1,"Continuity",20,0,
1,1.0,"OS_VCC",20,0,
1,1.1,"ICCLKG",20,0,
1,1.2,"OS_DRAIN",20,0,
1,1.3,"IDLKG",20,0,
1,1.4,"OS_VFB",20,0,
1,1.5,"IFBLKG",20,0,
1,1.6,"OS_VSTR",20,0,
1,1.7,"ISTRLKG",20,0,
1,1.8,"OS_RLIM",20,0,
1,1.9,"IRLLKG",20,0,
2,2.-1,"IDSS",20,0,
1,2.0,"IDSS",20,0,
2,3.-1,"Vcc_Current",20,0,
1,3.0,"IOP",20,0,
1,3.1,"IOPMIN",20,0,
1,3.2,"IOPMAX26",20,0,
1,3.3,"IOPMAX30",20,0,
1,3.4,"IOPSW",20,0,
2,4.-1,"UVLO",20,0,
1,4.0,"VSTART",20,0,
1,4.1,"ISTART",20,0,
1,4.2,"VSTOP",20,0,
1,4.3,"UVLO_HYS",20,0,
1,4.4,"DIVSTOP",20,0,
2,5.-1,"Vfb_Current",20,0,
1,5.0,"IFB",20,0,
1,5.1,"IPK",20,0,
1,5.2,"IDELAY",20,0,
1,5.3,"VFBOFF",20,0,
2,6.-1,"TSS",20,0,
1,6.0,"TSS",20,0,
2,7.-1,"Start_Current",20,0,
1,7.0,"IJLKG",20,0,
1,7.1,"ICH",20,0,
1,7.2,"ISTRVCC",20,0,
1,7.3,"ISTD",20,0,
1,7.4,"VSTR",20,0,
2,8.-1,"FOSC",20,0,
1,8.0,"FSS",20,0,
1,8.1,"TON_MAX",20,0,
1,8.2,"TOFF_MAX",20,0,
1,8.3,"DMAX",20,0,
1,8.4,"Fstable",20,0,
1,8.5,"Dmin",20,0,
2,9.-1,"VSD",20,0,
1,9.0,"VSD",20,0,
2,10.-1,"Burst_Thershold",20,0,
1,10.0,"VBURH",20,0,
1,10.1,"VBURL",20,0,
1,10.2,"Burst_Hys",20,0,
2,11.-1,"VOVP",20,0,
1,11.0,"VOVP",20,0,
2,12.-1,"AR",20,0,
1,12.0,"AR",20,0,
2,13.-1,"ILIMIT",20,0,
1,13.0,"ILIM",20,0,
1,13.1,"SILIM1",20,0,
1,13.2,"SILIM2",20,0,
2,14.-1,"IDSS1",20,0,
1,14.0,"IDSS1",20,0,
3, 20, 20, 627122, 0, 0,
250,1,1,20,
250,1,5,0,
250,1,6,0,
250,1,7,0,
250,1,8,0,
250,1,9,0,
250,1,10,0,
250,1,11,0,
250,1,12,0,
250,1,13,0,
250,1,14,0,
250,1,15,0,
250,1,16,0,
250,1,17,0,
250,1,18,0,
250,1,19,0,
250,1,20,0,
250,1,21,0,
250,1,22,0,
250,1,23,0,
250,1,24,0,
250,1,25,0,
250,1,32,0,
260,1,1,20,
260,1,3,0,
260,1,4,0,
202,1,1.-1,20,0,
201,1,1.0,20,0,
201,1,1.1,20,0,
201,1,1.2,20,0,
201,1,1.3,20,0,
201,1,1.4,20,0,
201,1,1.5,20,0,
201,1,1.6,20,0,
201,1,1.7,20,0,
201,1,1.8,20,0,
201,1,1.9,20,0,
202,1,2.-1,20,0,
201,1,2.0,20,0,
202,1,3.-1,20,0,
201,1,3.0,20,0,
201,1,3.1,20,0,
201,1,3.2,20,0,
201,1,3.3,20,0,
201,1,3.4,20,0,
202,1,4.-1,20,0,
201,1,4.0,20,0,
201,1,4.1,20,0,
201,1,4.2,20,0,
201,1,4.3,20,0,
201,1,4.4,20,0,
202,1,5.-1,20,0,
201,1,5.0,20,0,
201,1,5.1,20,0,
201,1,5.2,20,0,
201,1,5.3,20,0,
202,1,6.-1,20,0,
201,1,6.0,20,0,
202,1,7.-1,20,0,
201,1,7.0,20,0,
201,1,7.1,20,0,
201,1,7.2,20,0,
201,1,7.3,20,0,
201,1,7.4,20,0,
202,1,8.-1,20,0,
201,1,8.0,20,0,
201,1,8.1,20,0,
201,1,8.2,20,0,
201,1,8.3,20,0,
201,1,8.4,20,0,
201,1,8.5,20,0,
202,1,9.-1,20,0,
201,1,9.0,20,0,
202,1,10.-1,20,0,
201,1,10.0,20,0,
201,1,10.1,20,0,
201,1,10.2,20,0,
202,1,11.-1,20,0,
201,1,11.0,20,0,
202,1,12.-1,20,0,
201,1,12.0,20,0,
202,1,13.-1,20,0,
201,1,13.0,20,0,
201,1,13.1,20,0,
201,1,13.2,20,0,
202,1,14.-1,20,0,
201,1,14.0,20,0,
203,1,20,20,0,
250,2,1,0,
250,2,5,0,
250,2,6,0,
250,2,7,0,
250,2,8,0,
250,2,9,0,
250,2,10,0,
250,2,11,0,
250,2,12,0,
250,2,13,0,
250,2,14,0,
250,2,15,0,
250,2,16,0,
250,2,17,0,
250,2,18,0,
250,2,19,0,
250,2,20,0,
250,2,21,0,
250,2,22,0,
250,2,23,0,
250,2,24,0,
250,2,25,0,
250,2,32,0,
260,2,1,0,
260,2,3,0,
260,2,4,0,
202,2,1.-1,0,0,
202,2,2.-1,0,0,
202,2,3.-1,0,0,
202,2,4.-1,0,0,
202,2,5.-1,0,0,
202,2,6.-1,0,0,
202,2,7.-1,0,0,
202,2,8.-1,0,0,
202,2,9.-1,0,0,
202,2,10.-1,0,0,
202,2,11.-1,0,0,
202,2,12.-1,0,0,
202,2,13.-1,0,0,
202,2,14.-1,0,0,
203,2,0,0,0,
300,-1,1.0,20,-0.545,0.000,-0.546,-0.544,
301,-1,1.0,27,25,22,20,
300,-1,1.1,20,1.402,0.023,1.366,1.442,
301,-1,1.1,27,25,15,18,16,2,
300,-1,1.2,20,-0.679,0.001,-0.682,-0.676,
301,-1,1.2,27,25,21,20,
300,-1,1.3,20,0.006,0.003,0.003,0.016,
301,-1,1.3,27,25,8,20,
300,-1,1.4,20,-0.659,0.001,-0.660,-0.658,
301,-1,1.4,27,25,21,20,
300,-1,1.5,20,0.002,0.021,-0.056,0.031,
301,-1,1.5,27,25,8,20,
300,-1,1.6,20,-0.696,0.001,-0.698,-0.695,
301,-1,1.6,27,25,21,20,
300,-1,1.7,20,0.002,0.021,-0.039,0.045,
301,-1,1.7,27,25,8,20,
300,-1,1.8,20,-0.662,0.001,-0.663,-0.661,
301,-1,1.8,27,25,21,20,
300,-1,1.9,20,0.008,0.015,-0.024,0.032,
301,-1,1.9,27,25,8,20,
300,-1,2.0,20,0.313,0.011,0.309,0.349,
301,-1,2.0,27,25,16,20,
300,-1,3.0,20,1.652,0.012,1.624,1.671,
301,-1,3.0,27,25,12,18,13,2,
300,-1,3.1,20,1.634,0.013,1.606,1.653,
301,-1,3.1,27,25,11,3,12,17,
300,-1,3.2,20,1.700,0.012,1.673,1.720,
301,-1,3.2,27,25,13,17,14,3,
300,-1,3.3,20,1.734,0.012,1.710,1.753,
301,-1,3.3,27,25,13,1,14,19,
300,-1,3.4,20,2.880,0.027,2.831,2.927,
301,-1,3.4,27,25,16,1,17,19,
300,-1,4.0,20,12.287,0.042,12.223,12.364,
301,-1,4.0,27,25,15,2,16,14,17,4,
300,-1,4.1,20,554.374,9.298,535.289,579.090,
301,-1,4.1,27,25,16,5,17,13,18,1,19,1,
300,-1,4.2,20,8.205,0.031,8.142,8.262,
301,-1,4.2,27,25,14,1,15,16,16,3,
300,-1,4.3,20,4.082,0.022,4.046,4.122,
301,-1,4.3,27,25,13,13,14,7,
300,-1,4.4,20,15.000,0.000,15.000,15.000,
301,-1,4.4,27,25,13,20,
300,-1,5.0,20,383.449,5.743,374.410,394.727,
301,-1,5.0,27,25,10,6,11,9,12,5,
300,-1,5.1,20,381.734,5.757,372.612,392.881,
301,-1,5.1,27,25,9,2,10,7,11,8,12,3,
300,-1,5.2,20,5.434,0.150,5.220,5.823,
301,-1,5.2,27,25,15,6,16,7,17,6,19,1,
300,-1,5.3,20,131.246,0.725,129.398,132.084,
301,-1,5.3,27,25,16,20,
300,-1,6.0,20,18.216,0.013,18.204,18.259,
301,-1,6.0,27,25,10,20,
300,-1,7.0,20,9.450,0.139,9.220,9.690,
301,-1,7.0,27,25,8,20,
300,-1,7.1,20,1.148,0.013,1.122,1.172,
301,-1,7.1,27,25,14,1,15,11,16,6,17,2,
300,-1,7.2,20,1.033,0.013,1.007,1.058,
301,-1,7.2,27,25,12,1,13,14,14,5,
300,-1,7.3,20,0.211,0.005,0.204,0.222,
301,-1,7.3,27,25,3,20,
300,-1,7.4,20,18.134,0.289,17.642,18.841,
301,-1,7.4,27,25,9,3,10,15,11,2,
300,-1,8.0,20,94.326,0.808,92.751,95.562,
301,-1,8.0,27,25,5,1,6,5,7,7,8,7,
300,-1,8.1,20,7.299,0.060,7.199,7.389,
301,-1,8.1,27,25,8,5,9,12,10,3,
300,-1,8.2,20,2.245,0.047,2.160,2.354,
301,-1,8.2,27,25,11,4,12,10,13,5,14,1,
300,-1,8.3,20,76.479,0.383,75.742,77.185,
301,-1,8.3,27,25,11,4,12,10,13,6,
300,-1,8.4,20,0.020,0.013,0.005,0.071,
301,-1,8.4,27,25,3,20,
300,-1,8.5,20,0.000,0.000,0.000,0.000,
301,-1,8.5,27,25,13,20,
300,-1,9.0,20,6.140,0.017,6.117,6.183,
301,-1,9.0,27,25,15,1,16,18,17,1,
300,-1,10.0,20,505.116,6.174,496.558,519.983,
301,-1,10.0,27,25,13,9,14,8,15,3,
300,-1,10.1,20,370.605,5.348,356.316,380.366,
301,-1,10.1,27,25,14,1,15,12,16,7,
300,-1,10.2,20,134.511,6.586,124.313,148.051,
301,-1,10.2,27,25,10,2,11,11,12,6,13,1,
300,-1,11.0,20,24.733,0.097,24.569,24.889,
301,-1,11.0,27,25,17,3,18,10,19,7,
300,-1,12.0,20,1.000,0.000,1.000,1.000,
301,-1,12.0,27,25,23,20,
300,-1,13.0,20,2.166,0.030,2.108,2.221,
301,-1,13.0,27,25,11,1,13,10,14,4,15,3,16,2,
300,-1,13.1,20,1.750,0.000,1.750,1.750,
301,-1,13.1,27,25,14,20,
300,-1,13.2,20,1.100,0.000,1.100,1.100,
301,-1,13.2,27,25,14,20,
300,-1,14.0,20,0.477,0.001,0.475,0.480,
301,-1,14.0,27,25,18,20,
300,1,1.0,20,-0.545,0.000,-0.546,-0.544,
301,1,1.0,27,25,22,20,
300,1,1.1,20,1.402,0.023,1.366,1.442,
301,1,1.1,27,25,15,18,16,2,
300,1,1.2,20,-0.679,0.001,-0.682,-0.676,
301,1,1.2,27,25,21,20,
300,1,1.3,20,0.006,0.003,0.003,0.016,
301,1,1.3,27,25,8,20,
300,1,1.4,20,-0.659,0.001,-0.660,-0.658,
301,1,1.4,27,25,21,20,
300,1,1.5,20,0.002,0.021,-0.056,0.031,
301,1,1.5,27,25,8,20,
300,1,1.6,20,-0.696,0.001,-0.698,-0.695,
301,1,1.6,27,25,21,20,
300,1,1.7,20,0.002,0.021,-0.039,0.045,
301,1,1.7,27,25,8,20,
300,1,1.8,20,-0.662,0.001,-0.663,-0.661,
301,1,1.8,27,25,21,20,
300,1,1.9,20,0.008,0.015,-0.024,0.032,
301,1,1.9,27,25,8,20,
300,1,2.0,20,0.313,0.011,0.309,0.349,
301,1,2.0,27,25,16,20,
300,1,3.0,20,1.652,0.012,1.624,1.671,
301,1,3.0,27,25,12,18,13,2,
300,1,3.1,20,1.634,0.013,1.606,1.653,
301,1,3.1,27,25,11,3,12,17,
300,1,3.2,20,1.700,0.012,1.673,1.720,
301,1,3.2,27,25,13,17,14,3,
300,1,3.3,20,1.734,0.012,1.710,1.753,
301,1,3.3,27,25,13,1,14,19,
300,1,3.4,20,2.880,0.027,2.831,2.927,
301,1,3.4,27,25,16,1,17,19,
300,1,4.0,20,12.287,0.042,12.223,12.364,
301,1,4.0,27,25,15,2,16,14,17,4,
300,1,4.1,20,554.374,9.298,535.289,579.090,
301,1,4.1,27,25,16,5,17,13,18,1,19,1,
300,1,4.2,20,8.205,0.031,8.142,8.262,
301,1,4.2,27,25,14,1,15,16,16,3,
300,1,4.3,20,4.082,0.022,4.046,4.122,
301,1,4.3,27,25,13,13,14,7,
300,1,4.4,20,15.000,0.000,15.000,15.000,
301,1,4.4,27,25,13,20,
300,1,5.0,20,383.449,5.743,374.410,394.727,
301,1,5.0,27,25,10,6,11,9,12,5,
300,1,5.1,20,381.734,5.757,372.612,392.881,
301,1,5.1,27,25,9,2,10,7,11,8,12,3,
300,1,5.2,20,5.434,0.150,5.220,5.823,
301,1,5.2,27,25,15,6,16,7,17,6,19,1,
300,1,5.3,20,131.246,0.725,129.398,132.084,
301,1,5.3,27,25,16,20,
300,1,6.0,20,18.216,0.013,18.204,18.259,
301,1,6.0,27,25,10,20,
300,1,7.0,20,9.450,0.139,9.220,9.690,
301,1,7.0,27,25,8,20,
300,1,7.1,20,1.148,0.013,1.122,1.172,
301,1,7.1,27,25,14,1,15,11,16,6,17,2,
300,1,7.2,20,1.033,0.013,1.007,1.058,
301,1,7.2,27,25,12,1,13,14,14,5,
300,1,7.3,20,0.211,0.005,0.204,0.222,
301,1,7.3,27,25,3,20,
300,1,7.4,20,18.134,0.289,17.642,18.841,
301,1,7.4,27,25,9,3,10,15,11,2,
300,1,8.0,20,94.326,0.808,92.751,95.562,
301,1,8.0,27,25,5,1,6,5,7,7,8,7,
300,1,8.1,20,7.299,0.060,7.199,7.389,
301,1,8.1,27,25,8,5,9,12,10,3,
300,1,8.2,20,2.245,0.047,2.160,2.354,
301,1,8.2,27,25,11,4,12,10,13,5,14,1,
300,1,8.3,20,76.479,0.383,75.742,77.185,
301,1,8.3,27,25,11,4,12,10,13,6,
300,1,8.4,20,0.020,0.013,0.005,0.071,
301,1,8.4,27,25,3,20,
300,1,8.5,20,0.000,0.000,0.000,0.000,
301,1,8.5,27,25,13,20,
300,1,9.0,20,6.140,0.017,6.117,6.183,
301,1,9.0,27,25,15,1,16,18,17,1,
300,1,10.0,20,505.116,6.174,496.558,519.983,
301,1,10.0,27,25,13,9,14,8,15,3,
300,1,10.1,20,370.605,5.348,356.316,380.366,
301,1,10.1,27,25,14,1,15,12,16,7,
300,1,10.2,20,134.511,6.586,124.313,148.051,
301,1,10.2,27,25,10,2,11,11,12,6,13,1,
300,1,11.0,20,24.733,0.097,24.569,24.889,
301,1,11.0,27,25,17,3,18,10,19,7,
300,1,12.0,20,1.000,0.000,1.000,1.000,
301,1,12.0,27,25,23,20,
300,1,13.0,20,2.166,0.030,2.108,2.221,
301,1,13.0,27,25,11,1,13,10,14,4,15,3,16,2,
300,1,13.1,20,1.750,0.000,1.750,1.750,
301,1,13.1,27,25,14,20,
300,1,13.2,20,1.100,0.000,1.100,1.100,
301,1,13.2,27,25,14,20,
300,1,14.0,20,0.477,0.001,0.475,0.480,
301,1,14.0,27,25,18,20,
30,"06/26/2019  20:12:43","06/26/2019  20:13:10",
