120,1,"ETS364B",2,8,"CUJ250013_R25_BINR","1","DINO","FSC1-ETS364","2011A [2011.1.2.21]","2.04",
125,P,"","","","LoadBoard:,5",
140,1,"c:\ETS\WORK\FSL116LR_01_ATEC.DLL","FSL116LR_01_ATEC","1.0","05/17/2009","06/26/2019",
140,2,"c:\ETS\WORK\FSL116LR_01_ATEC.pds","FSL116LR_01_ATEC","3.00","05/17/2009","08/01/2013",
140,3,"c:\ETS\WORK\FSL116LR_01_ATEC.evd","<not available>","1.0","05/17/2009","08/14/2009",
140,4,"FSL116LR_01_ATEC","FPSÄATEC","1.0","05/17/2009","06/26/2019",
145,"WARNING: Detected Boards using Default Calibration",
10,1.0,3,-0.400,-3.000,"V","OS_VCC",
10,1.1,3,2.900,-1.000,"UA","ICCLKG",
10,1.2,3,-0.400,-3.000,"V","OS_DRAIN",
10,1.3,3,2.900,-1.000,"UA","IDLKG",
10,1.4,3,-0.400,-3.000,"V","OS_VFB",
10,1.5,3,2.900,-1.000,"UA","IFBLKG",
10,1.6,3,-0.400,-3.000,"V","OS_VSTR",
10,1.7,3,2.900,-1.000,"UA","ISTRLKG",
10,1.8,3,-0.400,-3.000,"V","OS_RLIM",
10,1.9,3,2.900,-1.000,"UA","IRLLKG",
10,2.0,3,1.000,-1.000,"uA","IDSS",
10,3.0,3,2.470,1.140,"mA","IOP",
10,3.1,3,2.470,1.140,"mA","IOPMIN",
10,3.2,3,2.470,1.140,"mA","IOPMAX26",
10,3.3,3,2.470,1.140,"mA","IOPMAX30",
10,3.4,3,3.450,1.550,"mA","IOPSW",
10,4.0,3,12.950,11.050,"V","VSTART",
10,4.1,3,640.000,360.000,"uA","ISTART",
10,4.2,3,8.950,7.050,"V","VSTOP",
10,4.3,3,5.900,2.100,"V","UVLO_HYS",
10,4.4,3,28.000,-1.000,"uA","DIVSTOP",
10,5.0,3,476.000,324.000,"uA","IFB",
10,5.1,3,476.000,324.000,"uA","IPK",
10,5.2,3,6.425,3.575,"uA","IDELAY",
10,5.3,3,195.000,20.000,"mV","VFBOFF",
10,6.0,3,24.750,15.250,"mS","TSS",
10,7.0,3,100.000,-20.000,"nA","IJLKG",
10,7.1,3,1.290,0.910,"mA","ICH",
10,7.2,3,1.290,0.810,"mA","ISTRVCC",
10,7.3,3,19.500,0.000,"uA","ISTD",
10,7.4,3,26.000,14.000,"V","VSTR",
10,8.0,3,54.000,46.000,"KHz","FSS",
10,8.1,3,18.350,12.450,"uS","TON_MAX",
10,8.2,3,5.950,3.250,"uS","TOFF_MAX",
10,8.3,3,82.700,71.300,"%","DMAX",
10,8.4,3,2.850,0.000,"%","Fstable",
10,8.5,3,1.000,-1.000,"%","Dmin",
10,9.0,3,6.475,5.525,"V","VSD",
10,10.0,3,710.000,490.000,"mV","VBURH",
10,10.1,3,570.000,330.000,"mV","VBURL",
10,10.2,3,240.000,60.000,"mV","Burst_Hys",
10,11.0,3,25.425,22.575,"V","VOVP",
10,12.0,3,1.000,0.000,"","AR",
10,13.0,3,1.330,1.070,"A","ILIM",
10,13.1,3,1.090,0.830,"A","SILIM1",
10,13.2,3,0.730,0.470,"A","SILIM2",
10,14.0,3,1.000,-1.000,"uA","IDSS1",
100,1.0,"    ","P",-0.540,
100,1.1,"    ","P",1.354,
100,1.2,"    ","P",-0.707,
100,1.3,"    ","P",0.011,
100,1.4,"    ","P",-0.656,
100,1.5,"    ","P",0.000,
100,1.6,"    ","P",-0.694,
100,1.7,"    ","P",0.030,
100,1.8,"    ","P",-0.659,
100,1.9,"    ","P",-0.011,
100,2.0,"    ","P",0.368,
100,3.0,"    ","P",1.668,
100,3.1,"    ","P",1.650,
100,3.2,"    ","P",1.714,
100,3.3,"    ","P",1.752,
100,3.4,"    ","P",2.393,
100,4.0,"    ","P",12.255,
100,4.1,"    ","P",537.349,
100,4.2,"    ","P",8.201,
100,4.3,"    ","P",4.054,
100,4.4,"    ","P",7.689,
100,5.0,"    ","P",394.351,
100,5.1,"    ","P",392.712,
100,5.2,"    ","P",5.689,
100,5.3,"    ","P",130.679,
100,6.0,"    ","P",20.249,
100,7.0,"    ","P",11.382,
100,7.1,"    ","P",1.140,
100,7.2,"    ","P",1.030,
100,7.3,"    ","P",0.235,
100,7.4,"    ","P",18.053,
100,8.0,"    ","P",49.107,
100,8.1,"    ","P",14.832,
100,8.2,"    ","P",4.562,
100,8.3,"    ","P",76.479,
100,8.4,"    ","P",0.007,
100,8.5,"    ","P",0.000,
100,9.0,"    ","P",6.118,
100,10.0,"    ","P",612.749,
100,10.1,"    ","P",479.066,
100,10.2,"    ","P",133.683,
100,11.0,"    ","P",24.082,
100,12.0,"    ","P",1.000,
100,13.0,"    ","P",1.201,
100,13.1,"    ","P",0.950,
100,13.2,"    ","P",0.600,
100,14.0,"    ","P",0.514,
130,1,"06/27/2019  05:18:40","0","P",,,1,1,0,
100,1.0,"    ","P",-0.541,
100,1.1,"    ","P",1.404,
100,1.2,"    ","P",-0.707,
100,1.3,"    ","P",-0.016,
100,1.4,"    ","P",-0.657,
100,1.5,"    ","P",-0.012,
100,1.6,"    ","P",-0.694,
100,1.7,"    ","P",-0.014,
100,1.8,"    ","P",-0.660,
100,1.9,"    ","P",0.032,
100,2.0,"    ","P",0.293,
100,3.0,"    ","P",1.685,
100,3.1,"    ","P",1.668,
100,3.2,"    ","P",1.731,
100,3.3,"    ","P",1.761,
100,3.4,"    ","P",2.395,
100,4.0,"    ","P",12.334,
100,4.1,"    ","P",546.201,
100,4.2,"    ","P",8.217,
100,4.3,"    ","P",4.117,
100,4.4,"    ","P",4.477,
100,5.0,"    ","P",396.451,
100,5.1,"    ","P",394.738,
100,5.2,"    ","P",5.463,
100,5.3,"    ","P",130.616,
100,6.0,"    ","P",20.246,
100,7.0,"    ","P",11.131,
100,7.1,"    ","P",1.139,
100,7.2,"    ","P",1.029,
100,7.3,"    ","P",0.219,
100,7.4,"    ","P",18.036,
100,8.0,"    ","P",49.695,
100,8.1,"    ","P",14.734,
100,8.2,"    ","P",4.411,
100,8.3,"    ","P",76.962,
100,8.4,"    ","P",0.011,
100,8.5,"    ","P",0.000,
100,9.0,"    ","P",6.103,
100,10.0,"    ","P",588.699,
100,10.1,"    ","P",465.636,
100,10.2,"    ","P",123.063,
100,11.0,"    ","P",24.265,
100,12.0,"    ","P",1.000,
100,13.0,"    ","P",1.206,
100,13.1,"    ","P",0.950,
100,13.2,"    ","P",0.600,
100,14.0,"    ","P",0.507,
130,1,"06/27/2019  05:18:42","0","P",,,1,1,0,
100,1.0,"    ","P",-0.540,
100,1.1,"    ","P",1.413,
100,1.2,"    ","P",-0.706,
100,1.3,"    ","P",-0.021,
100,1.4,"    ","P",-0.656,
100,1.5,"    ","P",0.006,
100,1.6,"    ","P",-0.694,
100,1.7,"    ","P",0.017,
100,1.8,"    ","P",-0.659,
100,1.9,"    ","P",0.001,
100,2.0,"    ","P",0.290,
100,3.0,"    ","P",1.688,
100,3.1,"    ","P",1.671,
100,3.2,"    ","P",1.734,
100,3.3,"    ","P",1.768,
100,3.4,"    ","P",2.417,
100,4.0,"    ","P",12.295,
100,4.1,"    ","P",542.844,
100,4.2,"    ","P",8.213,
100,4.3,"    ","P",4.082,
100,4.4,"    ","P",6.945,
100,5.0,"    ","P",406.609,
100,5.1,"    ","P",404.801,
100,5.2,"    ","P",5.458,
100,5.3,"    ","P",131.647,
100,6.0,"    ","P",20.258,
100,7.0,"    ","P",11.100,
100,7.1,"    ","P",1.133,
100,7.2,"    ","P",1.023,
100,7.3,"    ","P",0.199,
100,7.4,"    ","P",18.242,
100,8.0,"    ","P",51.564,
100,8.1,"    ","P",14.350,
100,8.2,"    ","P",4.212,
100,8.3,"    ","P",77.308,
100,8.4,"    ","P",0.007,
100,8.5,"    ","P",0.000,
100,9.0,"    ","P",6.088,
100,10.0,"    ","P",611.188,
100,10.1,"    ","P",479.379,
100,10.2,"    ","P",131.809,
100,11.0,"    ","P",24.216,
100,12.0,"    ","P",1.000,
100,13.0,"    ","P",1.220,
100,13.1,"    ","P",0.950,
100,13.2,"    ","P",0.600,
100,14.0,"    ","P",0.505,
130,1,"06/27/2019  05:18:43","0","P",,,1,1,0,
100,1.0,"    ","P",-0.541,
100,1.1,"    ","P",1.344,
100,1.2,"    ","P",-0.707,
100,1.3,"    ","P",-0.005,
100,1.4,"    ","P",-0.657,
100,1.5,"    ","P",0.019,
100,1.6,"    ","P",-0.692,
100,1.7,"    ","P",0.005,
100,1.8,"    ","P",-0.660,
100,1.9,"    ","P",0.036,
100,2.0,"    ","P",0.313,
100,3.0,"    ","P",1.707,
100,3.1,"    ","P",1.690,
100,3.2,"    ","P",1.753,
100,3.3,"    ","P",1.785,
100,3.4,"    ","P",2.449,
100,4.0,"    ","P",12.323,
100,4.1,"    ","P",555.664,
100,4.2,"    ","P",8.193,
100,4.3,"    ","P",4.131,
100,4.4,"    ","P",6.257,
100,5.0,"    ","P",409.682,
100,5.1,"    ","P",408.199,
100,5.2,"    ","P",5.686,
100,5.3,"    ","P",131.553,
100,6.0,"    ","P",20.262,
100,7.0,"    ","P",11.256,
100,7.1,"    ","P",1.155,
100,7.2,"    ","P",1.042,
100,7.3,"    ","P",0.199,
100,7.4,"    ","P",18.310,
100,8.0,"    ","P",50.932,
100,8.1,"    ","P",14.308,
100,8.2,"    ","P",4.289,
100,8.3,"    ","P",76.939,
100,8.4,"    ","P",0.013,
100,8.5,"    ","P",0.000,
100,9.0,"    ","P",6.083,
100,10.0,"    ","P",609.626,
100,10.1,"    ","P",482.190,
100,10.2,"    ","P",127.436,
100,11.0,"    ","P",24.198,
100,12.0,"    ","P",1.000,
100,13.0,"    ","P",1.243,
100,13.1,"    ","P",0.950,
100,13.2,"    ","P",0.600,
100,14.0,"    ","P",0.505,
130,1,"06/27/2019  05:18:58","0","P",,,1,1,0,
100,1.0,"    ","P",-0.541,
100,1.1,"    ","P",1.379,
100,1.2,"    ","P",-0.707,
100,1.3,"    ","P",-0.020,
100,1.4,"    ","P",-0.657,
100,1.5,"    ","P",0.019,
100,1.6,"    ","P",-0.693,
100,1.7,"    ","P",-0.005,
100,1.8,"    ","P",-0.660,
100,1.9,"    ","P",0.029,
100,2.0,"    ","P",0.287,
100,3.0,"    ","P",1.683,
100,3.1,"    ","P",1.666,
100,3.2,"    ","P",1.730,
100,3.3,"    ","P",1.766,
100,3.4,"    ","P",2.413,
100,4.0,"    ","P",12.334,
100,4.1,"    ","P",551.238,
100,4.2,"    ","P",8.234,
100,4.3,"    ","P",4.100,
100,4.4,"    ","P",5.808,
100,5.0,"    ","P",396.451,
100,5.1,"    ","P",394.610,
100,5.2,"    ","P",5.535,
100,5.3,"    ","P",130.866,
100,6.0,"    ","P",20.256,
100,7.0,"    ","P",11.288,
100,7.1,"    ","P",1.144,
100,7.2,"    ","P",1.035,
100,7.3,"    ","P",0.200,
100,7.4,"    ","P",17.950,
100,8.0,"    ","P",51.017,
100,8.1,"    ","P",14.211,
100,8.2,"    ","P",4.450,
100,8.3,"    ","P",76.154,
100,8.4,"    ","P",0.012,
100,8.5,"    ","P",0.000,
100,9.0,"    ","P",6.134,
100,10.0,"    ","P",608.064,
100,10.1,"    ","P",471.258,
100,10.2,"    ","P",136.806,
100,11.0,"    ","P",24.299,
100,12.0,"    ","P",1.000,
100,13.0,"    ","P",1.215,
100,13.1,"    ","P",0.950,
100,13.2,"    ","P",0.600,
100,14.0,"    ","P",0.502,
130,1,"06/27/2019  05:18:59","0","P",,,1,1,0,
100,1.0,"    ","P",-0.541,
100,1.1,"    ","P",1.360,
100,1.2,"    ","P",-0.705,
100,1.3,"    ","P",-0.019,
100,1.4,"    ","P",-0.656,
100,1.5,"    ","P",-0.028,
100,1.6,"    ","P",-0.695,
100,1.7,"    ","P",-0.017,
100,1.8,"    ","P",-0.659,
100,1.9,"    ","P",0.017,
100,2.0,"    ","P",0.287,
100,3.0,"    ","P",1.654,
100,3.1,"    ","P",1.637,
100,3.2,"    ","P",1.701,
100,3.3,"    ","P",1.739,
100,3.4,"    ","P",2.392,
100,4.0,"    ","P",12.334,
100,4.1,"    ","P",537.960,
100,4.2,"    ","P",8.213,
100,4.3,"    ","P",4.121,
100,4.4,"    ","P",6.744,
100,5.0,"    ","P",391.936,
100,5.1,"    ","P",390.206,
100,5.2,"    ","P",5.703,
100,5.3,"    ","P",130.710,
100,6.0,"    ","P",20.257,
100,7.0,"    ","P",11.288,
100,7.1,"    ","P",1.135,
100,7.2,"    ","P",1.025,
100,7.3,"    ","P",0.196,
100,7.4,"    ","P",18.036,
100,8.0,"    ","P",51.186,
100,8.1,"    ","P",14.126,
100,8.2,"    ","P",4.388,
100,8.3,"    ","P",76.300,
100,8.4,"    ","P",0.013,
100,8.5,"    ","P",0.000,
100,9.0,"    ","P",6.138,
100,10.0,"    ","P",597.757,
100,10.1,"    ","P",476.255,
100,10.2,"    ","P",121.501,
100,11.0,"    ","P",24.174,
100,12.0,"    ","P",1.000,
100,13.0,"    ","P",1.200,
100,13.1,"    ","P",0.950,
100,13.2,"    ","P",0.600,
100,14.0,"    ","P",0.503,
130,1,"06/27/2019  05:19:01","0","P",,,1,1,0,
100,1.0,"    ","P",-0.541,
100,1.1,"    ","P",1.416,
100,1.2,"    ","P",-0.706,
100,1.3,"    ","P",-0.020,
100,1.4,"    ","P",-0.656,
100,1.5,"    ","P",-0.006,
100,1.6,"    ","P",-0.695,
100,1.7,"    ","P",0.027,
100,1.8,"    ","P",-0.660,
100,1.9,"    ","P",0.023,
100,2.0,"    ","P",0.287,
100,3.0,"    ","P",1.697,
100,3.1,"    ","P",1.681,
100,3.2,"    ","P",1.743,
100,3.3,"    ","P",1.780,
100,3.4,"    ","P",2.435,
100,4.0,"    ","P",12.253,
100,4.1,"    ","P",548.033,
100,4.2,"    ","P",8.153,
100,4.3,"    ","P",4.100,
100,4.4,"    ","P",6.184,
100,5.0,"    ","P",405.888,
100,5.1,"    ","P",404.181,
100,5.2,"    ","P",5.343,
100,5.3,"    ","P",130.085,
100,6.0,"    ","P",20.252,
100,7.0,"    ","P",11.288,
100,7.1,"    ","P",1.138,
100,7.2,"    ","P",1.028,
100,7.3,"    ","P",0.203,
100,7.4,"    ","P",17.830,
100,8.0,"    ","P",50.658,
100,8.1,"    ","P",14.461,
100,8.2,"    ","P",4.284,
100,8.3,"    ","P",77.146,
100,8.4,"    ","P",0.012,
100,8.5,"    ","P",0.000,
100,9.0,"    ","P",6.103,
100,10.0,"    ","P",612.749,
100,10.1,"    ","P",481.565,
100,10.2,"    ","P",131.184,
100,11.0,"    ","P",24.050,
100,12.0,"    ","P",1.000,
100,13.0,"    ","P",1.219,
100,13.1,"    ","P",0.950,
100,13.2,"    ","P",0.600,
100,14.0,"    ","P",0.503,
130,1,"06/27/2019  05:19:02","0","P",,,1,1,0,
100,1.0,"    ","P",-0.541,
100,1.1,"    ","P",1.338,
100,1.2,"    ","P",-0.707,
100,1.3,"    ","P",-0.019,
100,1.4,"    ","P",-0.657,
100,1.5,"    ","P",-0.025,
100,1.6,"    ","P",-0.695,
100,1.7,"    ","P",-0.002,
100,1.8,"    ","P",-0.660,
100,1.9,"    ","P",0.004,
100,2.0,"    ","P",0.287,
100,3.0,"    ","P",1.690,
100,3.1,"    ","P",1.673,
100,3.2,"    ","P",1.737,
100,3.3,"    ","P",1.778,
100,3.4,"    ","P",2.419,
100,4.0,"    ","P",12.274,
100,4.1,"    ","P",527.277,
100,4.2,"    ","P",8.153,
100,4.3,"    ","P",4.121,
100,4.4,"    ","P",7.349,
100,5.0,"    ","P",417.332,
100,5.1,"    ","P",415.358,
100,5.2,"    ","P",5.479,
100,5.3,"    ","P",131.553,
100,6.0,"    ","P",20.245,
100,7.0,"    ","P",11.131,
100,7.1,"    ","P",1.128,
100,7.2,"    ","P",1.019,
100,7.3,"    ","P",0.228,
100,7.4,"    ","P",17.950,
100,8.0,"    ","P",49.149,
100,8.1,"    ","P",14.922,
100,8.2,"    ","P",4.532,
100,8.3,"    ","P",76.704,
100,8.4,"    ","P",0.009,
100,8.5,"    ","P",0.000,
100,9.0,"    ","P",6.083,
100,10.0,"    ","P",597.757,
100,10.1,"    ","P",480.941,
100,10.2,"    ","P",116.816,
100,11.0,"    ","P",24.120,
100,12.0,"    ","P",1.000,
100,13.0,"    ","P",1.260,
100,13.1,"    ","P",0.950,
100,13.2,"    ","P",0.600,
100,14.0,"    ","P",0.503,
130,1,"06/27/2019  05:19:04","0","P",,,1,1,0,
100,1.0,"    ","P",-0.542,
100,1.1,"    ","P",1.338,
100,1.2,"    ","P",-0.708,
100,1.3,"    ","P",-0.018,
100,1.4,"    ","P",-0.657,
100,1.5,"    ","P",-0.009,
100,1.6,"    ","P",-0.695,
100,1.7,"    ","P",-0.033,
100,1.8,"    ","P",-0.661,
100,1.9,"    ","P",0.011,
100,2.0,"    ","P",0.287,
100,3.0,"    ","P",1.685,
100,3.1,"    ","P",1.668,
100,3.2,"    ","P",1.731,
100,3.3,"    ","P",1.765,
100,3.4,"    ","P",2.416,
100,4.0,"    ","P",12.283,
100,4.1,"    ","P",537.884,
100,4.2,"    ","P",8.173,
100,4.3,"    ","P",4.111,
100,4.4,"    ","P",7.496,
100,5.0,"    ","P",399.618,
100,5.1,"    ","P",398.152,
100,5.2,"    ","P",5.595,
100,5.3,"    ","P",130.804,
100,6.0,"    ","P",20.257,
100,7.0,"    ","P",11.225,
100,7.1,"    ","P",1.131,
100,7.2,"    ","P",1.022,
100,7.3,"    ","P",0.231,
100,7.4,"    ","P",18.139,
100,8.0,"    ","P",48.634,
100,8.1,"    ","P",15.113,
100,8.2,"    ","P",4.423,
100,8.3,"    ","P",77.361,
100,8.4,"    ","P",0.011,
100,8.5,"    ","P",0.000,
100,9.0,"    ","P",6.103,
100,10.0,"    ","P",607.752,
100,10.1,"    ","P",460.014,
100,10.2,"    ","P",147.738,
100,11.0,"    ","P",24.159,
100,12.0,"    ","P",1.000,
100,13.0,"    ","P",1.221,
100,13.1,"    ","P",0.950,
100,13.2,"    ","P",0.600,
100,14.0,"    ","P",0.503,
130,1,"06/27/2019  05:19:05","0","P",,,1,1,0,
100,1.0,"    ","P",-0.542,
100,1.1,"    ","P",1.373,
100,1.2,"    ","P",-0.708,
100,1.3,"    ","P",-0.018,
100,1.4,"    ","P",-0.658,
100,1.5,"    ","P",0.013,
100,1.6,"    ","P",-0.696,
100,1.7,"    ","P",0.011,
100,1.8,"    ","P",-0.661,
100,1.9,"    ","P",0.001,
100,2.0,"    ","P",0.286,
100,3.0,"    ","P",1.689,
100,3.1,"    ","P",1.673,
100,3.2,"    ","P",1.734,
100,3.3,"    ","P",1.764,
100,3.4,"    ","P",2.411,
100,4.0,"    ","P",12.303,
100,4.1,"    ","P",553.680,
100,4.2,"    ","P",8.183,
100,4.3,"    ","P",4.121,
100,4.4,"    ","P",7.808,
100,5.0,"    ","P",397.580,
100,5.1,"    ","P",395.931,
100,5.2,"    ","P",5.531,
100,5.3,"    ","P",131.272,
100,6.0,"    ","P",20.257,
100,7.0,"    ","P",11.256,
100,7.1,"    ","P",1.127,
100,7.2,"    ","P",1.014,
100,7.3,"    ","P",0.232,
100,7.4,"    ","P",17.744,
100,8.0,"    ","P",48.436,
100,8.1,"    ","P",15.059,
100,8.2,"    ","P",4.470,
100,8.3,"    ","P",77.112,
100,8.4,"    ","P",0.009,
100,8.5,"    ","P",0.000,
100,9.0,"    ","P",6.093,
100,10.0,"    ","P",598.069,
100,10.1,"    ","P",467.822,
100,10.2,"    ","P",130.247,
100,11.0,"    ","P",24.151,
100,12.0,"    ","P",1.000,
100,13.0,"    ","P",1.216,
100,13.1,"    ","P",0.950,
100,13.2,"    ","P",0.600,
100,14.0,"    ","P",0.501,
130,1,"06/27/2019  05:19:06","0","P",,,1,1,0,
100,1.0,"    ","P",-0.542,
100,1.1,"    ","P",1.370,
100,1.2,"    ","P",-0.708,
100,1.3,"    ","P",-0.017,
100,1.4,"    ","P",-0.658,
100,1.5,"    ","P",-0.022,
100,1.6,"    ","P",-0.694,
100,1.7,"    ","P",-0.020,
100,1.8,"    ","P",-0.661,
100,1.9,"    ","P",-0.005,
100,2.0,"    ","P",0.286,
100,3.0,"    ","P",1.697,
100,3.1,"    ","P",1.681,
100,3.2,"    ","P",1.743,
100,3.3,"    ","P",1.776,
100,3.4,"    ","P",2.433,
100,4.0,"    ","P",12.224,
100,4.1,"    ","P",546.812,
100,4.2,"    ","P",8.129,
100,4.3,"    ","P",4.094,
100,4.4,"    ","P",6.734,
100,5.0,"    ","P",408.585,
100,5.1,"    ","P",406.846,
100,5.2,"    ","P",5.541,
100,5.3,"    ","P",131.085,
100,6.0,"    ","P",20.270,
100,7.0,"    ","P",11.319,
100,7.1,"    ","P",1.133,
100,7.2,"    ","P",1.024,
100,7.3,"    ","P",0.202,
100,7.4,"    ","P",18.139,
100,8.0,"    ","P",50.918,
100,8.1,"    ","P",14.365,
100,8.2,"    ","P",4.370,
100,8.3,"    ","P",76.673,
100,8.4,"    ","P",0.011,
100,8.5,"    ","P",0.000,
100,9.0,"    ","P",6.114,
100,10.0,"    ","P",613.999,
100,10.1,"    ","P",484.376,
100,10.2,"    ","P",129.622,
100,11.0,"    ","P",23.997,
100,12.0,"    ","P",1.000,
100,13.0,"    ","P",1.246,
100,13.1,"    ","P",0.950,
100,13.2,"    ","P",0.600,
100,14.0,"    ","P",0.504,
130,1,"06/27/2019  05:19:08","0","P",,,1,1,0,
100,1.0,"    ","P",-0.542,
100,1.1,"    ","P",1.426,
100,1.2,"    ","P",-0.708,
100,1.3,"    ","P",-0.018,
100,1.4,"    ","P",-0.658,
100,1.5,"    ","P",0.010,
100,1.6,"    ","P",-0.694,
100,1.7,"    ","P",0.011,
100,1.8,"    ","P",-0.661,
100,1.9,"    ","P",0.004,
100,2.0,"    ","P",0.286,
100,3.0,"    ","P",1.692,
100,3.1,"    ","P",1.675,
100,3.2,"    ","P",1.738,
100,3.3,"    ","P",1.771,
100,3.4,"    ","P",2.421,
100,4.0,"    ","P",12.286,
100,4.1,"    ","P",528.650,
100,4.2,"    ","P",8.193,
100,4.3,"    ","P",4.093,
100,4.4,"    ","P",4.422,
100,5.0,"    ","P",416.141,
100,5.1,"    ","P",414.340,
100,5.2,"    ","P",5.408,
100,5.3,"    ","P",130.554,
100,6.0,"    ","P",20.251,
100,7.0,"    ","P",11.256,
100,7.1,"    ","P",1.141,
100,7.2,"    ","P",1.034,
100,7.3,"    ","P",0.201,
100,7.4,"    ","P",17.727,
100,8.0,"    ","P",50.863,
100,8.1,"    ","P",14.384,
100,8.2,"    ","P",4.318,
100,8.3,"    ","P",76.912,
100,8.4,"    ","P",0.024,
100,8.5,"    ","P",0.000,
100,9.0,"    ","P",6.129,
100,10.0,"    ","P",606.502,
100,10.1,"    ","P",477.817,
100,10.2,"    ","P",128.685,
100,11.0,"    ","P",24.177,
100,12.0,"    ","P",1.000,
100,13.0,"    ","P",1.259,
100,13.1,"    ","P",0.950,
100,13.2,"    ","P",0.600,
100,14.0,"    ","P",0.503,
130,1,"06/27/2019  05:19:09","0","P",,,1,1,0,
100,1.0,"    ","P",-0.540,
100,1.1,"    ","P",1.391,
100,1.2,"    ","P",-0.702,
100,1.3,"FAIL","F",8.631,
100,1.4,"    ","P",-0.658,
100,1.5,"    ","P",0.000,
100,1.6,"    ","P",-0.695,
100,1.7,"    ","P",0.027,
100,1.8,"    ","P",-0.661,
100,1.9,"    ","P",0.004,
130,1,"06/27/2019  05:19:11","0","F",,,5,3,0,
100,1.0,"    ","P",-0.542,
100,1.1,"    ","P",1.382,
100,1.2,"    ","P",-0.708,
100,1.3,"    ","P",0.015,
100,1.4,"    ","P",-0.658,
100,1.5,"    ","P",0.038,
100,1.6,"    ","P",-0.695,
100,1.7,"    ","P",-0.024,
100,1.8,"    ","P",-0.661,
100,1.9,"    ","P",0.011,
100,2.0,"    ","P",0.324,
100,3.0,"    ","P",1.657,
100,3.1,"    ","P",1.640,
100,3.2,"    ","P",1.704,
100,3.3,"    ","P",1.739,
100,3.4,"    ","P",2.385,
100,4.0,"    ","P",12.313,
100,4.1,"    ","P",537.884,
100,4.2,"    ","P",8.213,
100,4.3,"    ","P",4.100,
100,4.4,"    ","P",5.505,
100,5.0,"    ","P",395.824,
100,5.1,"    ","P",394.021,
100,5.2,"    ","P",5.550,
100,5.3,"    ","P",131.241,
100,6.0,"    ","P",20.255,
100,7.0,"    ","P",11.288,
100,7.1,"    ","P",1.146,
100,7.2,"    ","P",1.037,
100,7.3,"    ","P",0.222,
100,7.4,"    ","P",18.739,
100,8.0,"    ","P",49.229,
100,8.1,"    ","P",14.847,
100,8.2,"    ","P",4.470,
100,8.3,"    ","P",76.860,
100,8.4,"    ","P",0.012,
100,8.5,"    ","P",0.000,
100,9.0,"    ","P",6.083,
100,10.0,"    ","P",617.122,
100,10.1,"    ","P",472.820,
100,10.2,"    ","P",144.303,
100,11.0,"    ","P",24.198,
100,12.0,"    ","P",1.000,
100,13.0,"    ","P",1.223,
100,13.1,"    ","P",0.950,
100,13.2,"    ","P",0.600,
100,14.0,"    ","P",0.504,
130,1,"06/27/2019  05:19:11","0","P",,,1,1,0,
100,1.0,"    ","P",-0.543,
100,1.1,"    ","P",1.382,
100,1.2,"    ","P",-0.709,
100,1.3,"    ","P",-0.019,
100,1.4,"    ","P",-0.658,
100,1.5,"    ","P",0.010,
100,1.6,"    ","P",-0.694,
100,1.7,"    ","P",0.048,
100,1.8,"    ","P",-0.662,
100,1.9,"    ","P",0.029,
100,2.0,"    ","P",0.287,
100,3.0,"    ","P",1.705,
100,3.1,"    ","P",1.688,
100,3.2,"    ","P",1.752,
100,3.3,"    ","P",1.790,
100,3.4,"    ","P",2.452,
100,4.0,"    ","P",12.273,
100,4.1,"    ","P",546.888,
100,4.2,"    ","P",8.183,
100,4.3,"    ","P",4.091,
100,4.4,"    ","P",6.744,
100,5.0,"    ","P",412.159,
100,5.1,"    ","P",410.397,
100,5.2,"    ","P",5.692,
100,5.3,"    ","P",130.335,
100,6.0,"    ","P",20.259,
100,7.0,"    ","P",11.256,
100,7.1,"    ","P",1.163,
100,7.2,"    ","P",1.056,
100,7.3,"    ","P",0.196,
100,7.4,"    ","P",18.036,
100,8.0,"    ","P",51.364,
100,8.1,"    ","P",14.212,
100,8.2,"    ","P",4.287,
100,8.3,"    ","P",76.827,
100,8.4,"    ","P",0.016,
100,8.5,"    ","P",0.000,
100,9.0,"    ","P",6.113,
100,10.0,"    ","P",610.875,
100,10.1,"    ","P",478.442,
100,10.2,"    ","P",132.434,
100,11.0,"    ","P",24.127,
100,12.0,"    ","P",1.000,
100,13.0,"    ","P",1.273,
100,13.1,"    ","P",0.950,
100,13.2,"    ","P",0.600,
100,14.0,"    ","P",0.504,
130,1,"06/27/2019  05:19:13","0","P",,,1,1,0,
100,1.0,"    ","P",-0.543,
100,1.1,"    ","P",1.360,
100,1.2,"    ","P",-0.708,
100,1.3,"    ","P",-0.020,
100,1.4,"    ","P",-0.658,
100,1.5,"    ","P",0.025,
100,1.6,"    ","P",-0.694,
100,1.7,"    ","P",0.008,
100,1.8,"    ","P",-0.661,
100,1.9,"    ","P",-0.002,
100,2.0,"    ","P",0.287,
100,3.0,"    ","P",1.678,
100,3.1,"    ","P",1.661,
100,3.2,"    ","P",1.726,
100,3.3,"    ","P",1.763,
100,3.4,"    ","P",2.427,
100,4.0,"    ","P",12.274,
100,4.1,"    ","P",533.839,
100,4.2,"    ","P",8.195,
100,4.3,"    ","P",4.079,
100,4.4,"    ","P",6.854,
100,5.0,"    ","P",411.908,
100,5.1,"    ","P",410.256,
100,5.2,"    ","P",5.471,
100,5.3,"    ","P",131.335,
100,6.0,"    ","P",20.252,
100,7.0,"    ","P",11.476,
100,7.1,"    ","P",1.165,
100,7.2,"    ","P",1.056,
100,7.3,"    ","P",0.235,
100,7.4,"    ","P",18.224,
100,8.0,"    ","P",48.392,
100,8.1,"    ","P",15.020,
100,8.2,"    ","P",4.603,
100,8.3,"    ","P",76.543,
100,8.4,"    ","P",0.025,
100,8.5,"    ","P",0.000,
100,9.0,"    ","P",6.097,
100,10.0,"    ","P",601.505,
100,10.1,"    ","P",464.386,
100,10.2,"    ","P",137.119,
100,11.0,"    ","P",24.088,
100,12.0,"    ","P",1.000,
100,13.0,"    ","P",1.253,
100,13.1,"    ","P",0.950,
100,13.2,"    ","P",0.600,
100,14.0,"    ","P",0.502,
130,1,"06/27/2019  05:19:14","0","P",,,1,1,0,
100,1.0,"    ","P",-0.543,
100,1.1,"    ","P",1.366,
100,1.2,"    ","P",-0.708,
100,1.3,"    ","P",-0.016,
100,1.4,"    ","P",-0.658,
100,1.5,"    ","P",-0.006,
100,1.6,"    ","P",-0.694,
100,1.7,"    ","P",0.020,
100,1.8,"    ","P",-0.661,
100,1.9,"    ","P",0.004,
100,2.0,"    ","P",0.286,
100,3.0,"    ","P",1.675,
100,3.1,"    ","P",1.658,
100,3.2,"    ","P",1.722,
100,3.3,"    ","P",1.755,
100,3.4,"    ","P",2.406,
100,4.0,"    ","P",12.193,
100,4.1,"    ","P",535.900,
100,4.2,"    ","P",8.139,
100,4.3,"    ","P",4.054,
100,4.4,"    ","P",6.459,
100,5.0,"    ","P",400.935,
100,5.1,"    ","P",399.232,
100,5.2,"    ","P",5.538,
100,5.3,"    ","P",131.022,
100,6.0,"    ","P",20.253,
100,7.0,"    ","P",11.256,
100,7.1,"    ","P",1.144,
100,7.2,"    ","P",1.034,
100,7.3,"    ","P",0.198,
100,7.4,"    ","P",17.693,
100,8.0,"    ","P",51.090,
100,8.1,"    ","P",14.164,
100,8.2,"    ","P",4.388,
100,8.3,"    ","P",76.349,
100,8.4,"    ","P",0.020,
100,8.5,"    ","P",0.000,
100,9.0,"    ","P",6.082,
100,10.0,"    ","P",604.004,
100,10.1,"    ","P",470.633,
100,10.2,"    ","P",133.371,
100,11.0,"    ","P",23.967,
100,12.0,"    ","P",1.000,
100,13.0,"    ","P",1.221,
100,13.1,"    ","P",0.950,
100,13.2,"    ","P",0.600,
100,14.0,"    ","P",0.503,
130,1,"06/27/2019  05:19:16","0","P",,,1,1,0,
100,1.0,"    ","P",-0.543,
100,1.1,"    ","P",1.366,
100,1.2,"    ","P",-0.708,
100,1.3,"    ","P",-0.017,
100,1.4,"    ","P",-0.658,
100,1.5,"    ","P",-0.022,
100,1.6,"    ","P",-0.694,
100,1.7,"    ","P",0.058,
100,1.8,"    ","P",-0.661,
100,1.9,"    ","P",0.026,
100,2.0,"    ","P",0.286,
100,3.0,"    ","P",1.669,
100,3.1,"    ","P",1.651,
100,3.2,"    ","P",1.716,
100,3.3,"    ","P",1.749,
100,3.4,"    ","P",2.407,
100,4.0,"    ","P",12.244,
100,4.1,"    ","P",534.831,
100,4.2,"    ","P",8.174,
100,4.3,"    ","P",4.070,
100,4.4,"    ","P",6.900,
100,5.0,"    ","P",401.060,
100,5.1,"    ","P",399.533,
100,5.2,"    ","P",5.379,
100,5.3,"    ","P",130.398,
100,6.0,"    ","P",20.247,
100,7.0,"    ","P",11.413,
100,7.1,"    ","P",1.158,
100,7.2,"    ","P",1.049,
100,7.3,"    ","P",0.197,
100,7.4,"    ","P",18.036,
100,8.0,"    ","P",51.156,
100,8.1,"    ","P",14.126,
100,8.2,"    ","P",4.427,
100,8.3,"    ","P",76.137,
100,8.4,"    ","P",0.013,
100,8.5,"    ","P",0.000,
100,9.0,"    ","P",6.133,
100,10.0,"    ","P",602.442,
100,10.1,"    ","P",470.633,
100,10.2,"    ","P",131.809,
100,11.0,"    ","P",24.108,
100,12.0,"    ","P",1.000,
100,13.0,"    ","P",1.234,
100,13.1,"    ","P",0.950,
100,13.2,"    ","P",0.600,
100,14.0,"    ","P",0.500,
130,1,"06/27/2019  05:19:17","0","P",,,1,1,0,
100,1.0,"    ","P",-0.543,
100,1.1,"    ","P",1.360,
100,1.2,"    ","P",-0.708,
100,1.3,"    ","P",-0.018,
100,1.4,"    ","P",-0.658,
100,1.5,"    ","P",-0.012,
100,1.6,"    ","P",-0.694,
100,1.7,"    ","P",-0.008,
100,1.8,"    ","P",-0.661,
100,1.9,"    ","P",0.007,
100,2.0,"    ","P",0.286,
100,3.0,"    ","P",1.666,
100,3.1,"    ","P",1.648,
100,3.2,"    ","P",1.713,
100,3.3,"    ","P",1.746,
100,3.4,"    ","P",2.408,
100,4.0,"    ","P",12.275,
100,4.1,"    ","P",537.807,
100,4.2,"    ","P",8.221,
100,4.3,"    ","P",4.054,
100,4.4,"    ","P",8.184,
100,5.0,"    ","P",398.991,
100,5.1,"    ","P",397.097,
100,5.2,"    ","P",5.344,
100,5.3,"    ","P",130.648,
100,6.0,"    ","P",20.258,
100,7.0,"    ","P",11.413,
100,7.1,"    ","P",1.150,
100,7.2,"    ","P",1.042,
100,7.3,"    ","P",0.200,
100,7.4,"    ","P",18.242,
100,8.0,"    ","P",50.965,
100,8.1,"    ","P",14.293,
100,8.2,"    ","P",4.367,
100,8.3,"    ","P",76.596,
100,8.4,"    ","P",0.002,
100,8.5,"    ","P",0.000,
100,9.0,"    ","P",6.082,
100,10.0,"    ","P",609.001,
100,10.1,"    ","P",472.195,
100,10.2,"    ","P",136.806,
100,11.0,"    ","P",24.205,
100,12.0,"    ","P",1.000,
100,13.0,"    ","P",1.206,
100,13.1,"    ","P",0.950,
100,13.2,"    ","P",0.600,
100,14.0,"    ","P",0.499,
130,1,"06/27/2019  05:19:18","0","P",,,1,1,0,
100,1.0,"    ","P",-0.543,
100,1.1,"    ","P",1.376,
100,1.2,"    ","P",-0.709,
100,1.3,"    ","P",-0.018,
100,1.4,"    ","P",-0.658,
100,1.5,"    ","P",0.010,
100,1.6,"    ","P",-0.695,
100,1.7,"    ","P",-0.002,
100,1.8,"    ","P",-0.661,
100,1.9,"    ","P",0.011,
100,2.0,"    ","P",0.286,
100,3.0,"    ","P",1.673,
100,3.1,"    ","P",1.656,
100,3.2,"    ","P",1.720,
100,3.3,"    ","P",1.752,
100,3.4,"    ","P",2.372,
100,4.0,"    ","P",12.295,
100,4.1,"    ","P",532.618,
100,4.2,"    ","P",8.203,
100,4.3,"    ","P",4.092,
100,4.4,"    ","P",7.294,
100,5.0,"    ","P",400.872,
100,5.1,"    ","P",399.079,
100,5.2,"    ","P",5.553,
100,5.3,"    ","P",130.554,
100,6.0,"    ","P",20.242,
100,7.0,"    ","P",11.037,
100,7.1,"    ","P",1.143,
100,7.2,"    ","P",1.034,
100,7.3,"    ","P",0.222,
100,7.4,"    ","P",17.727,
100,8.0,"    ","P",48.926,
100,8.1,"    ","P",14.936,
100,8.2,"    ","P",4.365,
100,8.3,"    ","P",77.386,
100,8.4,"    ","P",0.008,
100,8.5,"    ","P",0.000,
100,9.0,"    ","P",6.123,
100,10.0,"    ","P",612.749,
100,10.1,"    ","P",478.129,
100,10.2,"    ","P",134.620,
100,11.0,"    ","P",24.169,
100,12.0,"    ","P",1.000,
100,13.0,"    ","P",1.220,
100,13.1,"    ","P",0.950,
100,13.2,"    ","P",0.600,
100,14.0,"    ","P",0.503,
130,1,"06/27/2019  05:19:20","0","P",,,1,1,0,
100,1.0,"    ","P",-0.543,
100,1.1,"    ","P",1.388,
100,1.2,"    ","P",-0.709,
100,1.3,"    ","P",-0.016,
100,1.4,"    ","P",-0.658,
100,1.5,"    ","P",0.028,
100,1.6,"    ","P",-0.695,
100,1.7,"    ","P",0.030,
100,1.8,"    ","P",-0.661,
100,1.9,"    ","P",-0.015,
100,2.0,"    ","P",0.286,
100,3.0,"    ","P",1.670,
100,3.1,"    ","P",1.652,
100,3.2,"    ","P",1.717,
100,3.3,"    ","P",1.753,
100,3.4,"    ","P",2.408,
100,4.0,"    ","P",12.283,
100,4.1,"    ","P",545.591,
100,4.2,"    ","P",8.202,
100,4.3,"    ","P",4.081,
100,4.4,"    ","P",9.358,
100,5.0,"    ","P",394.382,
100,5.1,"    ","P",392.656,
100,5.2,"    ","P",5.666,
100,5.3,"    ","P",130.835,
100,6.0,"    ","P",20.257,
100,7.0,"    ","P",11.413,
100,7.1,"    ","P",1.150,
100,7.2,"    ","P",1.040,
100,7.3,"    ","P",0.228,
100,7.4,"    ","P",18.139,
100,8.0,"    ","P",48.570,
100,8.1,"    ","P",14.896,
100,8.2,"    ","P",4.535,
100,8.3,"    ","P",76.660,
100,8.4,"    ","P",0.051,
100,8.5,"    ","P",0.000,
100,9.0,"    ","P",6.123,
100,10.0,"    ","P",604.941,
100,10.1,"    ","P",480.628,
100,10.2,"    ","P",124.313,
100,11.0,"    ","P",24.149,
100,12.0,"    ","P",1.000,
100,13.0,"    ","P",1.225,
100,13.1,"    ","P",0.950,
100,13.2,"    ","P",0.600,
100,14.0,"    ","P",0.503,
130,1,"06/27/2019  05:19:21","0","P",,,1,1,0,
100,1.0,"    ","P",-0.543,
100,1.1,"    ","P",1.360,
100,1.2,"    ","P",-0.709,
100,1.3,"    ","P",-0.018,
100,1.4,"    ","P",-0.658,
100,1.5,"    ","P",0.016,
100,1.6,"    ","P",-0.694,
100,1.7,"    ","P",-0.002,
100,1.8,"    ","P",-0.661,
100,1.9,"    ","P",0.001,
100,2.0,"    ","P",0.286,
100,3.0,"    ","P",1.685,
100,3.1,"    ","P",1.668,
100,3.2,"    ","P",1.732,
100,3.3,"    ","P",1.767,
100,3.4,"    ","P",2.398,
100,4.0,"    ","P",12.294,
100,4.1,"    ","P",549.788,
100,4.2,"    ","P",8.183,
100,4.3,"    ","P",4.111,
100,4.4,"    ","P",7.762,
100,5.0,"    ","P",404.289,
100,5.1,"    ","P",402.612,
100,5.2,"    ","P",5.655,
100,5.3,"    ","P",131.960,
100,6.0,"    ","P",20.247,
100,7.0,"    ","P",11.288,
100,7.1,"    ","P",1.155,
100,7.2,"    ","P",1.045,
100,7.3,"    ","P",0.210,
100,7.4,"    ","P",18.139,
100,8.0,"    ","P",50.281,
100,8.1,"    ","P",14.537,
100,8.2,"    ","P",4.419,
100,8.3,"    ","P",76.687,
100,8.4,"    ","P",0.015,
100,8.5,"    ","P",0.000,
100,9.0,"    ","P",6.119,
100,10.0,"    ","P",608.377,
100,10.1,"    ","P",474.069,
100,10.2,"    ","P",134.308,
100,11.0,"    ","P",24.080,
100,12.0,"    ","P",1.000,
100,13.0,"    ","P",1.240,
100,13.1,"    ","P",0.950,
100,13.2,"    ","P",0.600,
100,14.0,"    ","P",0.503,
130,1,"06/27/2019  05:19:23","0","P",,,1,1,0,
100,1.0,"    ","P",-0.543,
100,1.1,"    ","P",1.363,
100,1.2,"    ","P",-0.709,
100,1.3,"    ","P",-0.017,
100,1.4,"    ","P",-0.658,
100,1.5,"    ","P",0.016,
100,1.6,"    ","P",-0.694,
100,1.7,"    ","P",0.008,
100,1.8,"    ","P",-0.661,
100,1.9,"    ","P",0.051,
100,2.0,"    ","P",0.286,
100,3.0,"    ","P",1.677,
100,3.1,"    ","P",1.660,
100,3.2,"    ","P",1.723,
100,3.3,"    ","P",1.759,
100,3.4,"    ","P",2.396,
100,4.0,"    ","P",12.285,
100,4.1,"    ","P",541.089,
100,4.2,"    ","P",8.185,
100,4.3,"    ","P",4.099,
100,4.4,"    ","P",5.661,
100,5.0,"    ","P",399.085,
100,5.1,"    ","P",397.410,
100,5.2,"    ","P",5.621,
100,5.3,"    ","P",131.397,
100,6.0,"    ","P",20.256,
100,7.0,"    ","P",11.194,
100,7.1,"    ","P",1.150,
100,7.2,"    ","P",1.038,
100,7.3,"    ","P",0.209,
100,7.4,"    ","P",17.950,
100,8.0,"    ","P",50.287,
100,8.1,"    ","P",14.534,
100,8.2,"    ","P",4.391,
100,8.3,"    ","P",76.798,
100,8.4,"    ","P",0.012,
100,8.5,"    ","P",0.000,
100,9.0,"    ","P",6.123,
100,10.0,"    ","P",592.447,
100,10.1,"    ","P",456.265,
100,10.2,"    ","P",136.182,
100,11.0,"    ","P",24.140,
100,12.0,"    ","P",1.000,
100,13.0,"    ","P",1.218,
100,13.1,"    ","P",0.950,
100,13.2,"    ","P",0.600,
100,14.0,"    ","P",0.504,
130,1,"06/27/2019  05:19:24","0","P",,,1,1,0,
100,1.0,"    ","P",-0.543,
100,1.1,"    ","P",1.379,
100,1.2,"    ","P",-0.709,
100,1.3,"    ","P",-0.018,
100,1.4,"    ","P",-0.658,
100,1.5,"    ","P",-0.003,
100,1.6,"    ","P",-0.694,
100,1.7,"    ","P",-0.002,
100,1.8,"    ","P",-0.661,
100,1.9,"    ","P",0.011,
100,2.0,"    ","P",0.286,
100,3.0,"    ","P",1.678,
100,3.1,"    ","P",1.661,
100,3.2,"    ","P",1.725,
100,3.3,"    ","P",1.759,
100,3.4,"    ","P",2.381,
100,4.0,"    ","P",12.233,
100,4.1,"    ","P",537.731,
100,4.2,"    ","P",8.173,
100,4.3,"    ","P",4.060,
100,4.4,"    ","P",8.991,
100,5.0,"    ","P",405.199,
100,5.1,"    ","P",403.332,
100,5.2,"    ","P",5.413,
100,5.3,"    ","P",131.928,
100,6.0,"    ","P",20.255,
100,7.0,"    ","P",11.350,
100,7.1,"    ","P",1.148,
100,7.2,"    ","P",1.040,
100,7.3,"    ","P",0.222,
100,7.4,"    ","P",18.002,
100,8.0,"    ","P",49.324,
100,8.1,"    ","P",14.776,
100,8.2,"    ","P",4.525,
100,8.3,"    ","P",76.556,
100,8.4,"    ","P",0.009,
100,8.5,"    ","P",0.000,
100,9.0,"    ","P",6.093,
100,10.0,"    ","P",604.316,
100,10.1,"    ","P",475.006,
100,10.2,"    ","P",129.310,
100,11.0,"    ","P",23.947,
100,12.0,"    ","P",1.000,
100,13.0,"    ","P",1.218,
100,13.1,"    ","P",0.950,
100,13.2,"    ","P",0.600,
100,14.0,"    ","P",0.501,
130,1,"06/27/2019  05:19:25","0","P",,,1,1,0,
100,1.0,"    ","P",-0.542,
100,1.1,"    ","P",1.420,
100,1.2,"    ","P",-0.708,
100,1.3,"    ","P",-0.018,
100,1.4,"    ","P",-0.658,
100,1.5,"    ","P",-0.044,
100,1.6,"    ","P",-0.694,
100,1.7,"    ","P",0.027,
100,1.8,"    ","P",-0.661,
100,1.9,"    ","P",0.036,
100,2.0,"    ","P",0.286,
100,3.0,"    ","P",1.684,
100,3.1,"    ","P",1.667,
100,3.2,"    ","P",1.731,
100,3.3,"    ","P",1.768,
100,3.4,"    ","P",2.400,
100,4.0,"    ","P",12.233,
100,4.1,"    ","P",544.599,
100,4.2,"    ","P",8.162,
100,4.3,"    ","P",4.071,
100,4.4,"    ","P",5.716,
100,5.0,"    ","P",405.888,
100,5.1,"    ","P",404.253,
100,5.2,"    ","P",5.521,
100,5.3,"    ","P",131.397,
100,6.0,"    ","P",20.256,
100,7.0,"    ","P",10.661,
100,7.1,"    ","P",1.162,
100,7.2,"    ","P",1.054,
100,7.3,"    ","P",0.194,
100,7.4,"    ","P",18.242,
100,8.0,"    ","P",51.411,
100,8.1,"    ","P",14.074,
100,8.2,"    ","P",4.368,
100,8.3,"    ","P",76.316,
100,8.4,"    ","P",0.016,
100,8.5,"    ","P",0.000,
100,9.0,"    ","P",6.073,
100,10.0,"    ","P",595.570,
100,10.1,"    ","P",472.195,
100,10.2,"    ","P",123.376,
100,11.0,"    ","P",24.077,
100,12.0,"    ","P",1.000,
100,13.0,"    ","P",1.257,
100,13.1,"    ","P",0.950,
100,13.2,"    ","P",0.600,
100,14.0,"    ","P",0.503,
130,1,"06/27/2019  05:19:27","0","P",,,1,1,0,
100,1.0,"    ","P",-0.542,
100,1.1,"    ","P",1.379,
100,1.2,"    ","P",-0.708,
100,1.3,"    ","P",-0.022,
100,1.4,"    ","P",-0.658,
100,1.5,"    ","P",0.022,
100,1.6,"    ","P",-0.694,
100,1.7,"    ","P",0.033,
100,1.8,"    ","P",-0.661,
100,1.9,"    ","P",-0.002,
100,2.0,"    ","P",0.287,
100,3.0,"    ","P",1.666,
100,3.1,"    ","P",1.649,
100,3.2,"    ","P",1.714,
100,3.3,"    ","P",1.751,
100,3.4,"    ","P",2.391,
100,4.0,"    ","P",12.321,
100,4.1,"    ","P",538.265,
100,4.2,"    ","P",8.223,
100,4.3,"    ","P",4.098,
100,4.4,"    ","P",8.083,
100,5.0,"    ","P",392.846,
100,5.1,"    ","P",391.209,
100,5.2,"    ","P",5.570,
100,5.3,"    ","P",131.022,
100,6.0,"    ","P",20.253,
100,7.0,"    ","P",11.319,
100,7.1,"    ","P",1.159,
100,7.2,"    ","P",1.051,
100,7.3,"    ","P",0.221,
100,7.4,"    ","P",18.242,
100,8.0,"    ","P",49.271,
100,8.1,"    ","P",14.686,
100,8.2,"    ","P",4.601,
100,8.3,"    ","P",76.146,
100,8.4,"    ","P",0.007,
100,8.5,"    ","P",0.000,
100,9.0,"    ","P",6.138,
100,10.0,"    ","P",613.062,
100,10.1,"    ","P",472.507,
100,10.2,"    ","P",140.554,
100,11.0,"    ","P",24.229,
100,12.0,"    ","P",1.000,
100,13.0,"    ","P",1.204,
100,13.1,"    ","P",0.950,
100,13.2,"    ","P",0.600,
100,14.0,"    ","P",0.504,
130,1,"06/27/2019  05:19:28","0","P",,,1,1,0,
100,1.0,"    ","P",-0.542,
100,1.1,"    ","P",1.326,
100,1.2,"    ","P",-0.709,
100,1.3,"    ","P",-0.019,
100,1.4,"    ","P",-0.658,
100,1.5,"    ","P",0.006,
100,1.6,"    ","P",-0.694,
100,1.7,"    ","P",-0.014,
100,1.8,"    ","P",-0.661,
100,1.9,"    ","P",0.011,
100,2.0,"    ","P",0.286,
100,3.0,"    ","P",1.689,
100,3.1,"    ","P",1.672,
100,3.2,"    ","P",1.736,
100,3.3,"    ","P",1.772,
100,3.4,"    ","P",2.403,
100,4.0,"    ","P",12.283,
100,4.1,"    ","P",547.193,
100,4.2,"    ","P",8.210,
100,4.3,"    ","P",4.073,
100,4.4,"    ","P",6.826,
100,5.0,"    ","P",402.502,
100,5.1,"    ","P",400.786,
100,5.2,"    ","P",5.646,
100,5.3,"    ","P",131.272,
100,6.0,"    ","P",20.257,
100,7.0,"    ","P",11.288,
100,7.1,"    ","P",1.162,
100,7.2,"    ","P",1.053,
100,7.3,"    ","P",0.212,
100,7.4,"    ","P",18.139,
100,8.0,"    ","P",50.101,
100,8.1,"    ","P",14.612,
100,8.2,"    ","P",4.389,
100,8.3,"    ","P",76.901,
100,8.4,"    ","P",0.017,
100,8.5,"    ","P",0.000,
100,9.0,"    ","P",6.139,
100,10.0,"    ","P",605.565,
100,10.1,"    ","P",477.505,
100,10.2,"    ","P",128.061,
100,11.0,"    ","P",24.067,
100,12.0,"    ","P",1.000,
100,13.0,"    ","P",1.227,
100,13.1,"    ","P",0.950,
100,13.2,"    ","P",0.600,
100,14.0,"    ","P",0.503,
130,1,"06/27/2019  05:19:30","0","P",,,1,1,0,
100,1.0,"    ","P",-0.543,
100,1.1,"    ","P",1.385,
100,1.2,"    ","P",-0.709,
100,1.3,"    ","P",-0.018,
100,1.4,"    ","P",-0.658,
100,1.5,"    ","P",0.013,
100,1.6,"    ","P",-0.694,
100,1.7,"    ","P",-0.027,
100,1.8,"    ","P",-0.661,
100,1.9,"    ","P",-0.002,
100,2.0,"    ","P",0.286,
100,3.0,"    ","P",1.686,
100,3.1,"    ","P",1.668,
100,3.2,"    ","P",1.733,
100,3.3,"    ","P",1.768,
100,3.4,"    ","P",2.411,
100,4.0,"    ","P",12.256,
100,4.1,"    ","P",535.365,
100,4.2,"    ","P",8.172,
100,4.3,"    ","P",4.084,
100,4.4,"    ","P",6.744,
100,5.0,"    ","P",396.827,
100,5.1,"    ","P",395.061,
100,5.2,"    ","P",5.694,
100,5.3,"    ","P",131.366,
100,6.0,"    ","P",20.270,
100,7.0,"    ","P",11.068,
100,7.1,"    ","P",1.161,
100,7.2,"    ","P",1.053,
100,7.3,"    ","P",0.208,
100,7.4,"    ","P",18.224,
100,8.0,"    ","P",50.156,
100,8.1,"    ","P",14.539,
100,8.2,"    ","P",4.366,
100,8.3,"    ","P",76.907,
100,8.4,"    ","P",0.015,
100,8.5,"    ","P",0.000,
100,9.0,"    ","P",6.098,
100,10.0,"    ","P",605.565,
100,10.1,"    ","P",474.694,
100,10.2,"    ","P",130.872,
100,11.0,"    ","P",24.031,
100,12.0,"    ","P",1.000,
100,13.0,"    ","P",1.218,
100,13.1,"    ","P",0.950,
100,13.2,"    ","P",0.600,
100,14.0,"    ","P",0.503,
130,1,"06/27/2019  05:19:31","0","P",,,1,1,0,
100,1.0,"    ","P",-0.542,
100,1.1,"    ","P",1.388,
100,1.2,"    ","P",-0.709,
100,1.3,"    ","P",-0.019,
100,1.4,"    ","P",-0.658,
100,1.5,"    ","P",0.022,
100,1.6,"    ","P",-0.694,
100,1.7,"    ","P",-0.011,
100,1.8,"    ","P",-0.661,
100,1.9,"    ","P",0.026,
100,2.0,"    ","P",0.287,
100,3.0,"    ","P",1.685,
100,3.1,"    ","P",1.668,
100,3.2,"    ","P",1.732,
100,3.3,"    ","P",1.768,
100,3.4,"    ","P",2.418,
100,4.0,"    ","P",12.283,
100,4.1,"    ","P",542.233,
100,4.2,"    ","P",8.172,
100,4.3,"    ","P",4.112,
100,4.4,"    ","P",7.202,
100,5.0,"    ","P",406.609,
100,5.1,"    ","P",404.982,
100,5.2,"    ","P",5.348,
100,5.3,"    ","P",131.085,
100,6.0,"    ","P",20.277,
100,7.0,"    ","P",11.538,
100,7.1,"    ","P",1.154,
100,7.2,"    ","P",1.045,
100,7.3,"    ","P",0.196,
100,7.4,"    ","P",17.727,
100,8.0,"    ","P",51.382,
100,8.1,"    ","P",14.124,
100,8.2,"    ","P",4.402,
100,8.3,"    ","P",76.238,
100,8.4,"    ","P",0.018,
100,8.5,"    ","P",0.000,
100,9.0,"    ","P",6.089,
100,10.0,"    ","P",599.631,
100,10.1,"    ","P",470.321,
100,10.2,"    ","P",129.310,
100,11.0,"    ","P",24.148,
100,12.0,"    ","P",1.000,
100,13.0,"    ","P",1.239,
100,13.1,"    ","P",0.950,
100,13.2,"    ","P",0.600,
100,14.0,"    ","P",0.503,
130,1,"06/27/2019  05:19:32","0","P",,,1,1,0,
100,1.0,"    ","P",-0.542,
100,1.1,"    ","P",1.395,
100,1.2,"    ","P",-0.707,
100,1.3,"    ","P",-0.019,
100,1.4,"    ","P",-0.657,
100,1.5,"    ","P",-0.016,
100,1.6,"    ","P",-0.695,
100,1.7,"    ","P",0.061,
100,1.8,"    ","P",-0.660,
100,1.9,"    ","P",0.048,
100,2.0,"    ","P",0.287,
100,3.0,"    ","P",1.678,
100,3.1,"    ","P",1.662,
100,3.2,"    ","P",1.725,
100,3.3,"    ","P",1.760,
100,3.4,"    ","P",2.432,
100,4.0,"    ","P",12.274,
100,4.1,"    ","P",544.675,
100,4.2,"    ","P",8.191,
100,4.3,"    ","P",4.083,
100,4.4,"    ","P",6.578,
100,5.0,"    ","P",400.872,
100,5.1,"    ","P",398.888,
100,5.2,"    ","P",5.717,
100,5.3,"    ","P",130.492,
100,6.0,"    ","P",20.252,
100,7.0,"    ","P",11.413,
100,7.1,"    ","P",1.145,
100,7.2,"    ","P",1.038,
100,7.3,"    ","P",0.199,
100,7.4,"    ","P",17.539,
100,8.0,"    ","P",51.249,
100,8.1,"    ","P",14.339,
100,8.2,"    ","P",4.282,
100,8.3,"    ","P",77.003,
100,8.4,"    ","P",0.003,
100,8.5,"    ","P",0.000,
100,9.0,"    ","P",6.104,
100,10.0,"    ","P",602.442,
100,10.1,"    ","P",462.825,
100,10.2,"    ","P",139.617,
100,11.0,"    ","P",24.057,
100,12.0,"    ","P",1.000,
100,13.0,"    ","P",1.226,
100,13.1,"    ","P",0.950,
100,13.2,"    ","P",0.600,
100,14.0,"    ","P",0.504,
130,1,"06/27/2019  05:19:34","0","P",,,1,1,0,
100,1.0,"    ","P",-0.542,
100,1.1,"    ","P",1.373,
100,1.2,"    ","P",-0.707,
100,1.3,"    ","P",-0.018,
100,1.4,"    ","P",-0.657,
100,1.5,"    ","P",-0.006,
100,1.6,"    ","P",-0.695,
100,1.7,"    ","P",0.023,
100,1.8,"    ","P",-0.660,
100,1.9,"    ","P",-0.021,
100,2.0,"    ","P",0.287,
100,3.0,"    ","P",1.653,
100,3.1,"    ","P",1.637,
100,3.2,"    ","P",1.701,
100,3.3,"    ","P",1.737,
100,3.4,"    ","P",2.373,
100,4.0,"    ","P",12.153,
100,4.1,"    ","P",542.767,
100,4.2,"    ","P",8.112,
100,4.3,"    ","P",4.041,
100,4.4,"    ","P",9.037,
100,5.0,"    ","P",393.410,
100,5.1,"    ","P",391.653,
100,5.2,"    ","P",5.613,
100,5.3,"    ","P",131.022,
100,6.0,"    ","P",20.250,
100,7.0,"    ","P",11.256,
100,7.1,"    ","P",1.149,
100,7.2,"    ","P",1.042,
100,7.3,"    ","P",0.238,
100,7.4,"    ","P",18.139,
100,8.0,"    ","P",48.293,
100,8.1,"    ","P",15.087,
100,8.2,"    ","P",4.606,
100,8.3,"    ","P",76.610,
100,8.4,"    ","P",0.010,
100,8.5,"    ","P",0.000,
100,9.0,"    ","P",6.063,
100,10.0,"    ","P",607.440,
100,10.1,"    ","P",470.009,
100,10.2,"    ","P",137.431,
100,11.0,"    ","P",23.835,
100,12.0,"    ","P",1.000,
100,13.0,"    ","P",1.201,
100,13.1,"    ","P",0.950,
100,13.2,"    ","P",0.600,
100,14.0,"    ","P",0.503,
130,1,"06/27/2019  05:19:35","0","P",,,1,1,0,
100,1.0,"    ","P",-0.542,
100,1.1,"    ","P",1.382,
100,1.2,"    ","P",-0.708,
100,1.3,"    ","P",-0.016,
100,1.4,"    ","P",-0.658,
100,1.5,"    ","P",0.003,
100,1.6,"    ","P",-0.694,
100,1.7,"    ","P",-0.014,
100,1.8,"    ","P",-0.661,
100,1.9,"    ","P",0.017,
100,2.0,"    ","P",0.286,
100,3.0,"    ","P",1.713,
100,3.1,"    ","P",1.696,
100,3.2,"    ","P",1.759,
100,3.3,"    ","P",1.792,
100,3.4,"    ","P",2.445,
100,4.0,"    ","P",12.253,
100,4.1,"    ","P",550.551,
100,4.2,"    ","P",8.173,
100,4.3,"    ","P",4.080,
100,4.4,"    ","P",7.175,
100,5.0,"    ","P",425.202,
100,5.1,"    ","P",423.232,
100,5.2,"    ","P",5.669,
100,5.3,"    ","P",131.335,
100,6.0,"    ","P",20.259,
100,7.0,"    ","P",11.162,
100,7.1,"    ","P",1.167,
100,7.2,"    ","P",1.057,
100,7.3,"    ","P",0.194,
100,7.4,"    ","P",18.310,
100,8.0,"    ","P",51.508,
100,8.1,"    ","P",14.304,
100,8.2,"    ","P",4.157,
100,8.3,"    ","P",77.481,
100,8.4,"    ","P",0.014,
100,8.5,"    ","P",0.000,
100,9.0,"    ","P",6.076,
100,10.0,"    ","P",605.565,
100,10.1,"    ","P",474.069,
100,10.2,"    ","P",131.496,
100,11.0,"    ","P",24.044,
100,12.0,"    ","P",1.000,
100,13.0,"    ","P",1.277,
100,13.1,"    ","P",0.950,
100,13.2,"    ","P",0.600,
100,14.0,"    ","P",0.505,
130,1,"06/27/2019  05:19:37","0","P",,,1,1,0,
100,1.0,"    ","P",-0.542,
100,1.1,"    ","P",1.410,
100,1.2,"    ","P",-0.708,
100,1.3,"    ","P",-0.015,
100,1.4,"    ","P",-0.658,
100,1.5,"    ","P",0.028,
100,1.6,"    ","P",-0.694,
100,1.7,"    ","P",0.001,
100,1.8,"    ","P",-0.661,
100,1.9,"    ","P",0.039,
100,2.0,"    ","P",0.286,
100,3.0,"    ","P",1.654,
100,3.1,"    ","P",1.636,
100,3.2,"    ","P",1.701,
100,3.3,"    ","P",1.736,
100,3.4,"    ","P",2.372,
100,4.0,"    ","P",12.223,
100,4.1,"    ","P",521.859,
100,4.2,"    ","P",8.153,
100,4.3,"    ","P",4.070,
100,4.4,"    ","P",6.441,
100,5.0,"    ","P",405.199,
100,5.1,"    ","P",403.489,
100,5.2,"    ","P",5.653,
100,5.3,"    ","P",131.366,
100,6.0,"    ","P",20.250,
100,7.0,"    ","P",11.037,
100,7.1,"    ","P",1.152,
100,7.2,"    ","P",1.043,
100,7.3,"    ","P",0.216,
100,7.4,"    ","P",18.139,
100,8.0,"    ","P",49.575,
100,8.1,"    ","P",14.672,
100,8.2,"    ","P",4.440,
100,8.3,"    ","P",76.771,
100,8.4,"    ","P",0.012,
100,8.5,"    ","P",0.000,
100,9.0,"    ","P",6.103,
100,10.0,"    ","P",602.442,
100,10.1,"    ","P",466.885,
100,10.2,"    ","P",135.557,
100,11.0,"    ","P",23.990,
100,12.0,"    ","P",1.000,
100,13.0,"    ","P",1.233,
100,13.1,"    ","P",0.950,
100,13.2,"    ","P",0.600,
100,14.0,"    ","P",0.503,
130,1,"06/27/2019  05:19:38","0","P",,,1,1,0,
100,1.0,"    ","P",-0.542,
100,1.1,"    ","P",1.373,
100,1.2,"    ","P",-0.709,
100,1.3,"    ","P",-0.019,
100,1.4,"    ","P",-0.658,
100,1.5,"    ","P",0.016,
100,1.6,"    ","P",-0.694,
100,1.7,"    ","P",-0.011,
100,1.8,"    ","P",-0.661,
100,1.9,"    ","P",0.011,
100,2.0,"    ","P",0.286,
100,3.0,"    ","P",1.667,
100,3.1,"    ","P",1.650,
100,3.2,"    ","P",1.714,
100,3.3,"    ","P",1.747,
100,3.4,"    ","P",2.400,
100,4.0,"    ","P",12.194,
100,4.1,"    ","P",533.534,
100,4.2,"    ","P",8.143,
100,4.3,"    ","P",4.051,
100,4.4,"    ","P",7.193,
100,5.0,"    ","P",403.913,
100,5.1,"    ","P",402.327,
100,5.2,"    ","P",5.505,
100,5.3,"    ","P",130.960,
100,6.0,"    ","P",20.251,
100,7.0,"    ","P",11.194,
100,7.1,"    ","P",1.158,
100,7.2,"    ","P",1.050,
100,7.3,"    ","P",0.211,
100,7.4,"    ","P",18.053,
100,8.0,"    ","P",50.006,
100,8.1,"    ","P",14.483,
100,8.2,"    ","P",4.516,
100,8.3,"    ","P",76.231,
100,8.4,"    ","P",0.015,
100,8.5,"    ","P",0.000,
100,9.0,"    ","P",6.109,
100,10.0,"    ","P",606.502,
100,10.1,"    ","P",470.633,
100,10.2,"    ","P",135.869,
100,11.0,"    ","P",23.988,
100,12.0,"    ","P",1.000,
100,13.0,"    ","P",1.222,
100,13.1,"    ","P",0.950,
100,13.2,"    ","P",0.600,
100,14.0,"    ","P",0.503,
130,1,"06/27/2019  05:19:40","0","P",,,1,1,0,
100,1.0,"    ","P",-0.542,
100,1.1,"    ","P",1.360,
100,1.2,"    ","P",-0.708,
100,1.3,"    ","P",-0.020,
100,1.4,"    ","P",-0.658,
100,1.5,"    ","P",-0.016,
100,1.6,"    ","P",-0.694,
100,1.7,"    ","P",0.027,
100,1.8,"    ","P",-0.661,
100,1.9,"    ","P",-0.005,
100,2.0,"    ","P",0.286,
100,3.0,"    ","P",1.691,
100,3.1,"    ","P",1.675,
100,3.2,"    ","P",1.738,
100,3.3,"    ","P",1.772,
100,3.4,"    ","P",2.426,
100,4.0,"    ","P",12.364,
100,4.1,"    ","P",560.013,
100,4.2,"    ","P",8.271,
100,4.3,"    ","P",4.093,
100,4.4,"    ","P",6.294,
100,5.0,"    ","P",395.542,
100,5.1,"    ","P",393.630,
100,5.2,"    ","P",5.493,
100,5.3,"    ","P",130.773,
100,6.0,"    ","P",20.274,
100,7.0,"    ","P",11.350,
100,7.1,"    ","P",1.153,
100,7.2,"    ","P",1.044,
100,7.3,"    ","P",0.213,
100,7.4,"    ","P",18.242,
100,8.0,"    ","P",49.779,
100,8.1,"    ","P",14.595,
100,8.2,"    ","P",4.447,
100,8.3,"    ","P",76.647,
100,8.4,"    ","P",0.012,
100,8.5,"    ","P",0.000,
100,9.0,"    ","P",6.108,
100,10.0,"    ","P",612.749,
100,10.1,"    ","P",474.381,
100,10.2,"    ","P",138.368,
100,11.0,"    ","P",24.414,
100,12.0,"    ","P",1.000,
100,13.0,"    ","P",1.217,
100,13.1,"    ","P",0.950,
100,13.2,"    ","P",0.600,
100,14.0,"    ","P",0.503,
130,1,"06/27/2019  05:19:41","0","P",,,1,1,0,
100,1.0,"    ","P",-0.542,
100,1.1,"    ","P",1.401,
100,1.2,"    ","P",-0.707,
100,1.3,"    ","P",-0.018,
100,1.4,"    ","P",-0.657,
100,1.5,"    ","P",0.016,
100,1.6,"    ","P",-0.695,
100,1.7,"    ","P",0.001,
100,1.8,"    ","P",-0.661,
100,1.9,"    ","P",0.001,
100,2.0,"    ","P",0.286,
100,3.0,"    ","P",1.703,
100,3.1,"    ","P",1.686,
100,3.2,"    ","P",1.748,
100,3.3,"    ","P",1.784,
100,3.4,"    ","P",2.438,
100,4.0,"    ","P",12.365,
100,4.1,"    ","P",550.398,
100,4.2,"    ","P",8.249,
100,4.3,"    ","P",4.116,
100,4.4,"    ","P",6.230,
100,5.0,"    ","P",403.004,
100,5.1,"    ","P",401.146,
100,5.2,"    ","P",5.791,
100,5.3,"    ","P",130.554,
100,6.0,"    ","P",20.256,
100,7.0,"    ","P",11.100,
100,7.1,"    ","P",1.155,
100,7.2,"    ","P",1.046,
100,7.3,"    ","P",0.197,
100,7.4,"    ","P",17.933,
100,8.0,"    ","P",51.189,
100,8.1,"    ","P",14.308,
100,8.2,"    ","P",4.249,
100,8.3,"    ","P",77.105,
100,8.4,"    ","P",0.015,
100,8.5,"    ","P",0.000,
100,9.0,"    ","P",6.152,
100,10.0,"    ","P",604.004,
100,10.1,"    ","P",471.570,
100,10.2,"    ","P",132.433,
100,11.0,"    ","P",24.330,
100,12.0,"    ","P",1.000,
100,13.0,"    ","P",1.235,
100,13.1,"    ","P",0.950,
100,13.2,"    ","P",0.600,
100,14.0,"    ","P",0.503,
130,1,"06/27/2019  05:19:42","0","P",,,1,1,0,
100,1.0,"    ","P",-0.542,
100,1.1,"    ","P",1.423,
100,1.2,"    ","P",-0.707,
100,1.3,"    ","P",-0.020,
100,1.4,"    ","P",-0.658,
100,1.5,"    ","P",0.022,
100,1.6,"    ","P",-0.695,
100,1.7,"    ","P",0.001,
100,1.8,"    ","P",-0.661,
100,1.9,"    ","P",0.036,
100,2.0,"    ","P",0.286,
100,3.0,"    ","P",1.684,
100,3.1,"    ","P",1.667,
100,3.2,"    ","P",1.731,
100,3.3,"    ","P",1.768,
100,3.4,"    ","P",2.430,
100,4.0,"    ","P",12.313,
100,4.1,"    ","P",540.325,
100,4.2,"    ","P",8.182,
100,4.3,"    ","P",4.132,
100,4.4,"    ","P",5.450,
100,5.0,"    ","P",402.345,
100,5.1,"    ","P",400.801,
100,5.2,"    ","P",5.724,
100,5.3,"    ","P",130.929,
100,6.0,"    ","P",20.251,
100,7.0,"    ","P",11.194,
100,7.1,"    ","P",1.147,
100,7.2,"    ","P",1.038,
100,7.3,"    ","P",0.197,
100,7.4,"    ","P",18.242,
100,8.0,"    ","P",51.195,
100,8.1,"    ","P",14.271,
100,8.2,"    ","P",4.361,
100,8.3,"    ","P",76.595,
100,8.4,"    ","P",0.015,
100,8.5,"    ","P",0.000,
100,9.0,"    ","P",6.114,
100,10.0,"    ","P",606.502,
100,10.1,"    ","P",463.449,
100,10.2,"    ","P",143.053,
100,11.0,"    ","P",24.129,
100,12.0,"    ","P",1.000,
100,13.0,"    ","P",1.226,
100,13.1,"    ","P",0.950,
100,13.2,"    ","P",0.600,
100,14.0,"    ","P",0.503,
130,1,"06/27/2019  05:19:44","0","P",,,1,1,0,
100,1.0,"    ","P",-0.542,
100,1.1,"    ","P",1.370,
100,1.2,"    ","P",-0.708,
100,1.3,"    ","P",-0.018,
100,1.4,"    ","P",-0.658,
100,1.5,"    ","P",0.000,
100,1.6,"    ","P",-0.695,
100,1.7,"    ","P",0.027,
100,1.8,"    ","P",-0.661,
100,1.9,"    ","P",0.007,
100,2.0,"    ","P",0.286,
100,3.0,"    ","P",1.670,
100,3.1,"    ","P",1.652,
100,3.2,"    ","P",1.715,
100,3.3,"    ","P",1.746,
100,3.4,"    ","P",2.414,
100,4.0,"    ","P",12.194,
100,4.1,"    ","P",527.124,
100,4.2,"    ","P",8.143,
100,4.3,"    ","P",4.051,
100,4.4,"    ","P",6.257,
100,5.0,"    ","P",401.656,
100,5.1,"    ","P",399.887,
100,5.2,"    ","P",5.463,
100,5.3,"    ","P",130.554,
100,6.0,"    ","P",20.265,
100,7.0,"    ","P",11.194,
100,7.1,"    ","P",1.139,
100,7.2,"    ","P",1.029,
100,7.3,"    ","P",0.211,
100,7.4,"    ","P",18.019,
100,8.0,"    ","P",50.096,
100,8.1,"    ","P",14.685,
100,8.2,"    ","P",4.300,
100,8.3,"    ","P",77.349,
100,8.4,"    ","P",0.014,
100,8.5,"    ","P",0.000,
100,9.0,"    ","P",6.088,
100,10.0,"    ","P",588.387,
100,10.1,"    ","P",480.628,
100,10.2,"    ","P",107.758,
100,11.0,"    ","P",23.940,
100,12.0,"    ","P",1.000,
100,13.0,"    ","P",1.210,
100,13.1,"    ","P",0.950,
100,13.2,"    ","P",0.600,
100,14.0,"    ","P",0.503,
130,1,"06/27/2019  05:19:45","0","P",,,1,1,0,
100,1.0,"    ","P",-0.542,
100,1.1,"    ","P",1.357,
100,1.2,"    ","P",-0.708,
100,1.3,"    ","P",-0.017,
100,1.4,"    ","P",-0.658,
100,1.5,"    ","P",0.010,
100,1.6,"    ","P",-0.694,
100,1.7,"    ","P",0.008,
100,1.8,"    ","P",-0.661,
100,1.9,"    ","P",0.007,
100,2.0,"    ","P",0.286,
100,3.0,"    ","P",1.689,
100,3.1,"    ","P",1.672,
100,3.2,"    ","P",1.734,
100,3.3,"    ","P",1.765,
100,3.4,"    ","P",2.439,
100,4.0,"    ","P",12.274,
100,4.1,"    ","P",534.908,
100,4.2,"    ","P",8.180,
100,4.3,"    ","P",4.094,
100,4.4,"    ","P",6.661,
100,5.0,"    ","P",400.747,
100,5.1,"    ","P",399.013,
100,5.2,"    ","P",5.674,
100,5.3,"    ","P",130.242,
100,6.0,"    ","P",20.253,
100,7.0,"    ","P",11.663,
100,7.1,"    ","P",1.136,
100,7.2,"    ","P",1.027,
100,7.3,"    ","P",0.221,
100,7.4,"    ","P",18.139,
100,8.0,"    ","P",49.302,
100,8.1,"    ","P",14.793,
100,8.2,"    ","P",4.488,
100,8.3,"    ","P",76.723,
100,8.4,"    ","P",0.008,
100,8.5,"    ","P",0.000,
100,9.0,"    ","P",6.117,
100,10.0,"    ","P",603.691,
100,10.1,"    ","P",476.880,
100,10.2,"    ","P",126.811,
100,11.0,"    ","P",24.146,
100,12.0,"    ","P",1.000,
100,13.0,"    ","P",1.235,
100,13.1,"    ","P",0.950,
100,13.2,"    ","P",0.600,
100,14.0,"    ","P",0.503,
130,1,"06/27/2019  05:19:47","0","P",,,1,1,0,
100,1.0,"    ","P",-0.542,
100,1.1,"    ","P",1.398,
100,1.2,"    ","P",-0.709,
100,1.3,"    ","P",-0.020,
100,1.4,"    ","P",-0.658,
100,1.5,"    ","P",0.016,
100,1.6,"    ","P",-0.694,
100,1.7,"    ","P",0.011,
100,1.8,"    ","P",-0.661,
100,1.9,"    ","P",-0.005,
100,2.0,"    ","P",0.286,
100,3.0,"    ","P",1.689,
100,3.1,"    ","P",1.671,
100,3.2,"    ","P",1.736,
100,3.3,"    ","P",1.772,
100,3.4,"    ","P",2.429,
100,4.0,"    ","P",12.254,
100,4.1,"    ","P",537.349,
100,4.2,"    ","P",8.152,
100,4.3,"    ","P",4.101,
100,4.4,"    ","P",8.294,
100,5.0,"    ","P",417.081,
100,5.1,"    ","P",415.202,
100,5.2,"    ","P",5.516,
100,5.3,"    ","P",130.710,
100,6.0,"    ","P",20.262,
100,7.0,"    ","P",11.382,
100,7.1,"    ","P",1.153,
100,7.2,"    ","P",1.045,
100,7.3,"    ","P",0.214,
100,7.4,"    ","P",17.864,
100,8.0,"    ","P",49.570,
100,8.1,"    ","P",14.714,
100,8.2,"    ","P",4.393,
100,8.3,"    ","P",77.007,
100,8.4,"    ","P",0.007,
100,8.5,"    ","P",0.000,
100,9.0,"    ","P",6.117,
100,10.0,"    ","P",580.890,
100,10.1,"    ","P",467.822,
100,10.2,"    ","P",113.068,
100,11.0,"    ","P",24.050,
100,12.0,"    ","P",1.000,
100,13.0,"    ","P",1.268,
100,13.1,"    ","P",0.950,
100,13.2,"    ","P",0.600,
100,14.0,"    ","P",0.503,
130,1,"06/27/2019  05:19:48","0","P",,,1,1,0,
100,1.0,"    ","P",-0.542,
100,1.1,"    ","P",1.391,
100,1.2,"    ","P",-0.708,
100,1.3,"    ","P",-0.020,
100,1.4,"    ","P",-0.658,
100,1.5,"    ","P",0.013,
100,1.6,"    ","P",-0.696,
100,1.7,"    ","P",0.008,
100,1.8,"    ","P",-0.661,
100,1.9,"    ","P",-0.002,
100,2.0,"    ","P",0.286,
100,3.0,"    ","P",1.700,
100,3.1,"    ","P",1.683,
100,3.2,"    ","P",1.748,
100,3.3,"    ","P",1.789,
100,3.4,"    ","P",2.422,
100,4.0,"    ","P",12.335,
100,4.1,"    ","P",545.667,
100,4.2,"    ","P",8.193,
100,4.3,"    ","P",4.143,
100,4.4,"    ","P",4.441,
100,5.0,"    ","P",408.710,
100,5.1,"    ","P",406.937,
100,5.2,"    ","P",5.623,
100,5.3,"    ","P",130.898,
100,6.0,"    ","P",20.242,
100,7.0,"    ","P",11.162,
100,7.1,"    ","P",1.138,
100,7.2,"    ","P",1.027,
100,7.3,"    ","P",0.233,
100,7.4,"    ","P",17.624,
100,8.0,"    ","P",48.323,
100,8.1,"    ","P",14.980,
100,8.2,"    ","P",4.568,
100,8.3,"    ","P",76.632,
100,8.4,"    ","P",0.006,
100,8.5,"    ","P",0.000,
100,9.0,"    ","P",6.108,
100,10.0,"    ","P",600.880,
100,10.1,"    ","P",477.192,
100,10.2,"    ","P",123.688,
100,11.0,"    ","P",24.167,
100,12.0,"    ","P",1.000,
100,13.0,"    ","P",1.237,
100,13.1,"    ","P",0.950,
100,13.2,"    ","P",0.600,
100,14.0,"    ","P",0.503,
130,1,"06/27/2019  05:19:49","0","P",,,1,1,0,
100,1.0,"    ","P",-0.543,
100,1.1,"    ","P",1.370,
100,1.2,"    ","P",-0.709,
100,1.3,"    ","P",-0.021,
100,1.4,"    ","P",-0.657,
100,1.5,"    ","P",-0.034,
100,1.6,"    ","P",-0.696,
100,1.7,"    ","P",0.033,
100,1.8,"    ","P",-0.661,
100,1.9,"    ","P",0.039,
100,2.0,"    ","P",0.286,
100,3.0,"    ","P",1.688,
100,3.1,"    ","P",1.671,
100,3.2,"    ","P",1.734,
100,3.3,"    ","P",1.773,
100,3.4,"    ","P",2.399,
100,4.0,"    ","P",12.243,
100,4.1,"    ","P",531.397,
100,4.2,"    ","P",8.153,
100,4.3,"    ","P",4.090,
100,4.4,"    ","P",5.927,
100,5.0,"    ","P",409.588,
100,5.1,"    ","P",407.720,
100,5.2,"    ","P",5.546,
100,5.3,"    ","P",131.210,
100,6.0,"    ","P",20.251,
100,7.0,"    ","P",11.413,
100,7.1,"    ","P",1.120,
100,7.2,"    ","P",1.011,
100,7.3,"    ","P",0.229,
100,7.4,"    ","P",17.847,
100,8.0,"    ","P",48.692,
100,8.1,"    ","P",14.967,
100,8.2,"    ","P",4.553,
100,8.3,"    ","P",76.676,
100,8.4,"    ","P",0.007,
100,8.5,"    ","P",0.000,
100,9.0,"    ","P",6.078,
100,10.0,"    ","P",585.575,
100,10.1,"    ","P",468.447,
100,10.2,"    ","P",117.129,
100,11.0,"    ","P",24.096,
100,12.0,"    ","P",1.000,
100,13.0,"    ","P",1.214,
100,13.1,"    ","P",0.950,
100,13.2,"    ","P",0.600,
100,14.0,"    ","P",0.503,
130,1,"06/27/2019  05:19:51","0","P",,,1,1,0,
100,1.0,"    ","P",-0.542,
100,1.1,"    ","P",1.376,
100,1.2,"    ","P",-0.708,
100,1.3,"    ","P",-0.016,
100,1.4,"    ","P",-0.657,
100,1.5,"    ","P",-0.016,
100,1.6,"    ","P",-0.695,
100,1.7,"    ","P",-0.014,
100,1.8,"    ","P",-0.660,
100,1.9,"    ","P",-0.008,
100,2.0,"    ","P",0.286,
100,3.0,"    ","P",1.667,
100,3.1,"    ","P",1.650,
100,3.2,"    ","P",1.715,
100,3.3,"    ","P",1.749,
100,3.4,"    ","P",2.385,
100,4.0,"    ","P",12.133,
100,4.1,"    ","P",533.152,
100,4.2,"    ","P",8.091,
100,4.3,"    ","P",4.042,
100,4.4,"    ","P",7.028,
100,5.0,"    ","P",402.377,
100,5.1,"    ","P",400.614,
100,5.2,"    ","P",5.466,
100,5.3,"    ","P",131.460,
100,6.0,"    ","P",20.246,
100,7.0,"    ","P",11.256,
100,7.1,"    ","P",1.131,
100,7.2,"    ","P",1.023,
100,7.3,"    ","P",0.221,
100,7.4,"    ","P",17.744,
100,8.0,"    ","P",49.274,
100,8.1,"    ","P",14.879,
100,8.2,"    ","P",4.420,
100,8.3,"    ","P",77.096,
100,8.4,"    ","P",0.014,
100,8.5,"    ","P",0.000,
100,9.0,"    ","P",6.058,
100,10.0,"    ","P",599.631,
100,10.1,"    ","P",472.195,
100,10.2,"    ","P",127.436,
100,11.0,"    ","P",23.865,
100,12.0,"    ","P",1.000,
100,13.0,"    ","P",1.221,
100,13.1,"    ","P",0.950,
100,13.2,"    ","P",0.600,
100,14.0,"    ","P",0.505,
130,1,"06/27/2019  05:19:52","0","P",,,1,1,0,
100,1.0,"    ","P",-0.542,
100,1.1,"    ","P",1.401,
100,1.2,"    ","P",-0.708,
100,1.3,"    ","P",-0.017,
100,1.4,"    ","P",-0.657,
100,1.5,"    ","P",0.003,
100,1.6,"    ","P",-0.695,
100,1.7,"    ","P",0.005,
100,1.8,"    ","P",-0.660,
100,1.9,"    ","P",-0.002,
100,2.0,"    ","P",0.286,
100,3.0,"    ","P",1.703,
100,3.1,"    ","P",1.687,
100,3.2,"    ","P",1.749,
100,3.3,"    ","P",1.782,
100,3.4,"    ","P",2.437,
100,4.0,"    ","P",12.173,
100,4.1,"    ","P",554.672,
100,4.2,"    ","P",8.117,
100,4.3,"    ","P",4.056,
100,4.4,"    ","P",6.377,
100,5.0,"    ","P",404.195,
100,5.1,"    ","P",402.449,
100,5.2,"    ","P",5.474,
100,5.3,"    ","P",130.804,
100,6.0,"    ","P",20.272,
100,7.0,"    ","P",11.131,
100,7.1,"    ","P",1.146,
100,7.2,"    ","P",1.038,
100,7.3,"    ","P",0.207,
100,7.4,"    ","P",18.139,
100,8.0,"    ","P",50.017,
100,8.1,"    ","P",14.533,
100,8.2,"    ","P",4.404,
100,8.3,"    ","P",76.743,
100,8.4,"    ","P",0.008,
100,8.5,"    ","P",0.000,
100,9.0,"    ","P",6.098,
100,10.0,"    ","P",610.875,
100,10.1,"    ","P",473.444,
100,10.2,"    ","P",137.431,
100,11.0,"    ","P",23.888,
100,12.0,"    ","P",1.000,
100,13.0,"    ","P",1.217,
100,13.1,"    ","P",0.950,
100,13.2,"    ","P",0.600,
100,14.0,"    ","P",0.502,
130,1,"06/27/2019  05:19:54","0","P",,,1,1,0,
100,1.0,"    ","P",-0.542,
100,1.1,"    ","P",1.410,
100,1.2,"    ","P",-0.708,
100,1.3,"    ","P",-0.019,
100,1.4,"    ","P",-0.658,
100,1.5,"    ","P",0.013,
100,1.6,"    ","P",-0.694,
100,1.7,"    ","P",-0.011,
100,1.8,"    ","P",-0.661,
100,1.9,"    ","P",0.017,
100,2.0,"    ","P",0.286,
100,3.0,"    ","P",1.684,
100,3.1,"    ","P",1.667,
100,3.2,"    ","P",1.731,
100,3.3,"    ","P",1.765,
100,3.4,"    ","P",2.428,
100,4.0,"    ","P",12.304,
100,4.1,"    ","P",541.699,
100,4.2,"    ","P",8.203,
100,4.3,"    ","P",4.101,
100,4.4,"    ","P",6.551,
100,5.0,"    ","P",406.108,
100,5.1,"    ","P",404.071,
100,5.2,"    ","P",5.493,
100,5.3,"    ","P",130.616,
100,6.0,"    ","P",20.252,
100,7.0,"    ","P",11.382,
100,7.1,"    ","P",1.151,
100,7.2,"    ","P",1.043,
100,7.3,"    ","P",0.201,
100,7.4,"    ","P",18.156,
100,8.0,"    ","P",50.838,
100,8.1,"    ","P",14.352,
100,8.2,"    ","P",4.346,
100,8.3,"    ","P",76.755,
100,8.4,"    ","P",0.001,
100,8.5,"    ","P",0.000,
100,9.0,"    ","P",6.118,
100,10.0,"    ","P",613.686,
100,10.1,"    ","P",476.880,
100,10.2,"    ","P",136.806,
100,11.0,"    ","P",24.205,
100,12.0,"    ","P",1.000,
100,13.0,"    ","P",1.224,
100,13.1,"    ","P",0.950,
100,13.2,"    ","P",0.600,
100,14.0,"    ","P",0.502,
130,1,"06/27/2019  05:19:55","0","P",,,1,1,0,
100,1.0,"    ","P",-0.542,
100,1.1,"    ","P",1.357,
100,1.2,"    ","P",-0.708,
100,1.3,"    ","P",-0.018,
100,1.4,"    ","P",-0.658,
100,1.5,"    ","P",-0.022,
100,1.6,"    ","P",-0.694,
100,1.7,"    ","P",0.005,
100,1.8,"    ","P",-0.661,
100,1.9,"    ","P",0.039,
100,2.0,"    ","P",0.286,
100,3.0,"    ","P",1.686,
100,3.1,"    ","P",1.669,
100,3.2,"    ","P",1.733,
100,3.3,"    ","P",1.767,
100,3.4,"    ","P",2.403,
100,4.0,"    ","P",12.347,
100,4.1,"    ","P",539.486,
100,4.2,"    ","P",8.216,
100,4.3,"    ","P",4.130,
100,4.4,"    ","P",6.000,
100,5.0,"    ","P",404.948,
100,5.1,"    ","P",403.160,
100,5.2,"    ","P",5.711,
100,5.3,"    ","P",131.210,
100,6.0,"    ","P",20.267,
100,7.0,"    ","P",11.068,
100,7.1,"    ","P",1.170,
100,7.2,"    ","P",1.062,
100,7.3,"    ","P",0.203,
100,7.4,"    ","P",18.242,
100,8.0,"    ","P",50.769,
100,8.1,"    ","P",14.247,
100,8.2,"    ","P",4.508,
100,8.3,"    ","P",75.963,
100,8.4,"    ","P",0.015,
100,8.5,"    ","P",0.000,
100,9.0,"    ","P",6.132,
100,10.0,"    ","P",599.631,
100,10.1,"    ","P",466.885,
100,10.2,"    ","P",132.746,
100,11.0,"    ","P",24.221,
100,12.0,"    ","P",1.000,
100,13.0,"    ","P",1.243,
100,13.1,"    ","P",0.950,
100,13.2,"    ","P",0.600,
100,14.0,"    ","P",0.501,
130,1,"06/27/2019  05:19:56","0","P",,,1,1,0,
100,1.0,"    ","P",-0.542,
100,1.1,"    ","P",1.401,
100,1.2,"    ","P",-0.708,
100,1.3,"    ","P",-0.018,
100,1.4,"    ","P",-0.658,
100,1.5,"    ","P",0.000,
100,1.6,"    ","P",-0.694,
100,1.7,"    ","P",-0.008,
100,1.8,"    ","P",-0.661,
100,1.9,"    ","P",0.036,
100,2.0,"    ","P",0.286,
100,3.0,"    ","P",1.647,
100,3.1,"    ","P",1.629,
100,3.2,"    ","P",1.695,
100,3.3,"    ","P",1.730,
100,3.4,"    ","P",2.363,
100,4.0,"    ","P",12.225,
100,4.1,"    ","P",518.196,
100,4.2,"    ","P",8.162,
100,4.3,"    ","P",4.062,
100,4.4,"    ","P",7.257,
100,5.0,"    ","P",399.681,
100,5.1,"    ","P",398.058,
100,5.2,"    ","P",5.340,
100,5.3,"    ","P",131.366,
100,6.0,"    ","P",20.243,
100,7.0,"    ","P",11.382,
100,7.1,"    ","P",1.162,
100,7.2,"    ","P",1.053,
100,7.3,"    ","P",0.223,
100,7.4,"    ","P",18.259,
100,8.0,"    ","P",48.815,
100,8.1,"    ","P",14.843,
100,8.2,"    ","P",4.502,
100,8.3,"    ","P",76.730,
100,8.4,"    ","P",0.013,
100,8.5,"    ","P",0.000,
100,9.0,"    ","P",6.098,
100,10.0,"    ","P",608.689,
100,10.1,"    ","P",466.573,
100,10.2,"    ","P",142.116,
100,11.0,"    ","P",24.010,
100,12.0,"    ","P",1.000,
100,13.0,"    ","P",1.219,
100,13.1,"    ","P",0.950,
100,13.2,"    ","P",0.600,
100,14.0,"    ","P",0.502,
130,1,"06/27/2019  05:19:58","0","P",,,1,1,0,
100,1.0,"    ","P",-0.542,
100,1.1,"    ","P",1.382,
100,1.2,"    ","P",-0.707,
100,1.3,"    ","P",-0.020,
100,1.4,"    ","P",-0.658,
100,1.5,"    ","P",0.022,
100,1.6,"    ","P",-0.693,
100,1.7,"    ","P",0.001,
100,1.8,"    ","P",-0.661,
100,1.9,"    ","P",-0.002,
100,2.0,"    ","P",0.286,
100,3.0,"    ","P",1.696,
100,3.1,"    ","P",1.679,
100,3.2,"    ","P",1.742,
100,3.3,"    ","P",1.777,
100,3.4,"    ","P",2.439,
100,4.0,"    ","P",12.264,
100,4.1,"    ","P",541.775,
100,4.2,"    ","P",8.173,
100,4.3,"    ","P",4.090,
100,4.4,"    ","P",6.936,
100,5.0,"    ","P",413.758,
100,5.1,"    ","P",412.076,
100,5.2,"    ","P",5.193,
100,5.3,"    ","P",131.304,
100,6.0,"    ","P",20.265,
100,7.0,"    ","P",11.382,
100,7.1,"    ","P",1.138,
100,7.2,"    ","P",1.028,
100,7.3,"    ","P",0.199,
100,7.4,"    ","P",18.242,
100,8.0,"    ","P",51.119,
100,8.1,"    ","P",14.232,
100,8.2,"    ","P",4.376,
100,8.3,"    ","P",76.482,
100,8.4,"    ","P",0.015,
100,8.5,"    ","P",0.000,
100,9.0,"    ","P",6.134,
100,10.0,"    ","P",611.812,
100,10.1,"    ","P",471.258,
100,10.2,"    ","P",140.554,
100,11.0,"    ","P",24.047,
100,12.0,"    ","P",1.000,
100,13.0,"    ","P",1.252,
100,13.1,"    ","P",0.950,
100,13.2,"    ","P",0.600,
100,14.0,"    ","P",0.501,
130,1,"06/27/2019  05:19:59","0","P",,,1,1,0,
100,1.0,"    ","P",-0.542,
100,1.1,"    ","P",1.395,
100,1.2,"    ","P",-0.707,
100,1.3,"    ","P",-0.017,
100,1.4,"    ","P",-0.658,
100,1.5,"    ","P",0.035,
100,1.6,"    ","P",-0.694,
100,1.7,"    ","P",-0.002,
100,1.8,"    ","P",-0.661,
100,1.9,"    ","P",0.014,
100,2.0,"    ","P",0.286,
100,3.0,"    ","P",1.700,
100,3.1,"    ","P",1.682,
100,3.2,"    ","P",1.745,
100,3.3,"    ","P",1.782,
100,3.4,"    ","P",2.407,
100,4.0,"    ","P",12.254,
100,4.1,"    ","P",552.306,
100,4.2,"    ","P",8.193,
100,4.3,"    ","P",4.061,
100,4.4,"    ","P",9.221,
100,5.0,"    ","P",406.390,
100,5.1,"    ","P",404.394,
100,5.2,"    ","P",5.566,
100,5.3,"    ","P",131.085,
100,6.0,"    ","P",20.261,
100,7.0,"    ","P",11.194,
100,7.1,"    ","P",1.166,
100,7.2,"    ","P",1.057,
100,7.3,"    ","P",0.230,
100,7.4,"    ","P",18.447,
100,8.0,"    ","P",48.416,
100,8.1,"    ","P",14.992,
100,8.2,"    ","P",4.527,
100,8.3,"    ","P",76.806,
100,8.4,"    ","P",0.014,
100,8.5,"    ","P",0.000,
100,9.0,"    ","P",6.114,
100,10.0,"    ","P",609.626,
100,10.1,"    ","P",479.691,
100,10.2,"    ","P",129.935,
100,11.0,"    ","P",24.068,
100,12.0,"    ","P",1.000,
100,13.0,"    ","P",1.222,
100,13.1,"    ","P",0.950,
100,13.2,"    ","P",0.600,
100,14.0,"    ","P",0.501,
130,1,"06/27/2019  05:20:01","0","P",,,1,1,0,
100,1.0,"    ","P",-0.541,
100,1.1,"    ","P",1.382,
100,1.2,"    ","P",-0.706,
100,1.3,"    ","P",0.010,
100,1.4,"    ","P",-0.656,
100,1.5,"    ","P",-0.006,
100,1.6,"    ","P",-0.695,
100,1.7,"    ","P",-0.030,
100,1.8,"    ","P",-0.659,
100,1.9,"    ","P",0.026,
100,2.0,"    ","P",0.337,
100,3.0,"    ","P",1.668,
100,3.1,"    ","P",1.651,
100,3.2,"    ","P",1.716,
100,3.3,"    ","P",1.753,
100,3.4,"    ","P",2.391,
100,4.0,"    ","P",12.193,
100,4.1,"    ","P",540.707,
100,4.2,"    ","P",8.122,
100,4.3,"    ","P",4.071,
100,4.4,"    ","P",7.349,
100,5.0,"    ","P",399.524,
100,5.1,"    ","P",397.836,
100,5.2,"    ","P",5.520,
100,5.3,"    ","P",130.960,
100,6.0,"    ","P",20.255,
100,7.0,"    ","P",11.319,
100,7.1,"    ","P",1.157,
100,7.2,"    ","P",1.048,
100,7.3,"    ","P",0.234,
100,7.4,"    ","P",18.242,
100,8.0,"    ","P",49.013,
100,8.1,"    ","P",14.914,
100,8.2,"    ","P",4.579,
100,8.3,"    ","P",76.511,
100,8.4,"    ","P",0.016,
100,8.5,"    ","P",0.000,
100,9.0,"    ","P",6.073,
100,10.0,"    ","P",606.502,
100,10.1,"    ","P",475.006,
100,10.2,"    ","P",131.496,
100,11.0,"    ","P",23.910,
100,12.0,"    ","P",1.000,
100,13.0,"    ","P",1.206,
100,13.1,"    ","P",0.950,
100,13.2,"    ","P",0.600,
100,14.0,"    ","P",0.508,
130,1,"06/27/2019  05:20:50","0","P",,,1,1,0,
999,
50,1,"P",49,"PASS",
50,5,"F",1,"Continuity",
50,6,"F",0,"IDSS",
50,7,"F",0,"IOP",
50,8,"F",0,"UVLO",
50,9,"F",0,"IFB",
50,10,"F",0,"TSS",
50,11,"F",0,"VStr",
50,12,"F",0,"FOSC",
50,13,"F",0,"VSD",
50,14,"F",0,"BURST",
50,15,"F",0,"VOVP",
50,16,"F",0,"AR",
50,17,"F",0,"ILIMIT",
50,18,"F",0,"IDSS1",
50,19,"F",0,"",
50,20,"F",0,"",
50,21,"F",0,"",
50,22,"F",0,"",
50,23,"F",0,"",
50,24,"F",0,"",
50,25,"F",0,"",
50,32,"A",0,"Alarm Bin",
60,1,"P",49,"PASS",
60,3,"F",1,"Continuity",
60,4,"F",0,"IDSS",
2,1.-1,"Continuity",49,1,
1,1.0,"OS_VCC",50,0,
1,1.1,"ICCLKG",50,0,
1,1.2,"OS_DRAIN",50,0,
1,1.3,"IDLKG",49,1,
1,1.4,"OS_VFB",49,0,
1,1.5,"IFBLKG",49,0,
1,1.6,"OS_VSTR",49,0,
1,1.7,"ISTRLKG",49,0,
1,1.8,"OS_RLIM",49,0,
1,1.9,"IRLLKG",49,0,
2,2.-1,"IDSS",49,0,
1,2.0,"IDSS",49,0,
2,3.-1,"Vcc_Current",49,0,
1,3.0,"IOP",49,0,
1,3.1,"IOPMIN",49,0,
1,3.2,"IOPMAX26",49,0,
1,3.3,"IOPMAX30",49,0,
1,3.4,"IOPSW",49,0,
2,4.-1,"UVLO",49,0,
1,4.0,"VSTART",49,0,
1,4.1,"ISTART",49,0,
1,4.2,"VSTOP",49,0,
1,4.3,"UVLO_HYS",49,0,
1,4.4,"DIVSTOP",49,0,
2,5.-1,"Vfb_Current",49,0,
1,5.0,"IFB",49,0,
1,5.1,"IPK",49,0,
1,5.2,"IDELAY",49,0,
1,5.3,"VFBOFF",49,0,
2,6.-1,"TSS",49,0,
1,6.0,"TSS",49,0,
2,7.-1,"Start_Current",49,0,
1,7.0,"IJLKG",49,0,
1,7.1,"ICH",49,0,
1,7.2,"ISTRVCC",49,0,
1,7.3,"ISTD",49,0,
1,7.4,"VSTR",49,0,
2,8.-1,"FOSC",49,0,
1,8.0,"FSS",49,0,
1,8.1,"TON_MAX",49,0,
1,8.2,"TOFF_MAX",49,0,
1,8.3,"DMAX",49,0,
1,8.4,"Fstable",49,0,
1,8.5,"Dmin",49,0,
2,9.-1,"VSD",49,0,
1,9.0,"VSD",49,0,
2,10.-1,"Burst_Thershold",49,0,
1,10.0,"VBURH",49,0,
1,10.1,"VBURL",49,0,
1,10.2,"Burst_Hys",49,0,
2,11.-1,"VOVP",49,0,
1,11.0,"VOVP",49,0,
2,12.-1,"AR",49,0,
1,12.0,"AR",49,0,
2,13.-1,"ILIMIT",49,0,
1,13.0,"ILIM",49,0,
1,13.1,"SILIM1",49,0,
1,13.2,"SILIM2",49,0,
2,14.-1,"IDSS1",49,0,
1,14.0,"IDSS1",49,0,
3, 50, 49, 635190, 40910, 0,
250,1,1,49,
250,1,5,1,
250,1,6,0,
250,1,7,0,
250,1,8,0,
250,1,9,0,
250,1,10,0,
250,1,11,0,
250,1,12,0,
250,1,13,0,
250,1,14,0,
250,1,15,0,
250,1,16,0,
250,1,17,0,
250,1,18,0,
250,1,19,0,
250,1,20,0,
250,1,21,0,
250,1,22,0,
250,1,23,0,
250,1,24,0,
250,1,25,0,
250,1,32,0,
260,1,1,49,
260,1,3,1,
260,1,4,0,
202,1,1.-1,49,1,
201,1,1.0,50,0,
201,1,1.1,50,0,
201,1,1.2,50,0,
201,1,1.3,49,1,
201,1,1.4,49,0,
201,1,1.5,49,0,
201,1,1.6,49,0,
201,1,1.7,49,0,
201,1,1.8,49,0,
201,1,1.9,49,0,
202,1,2.-1,49,0,
201,1,2.0,49,0,
202,1,3.-1,49,0,
201,1,3.0,49,0,
201,1,3.1,49,0,
201,1,3.2,49,0,
201,1,3.3,49,0,
201,1,3.4,49,0,
202,1,4.-1,49,0,
201,1,4.0,49,0,
201,1,4.1,49,0,
201,1,4.2,49,0,
201,1,4.3,49,0,
201,1,4.4,49,0,
202,1,5.-1,49,0,
201,1,5.0,49,0,
201,1,5.1,49,0,
201,1,5.2,49,0,
201,1,5.3,49,0,
202,1,6.-1,49,0,
201,1,6.0,49,0,
202,1,7.-1,49,0,
201,1,7.0,49,0,
201,1,7.1,49,0,
201,1,7.2,49,0,
201,1,7.3,49,0,
201,1,7.4,49,0,
202,1,8.-1,49,0,
201,1,8.0,49,0,
201,1,8.1,49,0,
201,1,8.2,49,0,
201,1,8.3,49,0,
201,1,8.4,49,0,
201,1,8.5,49,0,
202,1,9.-1,49,0,
201,1,9.0,49,0,
202,1,10.-1,49,0,
201,1,10.0,49,0,
201,1,10.1,49,0,
201,1,10.2,49,0,
202,1,11.-1,49,0,
201,1,11.0,49,0,
202,1,12.-1,49,0,
201,1,12.0,49,0,
202,1,13.-1,49,0,
201,1,13.0,49,0,
201,1,13.1,49,0,
201,1,13.2,49,0,
202,1,14.-1,49,0,
201,1,14.0,49,0,
203,1,50,49,0,
250,2,1,0,
250,2,5,0,
250,2,6,0,
250,2,7,0,
250,2,8,0,
250,2,9,0,
250,2,10,0,
250,2,11,0,
250,2,12,0,
250,2,13,0,
250,2,14,0,
250,2,15,0,
250,2,16,0,
250,2,17,0,
250,2,18,0,
250,2,19,0,
250,2,20,0,
250,2,21,0,
250,2,22,0,
250,2,23,0,
250,2,24,0,
250,2,25,0,
250,2,32,0,
260,2,1,0,
260,2,3,0,
260,2,4,0,
202,2,1.-1,0,0,
202,2,2.-1,0,0,
202,2,3.-1,0,0,
202,2,4.-1,0,0,
202,2,5.-1,0,0,
202,2,6.-1,0,0,
202,2,7.-1,0,0,
202,2,8.-1,0,0,
202,2,9.-1,0,0,
202,2,10.-1,0,0,
202,2,11.-1,0,0,
202,2,12.-1,0,0,
202,2,13.-1,0,0,
202,2,14.-1,0,0,
203,2,0,0,0,
30,"06/27/2019  05:18:40","06/27/2019  05:20:50",
