120,1,"ETS364B",2,8,"CUJ250019_R25_R3","1","DARREN","FSC1-ETS364","2011A [2011.1.2.21]","2.04",
125,P,"","","","LoadBoard:,5",
140,1,"c:\ETS\WORK\FSL136HR_01_ATEC.DLL","FSL136HR_01_ATEC","1.0","05/17/2009","06/26/2019",
140,2,"c:\ETS\WORK\FSL136HR_01_ATEC.pds","FSL136HR_01_ATEC","4.00","05/17/2009","04/17/2014",
140,3,"c:\ETS\WORK\FSL136HR_01_ATEC.evd","<not available>","1.0","05/17/2009","08/14/2009",
140,4,"FSL136HR_01_ATEC","FPSÄATEC","1.0","05/17/2009","06/26/2019",
145,"WARNING: Detected Boards using Default Calibration",
10,1.0,3,-0.400,-3.000,"V","OS_VCC",
10,1.1,3,2.900,-1.000,"UA","ICCLKG",
10,1.2,3,-0.400,-3.000,"V","OS_DRAIN",
10,1.3,3,2.900,-1.000,"UA","IDLKG",
10,1.4,3,-0.400,-3.000,"V","OS_VFB",
10,1.5,3,2.900,-1.000,"UA","IFBLKG",
10,1.6,3,-0.400,-3.000,"V","OS_VSTR",
10,1.7,3,2.900,-1.000,"UA","ISTRLKG",
10,1.8,3,-0.400,-3.000,"V","OS_RLIM",
10,1.9,3,2.900,-1.000,"UA","IRLLKG",
10,2.0,3,1.000,-1.000,"uA","IDSS",
10,3.0,3,2.150,1.230,"mA","IOP",
10,3.1,3,2.150,1.230,"mA","IOPMIN",
10,3.2,3,2.150,1.230,"mA","IOPMAX26",
10,3.3,3,2.150,1.230,"mA","IOPMAX30",
10,3.4,3,3.450,1.550,"mA","IOPSW",
10,4.0,3,12.950,11.050,"V","VSTART",
10,4.1,3,640.000,360.000,"uA","ISTART",
10,4.2,3,8.950,7.050,"V","VSTOP",
10,4.3,3,5.900,2.100,"V","UVLO_HYS",
10,4.4,3,28.000,1.000,"uA","DIVSTOP",
10,5.0,3,476.000,324.000,"uA","IFB",
10,5.1,3,476.000,324.000,"uA","IPK",
10,5.2,3,6.425,3.575,"uA","IDELAY",
10,5.3,3,195.000,20.000,"mV","VFBOFF",
10,6.0,3,22.600,15.900,"mS","TSS",
10,7.0,3,100.000,-20.000,"nA","IJLKG",
10,7.1,3,1.290,0.910,"mA","ICH",
10,7.2,3,1.250,0.810,"mA","ISTRVCC",
10,7.3,3,19.500,0.000,"uA","ISTD",
10,7.4,3,26.000,14.000,"V","VSTR",
10,8.0,3,109.500,90.500,"KHz","FSS",
10,8.1,3,8.650,6.750,"uS","TON_MAX",
10,8.2,3,2.965,1.635,"uS","TOFF_MAX",
10,8.3,3,82.700,71.300,"%","DMAX",
10,8.4,3,2.850,0.000,"%","Fstable",
10,8.5,3,1.000,-1.000,"%","Dmin",
100,1.0,"    ","P",-0.547,
100,1.1,"    ","P",1.442,
100,1.2,"    ","P",-0.691,
100,1.3,"    ","P",0.018,
100,1.4,"    ","P",-0.661,
100,1.5,"    ","P",0.003,
100,1.6,"    ","P",-0.696,
100,1.7,"    ","P",0.014,
100,1.8,"    ","P",-0.664,
100,1.9,"    ","P",0.014,
100,2.0,"    ","P",0.343,
100,3.0,"    ","P",1.632,
100,3.1,"    ","P",1.615,
100,3.2,"    ","P",1.680,
100,3.3,"    ","P",1.714,
100,3.4,"    ","P",2.896,
100,4.0,"    ","P",12.333,
100,4.1,"    ","P",554.061,
100,4.2,"    ","P",8.193,
100,4.3,"    ","P",4.141,
100,4.4,"    ","P",11.263,
100,5.0,"    ","P",379.991,
100,5.1,"    ","P",378.249,
100,5.2,"    ","P",5.174,
100,5.3,"    ","P",131.429,
100,6.0,"    ","P",18.189,
100,7.0,"    ","P",9.533,
100,7.1,"    ","P",1.096,
100,7.2,"    ","P",0.981,
100,7.3,"    ","P",0.192,
100,7.4,"    ","P",17.727,
100,8.0,"FAIL","F",109.653,
100,8.1,"    ","P",6.998,
100,8.2,"    ","P",2.121,
100,8.3,"    ","P",76.740,
100,8.4,"    ","P",0.012,
100,8.5,"    ","P",0.000,
130,1,"06/26/2019  16:24:16","29427","F",,,12,4,0,
100,1.0,"    ","P",-0.546,
100,1.1,"    ","P",1.413,
100,1.2,"    ","P",-0.690,
100,1.3,"    ","P",0.011,
100,1.4,"    ","P",-0.660,
100,1.5,"    ","P",0.010,
100,1.6,"    ","P",-0.695,
100,1.7,"    ","P",0.030,
100,1.8,"    ","P",-0.663,
100,1.9,"    ","P",0.014,
100,2.0,"    ","P",0.346,
100,3.0,"    ","P",1.645,
100,3.1,"    ","P",1.627,
100,3.2,"    ","P",1.694,
100,3.3,"    ","P",1.727,
100,3.4,"    ","P",2.884,
100,4.0,"    ","P",12.354,
100,4.1,"    ","P",554.061,
100,4.2,"    ","P",8.252,
100,4.3,"    ","P",4.103,
100,4.4,"FAIL","F",0.000,
130,1,"06/26/2019  16:24:17","29428","F",,,8,4,0,
100,1.0,"    ","P",-0.546,
100,1.1,"    ","P",1.429,
100,1.2,"    ","P",-0.690,
100,1.3,"    ","P",0.015,
100,1.4,"    ","P",-0.660,
100,1.5,"    ","P",-0.006,
100,1.6,"    ","P",-0.694,
100,1.7,"    ","P",-0.017,
100,1.8,"    ","P",-0.663,
100,1.9,"    ","P",-0.005,
100,2.0,"    ","P",0.337,
100,3.0,"    ","P",1.676,
100,3.1,"    ","P",1.659,
100,3.2,"    ","P",1.724,
100,3.3,"    ","P",1.756,
100,3.4,"    ","P",2.921,
100,4.0,"    ","P",12.335,
100,4.1,"    ","P",566.576,
100,4.2,"    ","P",8.225,
100,4.3,"    ","P",4.109,
100,4.4,"    ","P",19.711,
100,5.0,"    ","P",404.979,
100,5.1,"    ","P",402.950,
100,5.2,"    ","P",5.407,
100,5.3,"    ","P",131.897,
100,6.0,"    ","P",18.194,
100,7.0,"    ","P",9.189,
100,7.1,"    ","P",1.109,
100,7.2,"    ","P",0.994,
100,7.3,"    ","P",0.191,
100,7.4,"    ","P",17.830,
100,8.0,"FAIL","F",109.604,
100,8.1,"    ","P",6.972,
100,8.2,"    ","P",2.154,
100,8.3,"    ","P",76.397,
100,8.4,"    ","P",0.021,
100,8.5,"    ","P",0.000,
130,1,"06/26/2019  16:24:18","29429","F",,,12,4,0,
100,1.0,"    ","P",-0.545,
100,1.1,"    ","P",1.382,
100,1.2,"    ","P",-0.680,
100,1.3,"    ","P",0.013,
100,1.4,"    ","P",-0.659,
100,1.5,"    ","P",0.016,
100,1.6,"    ","P",-0.693,
100,1.7,"    ","P",0.036,
100,1.8,"    ","P",-0.662,
100,1.9,"    ","P",0.026,
100,2.0,"    ","P",0.344,
100,3.0,"    ","P",1.632,
100,3.1,"    ","P",1.614,
100,3.2,"    ","P",1.681,
100,3.3,"    ","P",1.714,
100,3.4,"    ","P",2.885,
100,4.0,"    ","P",12.273,
100,4.1,"    ","P",541.546,
100,4.2,"    ","P",8.191,
100,4.3,"    ","P",4.083,
100,4.4,"    ","P",2.816,
100,5.0,"    ","P",395.103,
100,5.1,"    ","P",393.304,
100,5.2,"    ","P",5.242,
100,5.3,"    ","P",132.428,
100,6.0,"    ","P",18.249,
100,7.0,"    ","P",9.565,
100,7.1,"    ","P",1.123,
100,7.2,"    ","P",1.009,
100,7.3,"    ","P",0.192,
100,7.4,"    ","P",18.242,
100,8.0,"FAIL","F",109.843,
100,8.1,"    ","P",6.993,
100,8.2,"    ","P",2.110,
100,8.3,"    ","P",76.819,
100,8.4,"    ","P",0.013,
100,8.5,"    ","P",0.000,
130,1,"06/26/2019  16:24:19","29430","F",,,12,4,0,
100,1.0,"    ","P",-0.544,
100,1.1,"    ","P",1.382,
100,1.2,"    ","P",-0.679,
100,1.3,"    ","P",0.015,
100,1.4,"    ","P",-0.659,
100,1.5,"    ","P",-0.012,
100,1.6,"    ","P",-0.694,
100,1.7,"    ","P",-0.008,
100,1.8,"    ","P",-0.662,
100,1.9,"    ","P",0.004,
100,2.0,"    ","P",0.346,
100,3.0,"    ","P",1.643,
100,3.1,"    ","P",1.625,
100,3.2,"    ","P",1.690,
100,3.3,"    ","P",1.724,
100,3.4,"    ","P",2.907,
100,4.0,"    ","P",12.284,
100,4.1,"    ","P",554.061,
100,4.2,"    ","P",8.191,
100,4.3,"    ","P",4.093,
100,4.4,"    ","P",8.447,
100,5.0,"    ","P",387.610,
100,5.1,"    ","P",385.910,
100,5.2,"    ","P",5.319,
100,5.3,"    ","P",131.991,
100,6.0,"    ","P",18.266,
100,7.0,"    ","P",9.502,
100,7.1,"    ","P",1.111,
100,7.2,"    ","P",0.997,
100,7.3,"    ","P",0.190,
100,7.4,"    ","P",18.139,
100,8.0,"FAIL","F",110.111,
100,8.1,"    ","P",6.882,
100,8.2,"    ","P",2.202,
100,8.3,"    ","P",75.761,
100,8.4,"    ","P",0.020,
100,8.5,"    ","P",0.000,
130,1,"06/26/2019  16:24:20","29431","F",,,12,4,0,
100,1.0,"    ","P",-0.544,
100,1.1,"    ","P",1.429,
100,1.2,"    ","P",-0.688,
100,1.3,"    ","P",0.016,
100,1.4,"    ","P",-0.659,
100,1.5,"    ","P",-0.003,
100,1.6,"    ","P",-0.694,
100,1.7,"    ","P",0.023,
100,1.8,"    ","P",-0.662,
100,1.9,"    ","P",0.023,
100,2.0,"    ","P",0.348,
100,3.0,"    ","P",1.644,
100,3.1,"    ","P",1.626,
100,3.2,"    ","P",1.693,
100,3.3,"    ","P",1.725,
100,3.4,"    ","P",2.919,
100,4.0,"    ","P",12.293,
100,4.1,"    ","P",541.546,
100,4.2,"    ","P",8.195,
100,4.3,"    ","P",4.099,
100,4.4,"    ","P",14.079,
100,5.0,"    ","P",387.359,
100,5.1,"    ","P",385.703,
100,5.2,"    ","P",5.341,
100,5.3,"    ","P",132.053,
100,6.0,"    ","P",18.263,
100,7.0,"    ","P",9.251,
100,7.1,"    ","P",1.129,
100,7.2,"    ","P",1.013,
100,7.3,"    ","P",0.192,
100,7.4,"    ","P",17.727,
100,8.0,"FAIL","F",109.877,
100,8.1,"    ","P",6.927,
100,8.2,"    ","P",2.177,
100,8.3,"    ","P",76.086,
100,8.4,"    ","P",0.017,
100,8.5,"    ","P",0.000,
130,1,"06/26/2019  16:24:21","29432","F",,,12,4,0,
100,1.0,"    ","P",-0.544,
100,1.1,"    ","P",1.401,
100,1.2,"    ","P",-0.688,
100,1.3,"    ","P",0.015,
100,1.4,"    ","P",-0.659,
100,1.5,"    ","P",0.000,
100,1.6,"    ","P",-0.693,
100,1.7,"    ","P",0.005,
100,1.8,"    ","P",-0.662,
100,1.9,"    ","P",0.032,
100,2.0,"    ","P",0.346,
100,3.0,"    ","P",1.623,
100,3.1,"    ","P",1.605,
100,3.2,"    ","P",1.671,
100,3.3,"    ","P",1.702,
100,3.4,"    ","P",2.887,
100,4.0,"    ","P",12.334,
100,4.1,"    ","P",554.061,
100,4.2,"    ","P",8.233,
100,4.3,"    ","P",4.101,
100,4.4,"    ","P",5.632,
100,5.0,"    ","P",379.145,
100,5.1,"    ","P",377.344,
100,5.2,"    ","P",5.415,
100,5.3,"    ","P",131.616,
100,6.0,"    ","P",18.207,
100,7.0,"    ","P",9.377,
100,7.1,"    ","P",1.117,
100,7.2,"    ","P",1.003,
100,7.3,"    ","P",0.192,
100,7.4,"    ","P",17.933,
100,8.0,"FAIL","F",109.630,
100,8.1,"    ","P",7.038,
100,8.2,"    ","P",2.085,
100,8.3,"    ","P",77.146,
100,8.4,"    ","P",0.014,
100,8.5,"    ","P",0.000,
130,1,"06/26/2019  16:24:22","29433","F",,,12,4,0,
100,1.0,"    ","P",-0.544,
100,1.1,"    ","P",1.410,
100,1.2,"    ","P",-0.687,
100,1.3,"    ","P",0.011,
100,1.4,"    ","P",-0.659,
100,1.5,"    ","P",0.022,
100,1.6,"    ","P",-0.694,
100,1.7,"    ","P",0.005,
100,1.8,"    ","P",-0.662,
100,1.9,"    ","P",0.029,
100,2.0,"    ","P",0.345,
100,3.0,"    ","P",1.638,
100,3.1,"    ","P",1.620,
100,3.2,"    ","P",1.688,
100,3.3,"    ","P",1.720,
100,3.4,"    ","P",2.917,
100,4.0,"    ","P",12.243,
100,4.1,"    ","P",544.675,
100,4.2,"    ","P",8.163,
100,4.3,"    ","P",4.080,
100,4.4,"    ","P",2.816,
100,5.0,"    ","P",399.022,
100,5.1,"    ","P",397.288,
100,5.2,"    ","P",5.191,
100,5.3,"    ","P",131.960,
100,6.0,"    ","P",18.245,
100,7.0,"    ","P",9.659,
100,7.1,"    ","P",1.143,
100,7.2,"    ","P",1.030,
100,7.3,"    ","P",0.192,
100,7.4,"    ","P",18.242,
100,8.0,"FAIL","F",109.656,
100,8.1,"    ","P",7.018,
100,8.2,"    ","P",2.103,
100,8.3,"    ","P",76.940,
100,8.4,"    ","P",0.018,
100,8.5,"    ","P",0.000,
130,1,"06/26/2019  16:24:24","29434","F",,,12,4,0,
100,1.0,"    ","P",-0.544,
100,1.1,"    ","P",1.391,
100,1.2,"    ","P",-0.689,
100,1.3,"    ","P",0.015,
100,1.4,"    ","P",-0.659,
100,1.5,"    ","P",0.000,
100,1.6,"    ","P",-0.694,
100,1.7,"    ","P",-0.011,
100,1.8,"    ","P",-0.662,
100,1.9,"    ","P",0.004,
100,2.0,"    ","P",0.345,
100,3.0,"    ","P",1.624,
100,3.1,"    ","P",1.606,
100,3.2,"    ","P",1.672,
100,3.3,"    ","P",1.706,
100,3.4,"    ","P",2.848,
100,4.0,"    ","P",12.264,
100,4.1,"    ","P",550.932,
100,4.2,"    ","P",8.152,
100,4.3,"    ","P",4.112,
100,4.4,"FAIL","F",0.000,
130,1,"06/26/2019  16:24:25","29435","F",,,8,4,0,
100,1.0,"    ","P",-0.544,
100,1.1,"    ","P",1.407,
100,1.2,"    ","P",-0.687,
100,1.3,"    ","P",0.019,
100,1.4,"    ","P",-0.659,
100,1.5,"    ","P",0.028,
100,1.6,"    ","P",-0.694,
100,1.7,"    ","P",-0.002,
100,1.8,"    ","P",-0.662,
100,1.9,"    ","P",0.007,
100,2.0,"    ","P",0.338,
100,3.0,"    ","P",1.638,
100,3.1,"    ","P",1.620,
100,3.2,"    ","P",1.686,
100,3.3,"    ","P",1.719,
100,3.4,"    ","P",2.899,
100,4.0,"    ","P",12.335,
100,4.1,"    ","P",550.932,
100,4.2,"    ","P",8.212,
100,4.3,"    ","P",4.123,
100,4.4,"    ","P",8.447,
100,5.0,"    ","P",390.526,
100,5.1,"    ","P",388.857,
100,5.2,"    ","P",5.321,
100,5.3,"    ","P",131.772,
100,6.0,"    ","P",18.202,
100,7.0,"    ","P",9.126,
100,7.1,"    ","P",1.115,
100,7.2,"    ","P",1.000,
100,7.3,"    ","P",0.192,
100,7.4,"    ","P",18.019,
100,8.0,"FAIL","F",109.538,
100,8.1,"    ","P",6.976,
100,8.2,"    ","P",2.153,
100,8.3,"    ","P",76.417,
100,8.4,"    ","P",0.023,
100,8.5,"    ","P",0.000,
130,1,"06/26/2019  16:24:26","29436","F",,,12,4,0,
100,1.0,"    ","P",-0.544,
100,1.1,"    ","P",1.382,
100,1.2,"    ","P",-0.688,
100,1.3,"    ","P",0.011,
100,1.4,"    ","P",-0.659,
100,1.5,"    ","P",-0.041,
100,1.6,"    ","P",-0.693,
100,1.7,"    ","P",0.027,
100,1.8,"    ","P",-0.662,
100,1.9,"    ","P",0.007,
100,2.0,"    ","P",0.345,
100,3.0,"    ","P",1.619,
100,3.1,"    ","P",1.601,
100,3.2,"    ","P",1.668,
100,3.3,"    ","P",1.699,
100,3.4,"    ","P",2.864,
100,4.0,"    ","P",12.295,
100,4.1,"    ","P",538.418,
100,4.2,"    ","P",8.193,
100,4.3,"    ","P",4.102,
100,4.4,"    ","P",2.816,
100,5.0,"    ","P",393.567,
100,5.1,"    ","P",391.866,
100,5.2,"    ","P",5.283,
100,5.3,"    ","P",132.584,
100,6.0,"    ","P",18.201,
100,7.0,"    ","P",9.220,
100,7.1,"    ","P",1.111,
100,7.2,"    ","P",0.998,
100,7.3,"    ","P",0.193,
100,7.4,"    ","P",17.727,
100,8.0,"FAIL","F",109.531,
100,8.1,"    ","P",7.039,
100,8.2,"    ","P",2.093,
100,8.3,"    ","P",77.081,
100,8.4,"    ","P",0.020,
100,8.5,"    ","P",0.000,
130,1,"06/26/2019  16:24:27","29437","F",,,12,4,0,
100,1.0,"    ","P",-0.544,
100,1.1,"    ","P",1.382,
100,1.2,"    ","P",-0.689,
100,1.3,"    ","P",0.012,
100,1.4,"    ","P",-0.659,
100,1.5,"    ","P",0.000,
100,1.6,"    ","P",-0.693,
100,1.7,"    ","P",0.030,
100,1.8,"    ","P",-0.662,
100,1.9,"    ","P",0.036,
100,2.0,"    ","P",0.346,
100,3.0,"    ","P",1.628,
100,3.1,"    ","P",1.611,
100,3.2,"    ","P",1.677,
100,3.3,"    ","P",1.710,
100,3.4,"    ","P",2.893,
100,4.0,"    ","P",12.264,
100,4.1,"    ","P",560.318,
100,4.2,"    ","P",8.183,
100,4.3,"    ","P",4.082,
100,4.4,"FAIL","F",0.000,
130,1,"06/26/2019  16:24:28","29438","F",,,8,4,0,
100,1.0,"    ","P",-0.545,
100,1.1,"    ","P",1.401,
100,1.2,"    ","P",-0.687,
100,1.3,"    ","P",0.015,
100,1.4,"    ","P",-0.659,
100,1.5,"    ","P",0.019,
100,1.6,"    ","P",-0.694,
100,1.7,"    ","P",0.005,
100,1.8,"    ","P",-0.662,
100,1.9,"    ","P",0.045,
100,2.0,"    ","P",0.338,
100,3.0,"    ","P",1.641,
100,3.1,"    ","P",1.624,
100,3.2,"    ","P",1.690,
100,3.3,"    ","P",1.722,
100,3.4,"    ","P",2.898,
100,4.0,"    ","P",12.344,
100,4.1,"    ","P",557.190,
100,4.2,"    ","P",8.222,
100,4.3,"    ","P",4.122,
100,4.4,"    ","P",8.447,
100,5.0,"    ","P",380.900,
100,5.1,"    ","P",379.279,
100,5.2,"    ","P",5.356,
100,5.3,"    ","P",132.022,
100,6.0,"    ","P",18.200,
100,7.0,"    ","P",9.502,
100,7.1,"    ","P",1.145,
100,7.2,"    ","P",1.031,
100,7.3,"    ","P",0.192,
100,7.4,"    ","P",18.344,
100,8.0,"FAIL","F",109.531,
100,8.1,"    ","P",6.969,
100,8.2,"    ","P",2.163,
100,8.3,"    ","P",76.316,
100,8.4,"    ","P",0.020,
100,8.5,"    ","P",0.000,
130,1,"06/26/2019  16:24:29","29439","F",,,12,4,0,
100,1.0,"    ","P",-0.544,
100,1.1,"    ","P",1.373,
100,1.2,"    ","P",-0.678,
100,1.3,"    ","P",0.014,
100,1.4,"    ","P",-0.659,
100,1.5,"    ","P",-0.009,
100,1.6,"    ","P",-0.693,
100,1.7,"    ","P",0.027,
100,1.8,"    ","P",-0.662,
100,1.9,"    ","P",0.029,
100,2.0,"    ","P",0.346,
100,3.0,"    ","P",1.657,
100,3.1,"    ","P",1.639,
100,3.2,"    ","P",1.706,
100,3.3,"    ","P",1.740,
100,3.4,"    ","P",2.911,
100,4.0,"    ","P",12.245,
100,4.1,"    ","P",563.447,
100,4.2,"    ","P",8.182,
100,4.3,"    ","P",4.062,
100,4.4,"    ","P",2.816,
100,5.0,"    ","P",396.577,
100,5.1,"    ","P",394.760,
100,5.2,"    ","P",5.386,
100,5.3,"    ","P",132.584,
100,6.0,"    ","P",18.238,
100,7.0,"    ","P",9.377,
100,7.1,"    ","P",1.125,
100,7.2,"    ","P",1.009,
100,7.3,"    ","P",0.192,
100,7.4,"    ","P",17.762,
100,8.0,"FAIL","F",109.657,
100,8.1,"    ","P",6.985,
100,8.2,"    ","P",2.136,
100,8.3,"    ","P",76.581,
100,8.4,"    ","P",0.016,
100,8.5,"    ","P",0.000,
130,1,"06/26/2019  16:24:30","29440","F",,,12,4,0,
100,1.0,"    ","P",-0.541,
100,1.1,"    ","P",1.426,
100,1.2,"    ","P",-0.680,
100,1.3,"    ","P",0.014,
100,1.4,"    ","P",-0.658,
100,1.5,"    ","P",-0.047,
100,1.6,"    ","P",-0.694,
100,1.7,"    ","P",-0.017,
100,1.8,"    ","P",-0.661,
100,1.9,"    ","P",0.004,
100,2.0,"FAIL","F",102.464,
130,1,"06/26/2019  16:24:31","29441","F",,,6,4,0,
100,1.0,"    ","P",-0.544,
100,1.1,"    ","P",1.448,
100,1.2,"    ","P",-0.688,
100,1.3,"    ","P",0.011,
100,1.4,"    ","P",-0.659,
100,1.5,"    ","P",-0.022,
100,1.6,"    ","P",-0.694,
100,1.7,"    ","P",0.030,
100,1.8,"    ","P",-0.662,
100,1.9,"    ","P",0.011,
100,2.0,"    ","P",0.338,
100,3.0,"    ","P",1.659,
100,3.1,"    ","P",1.642,
100,3.2,"    ","P",1.708,
100,3.3,"    ","P",1.742,
100,3.4,"    ","P",2.904,
100,4.0,"    ","P",12.273,
100,4.1,"    ","P",557.190,
100,4.2,"    ","P",8.206,
100,4.3,"    ","P",4.068,
100,4.4,"    ","P",2.816,
100,5.0,"    ","P",386.481,
100,5.1,"    ","P",384.741,
100,5.2,"    ","P",5.468,
100,5.3,"    ","P",131.835,
100,6.0,"    ","P",18.197,
100,7.0,"    ","P",9.095,
100,7.1,"    ","P",1.142,
100,7.2,"    ","P",1.026,
100,7.3,"    ","P",0.193,
100,7.4,"    ","P",18.259,
100,8.0,"FAIL","F",109.587,
100,8.1,"    ","P",6.908,
100,8.2,"    ","P",2.218,
100,8.3,"    ","P",75.694,
100,8.4,"    ","P",0.016,
100,8.5,"    ","P",0.000,
130,1,"06/26/2019  16:24:32","29442","F",,,12,4,0,
100,1.0,"    ","P",-0.544,
100,1.1,"    ","P",1.413,
100,1.2,"    ","P",-0.687,
100,1.3,"    ","P",0.014,
100,1.4,"    ","P",-0.659,
100,1.5,"    ","P",0.041,
100,1.6,"    ","P",-0.694,
100,1.7,"    ","P",0.008,
100,1.8,"    ","P",-0.662,
100,1.9,"    ","P",-0.002,
100,2.0,"    ","P",0.347,
100,3.0,"    ","P",1.635,
100,3.1,"    ","P",1.617,
100,3.2,"    ","P",1.685,
100,3.3,"    ","P",1.716,
100,3.4,"    ","P",2.856,
100,4.0,"    ","P",12.345,
100,4.1,"    ","P",563.447,
100,4.2,"    ","P",8.241,
100,4.3,"    ","P",4.104,
100,4.4,"    ","P",5.632,
100,5.0,"    ","P",385.133,
100,5.1,"    ","P",383.501,
100,5.2,"    ","P",5.600,
100,5.3,"    ","P",131.991,
100,6.0,"    ","P",18.192,
100,7.0,"    ","P",9.314,
100,7.1,"    ","P",1.142,
100,7.2,"    ","P",1.030,
100,7.3,"    ","P",0.193,
100,7.4,"    ","P",17.933,
100,8.0,"FAIL","F",109.598,
100,8.1,"    ","P",6.954,
100,8.2,"    ","P",2.172,
100,8.3,"    ","P",76.198,
100,8.4,"    ","P",0.018,
100,8.5,"    ","P",0.000,
130,1,"06/26/2019  16:24:33","29443","F",,,12,4,0,
100,1.0,"    ","P",-0.544,
100,1.1,"    ","P",1.442,
100,1.2,"    ","P",-0.685,
100,1.3,"    ","P",0.016,
100,1.4,"    ","P",-0.659,
100,1.5,"    ","P",0.006,
100,1.6,"    ","P",-0.694,
100,1.7,"    ","P",0.023,
100,1.8,"    ","P",-0.662,
100,1.9,"    ","P",0.007,
100,2.0,"    ","P",0.347,
100,3.0,"    ","P",1.649,
100,3.1,"    ","P",1.632,
100,3.2,"    ","P",1.698,
100,3.3,"    ","P",1.730,
100,3.4,"    ","P",2.825,
100,4.0,"    ","P",12.203,
100,4.1,"    ","P",560.318,
100,4.2,"    ","P",8.125,
100,4.3,"    ","P",4.077,
100,4.4,"    ","P",2.816,
100,5.0,"    ","P",390.714,
100,5.1,"    ","P",389.185,
100,5.2,"    ","P",5.485,
100,5.3,"    ","P",132.053,
100,6.0,"    ","P",18.260,
100,7.0,"    ","P",9.502,
100,7.1,"    ","P",1.116,
100,7.2,"    ","P",1.002,
100,7.3,"    ","P",0.192,
100,7.4,"    ","P",17.847,
100,8.0,"FAIL","F",109.895,
100,8.1,"    ","P",6.968,
100,8.2,"    ","P",2.133,
100,8.3,"    ","P",76.563,
100,8.4,"    ","P",0.021,
100,8.5,"    ","P",0.000,
130,1,"06/26/2019  16:24:34","29444","F",,,12,4,0,
100,1.0,"    ","P",-0.544,
100,1.1,"    ","P",1.420,
100,1.2,"    ","P",-0.688,
100,1.3,"    ","P",0.011,
100,1.4,"    ","P",-0.659,
100,1.5,"    ","P",0.016,
100,1.6,"    ","P",-0.694,
100,1.7,"    ","P",-0.017,
100,1.8,"    ","P",-0.662,
100,1.9,"    ","P",-0.021,
100,2.0,"    ","P",0.344,
100,3.0,"    ","P",1.630,
100,3.1,"    ","P",1.612,
100,3.2,"    ","P",1.679,
100,3.3,"    ","P",1.712,
100,3.4,"    ","P",2.889,
100,4.0,"    ","P",12.263,
100,4.1,"    ","P",550.932,
100,4.2,"    ","P",8.202,
100,4.3,"    ","P",4.061,
100,4.4,"    ","P",2.816,
100,5.0,"    ","P",386.669,
100,5.1,"    ","P",384.854,
100,5.2,"    ","P",5.503,
100,5.3,"    ","P",131.897,
100,6.0,"    ","P",18.269,
100,7.0,"    ","P",9.439,
100,7.1,"    ","P",1.129,
100,7.2,"    ","P",1.015,
100,7.3,"    ","P",0.191,
100,7.4,"    ","P",17.744,
100,8.0,"FAIL","F",109.889,
100,8.1,"    ","P",6.993,
100,8.2,"    ","P",2.109,
100,8.3,"    ","P",76.831,
100,8.4,"    ","P",0.023,
100,8.5,"    ","P",0.000,
130,1,"06/26/2019  16:24:35","29445","F",,,12,4,0,
100,1.0,"    ","P",-0.544,
100,1.1,"    ","P",1.438,
100,1.2,"    ","P",-0.689,
100,1.3,"    ","P",0.012,
100,1.4,"    ","P",-0.659,
100,1.5,"    ","P",0.010,
100,1.6,"    ","P",-0.694,
100,1.7,"    ","P",-0.011,
100,1.8,"    ","P",-0.662,
100,1.9,"    ","P",0.007,
100,2.0,"    ","P",0.344,
100,3.0,"    ","P",1.629,
100,3.1,"    ","P",1.611,
100,3.2,"    ","P",1.677,
100,3.3,"    ","P",1.709,
100,3.4,"    ","P",2.867,
100,4.0,"    ","P",12.194,
100,4.1,"    ","P",544.675,
100,4.2,"    ","P",8.143,
100,4.3,"    ","P",4.051,
100,4.4,"    ","P",16.895,
100,5.0,"    ","P",384.913,
100,5.1,"    ","P",383.213,
100,5.2,"    ","P",4.957,
100,5.3,"    ","P",132.772,
100,6.0,"    ","P",18.231,
100,7.0,"    ","P",9.502,
100,7.1,"    ","P",1.137,
100,7.2,"    ","P",1.023,
100,7.3,"    ","P",0.193,
100,7.4,"    ","P",17.916,
100,8.0,"FAIL","F",109.681,
100,8.1,"    ","P",7.021,
100,8.2,"    ","P",2.095,
100,8.3,"    ","P",77.016,
100,8.4,"    ","P",0.016,
100,8.5,"    ","P",0.000,
130,1,"06/26/2019  16:24:36","29446","F",,,12,4,0,
100,1.0,"    ","P",-0.544,
100,1.1,"    ","P",1.438,
100,1.2,"    ","P",-0.688,
100,1.3,"    ","P",0.013,
100,1.4,"    ","P",-0.659,
100,1.5,"    ","P",-0.006,
100,1.6,"    ","P",-0.694,
100,1.7,"    ","P",0.014,
100,1.8,"    ","P",-0.662,
100,1.9,"    ","P",-0.005,
100,2.0,"    ","P",0.345,
100,3.0,"    ","P",1.626,
100,3.1,"    ","P",1.608,
100,3.2,"    ","P",1.675,
100,3.3,"    ","P",1.708,
100,3.4,"    ","P",2.884,
100,4.0,"    ","P",12.233,
100,4.1,"    ","P",547.804,
100,4.2,"    ","P",8.143,
100,4.3,"    ","P",4.090,
100,4.4,"    ","P",11.263,
100,5.0,"    ","P",384.443,
100,5.1,"    ","P",382.471,
100,5.2,"    ","P",5.195,
100,5.3,"    ","P",132.553,
100,6.0,"    ","P",18.265,
100,7.0,"    ","P",9.408,
100,7.1,"    ","P",1.138,
100,7.2,"    ","P",1.027,
100,7.3,"    ","P",0.193,
100,7.4,"    ","P",18.242,
100,8.0,"FAIL","F",109.891,
100,8.1,"    ","P",6.970,
100,8.2,"    ","P",2.132,
100,8.3,"    ","P",76.580,
100,8.4,"    ","P",0.021,
100,8.5,"    ","P",0.000,
130,1,"06/26/2019  16:24:37","29447","F",,,12,4,0,
100,1.0,"    ","P",-0.544,
100,1.1,"    ","P",1.404,
100,1.2,"    ","P",-0.688,
100,1.3,"    ","P",0.014,
100,1.4,"    ","P",-0.659,
100,1.5,"    ","P",0.006,
100,1.6,"    ","P",-0.694,
100,1.7,"    ","P",0.014,
100,1.8,"    ","P",-0.662,
100,1.9,"    ","P",-0.015,
100,2.0,"    ","P",0.349,
100,3.0,"    ","P",1.628,
100,3.1,"    ","P",1.610,
100,3.2,"    ","P",1.676,
100,3.3,"    ","P",1.711,
100,3.4,"    ","P",2.873,
100,4.0,"    ","P",12.273,
100,4.1,"    ","P",547.804,
100,4.2,"    ","P",8.183,
100,4.3,"    ","P",4.090,
100,4.4,"    ","P",2.816,
100,5.0,"    ","P",392.626,
100,5.1,"    ","P",391.105,
100,5.2,"    ","P",5.332,
100,5.3,"    ","P",132.147,
100,6.0,"    ","P",18.258,
100,7.0,"    ","P",9.502,
100,7.1,"    ","P",1.113,
100,7.2,"    ","P",0.999,
100,7.3,"    ","P",0.193,
100,7.4,"    ","P",17.642,
100,8.0,"FAIL","F",109.678,
100,8.1,"    ","P",6.954,
100,8.2,"    ","P",2.165,
100,8.3,"    ","P",76.261,
100,8.4,"    ","P",0.021,
100,8.5,"    ","P",0.000,
130,1,"06/26/2019  16:24:38","29448","F",,,12,4,0,
100,1.0,"    ","P",-0.544,
100,1.1,"    ","P",1.438,
100,1.2,"    ","P",-0.687,
100,1.3,"    ","P",0.016,
100,1.4,"    ","P",-0.659,
100,1.5,"    ","P",-0.012,
100,1.6,"    ","P",-0.694,
100,1.7,"    ","P",0.030,
100,1.8,"    ","P",-0.662,
100,1.9,"    ","P",0.014,
100,2.0,"    ","P",0.346,
100,3.0,"    ","P",1.630,
100,3.1,"    ","P",1.612,
100,3.2,"    ","P",1.680,
100,3.3,"    ","P",1.714,
100,3.4,"    ","P",2.878,
100,4.0,"    ","P",12.284,
100,4.1,"    ","P",541.546,
100,4.2,"    ","P",8.211,
100,4.3,"    ","P",4.073,
100,4.4,"    ","P",2.816,
100,5.0,"    ","P",376.887,
100,5.1,"    ","P",375.205,
100,5.2,"    ","P",5.479,
100,5.3,"    ","P",131.991,
100,6.0,"    ","P",18.192,
100,7.0,"    ","P",9.596,
100,7.1,"    ","P",1.120,
100,7.2,"    ","P",1.004,
100,7.3,"    ","P",0.193,
100,7.4,"    ","P",18.122,
100,8.0,"FAIL","F",109.586,
100,8.1,"    ","P",6.995,
100,8.2,"    ","P",2.130,
100,8.3,"    ","P",76.653,
100,8.4,"    ","P",0.021,
100,8.5,"    ","P",0.000,
130,1,"06/26/2019  16:24:40","29449","F",,,12,4,0,
100,1.0,"    ","P",-0.544,
100,1.1,"    ","P",1.388,
100,1.2,"    ","P",-0.686,
100,1.3,"    ","P",0.014,
100,1.4,"    ","P",-0.659,
100,1.5,"    ","P",-0.003,
100,1.6,"    ","P",-0.693,
100,1.7,"    ","P",-0.014,
100,1.8,"    ","P",-0.662,
100,1.9,"    ","P",-0.018,
100,2.0,"    ","P",0.345,
100,3.0,"    ","P",1.626,
100,3.1,"    ","P",1.609,
100,3.2,"    ","P",1.673,
100,3.3,"    ","P",1.704,
100,3.4,"    ","P",2.891,
100,4.0,"    ","P",12.294,
100,4.1,"    ","P",554.061,
100,4.2,"    ","P",8.205,
100,4.3,"    ","P",4.089,
100,4.4,"    ","P",14.079,
100,5.0,"    ","P",381.026,
100,5.1,"    ","P",379.355,
100,5.2,"    ","P",5.335,
100,5.3,"    ","P",132.084,
100,6.0,"    ","P",18.230,
100,7.0,"    ","P",9.377,
100,7.1,"    ","P",1.097,
100,7.2,"    ","P",0.984,
100,7.3,"    ","P",0.192,
100,7.4,"    ","P",17.933,
100,8.0,"FAIL","F",110.055,
100,8.1,"    ","P",6.943,
100,8.2,"    ","P",2.144,
100,8.3,"    ","P",76.403,
100,8.4,"    ","P",0.030,
100,8.5,"    ","P",0.000,
130,1,"06/26/2019  16:24:41","29450","F",,,12,4,0,
100,1.0,"    ","P",-0.543,
100,1.1,"    ","P",1.385,
100,1.2,"    ","P",-0.679,
100,1.3,"    ","P",0.013,
100,1.4,"    ","P",-0.658,
100,1.5,"    ","P",0.010,
100,1.6,"    ","P",-0.696,
100,1.7,"    ","P",0.005,
100,1.8,"    ","P",-0.661,
100,1.9,"    ","P",0.026,
100,2.0,"    ","P",0.343,
100,3.0,"    ","P",1.633,
100,3.1,"    ","P",1.617,
100,3.2,"    ","P",1.680,
100,3.3,"    ","P",1.714,
100,3.4,"    ","P",2.880,
100,4.0,"    ","P",12.297,
100,4.1,"    ","P",554.061,
100,4.2,"    ","P",8.193,
100,4.3,"    ","P",4.104,
100,4.4,"    ","P",5.632,
100,5.0,"    ","P",380.211,
100,5.1,"    ","P",378.616,
100,5.2,"    ","P",5.225,
100,5.3,"    ","P",130.710,
100,6.0,"    ","P",18.196,
100,7.0,"    ","P",9.377,
100,7.1,"    ","P",1.082,
100,7.2,"    ","P",0.965,
100,7.3,"    ","P",0.193,
100,7.4,"    ","P",17.916,
100,8.0,"FAIL","F",109.562,
100,8.1,"    ","P",7.011,
100,8.2,"    ","P",2.117,
100,8.3,"    ","P",76.804,
100,8.4,"    ","P",0.002,
100,8.5,"    ","P",0.000,
130,1,"06/26/2019  16:24:42","29451","F",,,12,4,0,
100,1.0,"    ","P",-0.543,
100,1.1,"    ","P",1.401,
100,1.2,"    ","P",-0.679,
100,1.3,"    ","P",0.017,
100,1.4,"    ","P",-0.658,
100,1.5,"    ","P",0.000,
100,1.6,"    ","P",-0.696,
100,1.7,"    ","P",0.027,
100,1.8,"    ","P",-0.661,
100,1.9,"    ","P",0.020,
100,2.0,"    ","P",0.344,
100,3.0,"    ","P",1.626,
100,3.1,"    ","P",1.608,
100,3.2,"    ","P",1.673,
100,3.3,"    ","P",1.706,
100,3.4,"    ","P",2.859,
100,4.0,"    ","P",12.363,
100,4.1,"    ","P",550.932,
100,4.2,"    ","P",8.232,
100,4.3,"    ","P",4.131,
100,4.4,"    ","P",2.816,
100,5.0,"    ","P",380.211,
100,5.1,"    ","P",378.575,
100,5.2,"    ","P",5.149,
100,5.3,"    ","P",130.741,
100,6.0,"    ","P",18.204,
100,7.0,"    ","P",9.377,
100,7.1,"    ","P",1.083,
100,7.2,"    ","P",0.966,
100,7.3,"    ","P",0.193,
100,7.4,"    ","P",17.127,
100,8.0,"FAIL","F",109.524,
100,8.1,"    ","P",6.965,
100,8.2,"    ","P",2.166,
100,8.3,"    ","P",76.279,
100,8.4,"    ","P",0.015,
100,8.5,"    ","P",0.000,
130,1,"06/26/2019  16:24:43","29452","F",,,12,4,0,
100,1.0,"    ","P",-0.543,
100,1.1,"    ","P",1.435,
100,1.2,"    ","P",-0.678,
100,1.3,"    ","P",0.013,
100,1.4,"    ","P",-0.658,
100,1.5,"    ","P",-0.003,
100,1.6,"    ","P",-0.695,
100,1.7,"    ","P",0.005,
100,1.8,"    ","P",-0.661,
100,1.9,"    ","P",0.023,
100,2.0,"    ","P",0.344,
100,3.0,"    ","P",1.628,
100,3.1,"    ","P",1.610,
100,3.2,"    ","P",1.677,
100,3.3,"    ","P",1.710,
100,3.4,"    ","P",2.889,
100,4.0,"    ","P",12.343,
100,4.1,"    ","P",554.061,
100,4.2,"    ","P",8.254,
100,4.3,"    ","P",4.090,
100,4.4,"    ","P",2.816,
100,5.0,"    ","P",380.273,
100,5.1,"    ","P",378.822,
100,5.2,"    ","P",5.645,
100,5.3,"    ","P",131.366,
100,6.0,"    ","P",18.252,
100,7.0,"    ","P",9.533,
100,7.1,"    ","P",1.098,
100,7.2,"    ","P",0.982,
100,7.3,"    ","P",0.192,
100,7.4,"    ","P",17.933,
100,8.0,"FAIL","F",109.682,
100,8.1,"    ","P",6.953,
100,8.2,"    ","P",2.165,
100,8.3,"    ","P",76.253,
100,8.4,"    ","P",0.020,
100,8.5,"    ","P",0.000,
130,1,"06/26/2019  16:24:44","29453","F",,,12,4,0,
100,1.0,"    ","P",-0.543,
100,1.1,"    ","P",1.363,
100,1.2,"    ","P",-0.687,
100,1.3,"    ","P",0.015,
100,1.4,"    ","P",-0.658,
100,1.5,"    ","P",-0.006,
100,1.6,"    ","P",-0.693,
100,1.7,"    ","P",0.027,
100,1.8,"    ","P",-0.661,
100,1.9,"    ","P",0.014,
100,2.0,"    ","P",0.345,
100,3.0,"    ","P",1.595,
100,3.1,"    ","P",1.577,
100,3.2,"    ","P",1.645,
100,3.3,"    ","P",1.675,
100,3.4,"    ","P",2.813,
100,4.0,"    ","P",12.324,
100,4.1,"    ","P",535.289,
100,4.2,"    ","P",8.203,
100,4.3,"    ","P",4.121,
100,4.4,"    ","P",5.632,
100,5.0,"    ","P",378.016,
100,5.1,"    ","P",376.226,
100,5.2,"    ","P",5.303,
100,5.3,"    ","P",132.053,
100,6.0,"    ","P",18.199,
100,7.0,"    ","P",9.471,
100,7.1,"    ","P",1.098,
100,7.2,"    ","P",0.985,
100,7.3,"    ","P",0.192,
100,7.4,"    ","P",18.019,
100,8.0,"FAIL","F",109.827,
100,8.1,"    ","P",6.942,
100,8.2,"    ","P",2.165,
100,8.3,"    ","P",76.229,
100,8.4,"    ","P",0.018,
100,8.5,"    ","P",0.000,
130,1,"06/26/2019  16:24:45","29454","F",,,12,4,0,
100,1.0,"    ","P",-0.543,
100,1.1,"    ","P",1.460,
100,1.2,"    ","P",-0.688,
100,1.3,"    ","P",0.014,
100,1.4,"    ","P",-0.658,
100,1.5,"    ","P",0.031,
100,1.6,"    ","P",-0.694,
100,1.7,"    ","P",0.014,
100,1.8,"    ","P",-0.661,
100,1.9,"    ","P",0.004,
100,2.0,"    ","P",0.345,
100,3.0,"    ","P",1.627,
100,3.1,"    ","P",1.609,
100,3.2,"    ","P",1.676,
100,3.3,"    ","P",1.707,
100,3.4,"    ","P",2.860,
100,4.0,"    ","P",12.354,
100,4.1,"    ","P",538.418,
100,4.2,"    ","P",8.242,
100,4.3,"    ","P",4.113,
100,4.4,"    ","P",5.632,
100,5.0,"    ","P",390.651,
100,5.1,"    ","P",389.073,
100,5.2,"    ","P",5.201,
100,5.3,"    ","P",132.397,
100,6.0,"    ","P",18.188,
100,7.0,"    ","P",9.471,
100,7.1,"    ","P",1.118,
100,7.2,"    ","P",1.002,
100,7.3,"    ","P",0.192,
100,7.4,"    ","P",18.122,
100,8.0,"FAIL","F",109.611,
100,8.1,"    ","P",6.990,
100,8.2,"    ","P",2.134,
100,8.3,"    ","P",76.614,
100,8.4,"    ","P",0.017,
100,8.5,"    ","P",0.000,
130,1,"06/26/2019  16:24:46","29455","F",,,12,4,0,
100,1.0,"    ","P",-0.543,
100,1.1,"    ","P",1.407,
100,1.2,"    ","P",-0.689,
100,1.3,"    ","P",0.016,
100,1.4,"    ","P",-0.658,
100,1.5,"    ","P",0.006,
100,1.6,"    ","P",-0.693,
100,1.7,"    ","P",-0.014,
100,1.8,"    ","P",-0.661,
100,1.9,"    ","P",-0.002,
100,2.0,"    ","P",0.344,
100,3.0,"    ","P",1.626,
100,3.1,"    ","P",1.608,
100,3.2,"    ","P",1.674,
100,3.3,"    ","P",1.706,
100,3.4,"    ","P",2.889,
100,4.0,"    ","P",12.334,
100,4.1,"    ","P",557.190,
100,4.2,"    ","P",8.213,
100,4.3,"    ","P",4.121,
100,4.4,"    ","P",2.816,
100,5.0,"    ","P",377.420,
100,5.1,"    ","P",375.678,
100,5.2,"    ","P",5.371,
100,5.3,"    ","P",131.991,
100,6.0,"    ","P",18.257,
100,7.0,"    ","P",9.565,
100,7.1,"    ","P",1.120,
100,7.2,"    ","P",1.003,
100,7.3,"    ","P",0.193,
100,7.4,"    ","P",18.139,
100,8.0,"FAIL","F",109.655,
100,8.1,"    ","P",6.963,
100,8.2,"    ","P",2.157,
100,8.3,"    ","P",76.351,
100,8.4,"    ","P",0.024,
100,8.5,"    ","P",0.000,
130,1,"06/26/2019  16:24:47","29456","F",,,12,4,0,
100,1.0,"    ","P",-0.543,
100,1.1,"    ","P",1.445,
100,1.2,"    ","P",-0.688,
100,1.3,"    ","P",0.014,
100,1.4,"    ","P",-0.658,
100,1.5,"    ","P",-0.006,
100,1.6,"    ","P",-0.693,
100,1.7,"    ","P",0.011,
100,1.8,"    ","P",-0.661,
100,1.9,"    ","P",0.011,
100,2.0,"    ","P",0.346,
100,3.0,"    ","P",1.636,
100,3.1,"    ","P",1.618,
100,3.2,"    ","P",1.686,
100,3.3,"    ","P",1.718,
100,3.4,"    ","P",2.892,
100,4.0,"    ","P",12.284,
100,4.1,"    ","P",544.675,
100,4.2,"    ","P",8.192,
100,4.3,"    ","P",4.091,
100,4.4,"    ","P",11.263,
100,5.0,"    ","P",390.087,
100,5.1,"    ","P",388.321,
100,5.2,"    ","P",5.410,
100,5.3,"    ","P",131.866,
100,6.0,"    ","P",18.193,
100,7.0,"    ","P",9.439,
100,7.1,"    ","P",1.123,
100,7.2,"    ","P",1.006,
100,7.3,"    ","P",0.193,
100,7.4,"    ","P",17.419,
100,8.0,"FAIL","F",109.584,
100,8.1,"    ","P",6.940,
100,8.2,"    ","P",2.187,
100,8.3,"    ","P",76.043,
100,8.4,"    ","P",0.018,
100,8.5,"    ","P",0.000,
130,1,"06/26/2019  16:24:48","29457","F",,,12,4,0,
100,1.0,"    ","P",-0.543,
100,1.1,"    ","P",1.388,
100,1.2,"    ","P",-0.677,
100,1.3,"    ","P",0.015,
100,1.4,"    ","P",-0.658,
100,1.5,"    ","P",0.000,
100,1.6,"    ","P",-0.698,
100,1.7,"    ","P",-0.024,
100,1.8,"    ","P",-0.660,
100,1.9,"    ","P",0.001,
100,2.0,"    ","P",0.345,
100,3.0,"    ","P",1.628,
100,3.1,"    ","P",1.610,
100,3.2,"    ","P",1.676,
100,3.3,"    ","P",1.710,
100,3.4,"    ","P",2.878,
100,4.0,"    ","P",12.204,
100,4.1,"    ","P",525.903,
100,4.2,"    ","P",8.176,
100,4.3,"    ","P",4.028,
100,4.4,"    ","P",5.632,
100,5.0,"    ","P",390.431,
100,5.1,"    ","P",388.662,
100,5.2,"    ","P",5.214,
100,5.3,"    ","P",133.021,
100,6.0,"    ","P",18.244,
100,7.0,"    ","P",9.502,
100,7.1,"    ","P",1.080,
100,7.2,"    ","P",0.963,
100,7.3,"    ","P",0.192,
100,7.4,"    ","P",17.350,
100,8.0,"FAIL","F",109.682,
100,8.1,"    ","P",6.984,
100,8.2,"    ","P",2.135,
100,8.3,"    ","P",76.588,
100,8.4,"    ","P",0.018,
100,8.5,"    ","P",0.000,
130,1,"06/26/2019  16:24:49","29458","F",,,12,4,0,
100,1.0,"    ","P",-0.543,
100,1.1,"    ","P",1.407,
100,1.2,"    ","P",-0.680,
100,1.3,"    ","P",0.014,
100,1.4,"    ","P",-0.658,
100,1.5,"    ","P",0.016,
100,1.6,"    ","P",-0.696,
100,1.7,"    ","P",-0.014,
100,1.8,"    ","P",-0.661,
100,1.9,"    ","P",0.004,
100,2.0,"    ","P",0.344,
100,3.0,"    ","P",1.643,
100,3.1,"    ","P",1.625,
100,3.2,"    ","P",1.690,
100,3.3,"    ","P",1.725,
100,3.4,"    ","P",2.932,
100,4.0,"    ","P",12.364,
100,4.1,"    ","P",566.576,
100,4.2,"    ","P",8.252,
100,4.3,"    ","P",4.111,
100,4.4,"    ","P",5.632,
100,5.0,"    ","P",374.473,
100,5.1,"    ","P",372.956,
100,5.2,"    ","P",5.458,
100,5.3,"    ","P",131.397,
100,6.0,"    ","P",18.231,
100,7.0,"    ","P",9.533,
100,7.1,"    ","P",1.098,
100,7.2,"    ","P",0.980,
100,7.3,"    ","P",0.191,
100,7.4,"    ","P",17.436,
100,8.0,"FAIL","F",109.839,
100,8.1,"    ","P",6.993,
100,8.2,"    ","P",2.112,
100,8.3,"    ","P",76.804,
100,8.4,"    ","P",0.016,
100,8.5,"    ","P",0.000,
130,1,"06/26/2019  16:24:51","29459","F",,,12,4,0,
100,1.0,"    ","P",-0.543,
100,1.1,"    ","P",1.423,
100,1.2,"    ","P",-0.678,
100,1.3,"    ","P",0.016,
100,1.4,"    ","P",-0.658,
100,1.5,"    ","P",0.003,
100,1.6,"    ","P",-0.697,
100,1.7,"    ","P",0.020,
100,1.8,"    ","P",-0.661,
100,1.9,"    ","P",0.011,
100,2.0,"    ","P",0.345,
100,3.0,"    ","P",1.632,
100,3.1,"    ","P",1.614,
100,3.2,"    ","P",1.680,
100,3.3,"    ","P",1.717,
100,3.4,"    ","P",2.892,
100,4.0,"    ","P",12.254,
100,4.1,"    ","P",541.546,
100,4.2,"    ","P",8.163,
100,4.3,"    ","P",4.090,
100,4.4,"FAIL","F",0.000,
130,1,"06/26/2019  16:24:52","29460","F",,,8,4,0,
100,1.0,"    ","P",-0.544,
100,1.1,"    ","P",1.432,
100,1.2,"    ","P",-0.688,
100,1.3,"    ","P",0.016,
100,1.4,"    ","P",-0.659,
100,1.5,"    ","P",0.025,
100,1.6,"    ","P",-0.696,
100,1.7,"    ","P",-0.008,
100,1.8,"    ","P",-0.662,
100,1.9,"    ","P",0.007,
100,2.0,"    ","P",0.348,
100,3.0,"    ","P",1.636,
100,3.1,"    ","P",1.620,
100,3.2,"    ","P",1.684,
100,3.3,"    ","P",1.715,
100,3.4,"    ","P",2.890,
100,4.0,"    ","P",12.274,
100,4.1,"    ","P",550.932,
100,4.2,"    ","P",8.161,
100,4.3,"    ","P",4.113,
100,4.4,"    ","P",14.079,
100,5.0,"    ","P",383.283,
100,5.1,"    ","P",381.509,
100,5.2,"    ","P",5.122,
100,5.3,"    ","P",131.366,
100,6.0,"    ","P",18.193,
100,7.0,"    ","P",9.408,
100,7.1,"    ","P",1.100,
100,7.2,"    ","P",0.985,
100,7.3,"    ","P",0.192,
100,7.4,"    ","P",18.036,
100,8.0,"FAIL","F",109.552,
100,8.1,"    ","P",6.950,
100,8.2,"    ","P",2.179,
100,8.3,"    ","P",76.132,
100,8.4,"    ","P",0.013,
100,8.5,"    ","P",0.000,
130,1,"06/26/2019  16:24:53","29461","F",,,12,4,0,
100,1.0,"    ","P",-0.543,
100,1.1,"    ","P",1.445,
100,1.2,"    ","P",-0.689,
100,1.3,"    ","P",0.016,
100,1.4,"    ","P",-0.658,
100,1.5,"    ","P",-0.019,
100,1.6,"    ","P",-0.693,
100,1.7,"    ","P",0.017,
100,1.8,"    ","P",-0.661,
100,1.9,"    ","P",-0.005,
100,2.0,"    ","P",0.346,
100,3.0,"    ","P",1.647,
100,3.1,"    ","P",1.629,
100,3.2,"    ","P",1.695,
100,3.3,"    ","P",1.728,
100,3.4,"    ","P",2.877,
100,4.0,"    ","P",12.315,
100,4.1,"    ","P",557.190,
100,4.2,"    ","P",8.217,
100,4.3,"    ","P",4.098,
100,4.4,"    ","P",5.632,
100,5.0,"    ","P",390.149,
100,5.1,"    ","P",388.728,
100,5.2,"    ","P",5.267,
100,5.3,"    ","P",131.647,
100,6.0,"    ","P",18.200,
100,7.0,"    ","P",9.251,
100,7.1,"    ","P",1.130,
100,7.2,"    ","P",1.013,
100,7.3,"    ","P",0.191,
100,7.4,"    ","P",18.344,
100,8.0,"FAIL","F",109.713,
100,8.1,"    ","P",6.999,
100,8.2,"    ","P",2.115,
100,8.3,"    ","P",76.789,
100,8.4,"    ","P",0.023,
100,8.5,"    ","P",0.000,
130,1,"06/26/2019  16:24:54","29462","F",,,12,4,0,
100,1.0,"    ","P",-0.543,
100,1.1,"    ","P",1.457,
100,1.2,"    ","P",-0.689,
100,1.3,"    ","P",0.015,
100,1.4,"    ","P",-0.658,
100,1.5,"    ","P",-0.012,
100,1.6,"    ","P",-0.693,
100,1.7,"    ","P",0.017,
100,1.8,"    ","P",-0.661,
100,1.9,"    ","P",0.020,
100,2.0,"    ","P",0.345,
100,3.0,"    ","P",1.624,
100,3.1,"    ","P",1.606,
100,3.2,"    ","P",1.673,
100,3.3,"    ","P",1.705,
100,3.4,"    ","P",2.904,
100,4.0,"    ","P",12.314,
100,4.1,"    ","P",541.546,
100,4.2,"    ","P",8.199,
100,4.3,"    ","P",4.115,
100,4.4,"    ","P",5.632,
100,5.0,"    ","P",387.422,
100,5.1,"    ","P",385.637,
100,5.2,"    ","P",5.139,
100,5.3,"    ","P",131.553,
100,6.0,"    ","P",18.203,
100,7.0,"    ","P",9.251,
100,7.1,"    ","P",1.127,
100,7.2,"    ","P",1.013,
100,7.3,"    ","P",0.193,
100,7.4,"    ","P",17.522,
100,8.0,"FAIL","F",109.558,
100,8.1,"    ","P",6.972,
100,8.2,"    ","P",2.158,
100,8.3,"    ","P",76.367,
100,8.4,"    ","P",0.021,
100,8.5,"    ","P",0.000,
130,1,"06/26/2019  16:24:55","29463","F",,,12,4,0,
100,1.0,"    ","P",-0.543,
100,1.1,"    ","P",1.407,
100,1.2,"    ","P",-0.688,
100,1.3,"    ","P",0.230,
100,1.4,"    ","P",-0.659,
100,1.5,"    ","P",0.010,
100,1.6,"    ","P",-0.694,
100,1.7,"    ","P",-0.002,
100,1.8,"    ","P",-0.661,
100,1.9,"    ","P",0.020,
100,2.0,"FAIL","F",20.032,
130,1,"06/26/2019  16:24:56","29464","F",,,6,4,0,
100,1.0,"    ","P",-0.543,
100,1.1,"    ","P",1.429,
100,1.2,"    ","P",-0.678,
100,1.3,"    ","P",0.017,
100,1.4,"    ","P",-0.658,
100,1.5,"    ","P",-0.025,
100,1.6,"    ","P",-0.697,
100,1.7,"    ","P",0.011,
100,1.8,"    ","P",-0.661,
100,1.9,"    ","P",-0.005,
100,2.0,"    ","P",0.340,
100,3.0,"    ","P",1.641,
100,3.1,"    ","P",1.623,
100,3.2,"    ","P",1.689,
100,3.3,"    ","P",1.723,
100,3.4,"    ","P",2.876,
100,4.0,"    ","P",12.313,
100,4.1,"    ","P",550.932,
100,4.2,"    ","P",8.223,
100,4.3,"    ","P",4.091,
100,4.4,"    ","P",2.816,
100,5.0,"    ","P",387.672,
100,5.1,"    ","P",385.944,
100,5.2,"    ","P",5.286,
100,5.3,"    ","P",131.960,
100,6.0,"    ","P",18.165,
100,7.0,"    ","P",9.408,
100,7.1,"    ","P",1.085,
100,7.2,"    ","P",0.969,
100,7.3,"    ","P",0.191,
100,7.4,"    ","P",17.436,
100,8.0,"FAIL","F",109.772,
100,8.1,"    ","P",7.001,
100,8.2,"    ","P",2.110,
100,8.3,"    ","P",76.844,
100,8.4,"    ","P",0.017,
100,8.5,"    ","P",0.000,
130,1,"06/26/2019  16:24:57","29465","F",,,12,4,0,
100,1.0,"    ","P",-0.543,
100,1.1,"    ","P",1.410,
100,1.2,"    ","P",-0.675,
100,1.3,"    ","P",0.018,
100,1.4,"    ","P",-0.658,
100,1.5,"    ","P",-0.016,
100,1.6,"    ","P",-0.696,
100,1.7,"    ","P",0.030,
100,1.8,"    ","P",-0.661,
100,1.9,"    ","P",0.045,
100,2.0,"    ","P",0.346,
100,3.0,"    ","P",1.637,
100,3.1,"    ","P",1.620,
100,3.2,"    ","P",1.686,
100,3.3,"    ","P",1.720,
100,3.4,"    ","P",2.855,
100,4.0,"    ","P",12.313,
100,4.1,"    ","P",560.318,
100,4.2,"    ","P",8.215,
100,4.3,"    ","P",4.098,
100,4.4,"    ","P",5.632,
100,5.0,"    ","P",379.395,
100,5.1,"    ","P",377.764,
100,5.2,"    ","P",5.333,
100,5.3,"    ","P",131.147,
100,6.0,"    ","P",18.231,
100,7.0,"    ","P",9.408,
100,7.1,"    ","P",1.101,
100,7.2,"    ","P",0.986,
100,7.3,"    ","P",0.192,
100,7.4,"    ","P",17.830,
100,8.0,"FAIL","F",109.822,
100,8.1,"    ","P",6.997,
100,8.2,"    ","P",2.110,
100,8.3,"    ","P",76.832,
100,8.4,"    ","P",0.016,
100,8.5,"    ","P",0.000,
130,1,"06/26/2019  16:24:58","29466","F",,,12,4,0,
100,1.0,"    ","P",-0.543,
100,1.1,"    ","P",1.426,
100,1.2,"    ","P",-0.680,
100,1.3,"    ","P",0.014,
100,1.4,"    ","P",-0.658,
100,1.5,"    ","P",0.010,
100,1.6,"    ","P",-0.697,
100,1.7,"    ","P",-0.014,
100,1.8,"    ","P",-0.661,
100,1.9,"    ","P",-0.018,
100,2.0,"    ","P",0.373,
100,3.0,"    ","P",1.622,
100,3.1,"    ","P",1.605,
100,3.2,"    ","P",1.671,
100,3.3,"    ","P",1.706,
100,3.4,"    ","P",2.869,
100,4.0,"    ","P",12.336,
100,4.1,"    ","P",547.804,
100,4.2,"    ","P",8.235,
100,4.3,"    ","P",4.101,
100,4.4,"    ","P",5.632,
100,5.0,"    ","P",383.471,
100,5.1,"    ","P",381.857,
100,5.2,"    ","P",5.365,
100,5.3,"    ","P",130.367,
100,6.0,"    ","P",18.194,
100,7.0,"    ","P",9.439,
100,7.1,"    ","P",1.083,
100,7.2,"    ","P",0.966,
100,7.3,"    ","P",0.193,
100,7.4,"    ","P",17.727,
100,8.0,"FAIL","F",109.623,
100,8.1,"    ","P",6.989,
100,8.2,"    ","P",2.132,
100,8.3,"    ","P",76.623,
100,8.4,"    ","P",0.011,
100,8.5,"    ","P",0.000,
130,1,"06/26/2019  16:24:59","29467","F",,,12,4,0,
100,1.0,"    ","P",-0.543,
100,1.1,"    ","P",1.423,
100,1.2,"    ","P",-0.677,
100,1.3,"    ","P",0.019,
100,1.4,"    ","P",-0.658,
100,1.5,"    ","P",-0.022,
100,1.6,"    ","P",-0.693,
100,1.7,"    ","P",0.017,
100,1.8,"    ","P",-0.661,
100,1.9,"    ","P",0.026,
100,2.0,"    ","P",0.351,
100,3.0,"    ","P",1.626,
100,3.1,"    ","P",1.608,
100,3.2,"    ","P",1.675,
100,3.3,"    ","P",1.707,
100,3.4,"    ","P",2.855,
100,4.0,"    ","P",12.323,
100,4.1,"    ","P",554.061,
100,4.2,"    ","P",8.183,
100,4.3,"    ","P",4.140,
100,4.4,"    ","P",8.447,
100,5.0,"    ","P",380.900,
100,5.1,"    ","P",379.160,
100,5.2,"    ","P",5.348,
100,5.3,"    ","P",131.835,
100,6.0,"    ","P",18.218,
100,7.0,"    ","P",9.251,
100,7.1,"    ","P",1.123,
100,7.2,"    ","P",1.006,
100,7.3,"    ","P",0.193,
100,7.4,"    ","P",17.522,
100,8.0,"FAIL","F",109.711,
100,8.1,"    ","P",6.926,
100,8.2,"    ","P",2.189,
100,8.3,"    ","P",75.982,
100,8.4,"    ","P",0.015,
100,8.5,"    ","P",0.000,
130,1,"06/26/2019  16:25:00","29468","F",,,12,4,0,
100,1.0,"    ","P",-0.543,
100,1.1,"    ","P",1.463,
100,1.2,"    ","P",-0.688,
100,1.3,"    ","P",0.017,
100,1.4,"    ","P",-0.658,
100,1.5,"    ","P",-0.006,
100,1.6,"    ","P",-0.694,
100,1.7,"    ","P",0.008,
100,1.8,"    ","P",-0.661,
100,1.9,"    ","P",0.039,
100,2.0,"    ","P",0.350,
100,3.0,"    ","P",1.644,
100,3.1,"    ","P",1.627,
100,3.2,"    ","P",1.691,
100,3.3,"    ","P",1.723,
100,3.4,"    ","P",2.910,
100,4.0,"    ","P",12.274,
100,4.1,"    ","P",560.318,
100,4.2,"    ","P",8.173,
100,4.3,"    ","P",4.101,
100,4.4,"    ","P",11.263,
100,5.0,"    ","P",391.748,
100,5.1,"    ","P",390.235,
100,5.2,"    ","P",5.358,
100,5.3,"    ","P",132.397,
100,6.0,"    ","P",18.228,
100,7.0,"    ","P",9.721,
100,7.1,"    ","P",1.101,
100,7.2,"    ","P",0.987,
100,7.3,"    ","P",0.190,
100,7.4,"    ","P",18.224,
100,8.0,"FAIL","F",110.041,
100,8.1,"    ","P",6.951,
100,8.2,"    ","P",2.138,
100,8.3,"    ","P",76.476,
100,8.4,"    ","P",0.020,
100,8.5,"    ","P",0.000,
130,1,"06/26/2019  16:25:01","29469","F",,,12,4,0,
100,1.0,"    ","P",-0.543,
100,1.1,"    ","P",1.435,
100,1.2,"    ","P",-0.687,
100,1.3,"    ","P",0.013,
100,1.4,"    ","P",-0.658,
100,1.5,"    ","P",0.003,
100,1.6,"    ","P",-0.693,
100,1.7,"    ","P",0.005,
100,1.8,"    ","P",-0.661,
100,1.9,"    ","P",0.007,
100,2.0,"    ","P",0.346,
100,3.0,"    ","P",1.633,
100,3.1,"    ","P",1.616,
100,3.2,"    ","P",1.680,
100,3.3,"    ","P",1.712,
100,3.4,"    ","P",2.873,
100,4.0,"    ","P",12.293,
100,4.1,"    ","P",554.061,
100,4.2,"    ","P",8.217,
100,4.3,"    ","P",4.076,
100,4.4,"    ","P",5.632,
100,5.0,"    ","P",384.004,
100,5.1,"    ","P",382.693,
100,5.2,"    ","P",5.257,
100,5.3,"    ","P",132.740,
100,6.0,"    ","P",18.225,
100,7.0,"    ","P",9.314,
100,7.1,"    ","P",1.106,
100,7.2,"    ","P",0.990,
100,7.3,"    ","P",0.191,
100,7.4,"    ","P",17.642,
100,8.0,"FAIL","F",109.825,
100,8.1,"    ","P",6.982,
100,8.2,"    ","P",2.125,
100,8.3,"    ","P",76.670,
100,8.4,"    ","P",0.021,
100,8.5,"    ","P",0.000,
130,1,"06/26/2019  16:25:02","29470","F",,,12,4,0,
100,1.0,"    ","P",-0.543,
100,1.1,"    ","P",1.423,
100,1.2,"    ","P",-0.685,
100,1.3,"    ","P",0.014,
100,1.4,"    ","P",-0.658,
100,1.5,"    ","P",0.000,
100,1.6,"    ","P",-0.693,
100,1.7,"    ","P",-0.011,
100,1.8,"    ","P",-0.661,
100,1.9,"    ","P",0.017,
100,2.0,"    ","P",0.346,
100,3.0,"    ","P",1.649,
100,3.1,"    ","P",1.632,
100,3.2,"    ","P",1.697,
100,3.3,"    ","P",1.730,
100,3.4,"    ","P",2.858,
100,4.0,"    ","P",12.274,
100,4.1,"    ","P",563.447,
100,4.2,"    ","P",8.179,
100,4.3,"    ","P",4.095,
100,4.4,"    ","P",11.263,
100,5.0,"    ","P",389.460,
100,5.1,"    ","P",387.742,
100,5.2,"    ","P",5.393,
100,5.3,"    ","P",131.803,
100,6.0,"    ","P",18.247,
100,7.0,"    ","P",9.502,
100,7.1,"    ","P",1.110,
100,7.2,"    ","P",0.996,
100,7.3,"    ","P",0.192,
100,7.4,"    ","P",17.762,
100,8.0,"FAIL","F",109.857,
100,8.1,"    ","P",6.975,
100,8.2,"    ","P",2.128,
100,8.3,"    ","P",76.619,
100,8.4,"    ","P",0.016,
100,8.5,"    ","P",0.000,
130,1,"06/26/2019  16:25:03","29471","F",,,12,4,0,
100,1.0,"    ","P",-0.543,
100,1.1,"    ","P",1.442,
100,1.2,"    ","P",-0.686,
100,1.3,"    ","P",0.016,
100,1.4,"    ","P",-0.658,
100,1.5,"    ","P",-0.044,
100,1.6,"    ","P",-0.693,
100,1.7,"    ","P",0.023,
100,1.8,"    ","P",-0.661,
100,1.9,"    ","P",-0.002,
100,2.0,"    ","P",0.347,
100,3.0,"    ","P",1.629,
100,3.1,"    ","P",1.611,
100,3.2,"    ","P",1.679,
100,3.3,"    ","P",1.713,
100,3.4,"    ","P",2.902,
100,4.0,"    ","P",12.313,
100,4.1,"    ","P",563.447,
100,4.2,"    ","P",8.232,
100,4.3,"    ","P",4.082,
100,4.4,"    ","P",2.816,
100,5.0,"    ","P",378.110,
100,5.1,"    ","P",376.574,
100,5.2,"    ","P",5.484,
100,5.3,"    ","P",132.397,
100,6.0,"    ","P",18.249,
100,7.0,"    ","P",9.690,
100,7.1,"    ","P",1.148,
100,7.2,"    ","P",1.035,
100,7.3,"    ","P",0.192,
100,7.4,"    ","P",18.344,
100,8.0,"FAIL","F",109.866,
100,8.1,"    ","P",7.001,
100,8.2,"    ","P",2.103,
100,8.3,"    ","P",76.900,
100,8.4,"    ","P",0.015,
100,8.5,"    ","P",0.000,
130,1,"06/26/2019  16:25:05","29472","F",,,12,4,0,
100,1.0,"    ","P",-0.543,
100,1.1,"    ","P",1.460,
100,1.2,"    ","P",-0.688,
100,1.3,"    ","P",0.016,
100,1.4,"    ","P",-0.658,
100,1.5,"    ","P",0.006,
100,1.6,"    ","P",-0.694,
100,1.7,"    ","P",-0.011,
100,1.8,"    ","P",-0.661,
100,1.9,"    ","P",0.014,
100,2.0,"    ","P",0.348,
100,3.0,"    ","P",1.645,
100,3.1,"    ","P",1.628,
100,3.2,"    ","P",1.694,
100,3.3,"    ","P",1.726,
100,3.4,"    ","P",2.900,
100,4.0,"    ","P",12.345,
100,4.1,"    ","P",550.932,
100,4.2,"    ","P",8.230,
100,4.3,"    ","P",4.115,
100,4.4,"    ","P",14.079,
100,5.0,"    ","P",387.077,
100,5.1,"    ","P",385.183,
100,5.2,"    ","P",5.448,
100,5.3,"    ","P",132.178,
100,6.0,"    ","P",18.210,
100,7.0,"    ","P",9.408,
100,7.1,"    ","P",1.134,
100,7.2,"    ","P",1.023,
100,7.3,"    ","P",0.192,
100,7.4,"    ","P",18.139,
100,8.0,"FAIL","F",109.713,
100,8.1,"    ","P",6.970,
100,8.2,"    ","P",2.145,
100,8.3,"    ","P",76.468,
100,8.4,"    ","P",0.014,
100,8.5,"    ","P",0.000,
130,1,"06/26/2019  16:25:06","29473","F",,,12,4,0,
100,1.0,"    ","P",-0.541,
100,1.1,"    ","P",1.451,
100,1.2,"    ","P",-0.688,
100,1.3,"    ","P",0.016,
100,1.4,"    ","P",-0.658,
100,1.5,"    ","P",-0.031,
100,1.6,"    ","P",-0.693,
100,1.7,"    ","P",0.023,
100,1.8,"    ","P",-0.661,
100,1.9,"    ","P",0.026,
100,2.0,"    ","P",0.346,
100,3.0,"    ","P",1.616,
100,3.1,"    ","P",1.599,
100,3.2,"    ","P",1.666,
100,3.3,"    ","P",1.697,
100,3.4,"FAIL","F",7.119,
130,1,"06/26/2019  16:25:07","29474","F",,,7,4,0,
100,1.0,"    ","P",-0.544,
100,1.1,"    ","P",1.413,
100,1.2,"    ","P",-0.689,
100,1.3,"    ","P",0.013,
100,1.4,"    ","P",-0.658,
100,1.5,"    ","P",-0.003,
100,1.6,"    ","P",-0.692,
100,1.7,"    ","P",0.030,
100,1.8,"    ","P",-0.661,
100,1.9,"    ","P",0.007,
100,2.0,"    ","P",0.346,
100,3.0,"    ","P",1.639,
100,3.1,"    ","P",1.621,
100,3.2,"    ","P",1.689,
100,3.3,"    ","P",1.720,
100,3.4,"    ","P",2.907,
100,4.0,"    ","P",12.243,
100,4.1,"    ","P",547.804,
100,4.2,"    ","P",8.182,
100,4.3,"    ","P",4.061,
100,4.4,"    ","P",2.816,
100,5.0,"    ","P",386.575,
100,5.1,"    ","P",384.876,
100,5.2,"    ","P",5.391,
100,5.3,"    ","P",131.678,
100,6.0,"    ","P",18.196,
100,7.0,"    ","P",9.189,
100,7.1,"    ","P",1.121,
100,7.2,"    ","P",1.004,
100,7.3,"    ","P",0.192,
100,7.4,"    ","P",18.036,
100,8.0,"FAIL","F",109.723,
100,8.1,"    ","P",6.920,
100,8.2,"    ","P",2.195,
100,8.3,"    ","P",75.916,
100,8.4,"    ","P",0.019,
100,8.5,"    ","P",0.000,
130,1,"06/26/2019  16:25:08","29475","F",,,12,4,0,
100,1.0,"    ","P",-0.543,
100,1.1,"    ","P",1.460,
100,1.2,"    ","P",-0.687,
100,1.3,"    ","P",0.016,
100,1.4,"    ","P",-0.659,
100,1.5,"    ","P",0.003,
100,1.6,"    ","P",-0.693,
100,1.7,"    ","P",0.005,
100,1.8,"    ","P",-0.661,
100,1.9,"    ","P",-0.021,
100,2.0,"    ","P",0.346,
100,3.0,"    ","P",1.644,
100,3.1,"    ","P",1.626,
100,3.2,"    ","P",1.693,
100,3.3,"    ","P",1.724,
100,3.4,"    ","P",2.832,
100,4.0,"    ","P",12.353,
100,4.1,"    ","P",566.576,
100,4.2,"    ","P",8.243,
100,4.3,"    ","P",4.111,
100,4.4,"    ","P",11.263,
100,5.0,"    ","P",387.265,
100,5.1,"    ","P",385.527,
100,5.2,"    ","P",5.352,
100,5.3,"    ","P",132.272,
100,6.0,"    ","P",18.249,
100,7.0,"    ","P",9.345,
100,7.1,"    ","P",1.113,
100,7.2,"    ","P",0.998,
100,7.3,"    ","P",0.192,
100,7.4,"    ","P",18.139,
100,8.0,"FAIL","F",109.949,
100,8.1,"    ","P",6.943,
100,8.2,"    ","P",2.154,
100,8.3,"    ","P",76.325,
100,8.4,"    ","P",0.002,
100,8.5,"    ","P",0.000,
130,1,"06/26/2019  16:25:09","29476","F",,,12,4,0,
999,
50,1,"P",0,"PASS",
50,5,"F",0,"Continuity",
50,6,"F",2,"IDSS",
50,7,"F",1,"IOP",
50,8,"F",4,"UVLO",
50,9,"F",0,"IFB",
50,10,"F",0,"TSS",
50,11,"F",0,"VStr",
50,12,"F",43,"FOSC",
50,13,"F",0,"VSD",
50,14,"F",0,"BURST",
50,15,"F",0,"VOVP",
50,16,"F",0,"AR",
50,17,"F",0,"ILIMIT",
50,18,"F",0,"IDSS1",
50,19,"F",0,"",
50,20,"F",0,"",
50,21,"F",0,"",
50,22,"F",0,"",
50,23,"F",0,"",
50,24,"F",0,"",
50,25,"F",0,"",
50,32,"A",0,"Alarm Bin",
60,1,"P",0,"PASS",
60,3,"F",0,"Continuity",
60,4,"F",50,"IDSS",
2,1.-1,"Continuity",50,0,
1,1.0,"OS_VCC",50,0,
1,1.1,"ICCLKG",50,0,
1,1.2,"OS_DRAIN",50,0,
1,1.3,"IDLKG",50,0,
1,1.4,"OS_VFB",50,0,
1,1.5,"IFBLKG",50,0,
1,1.6,"OS_VSTR",50,0,
1,1.7,"ISTRLKG",50,0,
1,1.8,"OS_RLIM",50,0,
1,1.9,"IRLLKG",50,0,
2,2.-1,"IDSS",48,2,
1,2.0,"IDSS",48,2,
2,3.-1,"Vcc_Current",47,1,
1,3.0,"IOP",48,0,
1,3.1,"IOPMIN",48,0,
1,3.2,"IOPMAX26",48,0,
1,3.3,"IOPMAX30",48,0,
1,3.4,"IOPSW",47,1,
2,4.-1,"UVLO",43,4,
1,4.0,"VSTART",47,0,
1,4.1,"ISTART",47,0,
1,4.2,"VSTOP",47,0,
1,4.3,"UVLO_HYS",47,0,
1,4.4,"DIVSTOP",43,4,
2,5.-1,"Vfb_Current",43,0,
1,5.0,"IFB",43,0,
1,5.1,"IPK",43,0,
1,5.2,"IDELAY",43,0,
1,5.3,"VFBOFF",43,0,
2,6.-1,"TSS",43,0,
1,6.0,"TSS",43,0,
2,7.-1,"Start_Current",43,0,
1,7.0,"IJLKG",43,0,
1,7.1,"ICH",43,0,
1,7.2,"ISTRVCC",43,0,
1,7.3,"ISTD",43,0,
1,7.4,"VSTR",43,0,
2,8.-1,"FOSC",0,43,
1,8.0,"FSS",0,43,
1,8.1,"TON_MAX",0,0,
1,8.2,"TOFF_MAX",0,0,
1,8.3,"DMAX",0,0,
1,8.4,"Fstable",0,0,
1,8.5,"Dmin",0,0,
2,9.-1,"VSD",0,0,
2,10.-1,"Burst_Thershold",0,0,
2,11.-1,"VOVP",0,0,
2,12.-1,"AR",0,0,
2,13.-1,"ILIMIT",0,0,
2,14.-1,"IDSS1",0,0,
3, 50, 0, 0, 307811, 0,
250,1,1,0,
250,1,5,0,
250,1,6,2,
250,1,7,1,
250,1,8,4,
250,1,9,0,
250,1,10,0,
250,1,11,0,
250,1,12,43,
250,1,13,0,
250,1,14,0,
250,1,15,0,
250,1,16,0,
250,1,17,0,
250,1,18,0,
250,1,19,0,
250,1,20,0,
250,1,21,0,
250,1,22,0,
250,1,23,0,
250,1,24,0,
250,1,25,0,
250,1,32,0,
260,1,1,0,
260,1,3,0,
260,1,4,50,
202,1,1.-1,50,0,
201,1,1.0,50,0,
201,1,1.1,50,0,
201,1,1.2,50,0,
201,1,1.3,50,0,
201,1,1.4,50,0,
201,1,1.5,50,0,
201,1,1.6,50,0,
201,1,1.7,50,0,
201,1,1.8,50,0,
201,1,1.9,50,0,
202,1,2.-1,48,2,
201,1,2.0,48,2,
202,1,3.-1,47,1,
201,1,3.0,48,0,
201,1,3.1,48,0,
201,1,3.2,48,0,
201,1,3.3,48,0,
201,1,3.4,47,1,
202,1,4.-1,43,4,
201,1,4.0,47,0,
201,1,4.1,47,0,
201,1,4.2,47,0,
201,1,4.3,47,0,
201,1,4.4,43,4,
202,1,5.-1,43,0,
201,1,5.0,43,0,
201,1,5.1,43,0,
201,1,5.2,43,0,
201,1,5.3,43,0,
202,1,6.-1,43,0,
201,1,6.0,43,0,
202,1,7.-1,43,0,
201,1,7.0,43,0,
201,1,7.1,43,0,
201,1,7.2,43,0,
201,1,7.3,43,0,
201,1,7.4,43,0,
202,1,8.-1,0,43,
201,1,8.0,0,43,
201,1,8.1,0,0,
201,1,8.2,0,0,
201,1,8.3,0,0,
201,1,8.4,0,0,
201,1,8.5,0,0,
202,1,9.-1,0,0,
202,1,10.-1,0,0,
202,1,11.-1,0,0,
202,1,12.-1,0,0,
202,1,13.-1,0,0,
202,1,14.-1,0,0,
203,1,50,0,0,
250,2,1,0,
250,2,5,0,
250,2,6,0,
250,2,7,0,
250,2,8,0,
250,2,9,0,
250,2,10,0,
250,2,11,0,
250,2,12,0,
250,2,13,0,
250,2,14,0,
250,2,15,0,
250,2,16,0,
250,2,17,0,
250,2,18,0,
250,2,19,0,
250,2,20,0,
250,2,21,0,
250,2,22,0,
250,2,23,0,
250,2,24,0,
250,2,25,0,
250,2,32,0,
260,2,1,0,
260,2,3,0,
260,2,4,0,
202,2,1.-1,0,0,
202,2,2.-1,0,0,
202,2,3.-1,0,0,
202,2,4.-1,0,0,
202,2,5.-1,0,0,
202,2,6.-1,0,0,
202,2,7.-1,0,0,
202,2,8.-1,0,0,
202,2,9.-1,0,0,
202,2,10.-1,0,0,
202,2,11.-1,0,0,
202,2,12.-1,0,0,
202,2,13.-1,0,0,
202,2,14.-1,0,0,
203,2,0,0,0,
300,-1,1.0,50,-0.544,0.001,-0.547,-0.541,
301,-1,1.0,27,25,22,50,
300,-1,1.1,50,1.419,0.026,1.363,1.463,
301,-1,1.1,27,25,15,35,16,15,
300,-1,1.2,50,-0.685,0.004,-0.691,-0.675,
301,-1,1.2,27,25,21,50,
300,-1,1.3,50,0.019,0.030,0.011,0.230,
301,-1,1.3,27,25,8,49,9,1,
300,-1,1.4,50,-0.659,0.001,-0.661,-0.658,
301,-1,1.4,27,25,21,50,
300,-1,1.5,50,-0.001,0.018,-0.047,0.041,
301,-1,1.5,27,25,8,50,
300,-1,1.6,50,-0.694,0.001,-0.698,-0.692,
301,-1,1.6,27,25,21,50,
300,-1,1.7,50,0.008,0.017,-0.024,0.036,
301,-1,1.7,27,25,8,50,
300,-1,1.8,50,-0.662,0.001,-0.664,-0.660,
301,-1,1.8,27,25,21,50,
300,-1,1.9,50,0.011,0.016,-0.021,0.045,
301,-1,1.9,27,25,8,50,
300,-1,2.0,48,0.346,0.005,0.337,0.373,
301,-1,2.0,27,25,16,45,17,3,26,2,
300,-1,3.0,48,1.635,0.013,1.595,1.676,
301,-1,3.0,27,25,11,3,12,44,13,1,
300,-1,3.1,48,1.617,0.013,1.577,1.659,
301,-1,3.1,27,25,11,32,12,16,
300,-1,3.2,48,1.683,0.013,1.645,1.724,
301,-1,3.2,27,25,12,2,13,45,14,1,
300,-1,3.3,48,1.716,0.013,1.675,1.756,
301,-1,3.3,27,25,13,21,14,27,
300,-1,3.4,47,2.883,0.025,2.813,2.932,
301,-1,3.4,27,25,16,3,17,43,18,1,26,1,
300,-1,4.0,47,12.297,0.044,12.194,12.364,
301,-1,4.0,27,25,15,4,16,28,17,15,
300,-1,4.1,47,551.864,8.967,525.903,566.576,
301,-1,4.1,27,25,15,1,16,15,17,24,18,7,
300,-1,4.2,47,8.201,0.031,8.125,8.254,
301,-1,4.2,27,25,14,1,15,40,16,6,
300,-1,4.3,47,4.096,0.023,4.028,4.141,
301,-1,4.3,27,25,13,22,14,25,
300,-1,4.4,47,6.470,4.767,0.000,19.711,
301,-1,4.4,27,25,2,4,4,15,6,12,9,4,11,6,13,4,15,1,17,1,
300,-1,5.0,43,386.092,6.441,374.473,404.979,
301,-1,5.0,27,25,10,13,11,16,12,11,13,2,14,1,
300,-1,5.1,43,384.407,6.404,372.956,402.950,
301,-1,5.1,27,25,9,1,10,13,11,17,12,10,13,2,
300,-1,5.2,43,5.333,0.132,4.957,5.645,
301,-1,5.2,27,25,13,1,14,7,15,17,16,15,17,2,18,1,
300,-1,5.3,43,131.920,0.548,130.367,133.021,
301,-1,5.3,27,25,16,43,
300,-1,6.0,43,18.221,0.028,18.165,18.269,
301,-1,6.0,27,25,10,43,
300,-1,7.0,43,9.416,0.144,9.095,9.721,
301,-1,7.0,27,25,8,43,
300,-1,7.1,43,1.115,0.018,1.080,1.148,
301,-1,7.1,27,25,12,5,13,10,14,17,15,10,16,1,
300,-1,7.2,43,1.000,0.019,0.963,1.035,
301,-1,7.2,27,25,10,5,11,11,12,19,13,8,
300,-1,7.3,43,0.192,0.001,0.190,0.193,
301,-1,7.3,27,25,3,43,
300,-1,7.4,43,17.895,0.299,17.127,18.344,
301,-1,7.4,27,25,8,1,9,18,10,24,
300,-1,8.0,43,109.725,0.154,109.524,110.111,
301,-1,8.0,27,25,23,40,24,3,
300,-1,8.1,43,6.973,0.033,6.882,7.039,
301,-1,8.1,27,25,4,1,5,26,6,16,
300,-1,8.2,43,2.142,0.032,2.085,2.218,
301,-1,8.2,27,25,10,20,11,21,12,2,
300,-1,8.3,43,76.497,0.346,75.694,77.146,
301,-1,8.3,27,25,11,7,12,23,13,13,
300,-1,8.4,43,0.018,0.005,0.002,0.030,
301,-1,8.4,27,25,3,43,
300,-1,8.5,43,0.000,0.000,0.000,0.000,
301,-1,8.5,27,25,13,43,
300,1,1.0,50,-0.544,0.001,-0.547,-0.541,
301,1,1.0,27,25,22,50,
300,1,1.1,50,1.419,0.026,1.363,1.463,
301,1,1.1,27,25,15,35,16,15,
300,1,1.2,50,-0.685,0.004,-0.691,-0.675,
301,1,1.2,27,25,21,50,
300,1,1.3,50,0.019,0.030,0.011,0.230,
301,1,1.3,27,25,8,49,9,1,
300,1,1.4,50,-0.659,0.001,-0.661,-0.658,
301,1,1.4,27,25,21,50,
300,1,1.5,50,-0.001,0.018,-0.047,0.041,
301,1,1.5,27,25,8,50,
300,1,1.6,50,-0.694,0.001,-0.698,-0.692,
301,1,1.6,27,25,21,50,
300,1,1.7,50,0.008,0.017,-0.024,0.036,
301,1,1.7,27,25,8,50,
300,1,1.8,50,-0.662,0.001,-0.664,-0.660,
301,1,1.8,27,25,21,50,
300,1,1.9,50,0.011,0.016,-0.021,0.045,
301,1,1.9,27,25,8,50,
300,1,2.0,48,0.346,0.005,0.337,0.373,
301,1,2.0,27,25,16,45,17,3,26,2,
300,1,3.0,48,1.635,0.013,1.595,1.676,
301,1,3.0,27,25,11,3,12,44,13,1,
300,1,3.1,48,1.617,0.013,1.577,1.659,
301,1,3.1,27,25,11,32,12,16,
300,1,3.2,48,1.683,0.013,1.645,1.724,
301,1,3.2,27,25,12,2,13,45,14,1,
300,1,3.3,48,1.716,0.013,1.675,1.756,
301,1,3.3,27,25,13,21,14,27,
300,1,3.4,47,2.883,0.025,2.813,2.932,
301,1,3.4,27,25,16,3,17,43,18,1,26,1,
300,1,4.0,47,12.297,0.044,12.194,12.364,
301,1,4.0,27,25,15,4,16,28,17,15,
300,1,4.1,47,551.864,8.967,525.903,566.576,
301,1,4.1,27,25,15,1,16,15,17,24,18,7,
300,1,4.2,47,8.201,0.031,8.125,8.254,
301,1,4.2,27,25,14,1,15,40,16,6,
300,1,4.3,47,4.096,0.023,4.028,4.141,
301,1,4.3,27,25,13,22,14,25,
300,1,4.4,47,6.470,4.767,0.000,19.711,
301,1,4.4,27,25,2,4,4,15,6,12,9,4,11,6,13,4,15,1,17,1,
300,1,5.0,43,386.092,6.441,374.473,404.979,
301,1,5.0,27,25,10,13,11,16,12,11,13,2,14,1,
300,1,5.1,43,384.407,6.404,372.956,402.950,
301,1,5.1,27,25,9,1,10,13,11,17,12,10,13,2,
300,1,5.2,43,5.333,0.132,4.957,5.645,
301,1,5.2,27,25,13,1,14,7,15,17,16,15,17,2,18,1,
300,1,5.3,43,131.920,0.548,130.367,133.021,
301,1,5.3,27,25,16,43,
300,1,6.0,43,18.221,0.028,18.165,18.269,
301,1,6.0,27,25,10,43,
300,1,7.0,43,9.416,0.144,9.095,9.721,
301,1,7.0,27,25,8,43,
300,1,7.1,43,1.115,0.018,1.080,1.148,
301,1,7.1,27,25,12,5,13,10,14,17,15,10,16,1,
300,1,7.2,43,1.000,0.019,0.963,1.035,
301,1,7.2,27,25,10,5,11,11,12,19,13,8,
300,1,7.3,43,0.192,0.001,0.190,0.193,
301,1,7.3,27,25,3,43,
300,1,7.4,43,17.895,0.299,17.127,18.344,
301,1,7.4,27,25,8,1,9,18,10,24,
300,1,8.0,43,109.725,0.154,109.524,110.111,
301,1,8.0,27,25,23,40,24,3,
300,1,8.1,43,6.973,0.033,6.882,7.039,
301,1,8.1,27,25,4,1,5,26,6,16,
300,1,8.2,43,2.142,0.032,2.085,2.218,
301,1,8.2,27,25,10,20,11,21,12,2,
300,1,8.3,43,76.497,0.346,75.694,77.146,
301,1,8.3,27,25,11,7,12,23,13,13,
300,1,8.4,43,0.018,0.005,0.002,0.030,
301,1,8.4,27,25,3,43,
300,1,8.5,43,0.000,0.000,0.000,0.000,
301,1,8.5,27,25,13,43,
30,"06/26/2019  16:24:16","06/26/2019  16:25:09",
