120,1,"ETS364B",2,8,"CUJ250019_R25_BINR","1","DARREN","FSC1-ETS364","2011A [2011.1.2.21]","2.04",
125,P,"","","","LoadBoard:,5",
140,1,"c:\ETS\WORK\FSL136HR_01_ATEC.DLL","FSL136HR_01_ATEC","1.0","05/17/2009","06/25/2019",
140,2,"c:\ETS\WORK\FSL136HR_01_ATEC.pds","FSL136HR_01_ATEC","4.00","05/17/2009","04/17/2014",
140,3,"c:\ETS\WORK\FSL136HR_01_ATEC.evd","<not available>","1.0","05/17/2009","08/14/2009",
140,4,"FSL136HR_01_ATEC","FPSÄATEC","1.0","05/17/2009","06/25/2019",
145,"WARNING: Detected Boards using Default Calibration",
10,1.0,3,-0.400,-3.000,"V","OS_VCC",
10,1.1,3,2.900,-1.000,"UA","ICCLKG",
10,1.2,3,-0.400,-3.000,"V","OS_DRAIN",
10,1.3,3,2.900,-1.000,"UA","IDLKG",
10,1.4,3,-0.400,-3.000,"V","OS_VFB",
10,1.5,3,2.900,-1.000,"UA","IFBLKG",
10,1.6,3,-0.400,-3.000,"V","OS_VSTR",
10,1.7,3,2.900,-1.000,"UA","ISTRLKG",
10,1.8,3,-0.400,-3.000,"V","OS_RLIM",
10,1.9,3,2.900,-1.000,"UA","IRLLKG",
10,2.0,3,1.000,-1.000,"uA","IDSS",
10,3.0,3,2.150,1.230,"mA","IOP",
10,3.1,3,2.150,1.230,"mA","IOPMIN",
10,3.2,3,2.150,1.230,"mA","IOPMAX26",
10,3.3,3,2.150,1.230,"mA","IOPMAX30",
10,3.4,3,3.450,1.550,"mA","IOPSW",
10,4.0,3,12.950,11.050,"V","VSTART",
10,4.1,3,640.000,360.000,"uA","ISTART",
10,4.2,3,8.950,7.050,"V","VSTOP",
10,4.3,3,5.900,2.100,"V","UVLO_HYS",
10,4.4,3,28.000,1.000,"uA","DIVSTOP",
10,5.0,3,476.000,324.000,"uA","IFB",
10,5.1,3,476.000,324.000,"uA","IPK",
10,5.2,3,6.425,3.575,"uA","IDELAY",
10,5.3,3,195.000,20.000,"mV","VFBOFF",
10,6.0,3,22.600,15.900,"mS","TSS",
10,7.0,3,100.000,-20.000,"nA","IJLKG",
10,7.1,3,1.290,0.910,"mA","ICH",
10,7.2,3,1.250,0.810,"mA","ISTRVCC",
10,7.3,3,19.500,0.000,"uA","ISTD",
10,7.4,3,26.000,14.000,"V","VSTR",
10,8.0,3,109.500,90.500,"KHz","FSS",
10,8.1,3,8.650,6.750,"uS","TON_MAX",
10,8.2,3,2.965,1.635,"uS","TOFF_MAX",
10,8.3,3,82.700,71.300,"%","DMAX",
10,8.4,3,2.850,0.000,"%","Fstable",
10,8.5,3,1.000,-1.000,"%","Dmin",
10,9.0,3,6.475,5.525,"V","VSD",
10,10.0,3,590.000,410.000,"mV","VBURH",
10,10.1,3,440.000,260.000,"mV","VBURL",
10,10.2,3,240.000,60.000,"mV","Burst_Hys",
10,11.0,3,25.425,22.575,"V","VOVP",
10,12.0,3,1.000,0.000,"","AR",
10,13.0,3,2.390,1.910,"A","ILIM",
10,13.1,3,1.960,1.480,"A","SILIM1",
10,13.2,3,1.320,0.830,"A","SILIM2",
10,14.0,3,1.000,-1.000,"uA","IDSS1",
100,1.0,"    ","P",-0.541,
100,1.1,"    ","P",1.437,
100,1.2,"    ","P",-0.678,
100,1.3,"    ","P",0.020,
100,1.4,"    ","P",-0.653,
100,1.5,"    ","P",0.046,
100,1.6,"    ","P",-0.697,
100,1.7,"    ","P",-0.008,
100,1.8,"    ","P",-0.659,
100,1.9,"    ","P",-0.056,
100,2.0,"    ","P",0.318,
100,3.0,"    ","P",1.614,
100,3.1,"    ","P",1.597,
100,3.2,"    ","P",1.661,
100,3.3,"    ","P",1.696,
100,3.4,"    ","P",2.884,
100,4.0,"    ","P",12.390,
100,4.1,"    ","P",537.116,
100,4.2,"    ","P",8.272,
100,4.3,"    ","P",4.119,
100,4.4,"    ","P",15.000,
100,5.0,"    ","P",375.717,
100,5.1,"    ","P",376.699,
100,5.2,"    ","P",5.500,
100,5.3,"    ","P",133.841,
100,6.0,"    ","P",18.362,
100,7.0,"    ","P",6.497,
100,7.1,"    ","P",1.085,
100,7.2,"    ","P",0.970,
100,7.3,"    ","P",0.186,
100,7.4,"    ","P",17.522,
100,8.0,"    ","P",108.679,
100,8.1,"    ","P",7.004,
100,8.2,"    ","P",2.199,
100,8.3,"    ","P",76.105,
100,8.4,"    ","P",0.017,
100,8.5,"    ","P",0.000,
100,9.0,"    ","P",6.165,
100,10.0,"    ","P",508.767,
100,10.1,"    ","P",403.875,
100,10.2,"    ","P",104.892,
100,11.0,"    ","P",25.154,
100,12.0,"    ","P",1.000,
100,13.0,"    ","P",2.185,
100,13.1,"    ","P",1.750,
100,13.2,"    ","P",1.100,
100,14.0,"    ","P",0.452,
130,1,"06/26/2019  07:15:42","35310","P",,,1,1,0,
100,1.0,"    ","P",-0.541,
100,1.1,"    ","P",1.437,
100,1.2,"    ","P",-0.675,
100,1.3,"    ","P",0.008,
100,1.4,"    ","P",-0.654,
100,1.5,"    ","P",-0.001,
100,1.6,"    ","P",-0.695,
100,1.7,"    ","P",0.020,
100,1.8,"    ","P",-0.660,
100,1.9,"    ","P",0.004,
100,2.0,"    ","P",0.288,
100,3.0,"    ","P",1.637,
100,3.1,"    ","P",1.620,
100,3.2,"    ","P",1.683,
100,3.3,"    ","P",1.718,
100,3.4,"    ","P",2.843,
100,4.0,"    ","P",12.300,
100,4.1,"    ","P",546.489,
100,4.2,"    ","P",8.218,
100,4.3,"    ","P",4.081,
100,4.4,"    ","P",15.000,
100,5.0,"    ","P",379.034,
100,5.1,"    ","P",379.845,
100,5.2,"    ","P",5.523,
100,5.3,"    ","P",133.466,
100,6.0,"    ","P",18.539,
100,7.0,"    ","P",6.215,
100,7.1,"    ","P",1.089,
100,7.2,"    ","P",0.974,
100,7.3,"    ","P",0.193,
100,7.4,"    ","P",17.727,
100,8.0,"    ","P",106.669,
100,8.1,"    ","P",7.154,
100,8.2,"    ","P",2.221,
100,8.3,"    ","P",76.313,
100,8.4,"    ","P",0.016,
100,8.5,"    ","P",0.000,
100,9.0,"    ","P",6.115,
100,10.0,"    ","P",517.196,
100,10.1,"    ","P",374.843,
100,10.2,"    ","P",142.353,
100,11.0,"    ","P",24.825,
100,12.0,"    ","P",1.000,
100,13.0,"    ","P",2.206,
100,13.1,"    ","P",1.750,
100,13.2,"    ","P",1.100,
100,14.0,"    ","P",0.451,
130,1,"06/26/2019  07:15:43","35311","P",,,1,1,0,
100,1.0,"    ","P",-0.541,
100,1.1,"    ","P",1.400,
100,1.2,"    ","P",-0.686,
100,1.3,"    ","P",0.005,
100,1.4,"    ","P",-0.653,
100,1.5,"    ","P",0.034,
100,1.6,"    ","P",-0.694,
100,1.7,"    ","P",0.020,
100,1.8,"    ","P",-0.660,
100,1.9,"    ","P",-0.046,
100,2.0,"    ","P",0.286,
100,3.0,"    ","P",1.623,
100,3.1,"    ","P",1.607,
100,3.2,"    ","P",1.670,
100,3.3,"    ","P",1.703,
100,3.4,"    ","P",2.864,
100,4.0,"    ","P",12.319,
100,4.1,"    ","P",533.991,
100,4.2,"    ","P",8.163,
100,4.3,"    ","P",4.156,
100,4.4,"    ","P",15.000,
100,5.0,"    ","P",380.817,
100,5.1,"    ","P",381.712,
100,5.2,"    ","P",5.404,
100,5.3,"    ","P",134.590,
100,6.0,"    ","P",19.127,
100,7.0,"    ","P",6.403,
100,7.1,"    ","P",1.123,
100,7.2,"    ","P",1.002,
100,7.3,"    ","P",0.193,
100,7.4,"    ","P",17.744,
100,8.0,"    ","P",106.743,
100,8.1,"    ","P",7.169,
100,8.2,"    ","P",2.200,
100,8.3,"    ","P",76.514,
100,8.4,"    ","P",0.015,
100,8.5,"    ","P",0.000,
100,9.0,"    ","P",6.140,
100,10.0,"    ","P",514.699,
100,10.1,"    ","P",373.282,
100,10.2,"    ","P",141.417,
100,11.0,"    ","P",24.825,
100,12.0,"    ","P",1.000,
100,13.0,"    ","P",2.209,
100,13.1,"    ","P",1.750,
100,13.2,"    ","P",1.100,
100,14.0,"    ","P",0.450,
130,1,"06/26/2019  07:15:44","35312","P",,,1,1,0,
100,1.0,"    ","P",-0.542,
100,1.1,"    ","P",1.412,
100,1.2,"    ","P",-0.676,
100,1.3,"    ","P",0.009,
100,1.4,"    ","P",-0.654,
100,1.5,"    ","P",0.037,
100,1.6,"    ","P",-0.695,
100,1.7,"    ","P",0.017,
100,1.8,"    ","P",-0.660,
100,1.9,"    ","P",0.004,
100,2.0,"    ","P",0.286,
100,3.0,"    ","P",1.629,
100,3.1,"    ","P",1.612,
100,3.2,"    ","P",1.676,
100,3.3,"    ","P",1.710,
100,3.4,"    ","P",2.890,
100,4.0,"    ","P",12.264,
100,4.1,"    ","P",540.240,
100,4.2,"    ","P",8.182,
100,4.3,"    ","P",4.082,
100,4.4,"    ","P",15.000,
100,5.0,"    ","P",375.185,
100,5.1,"    ","P",376.180,
100,5.2,"    ","P",5.386,
100,5.3,"    ","P",133.716,
100,6.0,"    ","P",18.552,
100,7.0,"    ","P",5.840,
100,7.1,"    ","P",1.107,
100,7.2,"    ","P",0.989,
100,7.3,"    ","P",0.188,
100,7.4,"    ","P",17.642,
100,8.0,"    ","P",107.495,
100,8.1,"    ","P",7.113,
100,8.2,"    ","P",2.191,
100,8.3,"    ","P",76.449,
100,8.4,"    ","P",0.025,
100,8.5,"    ","P",0.000,
100,9.0,"    ","P",6.109,
100,10.0,"    ","P",513.762,
100,10.1,"    ","P",369.536,
100,10.2,"    ","P",144.226,
100,11.0,"    ","P",24.754,
100,12.0,"    ","P",1.000,
100,13.0,"    ","P",2.186,
100,13.1,"    ","P",1.750,
100,13.2,"    ","P",1.100,
100,14.0,"    ","P",0.451,
130,1,"06/26/2019  07:15:46","35313","P",,,1,1,0,
100,1.0,"    ","P",-0.542,
100,1.1,"    ","P",1.425,
100,1.2,"    ","P",-0.676,
100,1.3,"    ","P",0.003,
100,1.4,"    ","P",-0.654,
100,1.5,"    ","P",0.043,
100,1.6,"    ","P",-0.695,
100,1.7,"    ","P",0.002,
100,1.8,"    ","P",-0.661,
100,1.9,"    ","P",0.025,
100,2.0,"    ","P",0.286,
100,3.0,"    ","P",1.644,
100,3.1,"    ","P",1.627,
100,3.2,"    ","P",1.691,
100,3.3,"    ","P",1.726,
100,3.4,"    ","P",2.875,
100,4.0,"    ","P",12.244,
100,4.1,"    ","P",552.737,
100,4.2,"    ","P",8.186,
100,4.3,"    ","P",4.058,
100,4.4,"    ","P",15.000,
100,5.0,"    ","P",373.432,
100,5.1,"    ","P",374.401,
100,5.2,"    ","P",5.509,
100,5.3,"    ","P",133.560,
100,6.0,"    ","P",19.047,
100,7.0,"    ","P",6.247,
100,7.1,"    ","P",1.116,
100,7.2,"    ","P",0.997,
100,7.3,"    ","P",0.198,
100,7.4,"    ","P",17.539,
100,8.0,"    ","P",105.513,
100,8.1,"    ","P",7.229,
100,8.2,"    ","P",2.247,
100,8.3,"    ","P",76.287,
100,8.4,"    ","P",0.018,
100,8.5,"    ","P",0.000,
100,9.0,"    ","P",6.125,
100,10.0,"    ","P",497.841,
100,10.1,"    ","P",369.224,
100,10.2,"    ","P",128.617,
100,11.0,"    ","P",24.718,
100,12.0,"    ","P",1.000,
100,13.0,"    ","P",2.174,
100,13.1,"    ","P",1.750,
100,13.2,"    ","P",1.100,
100,14.0,"    ","P",0.449,
130,1,"06/26/2019  07:15:47","35314","P",,,1,1,0,
100,1.0,"    ","P",-0.542,
100,1.1,"    ","P",1.434,
100,1.2,"    ","P",-0.678,
100,1.3,"    ","P",0.003,
100,1.4,"    ","P",-0.654,
100,1.5,"    ","P",0.034,
100,1.6,"    ","P",-0.696,
100,1.7,"    ","P",-0.011,
100,1.8,"    ","P",-0.660,
100,1.9,"    ","P",-0.006,
100,2.0,"    ","P",0.286,
100,3.0,"    ","P",1.619,
100,3.1,"    ","P",1.602,
100,3.2,"    ","P",1.666,
100,3.3,"    ","P",1.698,
100,3.4,"    ","P",2.876,
100,4.0,"    ","P",12.334,
100,4.1,"    ","P",540.240,
100,4.2,"    ","P",8.213,
100,4.3,"    ","P",4.121,
100,4.4,"    ","P",15.000,
100,5.0,"    ","P",377.751,
100,5.1,"    ","P",378.410,
100,5.2,"    ","P",5.086,
100,5.3,"    ","P",133.123,
100,6.0,"    ","P",18.766,
100,7.0,"    ","P",6.122,
100,7.1,"    ","P",1.094,
100,7.2,"    ","P",0.980,
100,7.3,"    ","P",0.188,
100,7.4,"    ","P",17.624,
100,8.0,"    ","P",107.616,
100,8.1,"    ","P",7.113,
100,8.2,"    ","P",2.179,
100,8.3,"    ","P",76.548,
100,8.4,"    ","P",0.016,
100,8.5,"    ","P",0.000,
100,9.0,"    ","P",6.143,
100,10.0,"    ","P",505.958,
100,10.1,"    ","P",375.467,
100,10.2,"    ","P",130.491,
100,11.0,"    ","P",24.937,
100,12.0,"    ","P",1.000,
100,13.0,"    ","P",2.198,
100,13.1,"    ","P",1.750,
100,13.2,"    ","P",1.100,
100,14.0,"    ","P",0.451,
130,1,"06/26/2019  07:15:49","35315","P",,,1,1,0,
100,1.0,"    ","P",-0.542,
100,1.1,"    ","P",1.387,
100,1.2,"    ","P",-0.687,
100,1.3,"    ","P",0.000,
100,1.4,"    ","P",-0.654,
100,1.5,"    ","P",0.028,
100,1.6,"    ","P",-0.693,
100,1.7,"    ","P",0.014,
100,1.8,"    ","P",-0.660,
100,1.9,"    ","P",-0.009,
100,2.0,"    ","P",0.285,
100,3.0,"    ","P",1.619,
100,3.1,"    ","P",1.602,
100,3.2,"    ","P",1.666,
100,3.3,"    ","P",1.696,
100,3.4,"    ","P",2.850,
100,4.0,"    ","P",12.204,
100,4.1,"    ","P",543.364,
100,4.2,"    ","P",8.161,
100,4.3,"    ","P",4.043,
100,4.4,"    ","P",15.000,
100,5.0,"    ","P",381.881,
100,5.1,"    ","P",382.710,
100,5.2,"    ","P",5.440,
100,5.3,"    ","P",134.715,
100,6.0,"    ","P",18.916,
100,7.0,"    ","P",6.215,
100,7.1,"    ","P",1.113,
100,7.2,"    ","P",0.998,
100,7.3,"    ","P",0.194,
100,7.4,"    ","P",18.224,
100,8.0,"    ","P",106.302,
100,8.1,"    ","P",7.169,
100,8.2,"    ","P",2.239,
100,8.3,"    ","P",76.200,
100,8.4,"    ","P",0.015,
100,8.5,"    ","P",0.000,
100,9.0,"    ","P",6.089,
100,10.0,"    ","P",503.148,
100,10.1,"    ","P",362.043,
100,10.2,"    ","P",141.105,
100,11.0,"    ","P",24.633,
100,12.0,"    ","P",1.000,
100,13.0,"    ","P",2.204,
100,13.1,"    ","P",1.750,
100,13.2,"    ","P",1.100,
100,14.0,"    ","P",0.449,
130,1,"06/26/2019  07:15:50","35316","P",,,1,1,0,
100,1.0,"    ","P",-0.542,
100,1.1,"    ","P",1.369,
100,1.2,"    ","P",-0.687,
100,1.3,"    ","P",0.002,
100,1.4,"    ","P",-0.654,
100,1.5,"    ","P",0.056,
100,1.6,"    ","P",-0.693,
100,1.7,"    ","P",-0.014,
100,1.8,"    ","P",-0.660,
100,1.9,"    ","P",-0.009,
100,2.0,"    ","P",0.285,
100,3.0,"    ","P",1.632,
100,3.1,"    ","P",1.615,
100,3.2,"    ","P",1.678,
100,3.3,"    ","P",1.708,
100,3.4,"    ","P",2.877,
100,4.0,"    ","P",12.344,
100,4.1,"    ","P",527.743,
100,4.2,"    ","P",8.237,
100,4.3,"    ","P",4.107,
100,4.4,"    ","P",15.000,
100,5.0,"    ","P",388.828,
100,5.1,"    ","P",389.633,
100,5.2,"    ","P",5.287,
100,5.3,"    ","P",134.559,
100,6.0,"    ","P",18.697,
100,7.0,"    ","P",6.309,
100,7.1,"    ","P",1.109,
100,7.2,"    ","P",0.991,
100,7.3,"    ","P",0.186,
100,7.4,"    ","P",17.624,
100,8.0,"    ","P",107.924,
100,8.1,"    ","P",7.093,
100,8.2,"    ","P",2.173,
100,8.3,"    ","P",76.547,
100,8.4,"    ","P",0.023,
100,8.5,"    ","P",0.000,
100,9.0,"    ","P",6.164,
100,10.0,"    ","P",502.524,
100,10.1,"    ","P",375.779,
100,10.2,"    ","P",126.744,
100,11.0,"    ","P",24.834,
100,12.0,"    ","P",1.000,
100,13.0,"    ","P",2.194,
100,13.1,"    ","P",1.750,
100,13.2,"    ","P",1.100,
100,14.0,"    ","P",0.449,
130,1,"06/26/2019  07:15:51","35317","P",,,1,1,0,
100,1.0,"    ","P",-0.542,
100,1.1,"    ","P",1.425,
100,1.2,"    ","P",-0.687,
100,1.3,"    ","P",0.003,
100,1.4,"    ","P",-0.654,
100,1.5,"    ","P",0.037,
100,1.6,"    ","P",-0.696,
100,1.7,"    ","P",0.020,
100,1.8,"    ","P",-0.661,
100,1.9,"    ","P",0.013,
100,2.0,"    ","P",0.284,
100,3.0,"    ","P",1.648,
100,3.1,"    ","P",1.631,
100,3.2,"    ","P",1.693,
100,3.3,"    ","P",1.726,
100,3.4,"    ","P",2.900,
100,4.0,"    ","P",12.253,
100,4.1,"    ","P",546.489,
100,4.2,"    ","P",8.173,
100,4.3,"    ","P",4.080,
100,4.4,"    ","P",15.000,
100,5.0,"    ","P",385.855,
100,5.1,"    ","P",386.559,
100,5.2,"    ","P",5.274,
100,5.3,"    ","P",133.623,
100,6.0,"    ","P",18.494,
100,7.0,"    ","P",6.403,
100,7.1,"    ","P",1.079,
100,7.2,"    ","P",0.962,
100,7.3,"    ","P",0.186,
100,7.4,"    ","P",17.830,
100,8.0,"    ","P",108.272,
100,8.1,"    ","P",7.035,
100,8.2,"    ","P",2.201,
100,8.3,"    ","P",76.166,
100,8.4,"    ","P",0.008,
100,8.5,"    ","P",0.000,
100,9.0,"    ","P",6.103,
100,10.0,"    ","P",505.333,
100,10.1,"    ","P",362.043,
100,10.2,"    ","P",143.290,
100,11.0,"    ","P",24.734,
100,12.0,"    ","P",1.000,
100,13.0,"    ","P",2.191,
100,13.1,"    ","P",1.750,
100,13.2,"    ","P",1.100,
100,14.0,"    ","P",0.451,
130,1,"06/26/2019  07:15:53","35318","P",,,1,1,0,
100,1.0,"    ","P",-0.542,
100,1.1,"    ","P",1.400,
100,1.2,"    ","P",-0.678,
100,1.3,"    ","P",0.005,
100,1.4,"    ","P",-0.654,
100,1.5,"    ","P",0.024,
100,1.6,"    ","P",-0.698,
100,1.7,"    ","P",-0.020,
100,1.8,"    ","P",-0.660,
100,1.9,"    ","P",-0.015,
100,2.0,"    ","P",0.286,
100,3.0,"    ","P",1.604,
100,3.1,"    ","P",1.587,
100,3.2,"    ","P",1.650,
100,3.3,"    ","P",1.685,
100,3.4,"    ","P",2.836,
100,4.0,"    ","P",12.307,
100,4.1,"    ","P",543.364,
100,4.2,"    ","P",8.197,
100,4.3,"    ","P",4.109,
100,4.4,"    ","P",15.000,
100,5.0,"    ","P",369.615,
100,5.1,"    ","P",370.333,
100,5.2,"    ","P",5.456,
100,5.3,"    ","P",133.404,
100,6.0,"    ","P",18.445,
100,7.0,"FAIL","F",1.024e+004,
100,7.1,"    ","P",1.069,
100,7.2,"    ","P",0.953,
100,7.3,"    ","P",0.328,
100,7.4,"    ","P",17.436,
130,1,"06/26/2019  07:15:54","35319","F",,,11,4,0,
100,1.0,"    ","P",-0.542,
100,1.1,"    ","P",1.400,
100,1.2,"    ","P",-0.680,
100,1.3,"    ","P",0.015,
100,1.4,"    ","P",-0.654,
100,1.5,"    ","P",0.031,
100,1.6,"    ","P",-0.698,
100,1.7,"    ","P",-0.005,
100,1.8,"    ","P",-0.660,
100,1.9,"    ","P",0.004,
100,2.0,"    ","P",0.317,
100,3.0,"    ","P",1.613,
100,3.1,"    ","P",1.596,
100,3.2,"    ","P",1.660,
100,3.3,"    ","P",1.694,
100,3.4,"    ","P",2.841,
100,4.0,"    ","P",12.323,
100,4.1,"    ","P",552.737,
100,4.2,"    ","P",8.222,
100,4.3,"    ","P",4.101,
100,4.4,"    ","P",15.000,
100,5.0,"    ","P",372.462,
100,5.1,"    ","P",373.216,
100,5.2,"    ","P",5.407,
100,5.3,"    ","P",132.374,
100,6.0,"    ","P",19.105,
100,7.0,"    ","P",6.309,
100,7.1,"    ","P",1.067,
100,7.2,"    ","P",0.952,
100,7.3,"    ","P",0.201,
100,7.4,"    ","P",17.436,
100,8.0,"    ","P",105.277,
100,8.1,"    ","P",7.236,
100,8.2,"    ","P",2.264,
100,8.3,"    ","P",76.167,
100,8.4,"    ","P",0.019,
100,8.5,"    ","P",0.000,
100,9.0,"    ","P",6.110,
100,10.0,"    ","P",503.148,
100,10.1,"    ","P",375.155,
100,10.2,"    ","P",127.993,
100,11.0,"    ","P",24.984,
100,12.0,"    ","P",1.000,
100,13.0,"    ","P",2.209,
100,13.1,"    ","P",1.750,
100,13.2,"    ","P",1.100,
100,14.0,"    ","P",0.454,
130,1,"06/26/2019  07:15:55","35320","P",,,1,1,0,
100,1.0,"    ","P",-0.542,
100,1.1,"    ","P",1.375,
100,1.2,"    ","P",-0.680,
100,1.3,"    ","P",0.005,
100,1.4,"    ","P",-0.654,
100,1.5,"    ","P",0.018,
100,1.6,"    ","P",-0.698,
100,1.7,"    ","P",-0.033,
100,1.8,"    ","P",-0.660,
100,1.9,"    ","P",0.004,
100,2.0,"    ","P",0.287,
100,3.0,"    ","P",1.633,
100,3.1,"    ","P",1.617,
100,3.2,"    ","P",1.679,
100,3.3,"    ","P",1.713,
100,3.4,"    ","P",2.862,
100,4.0,"    ","P",12.363,
100,4.1,"    ","P",558.986,
100,4.2,"    ","P",8.243,
100,4.3,"    ","P",4.120,
100,4.4,"    ","P",15.000,
100,5.0,"    ","P",378.877,
100,5.1,"    ","P",379.901,
100,5.2,"    ","P",5.497,
100,5.3,"    ","P",132.655,
100,6.0,"    ","P",18.562,
100,7.0,"    ","P",6.215,
100,7.1,"    ","P",1.072,
100,7.2,"    ","P",0.956,
100,7.3,"    ","P",0.187,
100,7.4,"    ","P",17.642,
100,8.0,"    ","P",107.931,
100,8.1,"    ","P",7.049,
100,8.2,"    ","P",2.215,
100,8.3,"    ","P",76.091,
100,8.4,"    ","P",0.019,
100,8.5,"    ","P",0.000,
100,9.0,"    ","P",6.145,
100,10.0,"    ","P",503.148,
100,10.1,"    ","P",379.213,
100,10.2,"    ","P",123.935,
100,11.0,"    ","P",24.959,
100,12.0,"    ","P",1.000,
100,13.0,"    ","P",2.196,
100,13.1,"    ","P",1.750,
100,13.2,"    ","P",1.100,
100,14.0,"    ","P",0.452,
130,1,"06/26/2019  07:15:57","35321","P",,,1,1,0,
100,1.0,"    ","P",-0.542,
100,1.1,"    ","P",1.384,
100,1.2,"    ","P",-0.687,
100,1.3,"    ","P",0.002,
100,1.4,"    ","P",-0.654,
100,1.5,"    ","P",0.028,
100,1.6,"    ","P",-0.694,
100,1.7,"    ","P",-0.002,
100,1.8,"    ","P",-0.661,
100,1.9,"    ","P",0.019,
100,2.0,"    ","P",0.285,
100,3.0,"    ","P",1.642,
100,3.1,"    ","P",1.624,
100,3.2,"    ","P",1.689,
100,3.3,"    ","P",1.723,
100,3.4,"    ","P",2.896,
100,4.0,"    ","P",12.303,
100,4.1,"    ","P",549.613,
100,4.2,"    ","P",8.173,
100,4.3,"    ","P",4.131,
100,4.4,"    ","P",15.000,
100,5.0,"    ","P",382.194,
100,5.1,"    ","P",383.057,
100,5.2,"    ","P",5.358,
100,5.3,"    ","P",133.779,
100,6.0,"    ","P",18.949,
100,7.0,"FAIL","F",1.024e+004,
100,7.1,"    ","P",1.126,
100,7.2,"    ","P",1.011,
100,7.3,"    ","P",0.356,
100,7.4,"    ","P",18.053,
130,1,"06/26/2019  07:15:58","35322","F",,,11,4,0,
100,1.0,"    ","P",-0.542,
100,1.1,"    ","P",1.412,
100,1.2,"    ","P",-0.687,
100,1.3,"    ","P",0.016,
100,1.4,"    ","P",-0.655,
100,1.5,"    ","P",0.021,
100,1.6,"    ","P",-0.694,
100,1.7,"    ","P",0.017,
100,1.8,"    ","P",-0.661,
100,1.9,"    ","P",0.035,
100,2.0,"    ","P",0.319,
100,3.0,"    ","P",1.621,
100,3.1,"    ","P",1.603,
100,3.2,"    ","P",1.669,
100,3.3,"    ","P",1.702,
100,3.4,"    ","P",2.923,
100,4.0,"    ","P",12.294,
100,4.1,"    ","P",540.240,
100,4.2,"    ","P",8.204,
100,4.3,"    ","P",4.090,
100,4.4,"    ","P",15.000,
100,5.0,"    ","P",375.842,
100,5.1,"    ","P",376.809,
100,5.2,"    ","P",5.150,
100,5.3,"    ","P",133.029,
100,6.0,"    ","P",18.746,
100,7.0,"    ","P",5.965,
100,7.1,"    ","P",1.116,
100,7.2,"    ","P",1.000,
100,7.3,"    ","P",0.181,
100,7.4,"    ","P",18.036,
100,8.0,"FAIL","F",109.688,
100,8.1,"    ","P",6.982,
100,8.2,"    ","P",2.133,
100,8.3,"    ","P",76.601,
100,8.4,"    ","P",0.019,
100,8.5,"    ","P",0.000,
130,1,"06/26/2019  07:15:59","35323","F",,,12,4,0,
100,1.0,"    ","P",-0.542,
100,1.1,"    ","P",1.425,
100,1.2,"    ","P",-0.678,
100,1.3,"    ","P",0.020,
100,1.4,"    ","P",-0.654,
100,1.5,"    ","P",0.043,
100,1.6,"    ","P",-0.694,
100,1.7,"    ","P",0.023,
100,1.8,"    ","P",-0.661,
100,1.9,"    ","P",0.004,
100,2.0,"    ","P",0.322,
100,3.0,"    ","P",1.635,
100,3.1,"    ","P",1.618,
100,3.2,"    ","P",1.681,
100,3.3,"    ","P",1.715,
100,3.4,"    ","P",2.877,
100,4.0,"    ","P",12.203,
100,4.1,"    ","P",552.737,
100,4.2,"    ","P",8.113,
100,4.3,"    ","P",4.091,
100,4.4,"    ","P",15.000,
100,5.0,"    ","P",379.941,
100,5.1,"    ","P",380.827,
100,5.2,"    ","P",5.332,
100,5.3,"    ","P",133.498,
100,6.0,"    ","P",18.944,
100,7.0,"    ","P",6.340,
100,7.1,"    ","P",1.136,
100,7.2,"    ","P",1.020,
100,7.3,"    ","P",0.195,
100,7.4,"    ","P",17.916,
100,8.0,"    ","P",106.154,
100,8.1,"    ","P",7.195,
100,8.2,"    ","P",2.226,
100,8.3,"    ","P",76.367,
100,8.4,"    ","P",0.016,
100,8.5,"    ","P",0.000,
100,9.0,"    ","P",6.114,
100,10.0,"    ","P",511.265,
100,10.1,"    ","P",371.097,
100,10.2,"    ","P",140.168,
100,11.0,"    ","P",24.619,
100,12.0,"    ","P",1.000,
100,13.0,"    ","P",2.198,
100,13.1,"    ","P",1.750,
100,13.2,"    ","P",1.100,
100,14.0,"    ","P",0.455,
130,1,"06/26/2019  07:16:00","35324","P",,,1,1,0,
100,1.0,"    ","P",-0.542,
100,1.1,"    ","P",1.384,
100,1.2,"    ","P",-0.678,
100,1.3,"    ","P",0.008,
100,1.4,"    ","P",-0.654,
100,1.5,"    ","P",0.012,
100,1.6,"    ","P",-0.694,
100,1.7,"    ","P",-0.020,
100,1.8,"    ","P",-0.661,
100,1.9,"    ","P",0.038,
100,2.0,"    ","P",0.287,
100,3.0,"    ","P",1.677,
100,3.1,"    ","P",1.661,
100,3.2,"    ","P",1.723,
100,3.3,"    ","P",1.757,
100,3.4,"    ","P",2.926,
100,4.0,"    ","P",12.183,
100,4.1,"    ","P",558.986,
100,4.2,"    ","P",8.121,
100,4.3,"    ","P",4.062,
100,4.4,"    ","P",15.000,
100,5.0,"    ","P",400.124,
100,5.1,"    ","P",401.047,
100,5.2,"    ","P",5.406,
100,5.3,"    ","P",134.278,
100,6.0,"    ","P",18.937,
100,7.0,"    ","P",6.028,
100,7.1,"    ","P",1.137,
100,7.2,"    ","P",1.021,
100,7.3,"    ","P",0.199,
100,7.4,"    ","P",18.242,
100,8.0,"    ","P",105.335,
100,8.1,"    ","P",7.241,
100,8.2,"    ","P",2.254,
100,8.3,"    ","P",76.260,
100,8.4,"    ","P",0.016,
100,8.5,"    ","P",0.000,
100,9.0,"    ","P",6.130,
100,10.0,"    ","P",503.148,
100,10.1,"    ","P",373.282,
100,10.2,"    ","P",129.866,
100,11.0,"    ","P",24.512,
100,12.0,"    ","P",1.000,
100,13.0,"    ","P",2.217,
100,13.1,"    ","P",1.750,
100,13.2,"    ","P",1.100,
100,14.0,"    ","P",0.454,
130,1,"06/26/2019  07:16:02","35325","P",,,1,1,0,
100,1.0,"    ","P",-0.542,
100,1.1,"    ","P",1.375,
100,1.2,"    ","P",-0.679,
100,1.3,"    ","P",0.005,
100,1.4,"    ","P",-0.655,
100,1.5,"    ","P",0.031,
100,1.6,"    ","P",-0.694,
100,1.7,"    ","P",0.011,
100,1.8,"    ","P",-0.661,
100,1.9,"    ","P",-0.015,
100,2.0,"    ","P",0.286,
100,3.0,"    ","P",1.643,
100,3.1,"    ","P",1.626,
100,3.2,"    ","P",1.690,
100,3.3,"    ","P",1.723,
100,3.4,"    ","P",2.883,
100,4.0,"    ","P",12.283,
100,4.1,"    ","P",546.489,
100,4.2,"    ","P",8.192,
100,4.3,"    ","P",4.092,
100,4.4,"    ","P",15.000,
100,5.0,"    ","P",393.897,
100,5.1,"    ","P",394.818,
100,5.2,"    ","P",5.464,
100,5.3,"    ","P",133.654,
100,6.0,"    ","P",18.832,
100,7.0,"    ","P",6.340,
100,7.1,"    ","P",1.132,
100,7.2,"    ","P",1.018,
100,7.3,"    ","P",0.193,
100,7.4,"    ","P",17.727,
100,8.0,"    ","P",106.488,
100,8.1,"    ","P",7.166,
100,8.2,"    ","P",2.227,
100,8.3,"    ","P",76.291,
100,8.4,"    ","P",0.015,
100,8.5,"    ","P",0.000,
100,9.0,"    ","P",6.115,
100,10.0,"    ","P",501.275,
100,10.1,"    ","P",372.033,
100,10.2,"    ","P",129.242,
100,11.0,"    ","P",24.734,
100,12.0,"    ","P",1.000,
100,13.0,"    ","P",2.199,
100,13.1,"    ","P",1.750,
100,13.2,"    ","P",1.100,
100,14.0,"    ","P",0.453,
130,1,"06/26/2019  07:16:03","35326","P",,,1,1,0,
100,1.0,"    ","P",-0.542,
100,1.1,"    ","P",1.428,
100,1.2,"    ","P",-0.679,
100,1.3,"    ","P",0.003,
100,1.4,"    ","P",-0.654,
100,1.5,"    ","P",0.006,
100,1.6,"    ","P",-0.694,
100,1.7,"    ","P",0.005,
100,1.8,"    ","P",-0.661,
100,1.9,"    ","P",0.041,
100,2.0,"    ","P",0.286,
100,3.0,"    ","P",1.673,
100,3.1,"    ","P",1.657,
100,3.2,"    ","P",1.721,
100,3.3,"    ","P",1.755,
100,3.4,"    ","P",2.898,
100,4.0,"    ","P",12.223,
100,4.1,"    ","P",558.986,
100,4.2,"    ","P",8.169,
100,4.3,"    ","P",4.054,
100,4.4,"    ","P",15.000,
100,5.0,"    ","P",406.445,
100,5.1,"    ","P",407.082,
100,5.2,"    ","P",5.465,
100,5.3,"    ","P",134.653,
100,6.0,"    ","P",18.776,
100,7.0,"    ","P",6.059,
100,7.1,"    ","P",1.146,
100,7.2,"    ","P",1.030,
100,7.3,"    ","P",0.193,
100,7.4,"    ","P",18.224,
100,8.0,"    ","P",106.463,
100,8.1,"    ","P",7.232,
100,8.2,"    ","P",2.161,
100,8.3,"    ","P",76.991,
100,8.4,"    ","P",0.018,
100,8.5,"    ","P",0.000,
100,9.0,"    ","P",6.110,
100,10.0,"    ","P",508.767,
100,10.1,"    ","P",374.218,
100,10.2,"    ","P",134.549,
100,11.0,"    ","P",24.710,
100,12.0,"    ","P",1.000,
100,13.0,"    ","P",2.206,
100,13.1,"    ","P",1.750,
100,13.2,"    ","P",1.100,
100,14.0,"    ","P",0.453,
130,1,"06/26/2019  07:16:04","35327","P",,,1,1,0,
100,1.0,"    ","P",-0.542,
100,1.1,"    ","P",1.400,
100,1.2,"    ","P",-0.687,
100,1.3,"    ","P",0.003,
100,1.4,"    ","P",-0.654,
100,1.5,"    ","P",0.003,
100,1.6,"    ","P",-0.694,
100,1.7,"    ","P",-0.014,
100,1.8,"    ","P",-0.661,
100,1.9,"    ","P",0.010,
100,2.0,"    ","P",0.285,
100,3.0,"    ","P",1.617,
100,3.1,"    ","P",1.600,
100,3.2,"    ","P",1.664,
100,3.3,"    ","P",1.695,
100,3.4,"    ","P",2.866,
100,4.0,"    ","P",12.264,
100,4.1,"    ","P",540.240,
100,4.2,"    ","P",8.198,
100,4.3,"    ","P",4.066,
100,4.4,"    ","P",15.000,
100,5.0,"    ","P",375.591,
100,5.1,"    ","P",376.502,
100,5.2,"    ","P",5.396,
100,5.3,"    ","P",134.309,
100,6.0,"    ","P",18.835,
100,7.0,"    ","P",6.340,
100,7.1,"    ","P",1.116,
100,7.2,"    ","P",1.001,
100,7.3,"    ","P",0.191,
100,7.4,"    ","P",18.224,
100,8.0,"    ","P",106.891,
100,8.1,"    ","P",7.122,
100,8.2,"    ","P",2.235,
100,8.3,"    ","P",76.111,
100,8.4,"    ","P",0.016,
100,8.5,"    ","P",0.000,
100,9.0,"    ","P",6.119,
100,10.0,"    ","P",502.836,
100,10.1,"    ","P",368.287,
100,10.2,"    ","P",134.549,
100,11.0,"    ","P",24.747,
100,12.0,"    ","P",1.000,
100,13.0,"    ","P",2.184,
100,13.1,"    ","P",1.750,
100,13.2,"    ","P",1.100,
100,14.0,"    ","P",0.451,
130,1,"06/26/2019  07:16:06","35328","P",,,1,1,0,
100,1.0,"    ","P",-0.542,
100,1.1,"    ","P",1.450,
100,1.2,"    ","P",-0.686,
100,1.3,"    ","P",-0.001,
100,1.4,"    ","P",-0.654,
100,1.5,"    ","P",0.003,
100,1.6,"    ","P",-0.693,
100,1.7,"    ","P",-0.017,
100,1.8,"    ","P",-0.661,
100,1.9,"    ","P",0.022,
100,2.0,"    ","P",0.285,
100,3.0,"    ","P",1.618,
100,3.1,"    ","P",1.601,
100,3.2,"    ","P",1.665,
100,3.3,"    ","P",1.696,
100,3.4,"    ","P",2.872,
100,4.0,"    ","P",12.295,
100,4.1,"    ","P",543.364,
100,4.2,"    ","P",8.202,
100,4.3,"    ","P",4.093,
100,4.4,"    ","P",15.000,
100,5.0,"    ","P",377.594,
100,5.1,"    ","P",378.444,
100,5.2,"    ","P",5.446,
100,5.3,"    ","P",134.590,
100,6.0,"    ","P",18.705,
100,7.0,"    ","P",6.465,
100,7.1,"    ","P",1.117,
100,7.2,"    ","P",1.002,
100,7.3,"    ","P",0.186,
100,7.4,"    ","P",17.933,
100,8.0,"    ","P",107.852,
100,8.1,"    ","P",7.117,
100,8.2,"    ","P",2.155,
100,8.3,"    ","P",76.758,
100,8.4,"    ","P",0.015,
100,8.5,"    ","P",0.000,
100,9.0,"    ","P",6.135,
100,10.0,"    ","P",504.397,
100,10.1,"    ","P",374.531,
100,10.2,"    ","P",129.866,
100,11.0,"    ","P",24.810,
100,12.0,"    ","P",1.000,
100,13.0,"    ","P",2.184,
100,13.1,"    ","P",1.750,
100,13.2,"    ","P",1.100,
100,14.0,"    ","P",0.449,
130,1,"06/26/2019  07:16:07","35329","P",,,1,1,0,
100,1.0,"    ","P",-0.541,
100,1.1,"    ","P",1.384,
100,1.2,"    ","P",-0.689,
100,1.3,"    ","P",0.006,
100,1.4,"    ","P",-0.654,
100,1.5,"    ","P",0.053,
100,1.6,"    ","P",-0.700,
100,1.7,"    ","P",-0.023,
100,1.8,"    ","P",-0.660,
100,1.9,"    ","P",-0.009,
100,2.0,"    ","P",0.285,
100,3.0,"    ","P",1.622,
100,3.1,"    ","P",1.605,
100,3.2,"    ","P",1.669,
100,3.3,"    ","P",1.701,
100,3.4,"    ","P",2.860,
100,4.0,"    ","P",12.214,
100,4.1,"    ","P",537.116,
100,4.2,"    ","P",8.152,
100,4.3,"    ","P",4.062,
100,4.4,"    ","P",15.000,
100,5.0,"    ","P",383.414,
100,5.1,"    ","P",383.964,
100,5.2,"    ","P",5.317,
100,5.3,"    ","P",136.557,
100,6.0,"    ","P",19.399,
100,7.0,"    ","P",6.497,
100,7.1,"    ","P",1.066,
100,7.2,"    ","P",0.942,
100,7.3,"    ","P",0.202,
100,7.4,"    ","P",17.727,
100,8.0,"    ","P",105.010,
100,8.1,"    ","P",7.324,
100,8.2,"    ","P",2.200,
100,8.3,"    ","P",76.899,
100,8.4,"    ","P",0.018,
100,8.5,"    ","P",0.000,
100,9.0,"    ","P",6.079,
100,10.0,"    ","P",495.031,
100,10.1,"    ","P",362.356,
100,10.2,"    ","P",132.676,
100,11.0,"    ","P",24.710,
100,12.0,"    ","P",1.000,
100,13.0,"    ","P",2.209,
100,13.1,"    ","P",1.750,
100,13.2,"    ","P",1.100,
100,14.0,"    ","P",0.452,
130,1,"06/26/2019  07:16:09","35330","P",,,1,1,0,
100,1.0,"    ","P",-0.542,
100,1.1,"    ","P",1.412,
100,1.2,"    ","P",-0.688,
100,1.3,"    ","P",0.004,
100,1.4,"    ","P",-0.654,
100,1.5,"    ","P",0.028,
100,1.6,"    ","P",-0.700,
100,1.7,"    ","P",-0.008,
100,1.8,"    ","P",-0.660,
100,1.9,"    ","P",-0.006,
100,2.0,"    ","P",0.285,
100,3.0,"    ","P",1.624,
100,3.1,"    ","P",1.607,
100,3.2,"    ","P",1.670,
100,3.3,"    ","P",1.702,
100,3.4,"    ","P",2.861,
100,4.0,"    ","P",12.264,
100,4.1,"    ","P",537.116,
100,4.2,"    ","P",8.183,
100,4.3,"    ","P",4.082,
100,4.4,"    ","P",15.000,
100,5.0,"    ","P",382.695,
100,5.1,"    ","P",383.566,
100,5.2,"    ","P",5.256,
100,5.3,"    ","P",136.994,
100,6.0,"    ","P",18.731,
100,7.0,"    ","P",6.153,
100,7.1,"    ","P",1.065,
100,7.2,"    ","P",0.942,
100,7.3,"    ","P",0.190,
100,7.4,"    ","P",17.830,
100,8.0,"    ","P",107.017,
100,8.1,"    ","P",7.139,
100,8.2,"    ","P",2.203,
100,8.3,"    ","P",76.422,
100,8.4,"    ","P",0.022,
100,8.5,"    ","P",0.000,
100,9.0,"    ","P",6.120,
100,10.0,"    ","P",498.465,
100,10.1,"    ","P",370.160,
100,10.2,"    ","P",128.305,
100,11.0,"    ","P",24.789,
100,12.0,"    ","P",1.000,
100,13.0,"    ","P",2.204,
100,13.1,"    ","P",1.750,
100,13.2,"    ","P",1.100,
100,14.0,"    ","P",0.451,
130,1,"06/26/2019  07:16:10","35331","P",,,1,1,0,
100,1.0,"    ","P",-0.542,
100,1.1,"    ","P",1.444,
100,1.2,"    ","P",-0.686,
100,1.3,"    ","P",0.004,
100,1.4,"    ","P",-0.654,
100,1.5,"    ","P",-0.013,
100,1.6,"    ","P",-0.694,
100,1.7,"    ","P",-0.020,
100,1.8,"    ","P",-0.660,
100,1.9,"    ","P",0.044,
100,2.0,"    ","P",0.285,
100,3.0,"    ","P",1.642,
100,3.1,"    ","P",1.624,
100,3.2,"    ","P",1.689,
100,3.3,"    ","P",1.722,
100,3.4,"    ","P",2.917,
100,4.0,"    ","P",12.324,
100,4.1,"    ","P",543.364,
100,4.2,"    ","P",8.212,
100,4.3,"    ","P",4.112,
100,4.4,"    ","P",15.000,
100,5.0,"    ","P",384.603,
100,5.1,"    ","P",385.615,
100,5.2,"    ","P",5.344,
100,5.3,"    ","P",133.997,
100,6.0,"    ","P",18.705,
100,7.0,"    ","P",6.059,
100,7.1,"    ","P",1.137,
100,7.2,"    ","P",1.020,
100,7.3,"    ","P",0.186,
100,7.4,"    ","P",18.053,
100,8.0,"    ","P",107.859,
100,8.1,"    ","P",7.159,
100,8.2,"    ","P",2.113,
100,8.3,"    ","P",77.209,
100,8.4,"    ","P",0.016,
100,8.5,"    ","P",0.000,
100,9.0,"    ","P",6.155,
100,10.0,"    ","P",510.328,
100,10.1,"    ","P",379.525,
100,10.2,"    ","P",130.803,
100,11.0,"    ","P",24.845,
100,12.0,"    ","P",1.000,
100,13.0,"    ","P",2.199,
100,13.1,"    ","P",1.750,
100,13.2,"    ","P",1.100,
100,14.0,"    ","P",0.451,
130,1,"06/26/2019  07:16:12","35332","P",,,1,1,0,
100,1.0,"    ","P",-0.542,
100,1.1,"    ","P",1.406,
100,1.2,"    ","P",-0.686,
100,1.3,"    ","P",0.000,
100,1.4,"    ","P",-0.654,
100,1.5,"    ","P",0.015,
100,1.6,"    ","P",-0.694,
100,1.7,"    ","P",0.020,
100,1.8,"    ","P",-0.660,
100,1.9,"    ","P",0.032,
100,2.0,"    ","P",0.286,
100,3.0,"    ","P",1.642,
100,3.1,"    ","P",1.625,
100,3.2,"    ","P",1.689,
100,3.3,"    ","P",1.722,
100,3.4,"    ","P",2.885,
100,4.0,"    ","P",12.223,
100,4.1,"    ","P",562.110,
100,4.2,"    ","P",8.153,
100,4.3,"    ","P",4.071,
100,4.4,"    ","P",15.000,
100,5.0,"    ","P",373.401,
100,5.1,"    ","P",374.298,
100,5.2,"    ","P",5.529,
100,5.3,"    ","P",133.872,
100,6.0,"    ","P",18.987,
100,7.0,"    ","P",6.372,
100,7.1,"    ","P",1.134,
100,7.2,"    ","P",1.018,
100,7.3,"    ","P",0.199,
100,7.4,"    ","P",18.036,
100,8.0,"    ","P",105.378,
100,8.1,"    ","P",7.282,
100,8.2,"    ","P",2.207,
100,8.3,"    ","P",76.742,
100,8.4,"    ","P",0.020,
100,8.5,"    ","P",0.000,
100,9.0,"    ","P",6.104,
100,10.0,"    ","P",503.148,
100,10.1,"    ","P",364.229,
100,10.2,"    ","P",138.919,
100,11.0,"    ","P",24.654,
100,12.0,"    ","P",1.000,
100,13.0,"    ","P",2.205,
100,13.1,"    ","P",1.750,
100,13.2,"    ","P",1.100,
100,14.0,"    ","P",0.452,
130,1,"06/26/2019  07:16:13","35333","P",,,1,1,0,
100,1.0,"    ","P",-0.542,
100,1.1,"    ","P",1.394,
100,1.2,"    ","P",-0.676,
100,1.3,"    ","P",0.003,
100,1.4,"    ","P",-0.654,
100,1.5,"    ","P",0.012,
100,1.6,"    ","P",-0.695,
100,1.7,"    ","P",-0.005,
100,1.8,"    ","P",-0.661,
100,1.9,"    ","P",-0.009,
100,2.0,"    ","P",0.286,
100,3.0,"    ","P",1.623,
100,3.1,"    ","P",1.606,
100,3.2,"    ","P",1.670,
100,3.3,"    ","P",1.705,
100,3.4,"    ","P",2.870,
100,4.0,"    ","P",12.235,
100,4.1,"    ","P",558.986,
100,4.2,"    ","P",8.193,
100,4.3,"    ","P",4.043,
100,4.4,"    ","P",15.000,
100,5.0,"    ","P",373.245,
100,5.1,"    ","P",374.132,
100,5.2,"    ","P",5.309,
100,5.3,"    ","P",133.623,
100,6.0,"    ","P",18.470,
100,7.0,"    ","P",6.184,
100,7.1,"    ","P",1.134,
100,7.2,"    ","P",1.020,
100,7.3,"    ","P",0.184,
100,7.4,"    ","P",17.933,
100,8.0,"    ","P",108.238,
100,8.1,"    ","P",7.096,
100,8.2,"    ","P",2.146,
100,8.3,"    ","P",76.782,
100,8.4,"    ","P",0.006,
100,8.5,"    ","P",0.000,
100,9.0,"    ","P",6.154,
100,10.0,"    ","P",510.640,
100,10.1,"    ","P",379.838,
100,10.2,"    ","P",130.803,
100,11.0,"    ","P",24.706,
100,12.0,"    ","P",1.000,
100,13.0,"    ","P",2.179,
100,13.1,"    ","P",1.750,
100,13.2,"    ","P",1.100,
100,14.0,"    ","P",0.451,
130,1,"06/26/2019  07:16:14","35334","P",,,1,1,0,
100,1.0,"    ","P",-0.542,
100,1.1,"    ","P",1.434,
100,1.2,"    ","P",-0.676,
100,1.3,"    ","P",0.004,
100,1.4,"    ","P",-0.654,
100,1.5,"    ","P",-0.013,
100,1.6,"    ","P",-0.694,
100,1.7,"    ","P",0.017,
100,1.8,"    ","P",-0.660,
100,1.9,"    ","P",-0.018,
100,2.0,"    ","P",0.286,
100,3.0,"    ","P",1.621,
100,3.1,"    ","P",1.604,
100,3.2,"    ","P",1.668,
100,3.3,"    ","P",1.703,
100,3.4,"    ","P",2.824,
100,4.0,"    ","P",12.203,
100,4.1,"    ","P",540.240,
100,4.2,"    ","P",8.141,
100,4.3,"    ","P",4.062,
100,4.4,"    ","P",15.000,
100,5.0,"    ","P",382.382,
100,5.1,"    ","P",383.335,
100,5.2,"    ","P",5.378,
100,5.3,"    ","P",134.528,
100,6.0,"    ","P",19.157,
100,7.0,"    ","P",6.122,
100,7.1,"    ","P",1.136,
100,7.2,"    ","P",1.022,
100,7.3,"    ","P",0.201,
100,7.4,"    ","P",17.933,
100,8.0,"    ","P",105.169,
100,8.1,"    ","P",7.255,
100,8.2,"    ","P",2.255,
100,8.3,"    ","P",76.290,
100,8.4,"    ","P",0.016,
100,8.5,"    ","P",0.000,
100,9.0,"    ","P",6.129,
100,10.0,"    ","P",507.519,
100,10.1,"    ","P",369.848,
100,10.2,"    ","P",137.671,
100,11.0,"    ","P",24.584,
100,12.0,"    ","P",1.000,
100,13.0,"    ","P",2.196,
100,13.1,"    ","P",1.750,
100,13.2,"    ","P",1.100,
100,14.0,"    ","P",0.452,
130,1,"06/26/2019  07:16:16","35335","P",,,1,1,0,
100,1.0,"    ","P",-0.542,
100,1.1,"    ","P",1.397,
100,1.2,"    ","P",-0.689,
100,1.3,"    ","P",0.000,
100,1.4,"    ","P",-0.654,
100,1.5,"    ","P",0.059,
100,1.6,"    ","P",-0.694,
100,1.7,"    ","P",0.008,
100,1.8,"    ","P",-0.660,
100,1.9,"    ","P",0.041,
100,2.0,"    ","P",0.285,
100,3.0,"    ","P",1.640,
100,3.1,"    ","P",1.623,
100,3.2,"    ","P",1.685,
100,3.3,"    ","P",1.719,
100,3.4,"    ","P",2.879,
100,4.0,"    ","P",12.263,
100,4.1,"    ","P",568.359,
100,4.2,"    ","P",8.179,
100,4.3,"    ","P",4.084,
100,4.4,"    ","P",15.000,
100,5.0,"    ","P",377.625,
100,5.1,"    ","P",378.569,
100,5.2,"    ","P",5.370,
100,5.3,"    ","P",133.560,
100,6.0,"    ","P",18.382,
100,7.0,"    ","P",6.090,
100,7.1,"    ","P",1.119,
100,7.2,"    ","P",1.004,
100,7.3,"    ","P",0.180,
100,7.4,"    ","P",17.727,
100,8.0,"    ","P",109.490,
100,8.1,"    ","P",6.998,
100,8.2,"    ","P",2.136,
100,8.3,"    ","P",76.613,
100,8.4,"    ","P",0.016,
100,8.5,"    ","P",0.000,
100,9.0,"    ","P",6.123,
100,10.0,"    ","P",496.592,
100,10.1,"    ","P",367.350,
100,10.2,"    ","P",129.242,
100,11.0,"    ","P",24.695,
100,12.0,"    ","P",1.000,
100,13.0,"    ","P",2.186,
100,13.1,"    ","P",1.750,
100,13.2,"    ","P",1.100,
100,14.0,"    ","P",0.452,
130,1,"06/26/2019  07:16:17","35336","P",,,1,1,0,
100,1.0,"    ","P",-0.542,
100,1.1,"    ","P",1.387,
100,1.2,"    ","P",-0.688,
100,1.3,"    ","P",0.004,
100,1.4,"    ","P",-0.654,
100,1.5,"    ","P",0.046,
100,1.6,"    ","P",-0.694,
100,1.7,"    ","P",0.027,
100,1.8,"    ","P",-0.661,
100,1.9,"    ","P",0.000,
100,2.0,"    ","P",0.285,
100,3.0,"    ","P",1.632,
100,3.1,"    ","P",1.615,
100,3.2,"    ","P",1.679,
100,3.3,"    ","P",1.711,
100,3.4,"    ","P",2.860,
100,4.0,"    ","P",12.263,
100,4.1,"    ","P",555.862,
100,4.2,"    ","P",8.180,
100,4.3,"    ","P",4.083,
100,4.4,"    ","P",15.000,
100,5.0,"    ","P",380.536,
100,5.1,"    ","P",381.675,
100,5.2,"    ","P",5.044,
100,5.3,"    ","P",134.028,
100,6.0,"    ","P",18.905,
100,7.0,"    ","P",6.372,
100,7.1,"    ","P",1.111,
100,7.2,"    ","P",0.996,
100,7.3,"    ","P",0.194,
100,7.4,"    ","P",18.139,
100,8.0,"    ","P",106.311,
100,8.1,"    ","P",7.194,
100,8.2,"    ","P",2.214,
100,8.3,"    ","P",76.466,
100,8.4,"    ","P",0.019,
100,8.5,"    ","P",0.000,
100,9.0,"    ","P",6.130,
100,10.0,"    ","P",516.572,
100,10.1,"    ","P",381.711,
100,10.2,"    ","P",134.861,
100,11.0,"    ","P",24.742,
100,12.0,"    ","P",1.000,
100,13.0,"    ","P",2.209,
100,13.1,"    ","P",1.750,
100,13.2,"    ","P",1.100,
100,14.0,"    ","P",0.452,
130,1,"06/26/2019  07:16:19","35337","P",,,1,1,0,
100,1.0,"    ","P",-0.542,
100,1.1,"    ","P",1.406,
100,1.2,"    ","P",-0.688,
100,1.3,"    ","P",0.005,
100,1.4,"    ","P",-0.654,
100,1.5,"    ","P",0.037,
100,1.6,"    ","P",-0.696,
100,1.7,"    ","P",0.002,
100,1.8,"    ","P",-0.660,
100,1.9,"    ","P",0.025,
100,2.0,"    ","P",0.285,
100,3.0,"    ","P",1.640,
100,3.1,"    ","P",1.624,
100,3.2,"    ","P",1.686,
100,3.3,"    ","P",1.720,
100,3.4,"    ","P",2.902,
100,4.0,"    ","P",12.377,
100,4.1,"    ","P",533.991,
100,4.2,"    ","P",8.232,
100,4.3,"    ","P",4.145,
100,4.4,"    ","P",15.000,
100,5.0,"    ","P",380.598,
100,5.1,"    ","P",381.227,
100,5.2,"    ","P",5.514,
100,5.3,"    ","P",133.654,
100,6.0,"    ","P",18.932,
100,7.0,"    ","P",6.059,
100,7.1,"    ","P",1.067,
100,7.2,"    ","P",0.949,
100,7.3,"    ","P",0.196,
100,7.4,"    ","P",17.539,
100,8.0,"    ","P",105.942,
100,8.1,"    ","P",7.230,
100,8.2,"    ","P",2.210,
100,8.3,"    ","P",76.587,
100,8.4,"    ","P",0.018,
100,8.5,"    ","P",0.000,
100,9.0,"    ","P",6.139,
100,10.0,"    ","P",504.397,
100,10.1,"    ","P",365.477,
100,10.2,"    ","P",138.919,
100,11.0,"    ","P",24.931,
100,12.0,"    ","P",1.000,
100,13.0,"    ","P",2.209,
100,13.1,"    ","P",1.750,
100,13.2,"    ","P",1.100,
100,14.0,"    ","P",0.451,
130,1,"06/26/2019  07:16:20","35338","P",,,1,1,0,
100,1.0,"    ","P",-0.542,
100,1.1,"    ","P",1.394,
100,1.2,"    ","P",-0.688,
100,1.3,"    ","P",0.000,
100,1.4,"    ","P",-0.654,
100,1.5,"    ","P",0.037,
100,1.6,"    ","P",-0.696,
100,1.7,"    ","P",0.052,
100,1.8,"    ","P",-0.660,
100,1.9,"    ","P",-0.025,
100,2.0,"    ","P",0.285,
100,3.0,"    ","P",1.632,
100,3.1,"    ","P",1.614,
100,3.2,"    ","P",1.678,
100,3.3,"    ","P",1.711,
100,3.4,"    ","P",2.852,
100,4.0,"    ","P",12.363,
100,4.1,"    ","P",533.991,
100,4.2,"    ","P",8.242,
100,4.3,"    ","P",4.122,
100,4.4,"    ","P",15.000,
100,5.0,"    ","P",386.919,
100,5.1,"    ","P",387.829,
100,5.2,"    ","P",5.802,
100,5.3,"    ","P",133.498,
100,6.0,"    ","P",19.158,
100,7.0,"    ","P",6.090,
100,7.1,"    ","P",1.065,
100,7.2,"    ","P",0.948,
100,7.3,"    ","P",0.205,
100,7.4,"    ","P",17.436,
100,8.0,"    ","P",104.414,
100,8.1,"    ","P",7.322,
100,8.2,"    ","P",2.256,
100,8.3,"    ","P",76.446,
100,8.4,"    ","P",0.015,
100,8.5,"    ","P",0.000,
100,9.0,"    ","P",6.160,
100,10.0,"    ","P",518.133,
100,10.1,"    ","P",379.213,
100,10.2,"    ","P",138.919,
100,11.0,"    ","P",24.945,
100,12.0,"    ","P",1.000,
100,13.0,"    ","P",2.216,
100,13.1,"    ","P",1.750,
100,13.2,"    ","P",1.100,
100,14.0,"    ","P",0.452,
130,1,"06/26/2019  07:16:21","35339","P",,,1,1,0,
100,1.0,"    ","P",-0.542,
100,1.1,"    ","P",1.434,
100,1.2,"    ","P",-0.677,
100,1.3,"    ","P",0.001,
100,1.4,"    ","P",-0.654,
100,1.5,"    ","P",0.003,
100,1.6,"    ","P",-0.699,
100,1.7,"    ","P",0.002,
100,1.8,"    ","P",-0.660,
100,1.9,"    ","P",0.035,
100,2.0,"    ","P",0.285,
100,3.0,"    ","P",1.625,
100,3.1,"    ","P",1.608,
100,3.2,"    ","P",1.673,
100,3.3,"    ","P",1.709,
100,3.4,"    ","P",2.884,
100,4.0,"    ","P",12.355,
100,4.1,"    ","P",549.613,
100,4.2,"    ","P",8.213,
100,4.3,"    ","P",4.141,
100,4.4,"    ","P",15.000,
100,5.0,"    ","P",376.687,
100,5.1,"    ","P",377.791,
100,5.2,"    ","P",5.710,
100,5.3,"    ","P",133.747,
100,6.0,"    ","P",18.646,
100,7.0,"    ","P",6.434,
100,7.1,"    ","P",1.075,
100,7.2,"    ","P",0.953,
100,7.3,"    ","P",0.189,
100,7.4,"    ","P",17.522,
100,8.0,"    ","P",107.317,
100,8.1,"    ","P",7.099,
100,8.2,"    ","P",2.224,
100,8.3,"    ","P",76.146,
100,8.4,"    ","P",0.020,
100,8.5,"    ","P",0.000,
100,9.0,"    ","P",6.119,
100,10.0,"    ","P",497.529,
100,10.1,"    ","P",359.546,
100,10.2,"    ","P",137.983,
100,11.0,"    ","P",25.005,
100,12.0,"    ","P",1.000,
100,13.0,"    ","P",2.190,
100,13.1,"    ","P",1.750,
100,13.2,"    ","P",1.100,
100,14.0,"    ","P",0.450,
130,1,"06/26/2019  07:16:23","35340","P",,,1,1,0,
100,1.0,"    ","P",-0.542,
100,1.1,"    ","P",1.400,
100,1.2,"    ","P",-0.677,
100,1.3,"    ","P",0.007,
100,1.4,"    ","P",-0.654,
100,1.5,"    ","P",0.028,
100,1.6,"    ","P",-0.699,
100,1.7,"    ","P",0.020,
100,1.8,"    ","P",-0.660,
100,1.9,"    ","P",0.010,
100,2.0,"    ","P",0.285,
100,3.0,"    ","P",1.623,
100,3.1,"    ","P",1.606,
100,3.2,"    ","P",1.670,
100,3.3,"    ","P",1.705,
100,3.4,"    ","P",2.864,
100,4.0,"    ","P",12.214,
100,4.1,"    ","P",546.489,
100,4.2,"    ","P",8.153,
100,4.3,"    ","P",4.061,
100,4.4,"    ","P",15.000,
100,5.0,"    ","P",381.506,
100,5.1,"    ","P",382.475,
100,5.2,"    ","P",5.356,
100,5.3,"    ","P",133.342,
100,6.0,"    ","P",18.644,
100,7.0,"    ","P",6.122,
100,7.1,"    ","P",1.066,
100,7.2,"    ","P",0.947,
100,7.3,"    ","P",0.187,
100,7.4,"    ","P",17.419,
100,8.0,"    ","P",107.710,
100,8.1,"    ","P",7.077,
100,8.2,"    ","P",2.208,
100,8.3,"    ","P",76.217,
100,8.4,"    ","P",0.016,
100,8.5,"    ","P",0.000,
100,9.0,"    ","P",6.135,
100,10.0,"    ","P",510.952,
100,10.1,"    ","P",373.906,
100,10.2,"    ","P",137.046,
100,11.0,"    ","P",24.678,
100,12.0,"    ","P",1.000,
100,13.0,"    ","P",2.221,
100,13.1,"    ","P",1.750,
100,13.2,"    ","P",1.100,
100,14.0,"    ","P",0.452,
130,1,"06/26/2019  07:16:24","35341","P",,,1,1,0,
100,1.0,"    ","P",-0.542,
100,1.1,"    ","P",1.400,
100,1.2,"    ","P",-0.687,
100,1.3,"    ","P",0.002,
100,1.4,"    ","P",-0.654,
100,1.5,"    ","P",-0.001,
100,1.6,"    ","P",-0.695,
100,1.7,"    ","P",0.023,
100,1.8,"    ","P",-0.660,
100,1.9,"    ","P",0.013,
100,2.0,"    ","P",0.285,
100,3.0,"    ","P",1.631,
100,3.1,"    ","P",1.614,
100,3.2,"    ","P",1.677,
100,3.3,"    ","P",1.709,
100,3.4,"    ","P",2.834,
100,4.0,"    ","P",12.244,
100,4.1,"    ","P",549.613,
100,4.2,"    ","P",8.202,
100,4.3,"    ","P",4.041,
100,4.4,"    ","P",15.000,
100,5.0,"    ","P",378.439,
100,5.1,"    ","P",379.335,
100,5.2,"    ","P",5.314,
100,5.3,"    ","P",134.122,
100,6.0,"    ","P",18.536,
100,7.0,"    ","P",6.090,
100,7.1,"    ","P",1.118,
100,7.2,"    ","P",1.001,
100,7.3,"    ","P",0.182,
100,7.4,"    ","P",18.242,
100,8.0,"    ","P",108.792,
100,8.1,"    ","P",7.020,
100,8.2,"    ","P",2.173,
100,8.3,"    ","P",76.367,
100,8.4,"    ","P",0.023,
100,8.5,"    ","P",0.000,
100,9.0,"    ","P",6.110,
100,10.0,"    ","P",510.016,
100,10.1,"    ","P",379.838,
100,10.2,"    ","P",130.178,
100,11.0,"    ","P",24.710,
100,12.0,"    ","P",1.000,
100,13.0,"    ","P",2.224,
100,13.1,"    ","P",1.750,
100,13.2,"    ","P",1.100,
100,14.0,"    ","P",0.452,
130,1,"06/26/2019  07:16:26","35342","P",,,1,1,0,
100,1.0,"    ","P",-0.542,
100,1.1,"    ","P",1.416,
100,1.2,"    ","P",-0.688,
100,1.3,"    ","P",0.002,
100,1.4,"    ","P",-0.654,
100,1.5,"    ","P",0.015,
100,1.6,"    ","P",-0.694,
100,1.7,"    ","P",-0.002,
100,1.8,"    ","P",-0.660,
100,1.9,"    ","P",0.029,
100,2.0,"    ","P",0.285,
100,3.0,"    ","P",1.631,
100,3.1,"    ","P",1.614,
100,3.2,"    ","P",1.677,
100,3.3,"    ","P",1.709,
100,3.4,"    ","P",2.820,
100,4.0,"    ","P",12.323,
100,4.1,"    ","P",546.489,
100,4.2,"    ","P",8.211,
100,4.3,"    ","P",4.112,
100,4.4,"    ","P",15.000,
100,5.0,"    ","P",379.065,
100,5.1,"    ","P",380.167,
100,5.2,"    ","P",5.239,
100,5.3,"    ","P",134.278,
100,6.0,"    ","P",18.584,
100,7.0,"    ","P",6.215,
100,7.1,"    ","P",1.109,
100,7.2,"    ","P",0.992,
100,7.3,"    ","P",0.187,
100,7.4,"    ","P",17.933,
100,8.0,"    ","P",107.952,
100,8.1,"    ","P",7.097,
100,8.2,"    ","P",2.167,
100,8.3,"    ","P",76.609,
100,8.4,"    ","P",0.009,
100,8.5,"    ","P",0.000,
100,9.0,"    ","P",6.130,
100,10.0,"    ","P",503.460,
100,10.1,"    ","P",358.922,
100,10.2,"    ","P",144.539,
100,11.0,"    ","P",24.827,
100,12.0,"    ","P",1.000,
100,13.0,"    ","P",2.214,
100,13.1,"    ","P",1.750,
100,13.2,"    ","P",1.100,
100,14.0,"    ","P",0.451,
130,1,"06/26/2019  07:16:27","35343","P",,,1,1,0,
100,1.0,"    ","P",-0.542,
100,1.1,"    ","P",1.428,
100,1.2,"    ","P",-0.686,
100,1.3,"    ","P",0.000,
100,1.4,"    ","P",-0.654,
100,1.5,"    ","P",0.034,
100,1.6,"    ","P",-0.693,
100,1.7,"    ","P",0.002,
100,1.8,"    ","P",-0.660,
100,1.9,"    ","P",0.029,
100,2.0,"    ","P",0.286,
100,3.0,"    ","P",1.637,
100,3.1,"    ","P",1.620,
100,3.2,"    ","P",1.685,
100,3.3,"    ","P",1.716,
100,3.4,"    ","P",2.887,
100,4.0,"    ","P",12.303,
100,4.1,"    ","P",546.489,
100,4.2,"    ","P",8.223,
100,4.3,"    ","P",4.081,
100,4.4,"    ","P",15.000,
100,5.0,"    ","P",384.322,
100,5.1,"    ","P",385.327,
100,5.2,"    ","P",5.298,
100,5.3,"    ","P",134.809,
100,6.0,"    ","P",18.382,
100,7.0,"    ","P",6.059,
100,7.1,"    ","P",1.124,
100,7.2,"    ","P",1.008,
100,7.3,"    ","P",0.182,
100,7.4,"    ","P",17.830,
100,8.0,"    ","P",109.052,
100,8.1,"    ","P",7.049,
100,8.2,"    ","P",2.122,
100,8.3,"    ","P",76.857,
100,8.4,"    ","P",0.015,
100,8.5,"    ","P",0.000,
100,9.0,"    ","P",6.134,
100,10.0,"    ","P",504.709,
100,10.1,"    ","P",370.784,
100,10.2,"    ","P",133.924,
100,11.0,"    ","P",24.875,
100,12.0,"    ","P",1.000,
100,13.0,"    ","P",2.198,
100,13.1,"    ","P",1.750,
100,13.2,"    ","P",1.100,
100,14.0,"    ","P",0.452,
130,1,"06/26/2019  07:16:28","35344","P",,,1,1,0,
100,1.0,"    ","P",-0.542,
100,1.1,"    ","P",1.412,
100,1.2,"    ","P",-0.686,
100,1.3,"    ","P",0.001,
100,1.4,"    ","P",-0.654,
100,1.5,"    ","P",0.046,
100,1.6,"    ","P",-0.693,
100,1.7,"    ","P",0.014,
100,1.8,"    ","P",-0.660,
100,1.9,"    ","P",-0.003,
100,2.0,"    ","P",0.285,
100,3.0,"    ","P",1.605,
100,3.1,"    ","P",1.588,
100,3.2,"    ","P",1.652,
100,3.3,"    ","P",1.683,
100,3.4,"    ","P",2.835,
100,4.0,"    ","P",12.204,
100,4.1,"    ","P",549.613,
100,4.2,"    ","P",8.119,
100,4.3,"    ","P",4.085,
100,4.4,"    ","P",15.000,
100,5.0,"    ","P",374.653,
100,5.1,"    ","P",375.561,
100,5.2,"    ","P",5.373,
100,5.3,"    ","P",135.090,
100,6.0,"    ","P",19.059,
100,7.0,"    ","P",6.028,
100,7.1,"    ","P",1.119,
100,7.2,"    ","P",1.003,
100,7.3,"    ","P",0.197,
100,7.4,"    ","P",17.933,
100,8.0,"    ","P",105.577,
100,8.1,"    ","P",7.274,
100,8.2,"    ","P",2.199,
100,8.3,"    ","P",76.791,
100,8.4,"    ","P",0.023,
100,8.5,"    ","P",0.000,
100,9.0,"    ","P",6.104,
100,10.0,"    ","P",497.217,
100,10.1,"    ","P",365.790,
100,10.2,"    ","P",131.427,
100,11.0,"    ","P",24.566,
100,12.0,"    ","P",1.000,
100,13.0,"    ","P",2.200,
100,13.1,"    ","P",1.750,
100,13.2,"    ","P",1.100,
100,14.0,"    ","P",0.452,
130,1,"06/26/2019  07:16:30","35345","P",,,1,1,0,
100,1.0,"    ","P",-0.542,
100,1.1,"    ","P",1.416,
100,1.2,"    ","P",-0.688,
100,1.3,"    ","P",0.002,
100,1.4,"    ","P",-0.654,
100,1.5,"    ","P",0.037,
100,1.6,"    ","P",-0.694,
100,1.7,"    ","P",-0.017,
100,1.8,"    ","P",-0.661,
100,1.9,"    ","P",0.010,
100,2.0,"    ","P",0.285,
100,3.0,"    ","P",1.645,
100,3.1,"    ","P",1.628,
100,3.2,"    ","P",1.692,
100,3.3,"    ","P",1.727,
100,3.4,"    ","P",2.867,
100,4.0,"    ","P",12.293,
100,4.1,"    ","P",558.986,
100,4.2,"    ","P",8.203,
100,4.3,"    ","P",4.090,
100,4.4,"    ","P",15.000,
100,5.0,"    ","P",381.412,
100,5.1,"    ","P",382.303,
100,5.2,"    ","P",5.256,
100,5.3,"    ","P",134.216,
100,6.0,"    ","P",18.772,
100,7.0,"    ","P",6.122,
100,7.1,"    ","P",1.115,
100,7.2,"    ","P",0.997,
100,7.3,"    ","P",0.188,
100,7.4,"    ","P",18.036,
100,8.0,"    ","P",107.347,
100,8.1,"    ","P",7.181,
100,8.2,"    ","P",2.136,
100,8.3,"    ","P",77.073,
100,8.4,"    ","P",0.017,
100,8.5,"    ","P",0.000,
100,9.0,"    ","P",6.119,
100,10.0,"    ","P",499.714,
100,10.1,"    ","P",365.790,
100,10.2,"    ","P",133.925,
100,11.0,"    ","P",24.843,
100,12.0,"    ","P",1.000,
100,13.0,"    ","P",2.201,
100,13.1,"    ","P",1.750,
100,13.2,"    ","P",1.100,
100,14.0,"    ","P",0.451,
130,1,"06/26/2019  07:16:31","35346","P",,,1,1,0,
100,1.0,"    ","P",-0.542,
100,1.1,"    ","P",1.394,
100,1.2,"    ","P",-0.689,
100,1.3,"    ","P",0.001,
100,1.4,"    ","P",-0.655,
100,1.5,"    ","P",0.043,
100,1.6,"    ","P",-0.693,
100,1.7,"    ","P",-0.005,
100,1.8,"    ","P",-0.661,
100,1.9,"    ","P",-0.028,
100,2.0,"    ","P",0.285,
100,3.0,"    ","P",1.632,
100,3.1,"    ","P",1.615,
100,3.2,"    ","P",1.679,
100,3.3,"    ","P",1.710,
100,3.4,"    ","P",2.868,
100,4.0,"    ","P",12.253,
100,4.1,"    ","P",549.613,
100,4.2,"    ","P",8.158,
100,4.3,"    ","P",4.095,
100,4.4,"    ","P",15.000,
100,5.0,"    ","P",376.624,
100,5.1,"    ","P",377.334,
100,5.2,"    ","P",5.376,
100,5.3,"    ","P",133.997,
100,6.0,"    ","P",19.093,
100,7.0,"    ","P",6.340,
100,7.1,"    ","P",1.109,
100,7.2,"    ","P",0.990,
100,7.3,"    ","P",0.202,
100,7.4,"    ","P",17.539,
100,8.0,"    ","P",104.815,
100,8.1,"    ","P",7.295,
100,8.2,"    ","P",2.246,
100,8.3,"    ","P",76.459,
100,8.4,"    ","P",0.032,
100,8.5,"    ","P",0.000,
100,9.0,"    ","P",6.140,
100,10.0,"    ","P",503.460,
100,10.1,"    ","P",368.599,
100,10.2,"    ","P",134.861,
100,11.0,"    ","P",24.642,
100,12.0,"    ","P",1.000,
100,13.0,"    ","P",2.211,
100,13.1,"    ","P",1.750,
100,13.2,"    ","P",1.100,
100,14.0,"    ","P",0.451,
130,1,"06/26/2019  07:16:33","35347","P",,,1,1,0,
100,1.0,"    ","P",-0.542,
100,1.1,"    ","P",1.425,
100,1.2,"    ","P",-0.678,
100,1.3,"    ","P",0.005,
100,1.4,"    ","P",-0.654,
100,1.5,"    ","P",0.046,
100,1.6,"    ","P",-0.697,
100,1.7,"    ","P",-0.023,
100,1.8,"    ","P",-0.660,
100,1.9,"    ","P",-0.012,
100,2.0,"    ","P",0.285,
100,3.0,"    ","P",1.621,
100,3.1,"    ","P",1.605,
100,3.2,"    ","P",1.668,
100,3.3,"    ","P",1.703,
100,3.4,"    ","P",2.829,
100,4.0,"    ","P",12.264,
100,4.1,"    ","P",549.613,
100,4.2,"    ","P",8.192,
100,4.3,"    ","P",4.071,
100,4.4,"    ","P",15.000,
100,5.0,"    ","P",366.611,
100,5.1,"    ","P",367.518,
100,5.2,"    ","P",5.428,
100,5.3,"    ","P",135.371,
100,6.0,"    ","P",18.382,
100,7.0,"    ","P",6.247,
100,7.1,"    ","P",1.102,
100,7.2,"    ","P",0.983,
100,7.3,"    ","P",0.181,
100,7.4,"    ","P",18.036,
100,8.0,"    ","P",108.984,
100,8.1,"    ","P",7.057,
100,8.2,"    ","P",2.119,
100,8.3,"    ","P",76.909,
100,8.4,"    ","P",0.001,
100,8.5,"    ","P",0.000,
100,9.0,"    ","P",6.149,
100,10.0,"    ","P",515.947,
100,10.1,"    ","P",367.038,
100,10.2,"    ","P",148.909,
100,11.0,"    ","P",24.734,
100,12.0,"    ","P",1.000,
100,13.0,"    ","P",2.170,
100,13.1,"    ","P",1.750,
100,13.2,"    ","P",1.100,
100,14.0,"    ","P",0.452,
130,1,"06/26/2019  07:16:34","35348","P",,,1,1,0,
100,1.0,"    ","P",-0.542,
100,1.1,"    ","P",1.409,
100,1.2,"    ","P",-0.679,
100,1.3,"    ","P",0.003,
100,1.4,"    ","P",-0.654,
100,1.5,"    ","P",0.028,
100,1.6,"    ","P",-0.696,
100,1.7,"    ","P",0.017,
100,1.8,"    ","P",-0.660,
100,1.9,"    ","P",-0.012,
100,2.0,"    ","P",0.285,
100,3.0,"    ","P",1.627,
100,3.1,"    ","P",1.610,
100,3.2,"    ","P",1.674,
100,3.3,"    ","P",1.707,
100,3.4,"    ","P",2.856,
100,4.0,"    ","P",12.303,
100,4.1,"    ","P",546.489,
100,4.2,"    ","P",8.213,
100,4.3,"    ","P",4.090,
100,4.4,"    ","P",15.000,
100,5.0,"    ","P",375.717,
100,5.1,"    ","P",376.587,
100,5.2,"    ","P",5.498,
100,5.3,"    ","P",135.683,
100,6.0,"    ","P",19.373,
100,7.0,"    ","P",6.215,
100,7.1,"    ","P",1.096,
100,7.2,"    ","P",0.975,
100,7.3,"    ","P",0.201,
100,7.4,"    ","P",17.727,
100,8.0,"    ","P",104.960,
100,8.1,"    ","P",7.368,
100,8.2,"    ","P",2.160,
100,8.3,"    ","P",77.328,
100,8.4,"    ","P",0.019,
100,8.5,"    ","P",0.000,
100,9.0,"    ","P",6.160,
100,10.0,"    ","P",508.767,
100,10.1,"    ","P",370.472,
100,10.2,"    ","P",138.295,
100,11.0,"    ","P",24.895,
100,12.0,"    ","P",1.000,
100,13.0,"    ","P",2.211,
100,13.1,"    ","P",1.750,
100,13.2,"    ","P",1.100,
100,14.0,"    ","P",0.450,
130,1,"06/26/2019  07:16:35","35349","P",,,1,1,0,
100,1.0,"    ","P",-0.542,
100,1.1,"    ","P",1.403,
100,1.2,"    ","P",-0.674,
100,1.3,"    ","P",0.006,
100,1.4,"    ","P",-0.654,
100,1.5,"    ","P",-0.010,
100,1.6,"    ","P",-0.694,
100,1.7,"    ","P",0.011,
100,1.8,"    ","P",-0.660,
100,1.9,"    ","P",0.013,
100,2.0,"    ","P",0.286,
100,3.0,"    ","P",1.628,
100,3.1,"    ","P",1.611,
100,3.2,"    ","P",1.674,
100,3.3,"    ","P",1.707,
100,3.4,"    ","P",2.811,
100,4.0,"    ","P",12.293,
100,4.1,"    ","P",549.613,
100,4.2,"    ","P",8.172,
100,4.3,"    ","P",4.121,
100,4.4,"    ","P",15.000,
100,5.0,"    ","P",381.443,
100,5.1,"    ","P",382.372,
100,5.2,"    ","P",5.233,
100,5.3,"    ","P",134.653,
100,6.0,"    ","P",18.558,
100,7.0,"    ","P",6.153,
100,7.1,"    ","P",1.122,
100,7.2,"    ","P",1.004,
100,7.3,"    ","P",0.184,
100,7.4,"    ","P",18.224,
100,8.0,"    ","P",108.279,
100,8.1,"    ","P",7.083,
100,8.2,"    ","P",2.154,
100,8.3,"    ","P",76.681,
100,8.4,"    ","P",0.009,
100,8.5,"    ","P",0.000,
100,9.0,"    ","P",6.134,
100,10.0,"    ","P",510.640,
100,10.1,"    ","P",375.779,
100,10.2,"    ","P",134.861,
100,11.0,"    ","P",24.705,
100,12.0,"    ","P",1.000,
100,13.0,"    ","P",2.210,
100,13.1,"    ","P",1.750,
100,13.2,"    ","P",1.100,
100,14.0,"    ","P",0.450,
130,1,"06/26/2019  07:16:37","35350","P",,,1,1,0,
100,1.0,"    ","P",-0.542,
100,1.1,"    ","P",1.384,
100,1.2,"    ","P",-0.676,
100,1.3,"    ","P",0.005,
100,1.4,"    ","P",-0.654,
100,1.5,"    ","P",-0.035,
100,1.6,"    ","P",-0.693,
100,1.7,"    ","P",0.011,
100,1.8,"    ","P",-0.660,
100,1.9,"    ","P",0.010,
100,2.0,"    ","P",0.286,
100,3.0,"    ","P",1.635,
100,3.1,"    ","P",1.618,
100,3.2,"    ","P",1.681,
100,3.3,"    ","P",1.712,
100,3.4,"    ","P",2.846,
100,4.0,"    ","P",12.253,
100,4.1,"    ","P",562.110,
100,4.2,"    ","P",8.173,
100,4.3,"    ","P",4.080,
100,4.4,"    ","P",15.000,
100,5.0,"    ","P",380.066,
100,5.1,"    ","P",381.137,
100,5.2,"    ","P",5.560,
100,5.3,"    ","P",134.247,
100,6.0,"    ","P",19.127,
100,7.0,"    ","P",6.278,
100,7.1,"    ","P",1.115,
100,7.2,"    ","P",0.998,
100,7.3,"    ","P",0.197,
100,7.4,"    ","P",17.436,
100,8.0,"    ","P",105.597,
100,8.1,"    ","P",7.252,
100,8.2,"    ","P",2.220,
100,8.3,"    ","P",76.565,
100,8.4,"    ","P",0.012,
100,8.5,"    ","P",0.000,
100,9.0,"    ","P",6.130,
100,10.0,"    ","P",508.455,
100,10.1,"    ","P",369.224,
100,10.2,"    ","P",139.232,
100,11.0,"    ","P",24.712,
100,12.0,"    ","P",1.000,
100,13.0,"    ","P",2.196,
100,13.1,"    ","P",1.750,
100,13.2,"    ","P",1.100,
100,14.0,"    ","P",0.450,
130,1,"06/26/2019  07:16:38","35351","P",,,1,1,0,
100,1.0,"    ","P",-0.542,
100,1.1,"    ","P",1.431,
100,1.2,"    ","P",-0.677,
100,1.3,"    ","P",0.005,
100,1.4,"    ","P",-0.654,
100,1.5,"    ","P",0.028,
100,1.6,"    ","P",-0.696,
100,1.7,"    ","P",-0.030,
100,1.8,"    ","P",-0.660,
100,1.9,"    ","P",0.007,
100,2.0,"    ","P",0.286,
100,3.0,"    ","P",1.616,
100,3.1,"    ","P",1.600,
100,3.2,"    ","P",1.663,
100,3.3,"    ","P",1.694,
100,3.4,"    ","P",2.847,
100,4.0,"    ","P",12.254,
100,4.1,"    ","P",533.991,
100,4.2,"    ","P",8.192,
100,4.3,"    ","P",4.062,
100,4.4,"    ","P",15.000,
100,5.0,"    ","P",379.253,
100,5.1,"    ","P",380.277,
100,5.2,"    ","P",5.387,
100,5.3,"    ","P",133.560,
100,6.0,"    ","P",18.867,
100,7.0,"    ","P",6.247,
100,7.1,"    ","P",1.101,
100,7.2,"    ","P",0.984,
100,7.3,"    ","P",0.194,
100,7.4,"    ","P",17.642,
100,8.0,"    ","P",106.284,
100,8.1,"    ","P",7.203,
100,8.2,"    ","P",2.206,
100,8.3,"    ","P",76.553,
100,8.4,"    ","P",0.018,
100,8.5,"    ","P",0.000,
100,9.0,"    ","P",6.140,
100,10.0,"    ","P",500.651,
100,10.1,"    ","P",371.409,
100,10.2,"    ","P",129.242,
100,11.0,"    ","P",24.833,
100,12.0,"    ","P",1.000,
100,13.0,"    ","P",2.194,
100,13.1,"    ","P",1.750,
100,13.2,"    ","P",1.100,
100,14.0,"    ","P",0.452,
130,1,"06/26/2019  07:16:40","35352","P",,,1,1,0,
100,1.0,"    ","P",-0.542,
100,1.1,"    ","P",1.425,
100,1.2,"    ","P",-0.675,
100,1.3,"    ","P",0.005,
100,1.4,"    ","P",-0.654,
100,1.5,"    ","P",0.031,
100,1.6,"    ","P",-0.696,
100,1.7,"    ","P",0.002,
100,1.8,"    ","P",-0.660,
100,1.9,"    ","P",0.010,
100,2.0,"    ","P",0.286,
100,3.0,"    ","P",1.654,
100,3.1,"    ","P",1.638,
100,3.2,"    ","P",1.699,
100,3.3,"    ","P",1.732,
100,3.4,"    ","P",2.828,
100,4.0,"    ","P",12.363,
100,4.1,"    ","P",562.110,
100,4.2,"    ","P",8.253,
100,4.3,"    ","P",4.110,
100,4.4,"    ","P",15.000,
100,5.0,"    ","P",379.378,
100,5.1,"    ","P",380.183,
100,5.2,"    ","P",5.561,
100,5.3,"    ","P",134.028,
100,6.0,"    ","P",18.643,
100,7.0,"    ","P",6.497,
100,7.1,"    ","P",1.099,
100,7.2,"    ","P",0.982,
100,7.3,"    ","P",0.189,
100,7.4,"    ","P",17.436,
100,8.0,"    ","P",107.377,
100,8.1,"    ","P",7.134,
100,8.2,"    ","P",2.181,
100,8.3,"    ","P",76.586,
100,8.4,"    ","P",0.012,
100,8.5,"    ","P",0.000,
100,9.0,"    ","P",6.160,
100,10.0,"    ","P",515.635,
100,10.1,"    ","P",380.150,
100,10.2,"    ","P",135.485,
100,11.0,"    ","P",24.998,
100,12.0,"    ","P",1.000,
100,13.0,"    ","P",2.189,
100,13.1,"    ","P",1.750,
100,13.2,"    ","P",1.100,
100,14.0,"    ","P",0.451,
130,1,"06/26/2019  07:16:41","35353","P",,,1,1,0,
100,1.0,"    ","P",-0.542,
100,1.1,"    ","P",1.431,
100,1.2,"    ","P",-0.679,
100,1.3,"    ","P",0.001,
100,1.4,"    ","P",-0.654,
100,1.5,"    ","P",0.015,
100,1.6,"    ","P",-0.697,
100,1.7,"    ","P",-0.045,
100,1.8,"    ","P",-0.660,
100,1.9,"    ","P",0.013,
100,2.0,"    ","P",0.286,
100,3.0,"    ","P",1.616,
100,3.1,"    ","P",1.598,
100,3.2,"    ","P",1.662,
100,3.3,"    ","P",1.699,
100,3.4,"    ","P",2.888,
100,4.0,"    ","P",12.374,
100,4.1,"    ","P",540.240,
100,4.2,"    ","P",8.225,
100,4.3,"    ","P",4.149,
100,4.4,"    ","P",15.000,
100,5.0,"    ","P",369.271,
100,5.1,"    ","P",370.085,
100,5.2,"    ","P",5.359,
100,5.3,"    ","P",133.591,
100,6.0,"    ","P",18.795,
100,7.0,"    ","P",6.309,
100,7.1,"    ","P",1.095,
100,7.2,"    ","P",0.978,
100,7.3,"    ","P",0.191,
100,7.4,"    ","P",17.642,
100,8.0,"    ","P",107.121,
100,8.1,"    ","P",7.160,
100,8.2,"    ","P",2.177,
100,8.3,"    ","P",76.688,
100,8.4,"    ","P",0.010,
100,8.5,"    ","P",0.000,
100,9.0,"    ","P",6.169,
100,10.0,"    ","P",503.148,
100,10.1,"    ","P",376.716,
100,10.2,"    ","P",126.432,
100,11.0,"    ","P",24.948,
100,12.0,"    ","P",1.000,
100,13.0,"    ","P",2.190,
100,13.1,"    ","P",1.750,
100,13.2,"    ","P",1.100,
100,14.0,"    ","P",0.449,
130,1,"06/26/2019  07:16:42","35354","P",,,1,1,0,
100,1.0,"    ","P",-0.536,
100,1.1,"    ","P",1.369,
100,1.2,"    ","P",-0.674,
100,1.3,"    ","P",0.014,
100,1.4,"    ","P",-0.649,
100,1.5,"    ","P",-0.004,
100,1.6,"    ","P",-0.694,
100,1.7,"    ","P",-0.005,
100,1.8,"    ","P",-0.655,
100,1.9,"    ","P",0.019,
100,2.0,"    ","P",0.312,
100,3.0,"    ","P",1.634,
100,3.1,"    ","P",1.617,
100,3.2,"    ","P",1.679,
100,3.3,"    ","P",1.713,
100,3.4,"    ","P",2.858,
100,4.0,"    ","P",12.263,
100,4.1,"    ","P",552.737,
100,4.2,"    ","P",8.162,
100,4.3,"    ","P",4.101,
100,4.4,"    ","P",15.000,
100,5.0,"    ","P",379.315,
100,5.1,"    ","P",380.383,
100,5.2,"    ","P",5.230,
100,5.3,"    ","P",133.560,
100,6.0,"    ","P",18.568,
100,7.0,"    ","P",6.403,
100,7.1,"    ","P",1.075,
100,7.2,"    ","P",0.958,
100,7.3,"    ","P",0.186,
100,7.4,"    ","P",17.727,
100,8.0,"    ","P",108.513,
100,8.1,"    ","P",7.065,
100,8.2,"    ","P",2.151,
100,8.3,"    ","P",76.664,
100,8.4,"    ","P",0.018,
100,8.5,"    ","P",0.000,
100,9.0,"    ","P",6.109,
100,10.0,"    ","P",499.402,
100,10.1,"    ","P",361.731,
100,10.2,"    ","P",137.671,
100,11.0,"    ","P",24.783,
100,12.0,"    ","P",1.000,
100,13.0,"    ","P",2.186,
100,13.1,"    ","P",1.750,
100,13.2,"    ","P",1.100,
100,14.0,"    ","P",0.465,
130,1,"06/26/2019  07:17:23","35355","P",,,1,1,0,
999,
50,1,"P",43,"PASS",
50,5,"F",0,"Continuity",
50,6,"F",0,"IDSS",
50,7,"F",0,"IOP",
50,8,"F",0,"UVLO",
50,9,"F",0,"IFB",
50,10,"F",0,"TSS",
50,11,"F",2,"VStr",
50,12,"F",1,"FOSC",
50,13,"F",0,"VSD",
50,14,"F",0,"BURST",
50,15,"F",0,"VOVP",
50,16,"F",0,"AR",
50,17,"F",0,"ILIMIT",
50,18,"F",0,"IDSS1",
50,19,"F",0,"",
50,20,"F",0,"",
50,21,"F",0,"",
50,22,"F",0,"",
50,23,"F",0,"",
50,24,"F",0,"",
50,25,"F",0,"",
50,32,"A",0,"Alarm Bin",
60,1,"P",43,"PASS",
60,3,"F",0,"Continuity",
60,4,"F",3,"IDSS",
2,1.-1,"Continuity",46,0,
1,1.0,"OS_VCC",46,0,
1,1.1,"ICCLKG",46,0,
1,1.2,"OS_DRAIN",46,0,
1,1.3,"IDLKG",46,0,
1,1.4,"OS_VFB",46,0,
1,1.5,"IFBLKG",46,0,
1,1.6,"OS_VSTR",46,0,
1,1.7,"ISTRLKG",46,0,
1,1.8,"OS_RLIM",46,0,
1,1.9,"IRLLKG",46,0,
2,2.-1,"IDSS",46,0,
1,2.0,"IDSS",46,0,
2,3.-1,"Vcc_Current",46,0,
1,3.0,"IOP",46,0,
1,3.1,"IOPMIN",46,0,
1,3.2,"IOPMAX26",46,0,
1,3.3,"IOPMAX30",46,0,
1,3.4,"IOPSW",46,0,
2,4.-1,"UVLO",46,0,
1,4.0,"VSTART",46,0,
1,4.1,"ISTART",46,0,
1,4.2,"VSTOP",46,0,
1,4.3,"UVLO_HYS",46,0,
1,4.4,"DIVSTOP",46,0,
2,5.-1,"Vfb_Current",46,0,
1,5.0,"IFB",46,0,
1,5.1,"IPK",46,0,
1,5.2,"IDELAY",46,0,
1,5.3,"VFBOFF",46,0,
2,6.-1,"TSS",46,0,
1,6.0,"TSS",46,0,
2,7.-1,"Start_Current",44,2,
1,7.0,"IJLKG",44,2,
1,7.1,"ICH",44,0,
1,7.2,"ISTRVCC",44,0,
1,7.3,"ISTD",44,0,
1,7.4,"VSTR",44,0,
2,8.-1,"FOSC",43,1,
1,8.0,"FSS",43,1,
1,8.1,"TON_MAX",43,0,
1,8.2,"TOFF_MAX",43,0,
1,8.3,"DMAX",43,0,
1,8.4,"Fstable",43,0,
1,8.5,"Dmin",43,0,
2,9.-1,"VSD",43,0,
1,9.0,"VSD",43,0,
2,10.-1,"Burst_Thershold",43,0,
1,10.0,"VBURH",43,0,
1,10.1,"VBURL",43,0,
1,10.2,"Burst_Hys",43,0,
2,11.-1,"VOVP",43,0,
1,11.0,"VOVP",43,0,
2,12.-1,"AR",43,0,
1,12.0,"AR",43,0,
2,13.-1,"ILIMIT",43,0,
1,13.0,"ILIM",43,0,
1,13.1,"SILIM1",43,0,
1,13.2,"SILIM2",43,0,
2,14.-1,"IDSS1",43,0,
1,14.0,"IDSS1",43,0,
3, 46, 43, 633737, 317199, 0,
250,1,1,43,
250,1,5,0,
250,1,6,0,
250,1,7,0,
250,1,8,0,
250,1,9,0,
250,1,10,0,
250,1,11,2,
250,1,12,1,
250,1,13,0,
250,1,14,0,
250,1,15,0,
250,1,16,0,
250,1,17,0,
250,1,18,0,
250,1,19,0,
250,1,20,0,
250,1,21,0,
250,1,22,0,
250,1,23,0,
250,1,24,0,
250,1,25,0,
250,1,32,0,
260,1,1,43,
260,1,3,0,
260,1,4,3,
202,1,1.-1,46,0,
201,1,1.0,46,0,
201,1,1.1,46,0,
201,1,1.2,46,0,
201,1,1.3,46,0,
201,1,1.4,46,0,
201,1,1.5,46,0,
201,1,1.6,46,0,
201,1,1.7,46,0,
201,1,1.8,46,0,
201,1,1.9,46,0,
202,1,2.-1,46,0,
201,1,2.0,46,0,
202,1,3.-1,46,0,
201,1,3.0,46,0,
201,1,3.1,46,0,
201,1,3.2,46,0,
201,1,3.3,46,0,
201,1,3.4,46,0,
202,1,4.-1,46,0,
201,1,4.0,46,0,
201,1,4.1,46,0,
201,1,4.2,46,0,
201,1,4.3,46,0,
201,1,4.4,46,0,
202,1,5.-1,46,0,
201,1,5.0,46,0,
201,1,5.1,46,0,
201,1,5.2,46,0,
201,1,5.3,46,0,
202,1,6.-1,46,0,
201,1,6.0,46,0,
202,1,7.-1,44,2,
201,1,7.0,44,2,
201,1,7.1,44,0,
201,1,7.2,44,0,
201,1,7.3,44,0,
201,1,7.4,44,0,
202,1,8.-1,43,1,
201,1,8.0,43,1,
201,1,8.1,43,0,
201,1,8.2,43,0,
201,1,8.3,43,0,
201,1,8.4,43,0,
201,1,8.5,43,0,
202,1,9.-1,43,0,
201,1,9.0,43,0,
202,1,10.-1,43,0,
201,1,10.0,43,0,
201,1,10.1,43,0,
201,1,10.2,43,0,
202,1,11.-1,43,0,
201,1,11.0,43,0,
202,1,12.-1,43,0,
201,1,12.0,43,0,
202,1,13.-1,43,0,
201,1,13.0,43,0,
201,1,13.1,43,0,
201,1,13.2,43,0,
202,1,14.-1,43,0,
201,1,14.0,43,0,
203,1,46,43,0,
250,2,1,0,
250,2,5,0,
250,2,6,0,
250,2,7,0,
250,2,8,0,
250,2,9,0,
250,2,10,0,
250,2,11,0,
250,2,12,0,
250,2,13,0,
250,2,14,0,
250,2,15,0,
250,2,16,0,
250,2,17,0,
250,2,18,0,
250,2,19,0,
250,2,20,0,
250,2,21,0,
250,2,22,0,
250,2,23,0,
250,2,24,0,
250,2,25,0,
250,2,32,0,
260,2,1,0,
260,2,3,0,
260,2,4,0,
202,2,1.-1,0,0,
202,2,2.-1,0,0,
202,2,3.-1,0,0,
202,2,4.-1,0,0,
202,2,5.-1,0,0,
202,2,6.-1,0,0,
202,2,7.-1,0,0,
202,2,8.-1,0,0,
202,2,9.-1,0,0,
202,2,10.-1,0,0,
202,2,11.-1,0,0,
202,2,12.-1,0,0,
202,2,13.-1,0,0,
202,2,14.-1,0,0,
203,2,0,0,0,
300,-1,1.0,46,-0.542,0.001,-0.542,-0.536,
301,-1,1.0,27,25,22,46,
300,-1,1.1,46,1.409,0.021,1.369,1.450,
301,-1,1.1,27,25,15,44,16,2,
300,-1,1.2,46,-0.682,0.005,-0.689,-0.674,
301,-1,1.2,27,25,21,46,
300,-1,1.3,46,0.005,0.005,-0.001,0.020,
301,-1,1.3,27,25,8,46,
300,-1,1.4,46,-0.654,0.001,-0.655,-0.649,
301,-1,1.4,27,25,21,46,
300,-1,1.5,46,0.024,0.021,-0.035,0.059,
301,-1,1.5,27,25,8,46,
300,-1,1.6,46,-0.695,0.002,-0.700,-0.693,
301,-1,1.6,27,25,21,46,
300,-1,1.7,46,0.001,0.019,-0.045,0.052,
301,-1,1.7,27,25,8,46,
300,-1,1.8,46,-0.660,0.001,-0.661,-0.655,
301,-1,1.8,27,25,21,46,
300,-1,1.9,46,0.006,0.022,-0.056,0.044,
301,-1,1.9,27,25,8,46,
300,-1,2.0,46,0.289,0.010,0.284,0.322,
301,-1,2.0,27,25,16,46,
300,-1,3.0,46,1.631,0.015,1.604,1.677,
301,-1,3.0,27,25,11,11,12,33,13,2,
300,-1,3.1,46,1.614,0.015,1.587,1.661,
301,-1,3.1,27,25,11,34,12,12,
300,-1,3.2,46,1.677,0.015,1.650,1.723,
301,-1,3.2,27,25,12,10,13,34,14,2,
300,-1,3.3,46,1.711,0.015,1.683,1.757,
301,-1,3.3,27,25,13,29,14,17,
300,-1,3.4,46,2.867,0.027,2.811,2.926,
301,-1,3.4,27,25,16,5,17,41,
300,-1,4.0,46,12.282,0.054,12.183,12.390,
301,-1,4.0,27,25,15,10,16,27,17,9,
300,-1,4.1,46,547.372,9.166,527.743,568.359,
301,-1,4.1,27,25,15,5,16,20,17,20,18,1,
300,-1,4.2,46,8.191,0.035,8.113,8.272,
301,-1,4.2,27,25,14,4,15,38,16,4,
300,-1,4.3,46,4.092,0.029,4.041,4.156,
301,-1,4.3,27,25,13,28,14,18,
300,-1,4.4,46,15.000,0.000,15.000,15.000,
301,-1,4.4,27,25,13,46,
300,-1,5.0,46,380.006,7.150,366.611,406.445,
301,-1,5.0,27,25,9,5,10,25,11,12,12,2,13,1,14,1,
300,-1,5.1,46,380.896,7.133,367.518,407.082,
301,-1,5.1,27,25,9,4,10,22,11,16,12,2,13,1,14,1,
300,-1,5.2,46,5.388,0.141,5.044,5.802,
301,-1,5.2,27,25,13,1,14,2,15,14,16,20,17,7,18,1,19,1,
300,-1,5.3,46,134.087,0.871,132.374,136.994,
301,-1,5.3,27,25,16,46,
300,-1,6.0,46,18.787,0.266,18.362,19.399,
301,-1,6.0,27,25,10,4,11,18,12,16,13,8,
300,-1,7.0,44,6.229,0.156,5.840,6.497,
301,-1,7.0,27,25,7,44,26,2,
300,-1,7.1,46,1.105,0.024,1.065,1.146,
301,-1,7.1,27,25,11,7,12,6,13,10,14,15,15,8,
300,-1,7.2,46,0.988,0.025,0.942,1.030,
301,-1,7.2,27,25,9,7,10,6,11,11,12,16,13,6,
300,-1,7.3,46,0.198,0.032,0.180,0.356,
301,-1,7.3,27,25,3,46,
300,-1,7.4,46,17.805,0.260,17.419,18.242,
301,-1,7.4,27,25,9,27,10,19,
300,-1,8.0,44,106.995,1.380,104.414,109.688,
301,-1,8.0,27,25,18,5,19,8,20,10,21,11,22,7,23,3,
300,-1,8.1,44,7.155,0.095,6.982,7.368,
301,-1,8.1,27,25,5,1,6,9,7,17,8,11,9,5,10,1,
300,-1,8.2,44,2.193,0.041,2.113,2.264,
301,-1,8.2,27,25,10,4,11,17,12,23,
300,-1,8.3,44,76.539,0.300,76.091,77.328,
301,-1,8.3,27,25,11,3,12,30,13,10,14,1,
300,-1,8.4,44,0.017,0.005,0.001,0.032,
301,-1,8.4,27,25,3,44,
300,-1,8.5,44,0.000,0.000,0.000,0.000,
301,-1,8.5,27,25,13,44,
300,-1,9.0,43,6.129,0.021,6.079,6.169,
301,-1,9.0,27,25,15,13,16,29,17,1,
300,-1,10.0,43,505.994,6.133,495.031,518.133,
301,-1,10.0,27,25,12,1,13,21,14,14,15,7,
300,-1,10.1,43,371.844,7.818,358.922,403.875,
301,-1,10.1,27,25,14,6,15,18,16,17,17,1,19,1,
300,-1,10.2,43,134.150,7.280,104.892,148.909,
301,-1,10.2,27,25,8,1,10,3,11,22,12,16,13,1,
300,-1,11.0,43,24.787,0.134,24.512,25.154,
301,-1,11.0,27,25,17,5,18,18,19,11,20,8,21,1,
300,-1,12.0,43,1.000,0.000,1.000,1.000,
301,-1,12.0,27,25,23,43,
300,-1,13.0,43,2.199,0.012,2.170,2.224,
301,-1,13.0,27,25,14,6,15,29,16,8,
300,-1,13.1,43,1.750,0.000,1.750,1.750,
301,-1,13.1,27,25,14,43,
300,-1,13.2,43,1.100,-1.#IO,1.100,1.100,
301,-1,13.2,27,25,14,43,
300,-1,14.0,43,0.452,0.002,0.449,0.465,
301,-1,14.0,27,25,17,7,18,36,
300,1,1.0,46,-0.542,0.001,-0.542,-0.536,
301,1,1.0,27,25,22,46,
300,1,1.1,46,1.409,0.021,1.369,1.450,
301,1,1.1,27,25,15,44,16,2,
300,1,1.2,46,-0.682,0.005,-0.689,-0.674,
301,1,1.2,27,25,21,46,
300,1,1.3,46,0.005,0.005,-0.001,0.020,
301,1,1.3,27,25,8,46,
300,1,1.4,46,-0.654,0.001,-0.655,-0.649,
301,1,1.4,27,25,21,46,
300,1,1.5,46,0.024,0.021,-0.035,0.059,
301,1,1.5,27,25,8,46,
300,1,1.6,46,-0.695,0.002,-0.700,-0.693,
301,1,1.6,27,25,21,46,
300,1,1.7,46,0.001,0.019,-0.045,0.052,
301,1,1.7,27,25,8,46,
300,1,1.8,46,-0.660,0.001,-0.661,-0.655,
301,1,1.8,27,25,21,46,
300,1,1.9,46,0.006,0.022,-0.056,0.044,
301,1,1.9,27,25,8,46,
300,1,2.0,46,0.289,0.010,0.284,0.322,
301,1,2.0,27,25,16,46,
300,1,3.0,46,1.631,0.015,1.604,1.677,
301,1,3.0,27,25,11,11,12,33,13,2,
300,1,3.1,46,1.614,0.015,1.587,1.661,
301,1,3.1,27,25,11,34,12,12,
300,1,3.2,46,1.677,0.015,1.650,1.723,
301,1,3.2,27,25,12,10,13,34,14,2,
300,1,3.3,46,1.711,0.015,1.683,1.757,
301,1,3.3,27,25,13,29,14,17,
300,1,3.4,46,2.867,0.027,2.811,2.926,
301,1,3.4,27,25,16,5,17,41,
300,1,4.0,46,12.282,0.054,12.183,12.390,
301,1,4.0,27,25,15,10,16,27,17,9,
300,1,4.1,46,547.372,9.166,527.743,568.359,
301,1,4.1,27,25,15,5,16,20,17,20,18,1,
300,1,4.2,46,8.191,0.035,8.113,8.272,
301,1,4.2,27,25,14,4,15,38,16,4,
300,1,4.3,46,4.092,0.029,4.041,4.156,
301,1,4.3,27,25,13,28,14,18,
300,1,4.4,46,15.000,0.000,15.000,15.000,
301,1,4.4,27,25,13,46,
300,1,5.0,46,380.006,7.150,366.611,406.445,
301,1,5.0,27,25,9,5,10,25,11,12,12,2,13,1,14,1,
300,1,5.1,46,380.896,7.133,367.518,407.082,
301,1,5.1,27,25,9,4,10,22,11,16,12,2,13,1,14,1,
300,1,5.2,46,5.388,0.141,5.044,5.802,
301,1,5.2,27,25,13,1,14,2,15,14,16,20,17,7,18,1,19,1,
300,1,5.3,46,134.087,0.871,132.374,136.994,
301,1,5.3,27,25,16,46,
300,1,6.0,46,18.787,0.266,18.362,19.399,
301,1,6.0,27,25,10,4,11,18,12,16,13,8,
300,1,7.0,44,6.229,0.156,5.840,6.497,
301,1,7.0,27,25,7,44,26,2,
300,1,7.1,46,1.105,0.024,1.065,1.146,
301,1,7.1,27,25,11,7,12,6,13,10,14,15,15,8,
300,1,7.2,46,0.988,0.025,0.942,1.030,
301,1,7.2,27,25,9,7,10,6,11,11,12,16,13,6,
300,1,7.3,46,0.198,0.032,0.180,0.356,
301,1,7.3,27,25,3,46,
300,1,7.4,46,17.805,0.260,17.419,18.242,
301,1,7.4,27,25,9,27,10,19,
300,1,8.0,44,106.995,1.380,104.414,109.688,
301,1,8.0,27,25,18,5,19,8,20,10,21,11,22,7,23,3,
300,1,8.1,44,7.155,0.095,6.982,7.368,
301,1,8.1,27,25,5,1,6,9,7,17,8,11,9,5,10,1,
300,1,8.2,44,2.193,0.041,2.113,2.264,
301,1,8.2,27,25,10,4,11,17,12,23,
300,1,8.3,44,76.539,0.300,76.091,77.328,
301,1,8.3,27,25,11,3,12,30,13,10,14,1,
300,1,8.4,44,0.017,0.005,0.001,0.032,
301,1,8.4,27,25,3,44,
300,1,8.5,44,0.000,0.000,0.000,0.000,
301,1,8.5,27,25,13,44,
300,1,9.0,43,6.129,0.021,6.079,6.169,
301,1,9.0,27,25,15,13,16,29,17,1,
300,1,10.0,43,505.994,6.133,495.031,518.133,
301,1,10.0,27,25,12,1,13,21,14,14,15,7,
300,1,10.1,43,371.844,7.818,358.922,403.875,
301,1,10.1,27,25,14,6,15,18,16,17,17,1,19,1,
300,1,10.2,43,134.150,7.280,104.892,148.909,
301,1,10.2,27,25,8,1,10,3,11,22,12,16,13,1,
300,1,11.0,43,24.787,0.134,24.512,25.154,
301,1,11.0,27,25,17,5,18,18,19,11,20,8,21,1,
300,1,12.0,43,1.000,0.000,1.000,1.000,
301,1,12.0,27,25,23,43,
300,1,13.0,43,2.199,0.012,2.170,2.224,
301,1,13.0,27,25,14,6,15,29,16,8,
300,1,13.1,43,1.750,0.000,1.750,1.750,
301,1,13.1,27,25,14,43,
300,1,13.2,43,1.100,-1.#IO,1.100,1.100,
301,1,13.2,27,25,14,43,
300,1,14.0,43,0.452,0.002,0.449,0.465,
301,1,14.0,27,25,17,7,18,36,
30,"06/26/2019  07:15:42","06/26/2019  07:17:23",
