120,1,"ETS364B",2,8,"CUJ250014_R25_R1","1","DINO","FSC1-ETS364","2011A [2011.1.2.21]","2.04",
125,P,"","","","LoadBoard:,5",
140,1,"c:\ETS\WORK\FSL116LR_01_ATEC.DLL","FSL116LR_01_ATEC","1.0","05/17/2009","06/26/2019",
140,2,"c:\ETS\WORK\FSL116LR_01_ATEC.pds","FSL116LR_01_ATEC","3.00","05/17/2009","08/01/2013",
140,3,"c:\ETS\WORK\FSL116LR_01_ATEC.evd","<not available>","1.0","05/17/2009","08/14/2009",
140,4,"FSL116LR_01_ATEC","FPSÄATEC","1.0","05/17/2009","06/26/2019",
145,"WARNING: Detected Boards using Default Calibration",
10,1.0,3,-0.400,-3.000,"V","OS_VCC",
10,1.1,3,2.900,-1.000,"UA","ICCLKG",
10,1.2,3,-0.400,-3.000,"V","OS_DRAIN",
10,1.3,3,2.900,-1.000,"UA","IDLKG",
10,1.4,3,-0.400,-3.000,"V","OS_VFB",
10,1.5,3,2.900,-1.000,"UA","IFBLKG",
10,1.6,3,-0.400,-3.000,"V","OS_VSTR",
10,1.7,3,2.900,-1.000,"UA","ISTRLKG",
10,1.8,3,-0.400,-3.000,"V","OS_RLIM",
10,1.9,3,2.900,-1.000,"UA","IRLLKG",
10,2.0,3,1.000,-1.000,"uA","IDSS",
10,3.0,3,2.470,1.140,"mA","IOP",
10,3.1,3,2.470,1.140,"mA","IOPMIN",
10,3.2,3,2.470,1.140,"mA","IOPMAX26",
10,3.3,3,2.470,1.140,"mA","IOPMAX30",
10,3.4,3,3.450,1.550,"mA","IOPSW",
10,4.0,3,12.950,11.050,"V","VSTART",
10,4.1,3,640.000,360.000,"uA","ISTART",
10,4.2,3,8.950,7.050,"V","VSTOP",
10,4.3,3,5.900,2.100,"V","UVLO_HYS",
10,4.4,3,28.000,-1.000,"uA","DIVSTOP",
10,5.0,3,476.000,324.000,"uA","IFB",
10,5.1,3,476.000,324.000,"uA","IPK",
10,5.2,3,6.425,3.575,"uA","IDELAY",
10,5.3,3,195.000,20.000,"mV","VFBOFF",
10,6.0,3,24.750,15.250,"mS","TSS",
10,7.0,3,100.000,-20.000,"nA","IJLKG",
10,7.1,3,1.290,0.910,"mA","ICH",
10,7.2,3,1.290,0.810,"mA","ISTRVCC",
10,7.3,3,19.500,0.000,"uA","ISTD",
10,7.4,3,26.000,14.000,"V","VSTR",
10,8.0,3,54.000,46.000,"KHz","FSS",
10,8.1,3,18.350,12.450,"uS","TON_MAX",
10,8.2,3,5.950,3.250,"uS","TOFF_MAX",
10,8.3,3,82.700,71.300,"%","DMAX",
10,8.4,3,2.850,0.000,"%","Fstable",
10,8.5,3,1.000,-1.000,"%","Dmin",
10,9.0,3,6.475,5.525,"V","VSD",
10,10.0,3,710.000,490.000,"mV","VBURH",
10,10.1,3,570.000,330.000,"mV","VBURL",
10,10.2,3,240.000,60.000,"mV","Burst_Hys",
10,11.0,3,25.425,22.575,"V","VOVP",
10,12.0,3,1.000,0.000,"","AR",
10,13.0,3,1.330,1.070,"A","ILIM",
10,13.1,3,1.090,0.830,"A","SILIM1",
10,13.2,3,0.730,0.470,"A","SILIM2",
10,14.0,3,1.000,-1.000,"uA","IDSS1",
100,1.0,"    ","P",-0.546,
100,1.1,"    ","P",1.382,
100,1.2,"    ","P",-0.712,
100,1.3,"    ","P",0.017,
100,1.4,"    ","P",-0.660,
100,1.5,"    ","P",0.010,
100,1.6,"    ","P",-0.693,
100,1.7,"    ","P",1.743,
100,1.8,"    ","P",-0.663,
100,1.9,"    ","P",0.039,
100,2.0,"    ","P",0.388,
100,3.0,"    ","P",1.648,
100,3.1,"    ","P",1.630,
100,3.2,"    ","P",1.694,
100,3.3,"    ","P",1.728,
100,3.4,"    ","P",2.356,
100,4.0,"    ","P",12.223,
100,4.1,"    ","P",531.779,
100,4.2,"    ","P",8.172,
100,4.3,"    ","P",4.051,
100,4.4,"    ","P",6.707,
100,5.0,"    ","P",405.199,
100,5.1,"    ","P",403.579,
100,5.2,"    ","P",5.399,
100,5.3,"    ","P",134.771,
100,6.0,"    ","P",20.254,
100,7.0,"FAIL","F",1.026e+004,
100,7.1,"FAIL","F",10.251,
100,7.2,"FAIL","F",10.259,
100,7.3,"FAIL","F",99.892,
100,7.4,"FAIL","F",13.065,
130,1,"06/27/2019  01:01:16","0","F",,,11,4,0,
100,1.0,"    ","P",-0.545,
100,1.1,"    ","P",1.423,
100,1.2,"    ","P",-0.711,
100,1.3,"    ","P",0.018,
100,1.4,"    ","P",-0.660,
100,1.5,"    ","P",0.010,
100,1.6,"    ","P",-0.665,
100,1.7,"FAIL","F",6.274,
100,1.8,"    ","P",-0.663,
100,1.9,"    ","P",-0.002,
130,1,"06/27/2019  01:01:17","0","F",,,5,3,0,
100,1.0,"    ","P",-0.545,
100,1.1,"    ","P",1.385,
100,1.2,"    ","P",-0.708,
100,1.3,"    ","P",1.020,
100,1.4,"    ","P",-0.660,
100,1.5,"    ","P",0.006,
100,1.6,"    ","P",-0.698,
100,1.7,"    ","P",0.008,
100,1.8,"    ","P",-0.663,
100,1.9,"    ","P",-0.018,
100,2.0,"FAIL","F",102.474,
130,1,"06/27/2019  01:01:18","0","F",,,6,4,0,
100,1.0,"    ","P",-0.545,
100,1.1,"    ","P",1.407,
100,1.2,"    ","P",-0.711,
100,1.3,"    ","P",0.016,
100,1.4,"    ","P",-0.660,
100,1.5,"    ","P",-0.003,
100,1.6,"    ","P",-0.695,
100,1.7,"    ","P",0.036,
100,1.8,"    ","P",-0.663,
100,1.9,"    ","P",0.036,
100,2.0,"FAIL","F",26.697,
130,1,"06/27/2019  01:01:19","0","F",,,6,4,0,
100,1.0,"    ","P",-0.544,
100,1.1,"    ","P",1.420,
100,1.2,"    ","P",-0.710,
100,1.3,"    ","P",-0.017,
100,1.4,"    ","P",-0.660,
100,1.5,"    ","P",-0.003,
100,1.6,"    ","P",-0.698,
100,1.7,"    ","P",0.023,
100,1.8,"    ","P",-0.663,
100,1.9,"    ","P",0.001,
100,2.0,"    ","P",0.303,
100,3.0,"    ","P",2.003,
100,3.1,"    ","P",1.788,
100,3.2,"FAIL","F",2.955,
100,3.3,"FAIL","F",3.267,
100,3.4,"    ","P",2.771,
130,1,"06/27/2019  01:01:20","0","F",,,7,4,0,
100,1.0,"    ","P",-0.546,
100,1.1,"    ","P",1.426,
100,1.2,"    ","P",-0.709,
100,1.3,"    ","P",0.012,
100,1.4,"    ","P",-0.659,
100,1.5,"    ","P",-0.009,
100,1.6,"    ","P",-0.697,
100,1.7,"    ","P",0.023,
100,1.8,"    ","P",-0.663,
100,1.9,"    ","P",0.001,
100,2.0,"FAIL","F",102.476,
130,1,"06/27/2019  01:01:21","0","F",,,6,4,0,
100,1.0,"    ","P",-0.544,
100,1.1,"    ","P",1.395,
100,1.2,"    ","P",-0.709,
100,1.3,"    ","P",0.013,
100,1.4,"    ","P",-0.659,
100,1.5,"    ","P",-0.003,
100,1.6,"    ","P",-0.699,
100,1.7,"    ","P",0.030,
100,1.8,"    ","P",-0.662,
100,1.9,"    ","P",-0.002,
100,2.0,"    ","P",0.362,
100,3.0,"    ","P",1.657,
100,3.1,"    ","P",1.639,
100,3.2,"    ","P",1.704,
100,3.3,"    ","P",1.738,
100,3.4,"    ","P",2.386,
100,4.0,"    ","P",12.203,
100,4.1,"    ","P",540.325,
100,4.2,"    ","P",8.143,
100,4.3,"    ","P",4.061,
100,4.4,"    ","P",5.780,
100,5.0,"    ","P",397.329,
100,5.1,"    ","P",395.387,
100,5.2,"FAIL","F",2.646,
100,5.3,"    ","P",139.549,
130,1,"06/27/2019  01:01:21","0","F",,,9,4,0,
100,1.0,"    ","P",-0.544,
100,1.1,"    ","P",1.370,
100,1.2,"    ","P",-0.711,
100,1.3,"    ","P",0.016,
100,1.4,"    ","P",-0.659,
100,1.5,"    ","P",0.013,
100,1.6,"    ","P",-0.640,
100,1.7,"FAIL","F",60.348,
100,1.8,"    ","P",-0.662,
100,1.9,"    ","P",0.017,
130,1,"06/27/2019  01:01:22","0","F",,,5,3,0,
100,1.0,"    ","P",-0.544,
100,1.1,"    ","P",1.398,
100,1.2,"    ","P",-0.710,
100,1.3,"    ","P",2.130,
100,1.4,"    ","P",-0.659,
100,1.5,"    ","P",0.006,
100,1.6,"    ","P",-0.694,
100,1.7,"    ","P",0.052,
100,1.8,"    ","P",-0.662,
100,1.9,"    ","P",-0.002,
100,2.0,"FAIL","F",102.476,
130,1,"06/27/2019  01:01:23","0","F",,,6,4,0,
100,1.0,"    ","P",-0.544,
100,1.1,"    ","P",1.360,
100,1.2,"    ","P",-0.711,
100,1.3,"    ","P",0.017,
100,1.4,"    ","P",-0.659,
100,1.5,"    ","P",0.013,
100,1.6,"    ","P",-0.694,
100,1.7,"    ","P",-0.011,
100,1.8,"    ","P",-0.662,
100,1.9,"    ","P",0.004,
100,2.0,"    ","P",0.387,
100,3.0,"    ","P",1.654,
100,3.1,"    ","P",1.637,
100,3.2,"    ","P",1.701,
100,3.3,"    ","P",1.731,
100,3.4,"    ","P",2.379,
100,4.0,"    ","P",12.203,
100,4.1,"    ","P",530.711,
100,4.2,"    ","P",8.163,
100,4.3,"    ","P",4.040,
100,4.4,"    ","P",7.881,
100,5.0,"    ","P",405.669,
100,5.1,"    ","P",403.980,
100,5.2,"    ","P",5.337,
100,5.3,"    ","P",135.520,
100,6.0,"    ","P",20.248,
100,7.0,"    ","P",11.162,
100,7.1,"    ","P",1.068,
100,7.2,"    ","P",0.953,
100,7.3,"    ","P",0.228,
100,7.4,"    ","P",17.007,
100,8.0,"    ","P",51.877,
100,8.1,"    ","P",14.797,
100,8.2,"    ","P",4.502,
100,8.3,"    ","P",76.670,
100,8.4,"    ","P",0.009,
100,8.5,"    ","P",0.000,
100,9.0,"    ","P",6.098,
100,10.0,"    ","P",608.689,
100,10.1,"    ","P",464.699,
100,10.2,"    ","P",143.990,
100,11.0,"    ","P",24.037,
100,12.0,"    ","P",1.000,
100,13.0,"FAIL","F",1.838,
100,13.1,"    ","P",0.930,
100,13.2,"    ","P",0.650,
130,1,"06/27/2019  01:01:24","0","F",,,17,4,0,
100,1.0,"    ","P",-0.544,
100,1.1,"    ","P",1.398,
100,1.2,"    ","P",-0.711,
100,1.3,"    ","P",0.014,
100,1.4,"    ","P",-0.659,
100,1.5,"    ","P",0.031,
100,1.6,"    ","P",-0.699,
100,1.7,"    ","P",-0.008,
100,1.8,"    ","P",-0.662,
100,1.9,"    ","P",0.017,
100,2.0,"FAIL","F",102.470,
130,1,"06/27/2019  01:01:25","0","F",,,6,4,0,
100,1.0,"    ","P",-0.544,
100,1.1,"    ","P",1.407,
100,1.2,"    ","P",-0.710,
100,1.3,"    ","P",-0.003,
100,1.4,"    ","P",-0.659,
100,1.5,"    ","P",0.041,
100,1.6,"    ","P",-0.698,
100,1.7,"    ","P",0.008,
100,1.8,"    ","P",-0.662,
100,1.9,"    ","P",0.014,
100,2.0,"    ","P",0.339,
100,3.0,"    ","P",1.646,
100,3.1,"    ","P",1.629,
100,3.2,"    ","P",1.692,
100,3.3,"    ","P",1.727,
100,3.4,"    ","P",2.349,
100,4.0,"    ","P",12.225,
100,4.1,"    ","P",528.498,
100,4.2,"    ","P",8.183,
100,4.3,"    ","P",4.042,
100,4.4,"    ","P",7.001,
100,5.0,"    ","P",403.349,
100,5.1,"    ","P",401.713,
100,5.2,"    ","P",5.160,
100,5.3,"    ","P",133.334,
100,6.0,"    ","P",20.253,
100,7.0,"    ","P",10.849,
100,7.1,"    ","P",1.047,
100,7.2,"    ","P",0.935,
100,7.3,"    ","P",0.211,
100,7.4,"    ","P",17.642,
100,8.0,"    ","P",52.813,
100,8.1,"    ","P",14.351,
100,8.2,"    ","P",4.610,
100,8.3,"    ","P",75.687,
100,8.4,"    ","P",0.011,
100,8.5,"    ","P",0.000,
100,9.0,"    ","P",6.103,
100,10.0,"    ","P",580.578,
100,10.1,"    ","P",454.704,
100,10.2,"    ","P",125.874,
100,11.0,"    ","P",24.059,
100,12.0,"    ","P",1.000,
100,13.0,"FAIL","F",1.850,
100,13.1,"    ","P",0.930,
100,13.2,"    ","P",0.650,
130,1,"06/27/2019  01:01:26","0","F",,,17,4,0,
100,1.0,"    ","P",-0.544,
100,1.1,"    ","P",1.376,
100,1.2,"    ","P",-0.708,
100,1.3,"    ","P",0.017,
100,1.4,"    ","P",-0.658,
100,1.5,"    ","P",-0.022,
100,1.6,"    ","P",-0.697,
100,1.7,"    ","P",0.014,
100,1.8,"    ","P",-0.661,
100,1.9,"    ","P",0.023,
100,2.0,"    ","P",0.391,
100,3.0,"    ","P",1.651,
100,3.1,"    ","P",1.634,
100,3.2,"    ","P",1.697,
100,3.3,"    ","P",1.731,
100,3.4,"    ","P",2.385,
100,4.0,"    ","P",12.205,
100,4.1,"    ","P",539.105,
100,4.2,"    ","P",8.152,
100,4.3,"    ","P",4.053,
100,4.4,"    ","P",6.835,
100,5.0,"    ","P",404.854,
100,5.1,"    ","P",403.072,
100,5.2,"    ","P",5.076,
100,5.3,"    ","P",134.427,
100,6.0,"    ","P",20.244,
100,7.0,"    ","P",11.350,
100,7.1,"    ","P",1.028,
100,7.2,"    ","P",0.914,
100,7.3,"    ","P",0.204,
100,7.4,"    ","P",17.230,
100,8.0,"FAIL","F",54.026,
100,8.1,"    ","P",14.340,
100,8.2,"    ","P",4.152,
100,8.3,"    ","P",77.548,
100,8.4,"    ","P",0.013,
100,8.5,"    ","P",0.000,
130,1,"06/27/2019  01:01:28","0","F",,,12,4,0,
100,1.0,"    ","P",-0.541,
100,1.1,"    ","P",1.351,
100,1.2,"    ","P",-0.709,
100,1.3,"    ","P",0.013,
100,1.4,"    ","P",-0.658,
100,1.5,"    ","P",0.019,
100,1.6,"    ","P",-0.697,
100,1.7,"    ","P",0.033,
100,1.8,"    ","P",-0.661,
100,1.9,"    ","P",0.007,
100,2.0,"    ","P",0.565,
100,3.0,"    ","P",1.639,
100,3.1,"    ","P",1.622,
100,3.2,"    ","P",1.685,
100,3.3,"    ","P",1.719,
100,3.4,"    ","P",2.175,
100,4.0,"    ","P",12.204,
100,4.1,"    ","P",525.750,
100,4.2,"    ","P",8.152,
100,4.3,"    ","P",4.051,
100,4.4,"    ","P",7.872,
100,5.0,"    ","P",408.083,
100,5.1,"    ","P",405.509,
100,5.2,"FAIL","F",-0.024,
100,5.3,"    ","P",135.395,
130,1,"06/27/2019  01:01:29","0","F",,,9,4,0,
100,1.0,"    ","P",-0.543,
100,1.1,"    ","P",1.344,
100,1.2,"    ","P",-0.709,
100,1.3,"    ","P",-0.022,
100,1.4,"    ","P",-0.658,
100,1.5,"    ","P",0.035,
100,1.6,"    ","P",-0.687,
100,1.7,"FAIL","F",42.403,
100,1.8,"    ","P",-0.662,
100,1.9,"    ","P",0.004,
130,1,"06/27/2019  01:01:30","0","F",,,5,3,0,
100,1.0,"    ","P",-0.544,
100,1.1,"    ","P",1.404,
100,1.2,"    ","P",-0.710,
100,1.3,"    ","P",0.016,
100,1.4,"    ","P",-0.659,
100,1.5,"    ","P",0.022,
100,1.6,"    ","P",-0.679,
100,1.7,"FAIL","F",7.997,
100,1.8,"    ","P",-0.662,
100,1.9,"    ","P",0.017,
130,1,"06/27/2019  01:01:31","0","F",,,5,3,0,
100,1.0,"    ","P",-0.543,
100,1.1,"    ","P",1.366,
100,1.2,"    ","P",-0.710,
100,1.3,"    ","P",0.014,
100,1.4,"    ","P",-0.658,
100,1.5,"    ","P",0.003,
100,1.6,"    ","P",-0.695,
100,1.7,"    ","P",-0.014,
100,1.8,"    ","P",-0.661,
100,1.9,"    ","P",0.023,
100,2.0,"    ","P",0.517,
100,3.0,"    ","P",1.660,
100,3.1,"    ","P",1.643,
100,3.2,"    ","P",2.002,
100,3.3,"FAIL","F",2.687,
100,3.4,"    ","P",2.368,
130,1,"06/27/2019  01:01:31","0","F",,,7,4,0,
100,1.0,"    ","P",-0.544,
100,1.1,"    ","P",1.370,
100,1.2,"    ","P",-0.707,
100,1.3,"    ","P",0.011,
100,1.4,"    ","P",-0.658,
100,1.5,"    ","P",0.010,
100,1.6,"    ","P",-0.681,
100,1.7,"    ","P",0.809,
100,1.8,"    ","P",-0.661,
100,1.9,"    ","P",-0.018,
100,2.0,"    ","P",0.330,
100,3.0,"    ","P",1.672,
100,3.1,"    ","P",1.655,
100,3.2,"    ","P",1.719,
100,3.3,"    ","P",1.756,
100,3.4,"    ","P",2.410,
100,4.0,"    ","P",12.184,
100,4.1,"    ","P",545.286,
100,4.2,"    ","P",8.153,
100,4.3,"    ","P",4.031,
100,4.4,"    ","P",8.111,
100,5.0,"    ","P",403.850,
100,5.1,"    ","P",402.236,
100,5.2,"    ","P",5.358,
100,5.3,"    ","P",138.269,
100,6.0,"    ","P",20.238,
100,7.0,"FAIL","F",1.026e+004,
100,7.1,"FAIL","F",10.251,
100,7.2,"FAIL","F",10.251,
100,7.3,"FAIL","F",99.893,
100,7.4,"FAIL","F",13.716,
130,1,"06/27/2019  01:01:32","0","F",,,11,4,0,
100,1.0,"    ","P",-0.543,
100,1.1,"    ","P",1.435,
100,1.2,"    ","P",-0.710,
100,1.3,"    ","P",0.013,
100,1.4,"    ","P",-0.658,
100,1.5,"    ","P",-0.016,
100,1.6,"    ","P",-0.688,
100,1.7,"FAIL","F",12.118,
100,1.8,"    ","P",-0.661,
100,1.9,"    ","P",0.011,
130,1,"06/27/2019  01:01:33","0","F",,,5,3,0,
100,1.0,"    ","P",-0.544,
100,1.1,"    ","P",1.429,
100,1.2,"    ","P",-0.709,
100,1.3,"    ","P",2.506,
100,1.4,"    ","P",-0.659,
100,1.5,"    ","P",0.006,
100,1.6,"    ","P",-0.694,
100,1.7,"    ","P",0.008,
100,1.8,"    ","P",-0.662,
100,1.9,"    ","P",0.051,
100,2.0,"FAIL","F",102.475,
130,1,"06/27/2019  01:01:34","0","F",,,6,4,0,
100,1.0,"    ","P",-0.543,
100,1.1,"    ","P",1.373,
100,1.2,"    ","P",-0.710,
100,1.3,"    ","P",0.016,
100,1.4,"    ","P",-0.659,
100,1.5,"    ","P",0.028,
100,1.6,"    ","P",-0.691,
100,1.7,"    ","P",2.645,
100,1.8,"    ","P",-0.662,
100,1.9,"    ","P",0.011,
100,2.0,"    ","P",0.391,
100,3.0,"    ","P",1.650,
100,3.1,"    ","P",1.632,
100,3.2,"    ","P",1.696,
100,3.3,"    ","P",1.726,
100,3.4,"    ","P",2.368,
100,4.0,"    ","P",12.253,
100,4.1,"    ","P",529.642,
100,4.2,"    ","P",8.185,
100,4.3,"    ","P",4.069,
100,4.4,"    ","P",7.450,
100,5.0,"    ","P",400.997,
100,5.1,"    ","P",399.436,
100,5.2,"    ","P",5.294,
100,5.3,"    ","P",134.083,
100,6.0,"    ","P",20.253,
100,7.0,"FAIL","F",1.026e+004,
100,7.1,"FAIL","F",10.251,
100,7.2,"FAIL","F",10.251,
100,7.3,"FAIL","F",99.892,
100,7.4,"FAIL","F",10.991,
130,1,"06/27/2019  01:01:35","0","F",,,11,4,0,
100,1.0,"    ","P",-0.541,
100,1.1,"    ","P",1.382,
100,1.2,"    ","P",-0.709,
100,1.3,"    ","P",0.012,
100,1.4,"    ","P",-0.658,
100,1.5,"    ","P",-0.012,
100,1.6,"    ","P",-0.695,
100,1.7,"    ","P",0.014,
100,1.8,"    ","P",-0.661,
100,1.9,"    ","P",-0.005,
100,2.0,"    ","P",0.382,
100,3.0,"    ","P",1.644,
100,3.1,"    ","P",1.627,
100,3.2,"    ","P",1.689,
100,3.3,"    ","P",1.720,
100,3.4,"FAIL","F",9.293,
130,1,"06/27/2019  01:01:36","0","F",,,7,4,0,
100,1.0,"FAIL","F",-0.229,
100,1.1,"FAIL","F",1467.856,
100,1.2,"    ","P",-0.709,
100,1.3,"    ","P",0.011,
100,1.4,"    ","P",-0.657,
100,1.5,"    ","P",0.003,
100,1.6,"    ","P",-0.696,
100,1.7,"    ","P",0.045,
100,1.8,"    ","P",-0.661,
100,1.9,"    ","P",-0.008,
130,1,"06/27/2019  01:01:37","0","F",,,5,3,0,
100,1.0,"    ","P",-0.543,
100,1.1,"    ","P",1.373,
100,1.2,"    ","P",-0.709,
100,1.3,"    ","P",0.010,
100,1.4,"    ","P",-0.658,
100,1.5,"    ","P",0.000,
100,1.6,"    ","P",-0.697,
100,1.7,"    ","P",-0.017,
100,1.8,"    ","P",-0.661,
100,1.9,"    ","P",-0.027,
100,2.0,"    ","P",0.338,
100,3.0,"    ","P",1.635,
100,3.1,"    ","P",1.617,
100,3.2,"    ","P",1.680,
100,3.3,"    ","P",1.713,
100,3.4,"    ","P",2.347,
100,4.0,"    ","P",12.189,
100,4.1,"    ","P",528.650,
100,4.2,"    ","P",8.139,
100,4.3,"    ","P",4.050,
100,4.4,"    ","P",6.643,
100,5.0,"    ","P",402.408,
100,5.1,"    ","P",400.786,
100,5.2,"    ","P",5.319,
100,5.3,"    ","P",133.271,
100,6.0,"    ","P",20.248,
100,7.0,"    ","P",11.319,
100,7.1,"    ","P",1.071,
100,7.2,"    ","P",0.959,
100,7.3,"    ","P",0.192,
100,7.4,"    ","P",18.036,
100,8.0,"FAIL","F",54.321,
100,8.1,"    ","P",13.969,
100,8.2,"    ","P",4.378,
100,8.3,"    ","P",76.137,
100,8.4,"    ","P",0.008,
100,8.5,"    ","P",0.000,
130,1,"06/27/2019  01:01:38","0","F",,,12,4,0,
100,1.0,"    ","P",-0.543,
100,1.1,"    ","P",1.341,
100,1.2,"    ","P",-0.708,
100,1.3,"    ","P",0.012,
100,1.4,"    ","P",-0.657,
100,1.5,"    ","P",-0.006,
100,1.6,"    ","P",-0.698,
100,1.7,"    ","P",0.020,
100,1.8,"    ","P",-0.660,
100,1.9,"    ","P",-0.005,
100,2.0,"FAIL","F",102.475,
130,1,"06/27/2019  01:01:39","0","F",,,6,4,0,
100,1.0,"    ","P",-0.540,
100,1.1,"    ","P",1.429,
100,1.2,"    ","P",-0.708,
100,1.3,"    ","P",0.008,
100,1.4,"    ","P",-0.658,
100,1.5,"    ","P",-0.022,
100,1.6,"    ","P",-0.695,
100,1.7,"    ","P",0.023,
100,1.8,"    ","P",-0.660,
100,1.9,"    ","P",0.007,
100,2.0,"    ","P",0.374,
100,3.0,"    ","P",1.685,
100,3.1,"    ","P",1.667,
100,3.2,"    ","P",1.731,
100,3.3,"    ","P",1.763,
100,3.4,"FAIL","F",9.248,
130,1,"06/27/2019  01:01:40","0","F",,,7,4,0,
100,1.0,"    ","P",-0.543,
100,1.1,"    ","P",1.382,
100,1.2,"    ","P",-0.709,
100,1.3,"    ","P",0.014,
100,1.4,"    ","P",-0.658,
100,1.5,"    ","P",-0.003,
100,1.6,"    ","P",-0.671,
100,1.7,"FAIL","F",3.832,
100,1.8,"    ","P",-0.661,
100,1.9,"    ","P",0.001,
130,1,"06/27/2019  01:01:41","0","F",,,5,3,0,
100,1.0,"    ","P",-0.543,
100,1.1,"    ","P",1.407,
100,1.2,"    ","P",-0.708,
100,1.3,"    ","P",0.014,
100,1.4,"    ","P",-0.658,
100,1.5,"    ","P",-0.012,
100,1.6,"    ","P",-0.693,
100,1.7,"    ","P",0.001,
100,1.8,"    ","P",-0.661,
100,1.9,"    ","P",0.011,
100,2.0,"    ","P",0.340,
100,3.0,"    ","P",1.635,
100,3.1,"    ","P",1.618,
100,3.2,"    ","P",1.681,
100,3.3,"    ","P",1.711,
100,3.4,"    ","P",2.360,
100,4.0,"    ","P",12.204,
100,4.1,"    ","P",520.867,
100,4.2,"    ","P",8.143,
100,4.3,"    ","P",4.062,
100,4.4,"    ","P",5.129,
100,5.0,"    ","P",411.030,
100,5.1,"    ","P",409.445,
100,5.2,"    ","P",5.046,
100,5.3,"    ","P",134.771,
100,6.0,"    ","P",20.236,
100,7.0,"    ","P",11.256,
100,7.1,"    ","P",1.040,
100,7.2,"    ","P",0.925,
100,7.3,"    ","P",0.224,
100,7.4,"    ","P",17.830,
100,8.0,"    ","P",51.763,
100,8.1,"    ","P",14.831,
100,8.2,"    ","P",4.517,
100,8.3,"    ","P",76.653,
100,8.4,"    ","P",0.010,
100,8.5,"    ","P",0.000,
100,9.0,"    ","P",6.088,
100,10.0,"    ","P",599.943,
100,10.1,"    ","P",461.575,
100,10.2,"    ","P",138.368,
100,11.0,"    ","P",23.960,
100,12.0,"    ","P",1.000,
100,13.0,"FAIL","F",1.835,
100,13.1,"    ","P",0.930,
100,13.2,"    ","P",0.650,
130,1,"06/27/2019  01:01:41","0","F",,,17,4,0,
100,1.0,"    ","P",-0.544,
100,1.1,"    ","P",1.376,
100,1.2,"    ","P",-0.708,
100,1.3,"    ","P",0.016,
100,1.4,"    ","P",-0.658,
100,1.5,"    ","P",0.025,
100,1.6,"    ","P",-0.411,
100,1.7,"FAIL","F",494.437,
100,1.8,"    ","P",-0.661,
100,1.9,"    ","P",0.029,
130,1,"06/27/2019  01:01:43","0","F",,,5,3,0,
100,1.0,"    ","P",-0.543,
100,1.1,"    ","P",1.366,
100,1.2,"    ","P",-0.708,
100,1.3,"    ","P",0.013,
100,1.4,"    ","P",-0.658,
100,1.5,"    ","P",-0.012,
100,1.6,"    ","P",-0.688,
100,1.7,"FAIL","F",10.271,
100,1.8,"    ","P",-0.661,
100,1.9,"    ","P",-0.011,
130,1,"06/27/2019  01:01:44","0","F",,,5,3,0,
100,1.0,"    ","P",-0.543,
100,1.1,"    ","P",1.413,
100,1.2,"    ","P",-0.707,
100,1.3,"    ","P",0.018,
100,1.4,"    ","P",-0.658,
100,1.5,"    ","P",0.044,
100,1.6,"    ","P",-0.696,
100,1.7,"    ","P",0.001,
100,1.8,"    ","P",-0.661,
100,1.9,"    ","P",-0.011,
100,2.0,"    ","P",0.409,
100,3.0,"    ","P",1.677,
100,3.1,"    ","P",1.659,
100,3.2,"    ","P",1.723,
100,3.3,"    ","P",1.760,
100,3.4,"    ","P",2.402,
100,4.0,"    ","P",12.243,
100,4.1,"    ","P",537.807,
100,4.2,"    ","P",8.182,
100,4.3,"    ","P",4.061,
100,4.4,"    ","P",6.854,
100,5.0,"    ","P",409.400,
100,5.1,"    ","P",407.591,
100,5.2,"    ","P",5.220,
100,5.3,"    ","P",137.769,
100,6.0,"    ","P",20.237,
100,7.0,"    ","P",11.726,
100,7.1,"    ","P",1.038,
100,7.2,"    ","P",0.924,
100,7.3,"    ","P",0.233,
100,7.4,"    ","P",17.350,
100,8.0,"    ","P",51.696,
100,8.1,"    ","P",14.965,
100,8.2,"    ","P",4.405,
100,8.3,"    ","P",77.257,
100,8.4,"    ","P",0.007,
100,8.5,"    ","P",0.000,
100,9.0,"    ","P",6.103,
100,10.0,"    ","P",585.575,
100,10.1,"    ","P",461.263,
100,10.2,"    ","P",124.313,
100,11.0,"    ","P",24.098,
100,12.0,"    ","P",1.000,
100,13.0,"FAIL","F",1.837,
100,13.1,"    ","P",0.930,
100,13.2,"    ","P",0.650,
130,1,"06/27/2019  01:01:45","0","F",,,17,4,0,
100,1.0,"    ","P",-0.543,
100,1.1,"    ","P",1.438,
100,1.2,"    ","P",-0.707,
100,1.3,"    ","P",0.015,
100,1.4,"    ","P",-0.658,
100,1.5,"    ","P",-0.009,
100,1.6,"    ","P",-0.699,
100,1.7,"    ","P",-0.030,
100,1.8,"    ","P",-0.661,
100,1.9,"    ","P",-0.002,
100,2.0,"    ","P",0.392,
100,3.0,"    ","P",1.664,
100,3.1,"    ","P",1.646,
100,3.2,"    ","P",1.710,
100,3.3,"    ","P",1.744,
100,3.4,"    ","P",2.384,
100,4.0,"    ","P",12.254,
100,4.1,"    ","P",530.100,
100,4.2,"    ","P",8.185,
100,4.3,"    ","P",4.069,
100,4.4,"    ","P",8.845,
100,5.0,"    ","P",402.063,
100,5.1,"    ","P",400.166,
100,5.2,"    ","P",5.247,
100,5.3,"    ","P",138.894,
100,6.0,"    ","P",20.252,
100,7.0,"    ","P",11.350,
100,7.1,"    ","P",1.021,
100,7.2,"    ","P",0.904,
100,7.3,"    ","P",0.232,
100,7.4,"    ","P",17.436,
100,8.0,"    ","P",51.669,
100,8.1,"    ","P",14.993,
100,8.2,"    ","P",4.387,
100,8.3,"    ","P",77.361,
100,8.4,"    ","P",0.014,
100,8.5,"    ","P",0.000,
100,9.0,"    ","P",6.103,
100,10.0,"    ","P",606.815,
100,10.1,"    ","P",480.004,
100,10.2,"    ","P",126.811,
100,11.0,"    ","P",24.098,
100,12.0,"    ","P",1.000,
100,13.0,"FAIL","F",1.839,
100,13.1,"    ","P",0.930,
100,13.2,"    ","P",0.650,
130,1,"06/27/2019  01:01:46","0","F",,,17,4,0,
100,1.0,"    ","P",-0.544,
100,1.1,"    ","P",1.391,
100,1.2,"    ","P",-0.707,
100,1.3,"    ","P",0.013,
100,1.4,"    ","P",-0.658,
100,1.5,"    ","P",0.013,
100,1.6,"    ","P",-0.698,
100,1.7,"    ","P",-0.014,
100,1.8,"    ","P",-0.661,
100,1.9,"    ","P",0.007,
100,2.0,"    ","P",0.393,
100,3.0,"    ","P",1.679,
100,3.1,"    ","P",1.660,
100,3.2,"    ","P",1.725,
100,3.3,"    ","P",1.759,
100,3.4,"    ","P",2.448,
100,4.0,"    ","P",12.291,
100,4.1,"    ","P",538.494,
100,4.2,"    ","P",8.213,
100,4.3,"    ","P",4.078,
100,4.4,"    ","P",6.744,
100,5.0,"    ","P",406.045,
100,5.1,"    ","P",404.347,
100,5.2,"    ","P",5.403,
100,5.3,"    ","P",137.957,
100,6.0,"    ","P",20.253,
100,7.0,"    ","P",11.006,
100,7.1,"    ","P",1.031,
100,7.2,"    ","P",0.914,
100,7.3,"    ","P",0.200,
100,7.4,"    ","P",17.813,
100,8.0,"FAIL","F",54.426,
100,8.1,"    ","P",14.182,
100,8.2,"    ","P",4.216,
100,8.3,"    ","P",77.083,
100,8.4,"    ","P",0.001,
100,8.5,"    ","P",0.000,
130,1,"06/27/2019  01:01:47","0","F",,,12,4,0,
100,1.0,"    ","P",-0.543,
100,1.1,"    ","P",1.792,
100,1.2,"    ","P",-0.708,
100,1.3,"FAIL","F",14.635,
100,1.4,"    ","P",-0.658,
100,1.5,"    ","P",-0.006,
100,1.6,"    ","P",-0.693,
100,1.7,"    ","P",0.008,
100,1.8,"    ","P",-0.661,
100,1.9,"    ","P",0.004,
130,1,"06/27/2019  01:01:48","0","F",,,5,3,0,
100,1.0,"    ","P",-0.542,
100,1.1,"    ","P",1.366,
100,1.2,"    ","P",-0.709,
100,1.3,"    ","P",0.013,
100,1.4,"    ","P",-0.658,
100,1.5,"    ","P",-0.003,
100,1.6,"    ","P",-0.696,
100,1.7,"    ","P",0.005,
100,1.8,"    ","P",-0.661,
100,1.9,"    ","P",0.011,
100,2.0,"    ","P",0.390,
100,3.0,"    ","P",1.642,
100,3.1,"    ","P",1.625,
100,3.2,"    ","P",1.690,
100,3.3,"    ","P",1.723,
100,3.4,"    ","P",2.338,
100,4.0,"    ","P",12.364,
100,4.1,"    ","P",523.461,
100,4.2,"    ","P",8.253,
100,4.3,"    ","P",4.110,
100,4.4,"    ","P",7.257,
100,5.0,"    ","P",402.095,
100,5.1,"    ","P",400.231,
100,5.2,"    ","P",5.271,
100,5.3,"    ","P",134.302,
100,6.0,"    ","P",20.262,
100,7.0,"    ","P",10.943,
100,7.1,"    ","P",1.095,
100,7.2,"    ","P",0.985,
100,7.3,"    ","P",0.210,
100,7.4,"    ","P",17.830,
100,8.0,"    ","P",53.505,
100,8.1,"    ","P",14.157,
100,8.2,"    ","P",4.558,
100,8.3,"    ","P",75.644,
100,8.4,"    ","P",0.012,
100,8.5,"    ","P",0.000,
100,9.0,"    ","P",6.108,
100,10.0,"    ","P",608.377,
100,10.1,"    ","P",461.263,
100,10.2,"    ","P",147.114,
100,11.0,"    ","P",24.360,
100,12.0,"    ","P",1.000,
100,13.0,"FAIL","F",1.864,
100,13.1,"    ","P",0.930,
100,13.2,"    ","P",0.650,
130,1,"06/27/2019  01:01:49","0","F",,,17,4,0,
100,1.0,"    ","P",-0.543,
100,1.1,"    ","P",1.432,
100,1.2,"    ","P",-0.850,
100,1.3,"    ","P",0.022,
100,1.4,"    ","P",-0.657,
100,1.5,"    ","P",-0.022,
100,1.6,"    ","P",-0.698,
100,1.7,"    ","P",0.014,
100,1.8,"    ","P",-0.660,
100,1.9,"    ","P",-0.002,
100,2.0,"FAIL","F",102.476,
130,1,"06/27/2019  01:01:51","0","F",,,6,4,0,
100,1.0,"    ","P",-0.540,
100,1.1,"    ","P",1.379,
100,1.2,"    ","P",-0.709,
100,1.3,"    ","P",0.016,
100,1.4,"    ","P",-0.658,
100,1.5,"    ","P",-0.034,
100,1.6,"    ","P",-0.698,
100,1.7,"    ","P",0.005,
100,1.8,"    ","P",-0.661,
100,1.9,"    ","P",0.004,
100,2.0,"FAIL","F",102.464,
130,1,"06/27/2019  01:01:51","0","F",,,6,4,0,
100,1.0,"    ","P",-0.543,
100,1.1,"    ","P",1.357,
100,1.2,"    ","P",-0.707,
100,1.3,"    ","P",-0.002,
100,1.4,"    ","P",-0.658,
100,1.5,"    ","P",0.031,
100,1.6,"    ","P",-0.695,
100,1.7,"    ","P",0.011,
100,1.8,"    ","P",-0.661,
100,1.9,"    ","P",0.029,
100,2.0,"    ","P",0.337,
100,3.0,"    ","P",1.656,
100,3.1,"    ","P",1.639,
100,3.2,"    ","P",1.702,
100,3.3,"    ","P",1.734,
100,3.4,"    ","P",2.361,
100,4.0,"    ","P",12.214,
100,4.1,"    ","P",536.663,
100,4.2,"    ","P",8.143,
100,4.3,"    ","P",4.071,
100,4.4,"    ","P",8.413,
100,5.0,"    ","P",410.184,
100,5.1,"    ","P",408.666,
100,5.2,"    ","P",5.088,
100,5.3,"    ","P",134.115,
100,6.0,"    ","P",20.242,
100,7.0,"    ","P",11.131,
100,7.1,"    ","P",1.044,
100,7.2,"    ","P",0.930,
100,7.3,"    ","P",0.214,
100,7.4,"    ","P",17.642,
100,8.0,"    ","P",52.741,
100,8.1,"    ","P",14.683,
100,8.2,"    ","P",4.302,
100,8.3,"    ","P",77.340,
100,8.4,"    ","P",0.016,
100,8.5,"    ","P",0.000,
100,9.0,"    ","P",6.088,
100,10.0,"    ","P",593.696,
100,10.1,"    ","P",452.830,
100,10.2,"    ","P",140.867,
100,11.0,"    ","P",23.946,
100,12.0,"    ","P",1.000,
100,13.0,"FAIL","F",1.817,
100,13.1,"    ","P",0.930,
100,13.2,"    ","P",0.650,
130,1,"06/27/2019  01:01:52","0","F",,,17,4,0,
100,1.0,"    ","P",-0.543,
100,1.1,"    ","P",1.423,
100,1.2,"    ","P",-0.708,
100,1.3,"    ","P",0.013,
100,1.4,"    ","P",-0.658,
100,1.5,"    ","P",0.019,
100,1.6,"    ","P",-0.695,
100,1.7,"    ","P",-0.020,
100,1.8,"    ","P",-0.661,
100,1.9,"    ","P",0.026,
100,2.0,"    ","P",0.390,
100,3.0,"    ","P",1.660,
100,3.1,"    ","P",1.643,
100,3.2,"    ","P",1.708,
100,3.3,"    ","P",1.741,
100,3.4,"    ","P",2.383,
100,4.0,"    ","P",12.226,
100,4.1,"    ","P",536.892,
100,4.2,"    ","P",8.133,
100,4.3,"    ","P",4.093,
100,4.4,"    ","P",7.854,
100,5.0,"    ","P",407.174,
100,5.1,"    ","P",405.399,
100,5.2,"    ","P",5.410,
100,5.3,"    ","P",134.802,
100,6.0,"    ","P",20.253,
100,7.0,"    ","P",11.288,
100,7.1,"    ","P",1.104,
100,7.2,"    ","P",0.995,
100,7.3,"    ","P",0.198,
100,7.4,"    ","P",17.830,
100,8.0,"FAIL","F",54.737,
100,8.1,"    ","P",14.090,
100,8.2,"    ","P",4.217,
100,8.3,"    ","P",76.962,
100,8.4,"    ","P",0.004,
100,8.5,"    ","P",0.000,
130,1,"06/27/2019  01:01:54","0","F",,,12,4,0,
100,1.0,"    ","P",-0.542,
100,1.1,"    ","P",1.395,
100,1.2,"    ","P",-0.708,
100,1.3,"    ","P",0.014,
100,1.4,"    ","P",-0.657,
100,1.5,"    ","P",-0.003,
100,1.6,"    ","P",-0.694,
100,1.7,"    ","P",0.014,
100,1.8,"    ","P",-0.660,
100,1.9,"    ","P",0.042,
100,2.0,"    ","P",0.389,
100,3.0,"    ","P",1.631,
100,3.1,"    ","P",1.614,
100,3.2,"    ","P",1.677,
100,3.3,"    ","P",1.706,
100,3.4,"    ","P",2.336,
100,4.0,"    ","P",12.303,
100,4.1,"    ","P",526.132,
100,4.2,"    ","P",8.213,
100,4.3,"    ","P",4.091,
100,4.4,"    ","P",7.881,
100,5.0,"    ","P",400.088,
100,5.1,"    ","P",398.268,
100,5.2,"    ","P",5.167,
100,5.3,"    ","P",135.302,
100,6.0,"    ","P",20.250,
100,7.0,"    ","P",11.288,
100,7.1,"    ","P",1.064,
100,7.2,"    ","P",0.953,
100,7.3,"    ","P",0.212,
100,7.4,"    ","P",17.522,
100,8.0,"    ","P",53.296,
100,8.1,"    ","P",14.514,
100,8.2,"    ","P",4.276,
100,8.3,"    ","P",77.241,
100,8.4,"    ","P",0.004,
100,8.5,"    ","P",0.000,
100,9.0,"    ","P",6.093,
100,10.0,"    ","P",588.699,
100,10.1,"    ","P",465.323,
100,10.2,"    ","P",123.376,
100,11.0,"    ","P",24.233,
100,12.0,"    ","P",1.000,
100,13.0,"FAIL","F",1.845,
100,13.1,"    ","P",0.930,
100,13.2,"    ","P",0.650,
130,1,"06/27/2019  01:01:55","0","F",,,17,4,0,
100,1.0,"    ","P",-0.543,
100,1.1,"    ","P",1.404,
100,1.2,"    ","P",-0.708,
100,1.3,"    ","P",0.012,
100,1.4,"    ","P",-0.657,
100,1.5,"    ","P",-0.003,
100,1.6,"    ","P",-0.694,
100,1.7,"    ","P",0.030,
100,1.8,"    ","P",-0.661,
100,1.9,"    ","P",0.001,
100,2.0,"    ","P",0.393,
100,3.0,"    ","P",1.639,
100,3.1,"    ","P",1.622,
100,3.2,"    ","P",1.684,
100,3.3,"    ","P",1.713,
100,3.4,"    ","P",2.355,
100,4.0,"    ","P",12.293,
100,4.1,"    ","P",532.466,
100,4.2,"    ","P",8.201,
100,4.3,"    ","P",4.092,
100,4.4,"    ","P",7.643,
100,5.0,"    ","P",399.022,
100,5.1,"    ","P",397.187,
100,5.2,"    ","P",5.139,
100,5.3,"    ","P",134.771,
100,6.0,"    ","P",20.260,
100,7.0,"    ","P",11.476,
100,7.1,"    ","P",1.059,
100,7.2,"    ","P",0.945,
100,7.3,"    ","P",0.217,
100,7.4,"    ","P",17.933,
100,8.0,"    ","P",52.886,
100,8.1,"    ","P",14.550,
100,8.2,"    ","P",4.387,
100,8.3,"    ","P",76.834,
100,8.4,"    ","P",0.011,
100,8.5,"    ","P",0.000,
100,9.0,"    ","P",6.113,
100,10.0,"    ","P",601.817,
100,10.1,"    ","P",473.132,
100,10.2,"    ","P",128.685,
100,11.0,"    ","P",24.123,
100,12.0,"    ","P",1.000,
100,13.0,"FAIL","F",1.850,
100,13.1,"    ","P",0.930,
100,13.2,"    ","P",0.650,
130,1,"06/27/2019  01:01:56","0","F",,,17,4,0,
100,1.0,"    ","P",-0.543,
100,1.1,"    ","P",1.398,
100,1.2,"    ","P",-0.708,
100,1.3,"    ","P",0.016,
100,1.4,"    ","P",-0.658,
100,1.5,"    ","P",-0.028,
100,1.6,"    ","P",-0.693,
100,1.7,"    ","P",0.020,
100,1.8,"    ","P",-0.661,
100,1.9,"    ","P",0.014,
100,2.0,"FAIL","F",102.471,
130,1,"06/27/2019  01:01:58","0","F",,,6,4,0,
100,1.0,"    ","P",-0.542,
100,1.1,"    ","P",1.388,
100,1.2,"    ","P",-0.707,
100,1.3,"    ","P",-0.005,
100,1.4,"    ","P",-0.658,
100,1.5,"    ","P",-0.003,
100,1.6,"    ","P",-0.696,
100,1.7,"    ","P",-0.030,
100,1.8,"    ","P",-0.661,
100,1.9,"    ","P",-0.008,
100,2.0,"    ","P",0.350,
100,3.0,"    ","P",1.789,
100,3.1,"    ","P",1.676,
100,3.2,"FAIL","F",2.659,
100,3.3,"FAIL","F",3.259,
100,3.4,"    ","P",2.539,
130,1,"06/27/2019  01:01:58","0","F",,,7,4,0,
100,1.0,"    ","P",-0.543,
100,1.1,"    ","P",1.404,
100,1.2,"    ","P",-0.709,
100,1.3,"    ","P",0.012,
100,1.4,"    ","P",-0.658,
100,1.5,"    ","P",-0.006,
100,1.6,"    ","P",-0.694,
100,1.7,"    ","P",0.001,
100,1.8,"    ","P",-0.661,
100,1.9,"    ","P",0.026,
100,2.0,"    ","P",0.332,
100,3.0,"FAIL","F",2.687,
100,3.1,"    ","P",2.188,
100,3.2,"FAIL","F",4.262,
100,3.3,"FAIL","F",4.715,
100,3.4,"FAIL","F",3.535,
130,1,"06/27/2019  01:01:59","0","F",,,7,4,0,
100,1.0,"    ","P",-0.542,
100,1.1,"    ","P",1.564,
100,1.2,"    ","P",-0.709,
100,1.3,"    ","P",0.013,
100,1.4,"    ","P",-0.658,
100,1.5,"    ","P",0.019,
100,1.6,"    ","P",-0.695,
100,1.7,"    ","P",-0.030,
100,1.8,"    ","P",-0.661,
100,1.9,"    ","P",0.029,
100,2.0,"    ","P",0.328,
100,3.0,"    ","P",1.677,
100,3.1,"    ","P",1.647,
100,3.2,"FAIL","F",2.622,
100,3.3,"FAIL","F",3.288,
100,3.4,"    ","P",2.416,
130,1,"06/27/2019  01:02:00","0","F",,,7,4,0,
100,1.0,"    ","P",-0.543,
100,1.1,"    ","P",1.348,
100,1.2,"    ","P",-0.709,
100,1.3,"    ","P",0.009,
100,1.4,"    ","P",-0.658,
100,1.5,"    ","P",0.006,
100,1.6,"    ","P",-0.660,
100,1.7,"FAIL","F",103.190,
100,1.8,"    ","P",-0.661,
100,1.9,"    ","P",-0.002,
130,1,"06/27/2019  01:02:01","0","F",,,5,3,0,
100,1.0,"    ","P",-0.543,
100,1.1,"    ","P",1.373,
100,1.2,"    ","P",-0.708,
100,1.3,"    ","P",0.014,
100,1.4,"    ","P",-0.658,
100,1.5,"    ","P",0.006,
100,1.6,"    ","P",-0.666,
100,1.7,"FAIL","F",31.138,
100,1.8,"    ","P",-0.661,
100,1.9,"    ","P",0.029,
130,1,"06/27/2019  01:02:02","0","F",,,5,3,0,
100,1.0,"    ","P",-0.540,
100,1.1,"    ","P",1.385,
100,1.2,"    ","P",-0.708,
100,1.3,"    ","P",0.018,
100,1.4,"    ","P",-0.658,
100,1.5,"    ","P",-0.025,
100,1.6,"    ","P",-0.694,
100,1.7,"    ","P",0.011,
100,1.8,"    ","P",-0.661,
100,1.9,"    ","P",0.014,
100,2.0,"    ","P",0.338,
100,3.0,"    ","P",1.617,
100,3.1,"    ","P",1.599,
100,3.2,"    ","P",1.663,
100,3.3,"    ","P",1.692,
100,3.4,"FAIL","F",9.911,
130,1,"06/27/2019  01:02:03","0","F",,,7,4,0,
100,1.0,"    ","P",-0.543,
100,1.1,"    ","P",1.398,
100,1.2,"    ","P",-0.708,
100,1.3,"    ","P",-0.020,
100,1.4,"    ","P",-0.658,
100,1.5,"    ","P",-0.003,
100,1.6,"    ","P",-0.677,
100,1.7,"    ","P",2.501,
100,1.8,"    ","P",-0.661,
100,1.9,"    ","P",0.011,
100,2.0,"    ","P",0.292,
100,3.0,"    ","P",1.642,
100,3.1,"    ","P",1.624,
100,3.2,"    ","P",1.689,
100,3.3,"    ","P",1.718,
100,3.4,"    ","P",2.355,
100,4.0,"    ","P",12.304,
100,4.1,"    ","P",530.558,
100,4.2,"    ","P",8.197,
100,4.3,"    ","P",4.107,
100,4.4,"    ","P",7.835,
100,5.0,"    ","P",406.704,
100,5.1,"    ","P",404.967,
100,5.2,"    ","P",4.993,
100,5.3,"    ","P",135.520,
100,6.0,"    ","P",20.250,
100,7.0,"FAIL","F",1.026e+004,
100,7.1,"    ","P",1.069,
100,7.2,"    ","P",0.948,
100,7.3,"FAIL","F",99.892,
100,7.4,"FAIL","F",12.979,
130,1,"06/27/2019  01:02:04","0","F",,,11,4,0,
100,1.0,"    ","P",-0.542,
100,1.1,"    ","P",1.517,
100,1.2,"    ","P",-0.709,
100,1.3,"    ","P",0.014,
100,1.4,"    ","P",-0.658,
100,1.5,"    ","P",-0.016,
100,1.6,"    ","P",-0.694,
100,1.7,"    ","P",0.014,
100,1.8,"    ","P",-0.661,
100,1.9,"    ","P",0.007,
100,2.0,"    ","P",0.374,
100,3.0,"FAIL","F",3.106,
100,3.1,"    ","P",2.423,
100,3.2,"FAIL","F",5.121,
100,3.3,"FAIL","F",5.686,
100,3.4,"FAIL","F",3.946,
130,1,"06/27/2019  01:02:05","0","F",,,7,4,0,
100,1.0,"    ","P",-0.544,
100,1.1,"    ","P",1.401,
100,1.2,"    ","P",-0.711,
100,1.3,"    ","P",0.010,
100,1.4,"    ","P",-0.658,
100,1.5,"    ","P",0.047,
100,1.6,"    ","P",-0.694,
100,1.7,"    ","P",0.020,
100,1.8,"    ","P",-0.662,
100,1.9,"    ","P",0.004,
100,2.0,"FAIL","F",102.472,
130,1,"06/27/2019  01:02:06","0","F",,,6,4,0,
100,1.0,"    ","P",-0.543,
100,1.1,"    ","P",1.373,
100,1.2,"    ","P",-0.710,
100,1.3,"    ","P",-0.004,
100,1.4,"    ","P",-0.658,
100,1.5,"    ","P",0.006,
100,1.6,"    ","P",-0.673,
100,1.7,"    ","P",2.861,
100,1.8,"    ","P",-0.661,
100,1.9,"    ","P",-0.008,
100,2.0,"    ","P",0.332,
100,3.0,"    ","P",1.646,
100,3.1,"    ","P",1.628,
100,3.2,"    ","P",1.693,
100,3.3,"    ","P",1.723,
100,3.4,"    ","P",2.385,
100,4.0,"    ","P",12.315,
100,4.1,"    ","P",526.208,
100,4.2,"    ","P",8.214,
100,4.3,"    ","P",4.101,
100,4.4,"    ","P",8.193,
100,5.0,"    ","P",404.697,
100,5.1,"    ","P",402.690,
100,5.2,"    ","P",5.375,
100,5.3,"    ","P",133.927,
100,6.0,"    ","P",20.251,
100,7.0,"FAIL","F",1.026e+004,
100,7.1,"FAIL","F",10.251,
100,7.2,"FAIL","F",10.251,
100,7.3,"FAIL","F",99.891,
100,7.4,"FAIL","F",8.625,
130,1,"06/27/2019  01:02:07","0","F",,,11,4,0,
100,1.0,"    ","P",-0.543,
100,1.1,"    ","P",1.416,
100,1.2,"    ","P",-0.709,
100,1.3,"    ","P",0.013,
100,1.4,"    ","P",-0.658,
100,1.5,"    ","P",0.010,
100,1.6,"    ","P",-0.694,
100,1.7,"    ","P",0.036,
100,1.8,"    ","P",-0.661,
100,1.9,"    ","P",0.014,
100,2.0,"FAIL","F",102.467,
130,1,"06/27/2019  01:02:08","0","F",,,6,4,0,
100,1.0,"    ","P",-0.543,
100,1.1,"    ","P",1.401,
100,1.2,"    ","P",-0.709,
100,1.3,"    ","P",-0.004,
100,1.4,"    ","P",-0.658,
100,1.5,"    ","P",0.019,
100,1.6,"    ","P",-0.698,
100,1.7,"    ","P",0.017,
100,1.8,"    ","P",-0.661,
100,1.9,"    ","P",-0.002,
100,2.0,"FAIL","F",102.472,
130,1,"06/27/2019  01:02:08","0","F",,,6,4,0,
100,1.0,"FAIL","F",-0.003,
100,1.1,"FAIL","F",2052.517,
100,1.2,"    ","P",-0.708,
100,1.3,"    ","P",-0.005,
100,1.4,"    ","P",-0.672,
100,1.5,"    ","P",-0.044,
100,1.6,"    ","P",-0.712,
100,1.7,"    ","P",0.014,
100,1.8,"    ","P",-0.676,
100,1.9,"    ","P",-0.011,
130,1,"06/27/2019  01:02:09","0","F",,,5,3,0,
100,1.0,"FAIL","F",-10.235,
100,1.1,"    ","P",0.076,
100,1.2,"    ","P",-0.708,
100,1.3,"    ","P",0.011,
100,1.4,"FAIL","F",-0.003,
100,1.5,"FAIL","F",2052.873,
100,1.6,"    ","P",-0.697,
100,1.7,"    ","P",-0.011,
100,1.8,"    ","P",-0.661,
100,1.9,"    ","P",0.017,
130,1,"06/27/2019  01:02:10","0","F",,,5,3,0,
100,1.0,"FAIL","F",-0.003,
100,1.1,"FAIL","F",2052.517,
100,1.2,"    ","P",-0.708,
100,1.3,"    ","P",0.014,
100,1.4,"    ","P",-0.657,
100,1.5,"    ","P",-0.003,
100,1.6,"    ","P",-0.695,
100,1.7,"    ","P",-0.020,
100,1.8,"    ","P",-0.661,
100,1.9,"    ","P",0.007,
130,1,"06/27/2019  01:02:11","0","F",,,5,3,0,
100,1.0,"FAIL","F",-0.003,
100,1.1,"FAIL","F",2052.517,
100,1.2,"    ","P",-0.688,
100,1.3,"FAIL","F",4.397,
100,1.4,"    ","P",-0.658,
100,1.5,"    ","P",-0.009,
100,1.6,"    ","P",-0.694,
100,1.7,"    ","P",0.030,
100,1.8,"    ","P",-0.661,
100,1.9,"    ","P",0.020,
130,1,"06/27/2019  01:02:12","0","F",,,5,3,0,
100,1.0,"    ","P",-0.543,
100,1.1,"    ","P",1.385,
100,1.2,"    ","P",-0.710,
100,1.3,"    ","P",0.013,
100,1.4,"    ","P",-0.658,
100,1.5,"    ","P",0.006,
100,1.6,"FAIL","F",-10.234,
100,1.7,"    ","P",-0.002,
100,1.8,"    ","P",-0.661,
100,1.9,"    ","P",0.017,
130,1,"06/27/2019  01:02:13","0","F",,,5,3,0,
100,1.0,"FAIL","F",-0.003,
100,1.1,"FAIL","F",2052.517,
100,1.2,"    ","P",-0.710,
100,1.3,"    ","P",0.015,
100,1.4,"    ","P",-0.658,
100,1.5,"    ","P",0.006,
100,1.6,"    ","P",-0.693,
100,1.7,"    ","P",0.011,
100,1.8,"    ","P",-0.656,
100,1.9,"    ","P",0.001,
130,1,"06/27/2019  01:02:13","0","F",,,5,3,0,
100,1.0,"    ","P",-0.543,
100,1.1,"    ","P",1.391,
100,1.2,"    ","P",-0.675,
100,1.3,"FAIL","F",5.147,
100,1.4,"    ","P",-0.658,
100,1.5,"    ","P",0.050,
100,1.6,"    ","P",-0.693,
100,1.7,"    ","P",0.023,
100,1.8,"    ","P",-0.661,
100,1.9,"    ","P",0.029,
130,1,"06/27/2019  01:02:14","0","F",,,5,3,0,
100,1.0,"    ","P",-0.543,
100,1.1,"    ","P",1.307,
100,1.2,"    ","P",-0.709,
100,1.3,"    ","P",0.017,
100,1.4,"FAIL","F",-0.003,
100,1.5,"FAIL","F",2052.873,
100,1.6,"    ","P",-0.698,
100,1.7,"    ","P",0.014,
100,1.8,"    ","P",-0.661,
100,1.9,"    ","P",-0.002,
130,1,"06/27/2019  01:02:15","0","F",,,5,3,0,
100,1.0,"FAIL","F",-0.003,
100,1.1,"FAIL","F",2052.517,
100,1.2,"    ","P",-0.708,
100,1.3,"    ","P",0.013,
100,1.4,"    ","P",-0.657,
100,1.5,"    ","P",0.000,
100,1.6,"    ","P",-0.697,
100,1.7,"    ","P",0.011,
100,1.8,"    ","P",-0.661,
100,1.9,"    ","P",0.001,
130,1,"06/27/2019  01:02:16","0","F",,,5,3,0,
100,1.0,"FAIL","F",-0.003,
100,1.1,"FAIL","F",2052.517,
100,1.2,"    ","P",-0.709,
100,1.3,"    ","P",0.014,
100,1.4,"    ","P",-0.657,
100,1.5,"    ","P",0.035,
100,1.6,"    ","P",-0.696,
100,1.7,"    ","P",0.014,
100,1.8,"    ","P",-0.661,
100,1.9,"    ","P",0.011,
130,1,"06/27/2019  01:02:17","0","F",,,5,3,0,
100,1.0,"FAIL","F",-0.003,
100,1.1,"FAIL","F",2052.517,
100,1.2,"    ","P",-0.709,
100,1.3,"    ","P",0.016,
100,1.4,"    ","P",-0.657,
100,1.5,"    ","P",-0.034,
100,1.6,"    ","P",-0.694,
100,1.7,"    ","P",0.033,
100,1.8,"    ","P",-0.661,
100,1.9,"    ","P",0.007,
130,1,"06/27/2019  01:02:18","0","F",,,5,3,0,
100,1.0,"    ","P",-0.543,
100,1.1,"    ","P",1.429,
100,1.2,"    ","P",-0.709,
100,1.3,"    ","P",2.585,
100,1.4,"    ","P",-0.658,
100,1.5,"    ","P",0.022,
100,1.6,"    ","P",-0.693,
100,1.7,"    ","P",0.039,
100,1.8,"    ","P",-0.661,
100,1.9,"    ","P",0.014,
100,2.0,"FAIL","F",102.475,
130,1,"06/27/2019  01:02:18","0","F",,,6,4,0,
100,1.0,"    ","P",-0.543,
100,1.1,"    ","P",1.416,
100,1.2,"    ","P",-0.707,
100,1.3,"FAIL","F",4.925,
100,1.4,"    ","P",-0.658,
100,1.5,"    ","P",-0.006,
100,1.6,"    ","P",-0.693,
100,1.7,"    ","P",0.008,
100,1.8,"    ","P",-0.661,
100,1.9,"    ","P",0.020,
130,1,"06/27/2019  01:02:19","0","F",,,5,3,0,
100,1.0,"FAIL","F",-0.003,
100,1.1,"FAIL","F",2052.517,
100,1.2,"    ","P",-0.709,
100,1.3,"    ","P",0.018,
100,1.4,"    ","P",-0.657,
100,1.5,"    ","P",-0.009,
100,1.6,"    ","P",-0.693,
100,1.7,"    ","P",0.008,
100,1.8,"    ","P",-0.661,
100,1.9,"    ","P",0.032,
130,1,"06/27/2019  01:02:20","0","F",,,5,3,0,
100,1.0,"    ","P",-0.543,
100,1.1,"    ","P",1.366,
100,1.2,"    ","P",-0.698,
100,1.3,"FAIL","F",6.250,
100,1.4,"    ","P",-0.658,
100,1.5,"    ","P",-0.072,
100,1.6,"    ","P",-0.696,
100,1.7,"    ","P",0.005,
100,1.8,"    ","P",-0.661,
100,1.9,"    ","P",0.023,
130,1,"06/27/2019  01:02:21","0","F",,,5,3,0,
100,1.0,"FAIL","F",-10.235,
100,1.1,"    ","P",0.145,
100,1.2,"    ","P",-0.708,
100,1.3,"    ","P",0.014,
100,1.4,"FAIL","F",-0.003,
100,1.5,"FAIL","F",2052.873,
100,1.6,"FAIL","F",-10.234,
100,1.7,"    ","P",-0.005,
100,1.8,"FAIL","F",-10.235,
100,1.9,"    ","P",0.023,
130,1,"06/27/2019  01:02:22","0","F",,,5,3,0,
100,1.0,"FAIL","F",-10.235,
100,1.1,"    ","P",0.101,
100,1.2,"    ","P",-0.708,
100,1.3,"    ","P",0.016,
100,1.4,"FAIL","F",-3.968,
100,1.5,"    ","P",0.016,
100,1.6,"FAIL","F",-10.234,
100,1.7,"    ","P",-0.014,
100,1.8,"FAIL","F",-3.980,
100,1.9,"    ","P",0.042,
130,1,"06/27/2019  01:02:23","0","F",,,5,3,0,
100,1.0,"FAIL","F",-0.003,
100,1.1,"FAIL","F",2052.517,
100,1.2,"    ","P",-0.709,
100,1.3,"    ","P",0.016,
100,1.4,"    ","P",-0.657,
100,1.5,"    ","P",0.028,
100,1.6,"    ","P",-0.695,
100,1.7,"    ","P",-0.005,
100,1.8,"    ","P",-0.661,
100,1.9,"    ","P",0.036,
130,1,"06/27/2019  01:02:23","0","F",,,5,3,0,
100,1.0,"    ","P",-0.543,
100,1.1,"    ","P",1.373,
100,1.2,"    ","P",-0.708,
100,1.3,"    ","P",0.016,
100,1.4,"    ","P",-0.658,
100,1.5,"    ","P",0.006,
100,1.6,"FAIL","F",-10.234,
100,1.7,"    ","P",-0.002,
100,1.8,"    ","P",-0.661,
100,1.9,"    ","P",0.017,
130,1,"06/27/2019  01:02:24","0","F",,,5,3,0,
100,1.0,"    ","P",-0.543,
100,1.1,"    ","P",1.363,
100,1.2,"    ","P",-0.708,
100,1.3,"    ","P",0.018,
100,1.4,"    ","P",-0.658,
100,1.5,"    ","P",0.019,
100,1.6,"FAIL","F",-10.234,
100,1.7,"    ","P",-0.011,
100,1.8,"    ","P",-0.661,
100,1.9,"    ","P",0.029,
130,1,"06/27/2019  01:02:25","0","F",,,5,3,0,
100,1.0,"    ","P",-0.543,
100,1.1,"    ","P",1.357,
100,1.2,"    ","P",-0.708,
100,1.3,"    ","P",0.018,
100,1.4,"    ","P",-0.658,
100,1.5,"    ","P",-0.028,
100,1.6,"FAIL","F",-10.234,
100,1.7,"    ","P",0.014,
100,1.8,"    ","P",-0.661,
100,1.9,"    ","P",-0.002,
130,1,"06/27/2019  01:02:26","0","F",,,5,3,0,
100,1.0,"FAIL","F",-0.003,
100,1.1,"FAIL","F",2052.517,
100,1.2,"    ","P",-0.708,
100,1.3,"    ","P",0.016,
100,1.4,"    ","P",-0.657,
100,1.5,"    ","P",-0.009,
100,1.6,"    ","P",-0.695,
100,1.7,"    ","P",0.005,
100,1.8,"    ","P",-0.661,
100,1.9,"    ","P",0.045,
130,1,"06/27/2019  01:02:27","0","F",,,5,3,0,
100,1.0,"FAIL","F",-0.003,
100,1.1,"FAIL","F",2052.517,
100,1.2,"    ","P",-0.708,
100,1.3,"    ","P",0.014,
100,1.4,"    ","P",-0.657,
100,1.5,"    ","P",0.003,
100,1.6,"    ","P",-0.695,
100,1.7,"    ","P",0.017,
100,1.8,"    ","P",-0.661,
100,1.9,"    ","P",0.051,
130,1,"06/27/2019  01:02:27","0","F",,,5,3,0,
100,1.0,"FAIL","F",-0.003,
100,1.1,"FAIL","F",2052.517,
100,1.2,"    ","P",-0.709,
100,1.3,"    ","P",0.018,
100,1.4,"FAIL","F",-0.003,
100,1.5,"FAIL","F",2052.873,
100,1.6,"    ","P",-0.709,
100,1.7,"    ","P",0.001,
100,1.8,"    ","P",-0.674,
100,1.9,"    ","P",0.014,
130,1,"06/27/2019  01:02:28","0","F",,,5,3,0,
100,1.0,"    ","P",-0.542,
100,1.1,"    ","P",1.341,
100,1.2,"    ","P",-0.707,
100,1.3,"    ","P",0.014,
100,1.4,"FAIL","F",-10.237,
100,1.5,"    ","P",-0.003,
100,1.6,"    ","P",-0.697,
100,1.7,"    ","P",-0.011,
100,1.8,"FAIL","F",-10.235,
100,1.9,"    ","P",0.023,
130,1,"06/27/2019  01:02:29","0","F",,,5,3,0,
100,1.0,"FAIL","F",-0.003,
100,1.1,"FAIL","F",2052.517,
100,1.2,"    ","P",-0.690,
100,1.3,"FAIL","F",3.587,
100,1.4,"    ","P",-0.657,
100,1.5,"    ","P",-0.009,
100,1.6,"    ","P",-0.696,
100,1.7,"    ","P",0.017,
100,1.8,"    ","P",-0.661,
100,1.9,"    ","P",-0.005,
130,1,"06/27/2019  01:02:30","0","F",,,5,3,0,
100,1.0,"FAIL","F",-0.003,
100,1.1,"FAIL","F",2052.517,
100,1.2,"    ","P",-0.710,
100,1.3,"    ","P",0.014,
100,1.4,"    ","P",-0.657,
100,1.5,"    ","P",-0.019,
100,1.6,"FAIL","F",-4.444,
100,1.7,"    ","P",0.164,
100,1.8,"    ","P",-0.661,
100,1.9,"    ","P",-0.002,
130,1,"06/27/2019  01:02:31","0","F",,,5,3,0,
100,1.0,"    ","P",-0.543,
100,1.1,"    ","P",1.395,
100,1.2,"    ","P",-0.709,
100,1.3,"    ","P",0.016,
100,1.4,"    ","P",-0.658,
100,1.5,"    ","P",-0.028,
100,1.6,"FAIL","F",-10.234,
100,1.7,"    ","P",0.005,
100,1.8,"    ","P",-0.661,
100,1.9,"    ","P",0.004,
130,1,"06/27/2019  01:02:32","0","F",,,5,3,0,
100,1.0,"    ","P",-0.543,
100,1.1,"    ","P",1.385,
100,1.2,"    ","P",-0.709,
100,1.3,"    ","P",0.017,
100,1.4,"    ","P",-0.658,
100,1.5,"    ","P",-0.012,
100,1.6,"FAIL","F",-10.234,
100,1.7,"    ","P",0.014,
100,1.8,"    ","P",-0.661,
100,1.9,"    ","P",0.007,
130,1,"06/27/2019  01:02:32","0","F",,,5,3,0,
100,1.0,"    ","P",-0.543,
100,1.1,"    ","P",1.410,
100,1.2,"    ","P",-0.709,
100,1.3,"    ","P",0.014,
100,1.4,"    ","P",-0.658,
100,1.5,"    ","P",0.003,
100,1.6,"FAIL","F",-10.234,
100,1.7,"    ","P",-0.005,
100,1.8,"    ","P",-0.661,
100,1.9,"    ","P",0.001,
130,1,"06/27/2019  01:02:33","0","F",,,5,3,0,
100,1.0,"    ","P",-0.543,
100,1.1,"    ","P",1.382,
100,1.2,"    ","P",-0.707,
100,1.3,"FAIL","F",4.315,
100,1.4,"    ","P",-0.658,
100,1.5,"    ","P",0.022,
100,1.6,"    ","P",-0.693,
100,1.7,"    ","P",0.020,
100,1.8,"    ","P",-0.661,
100,1.9,"    ","P",0.045,
130,1,"06/27/2019  01:02:34","0","F",,,5,3,0,
100,1.0,"FAIL","F",-0.003,
100,1.1,"FAIL","F",2052.517,
100,1.2,"    ","P",-0.709,
100,1.3,"    ","P",0.015,
100,1.4,"    ","P",-0.657,
100,1.5,"    ","P",0.025,
100,1.6,"    ","P",-0.693,
100,1.7,"    ","P",0.005,
100,1.8,"    ","P",-0.661,
100,1.9,"    ","P",0.042,
130,1,"06/27/2019  01:02:35","0","F",,,5,3,0,
100,1.0,"FAIL","F",-0.003,
100,1.1,"FAIL","F",2052.517,
100,1.2,"    ","P",-0.709,
100,1.3,"    ","P",0.016,
100,1.4,"    ","P",-0.657,
100,1.5,"    ","P",-0.006,
100,1.6,"    ","P",-0.696,
100,1.7,"    ","P",-0.014,
100,1.8,"    ","P",-0.660,
100,1.9,"    ","P",-0.011,
130,1,"06/27/2019  01:02:36","0","F",,,5,3,0,
100,1.0,"FAIL","F",-10.235,
100,1.1,"    ","P",0.092,
100,1.2,"    ","P",-0.709,
100,1.3,"    ","P",0.015,
100,1.4,"    ","P",-0.658,
100,1.5,"    ","P",-0.025,
100,1.6,"    ","P",-0.696,
100,1.7,"    ","P",0.020,
100,1.8,"    ","P",-0.660,
100,1.9,"    ","P",-0.002,
130,1,"06/27/2019  01:02:36","0","F",,,5,3,0,
100,1.0,"FAIL","F",-0.003,
100,1.1,"FAIL","F",2052.517,
100,1.2,"    ","P",-0.708,
100,1.3,"    ","P",0.017,
100,1.4,"    ","P",-0.657,
100,1.5,"    ","P",-0.031,
100,1.6,"    ","P",-0.697,
100,1.7,"    ","P",0.020,
100,1.8,"    ","P",-0.660,
100,1.9,"    ","P",0.014,
130,1,"06/27/2019  01:02:37","0","F",,,5,3,0,
100,1.0,"FAIL","F",-0.003,
100,1.1,"FAIL","F",2052.517,
100,1.2,"    ","P",-0.707,
100,1.3,"    ","P",0.016,
100,1.4,"    ","P",-0.657,
100,1.5,"    ","P",-0.006,
100,1.6,"    ","P",-0.696,
100,1.7,"    ","P",-0.011,
100,1.8,"    ","P",-0.660,
100,1.9,"    ","P",0.029,
130,1,"06/27/2019  01:02:38","0","F",,,5,3,0,
100,1.0,"    ","P",-0.543,
100,1.1,"    ","P",1.416,
100,1.2,"    ","P",-0.709,
100,1.3,"    ","P",0.017,
100,1.4,"    ","P",-0.658,
100,1.5,"    ","P",-0.019,
100,1.6,"    ","P",-0.694,
100,1.7,"    ","P",0.005,
100,1.8,"FAIL","F",-0.002,
100,1.9,"FAIL","F",2052.449,
130,1,"06/27/2019  01:02:39","0","F",,,5,3,0,
100,1.0,"    ","P",-0.543,
100,1.1,"    ","P",1.379,
100,1.2,"    ","P",-0.708,
100,1.3,"    ","P",0.016,
100,1.4,"    ","P",-0.658,
100,1.5,"    ","P",0.035,
100,1.6,"FAIL","F",-10.234,
100,1.7,"    ","P",0.017,
100,1.8,"    ","P",-0.661,
100,1.9,"    ","P",0.007,
130,1,"06/27/2019  01:02:40","0","F",,,5,3,0,
100,1.0,"FAIL","F",-0.003,
100,1.1,"FAIL","F",2052.517,
100,1.2,"    ","P",-0.709,
100,1.3,"    ","P",0.013,
100,1.4,"    ","P",-0.657,
100,1.5,"    ","P",-0.006,
100,1.6,"    ","P",-0.694,
100,1.7,"    ","P",-0.008,
100,1.8,"    ","P",-0.661,
100,1.9,"    ","P",0.014,
130,1,"06/27/2019  01:02:40","0","F",,,5,3,0,
100,1.0,"    ","P",-0.543,
100,1.1,"    ","P",1.435,
100,1.2,"    ","P",-0.707,
100,1.3,"    ","P",0.016,
100,1.4,"    ","P",-0.658,
100,1.5,"    ","P",0.006,
100,1.6,"FAIL","F",-10.234,
100,1.7,"    ","P",0.014,
100,1.8,"    ","P",-0.661,
100,1.9,"    ","P",-0.002,
130,1,"06/27/2019  01:02:41","0","F",,,5,3,0,
100,1.0,"    ","P",-0.543,
100,1.1,"    ","P",1.382,
100,1.2,"    ","P",-0.708,
100,1.3,"    ","P",0.013,
100,1.4,"    ","P",-0.657,
100,1.5,"    ","P",0.041,
100,1.6,"FAIL","F",-10.234,
100,1.7,"    ","P",0.011,
100,1.8,"    ","P",-0.660,
100,1.9,"    ","P",0.020,
130,1,"06/27/2019  01:02:42","0","F",,,5,3,0,
100,1.0,"    ","P",-0.542,
100,1.1,"    ","P",1.401,
100,1.2,"    ","P",-0.707,
100,1.3,"    ","P",0.016,
100,1.4,"    ","P",-0.658,
100,1.5,"    ","P",-0.028,
100,1.6,"FAIL","F",-10.234,
100,1.7,"    ","P",0.005,
100,1.8,"    ","P",-0.661,
100,1.9,"    ","P",0.029,
130,1,"06/27/2019  01:02:43","0","F",,,5,3,0,
100,1.0,"FAIL","F",-0.003,
100,1.1,"FAIL","F",2052.517,
100,1.2,"    ","P",-0.706,
100,1.3,"    ","P",0.018,
100,1.4,"    ","P",-0.656,
100,1.5,"    ","P",-0.016,
100,1.6,"    ","P",-0.692,
100,1.7,"    ","P",0.005,
100,1.8,"    ","P",-0.659,
100,1.9,"    ","P",0.004,
130,1,"06/27/2019  01:03:17","0","F",,,5,3,0,
100,1.0,"FAIL","F",-0.003,
100,1.1,"FAIL","F",2052.517,
100,1.2,"    ","P",-0.707,
100,1.3,"    ","P",0.016,
100,1.4,"    ","P",-0.656,
100,1.5,"    ","P",-0.012,
100,1.6,"    ","P",-0.694,
100,1.7,"    ","P",-0.011,
100,1.8,"    ","P",-0.660,
100,1.9,"    ","P",0.011,
130,1,"06/27/2019  01:03:18","0","F",,,5,3,0,
100,1.0,"FAIL","F",-0.003,
100,1.1,"FAIL","F",2052.517,
100,1.2,"    ","P",-0.708,
100,1.3,"    ","P",0.018,
100,1.4,"    ","P",-0.666,
100,1.5,"    ","P",-0.019,
100,1.6,"    ","P",-0.708,
100,1.7,"    ","P",0.033,
100,1.8,"    ","P",-0.674,
100,1.9,"    ","P",0.004,
130,1,"06/27/2019  01:03:19","0","F",,,5,3,0,
100,1.0,"FAIL","F",-0.003,
100,1.1,"FAIL","F",2052.517,
100,1.2,"    ","P",-0.709,
100,1.3,"    ","P",0.016,
100,1.4,"    ","P",-0.657,
100,1.5,"    ","P",0.025,
100,1.6,"    ","P",-0.696,
100,1.7,"    ","P",0.061,
100,1.8,"    ","P",-0.660,
100,1.9,"    ","P",0.023,
130,1,"06/27/2019  01:03:19","0","F",,,5,3,0,
100,1.0,"    ","P",-0.542,
100,1.1,"    ","P",1.407,
100,1.2,"    ","P",-0.707,
100,1.3,"    ","P",0.018,
100,1.4,"    ","P",-0.658,
100,1.5,"    ","P",-0.012,
100,1.6,"    ","P",-0.692,
100,1.7,"    ","P",0.697,
100,1.8,"    ","P",-0.660,
100,1.9,"    ","P",-0.011,
100,2.0,"    ","P",0.388,
100,3.0,"    ","P",1.607,
100,3.1,"    ","P",1.589,
100,3.2,"    ","P",1.654,
100,3.3,"    ","P",1.684,
100,3.4,"    ","P",2.296,
100,4.0,"    ","P",12.183,
100,4.1,"    ","P",511.786,
100,4.2,"    ","P",8.093,
100,4.3,"    ","P",4.090,
100,4.4,"    ","P",7.514,
100,5.0,"    ","P",400.245,
100,5.1,"    ","P",398.525,
100,5.2,"    ","P",5.163,
100,5.3,"    ","P",135.427,
100,6.0,"    ","P",20.237,
100,7.0,"FAIL","F",8218.427,
100,7.1,"    ","P",1.138,
100,7.2,"    ","P",1.047,
100,7.3,"FAIL","F",99.892,
100,7.4,"    ","P",18.002,
130,1,"06/27/2019  01:03:20","0","F",,,11,4,0,
100,1.0,"    ","P",-0.542,
100,1.1,"    ","P",1.401,
100,1.2,"    ","P",-0.708,
100,1.3,"    ","P",0.016,
100,1.4,"    ","P",-0.658,
100,1.5,"    ","P",-0.006,
100,1.6,"    ","P",-0.697,
100,1.7,"    ","P",0.023,
100,1.8,"    ","P",-0.661,
100,1.9,"    ","P",0.014,
100,2.0,"    ","P",0.384,
100,3.0,"    ","P",1.632,
100,3.1,"    ","P",1.615,
100,3.2,"    ","P",1.679,
100,3.3,"    ","P",1.713,
100,3.4,"    ","P",2.344,
100,4.0,"    ","P",12.334,
100,4.1,"    ","P",525.064,
100,4.2,"    ","P",8.213,
100,4.3,"    ","P",4.121,
100,4.4,"    ","P",7.202,
100,5.0,"    ","P",406.390,
100,5.1,"    ","P",404.572,
100,5.2,"    ","P",5.441,
100,5.3,"    ","P",133.240,
100,6.0,"    ","P",20.256,
100,7.0,"    ","P",11.538,
100,7.1,"    ","P",1.062,
100,7.2,"    ","P",0.951,
100,7.3,"    ","P",0.201,
100,7.4,"    ","P",17.642,
100,8.0,"    ","P",51.728,
100,8.1,"    ","P",14.344,
100,8.2,"    ","P",4.133,
100,8.3,"    ","P",77.634,
100,8.4,"    ","P",0.013,
100,8.5,"    ","P",0.000,
100,9.0,"    ","P",6.103,
100,10.0,"    ","P",614.623,
100,10.1,"    ","P",470.946,
100,10.2,"    ","P",143.678,
100,11.0,"    ","P",24.169,
100,12.0,"    ","P",1.000,
100,13.0,"    ","P",1.250,
100,13.1,"    ","P",0.950,
100,13.2,"    ","P",0.600,
100,14.0,"    ","P",0.525,
130,1,"06/27/2019  01:03:21","0","P",,,1,1,0,
999,
50,1,"P",1,"PASS",
50,5,"F",57,"Continuity",
50,6,"F",14,"IDSS",
50,7,"F",9,"IOP",
50,8,"F",0,"UVLO",
50,9,"F",2,"IFB",
50,10,"F",0,"TSS",
50,11,"F",6,"VStr",
50,12,"F",4,"FOSC",
50,13,"F",0,"VSD",
50,14,"F",0,"BURST",
50,15,"F",0,"VOVP",
50,16,"F",0,"AR",
50,17,"F",9,"ILIMIT",
50,18,"F",0,"IDSS1",
50,19,"F",0,"",
50,20,"F",0,"",
50,21,"F",0,"",
50,22,"F",0,"",
50,23,"F",0,"",
50,24,"F",0,"",
50,25,"F",0,"",
50,32,"A",0,"Alarm Bin",
60,1,"P",1,"PASS",
60,3,"F",57,"Continuity",
60,4,"F",44,"IDSS",
2,1.-1,"Continuity",45,57,
1,1.0,"OS_VCC",74,28,
1,1.1,"ICCLKG",74,0,
1,1.2,"OS_DRAIN",74,0,
1,1.3,"IDLKG",69,5,
1,1.4,"OS_VFB",67,2,
1,1.5,"IFBLKG",67,0,
1,1.6,"OS_VSTR",56,11,
1,1.7,"ISTRLKG",46,10,
1,1.8,"OS_RLIM",45,1,
1,1.9,"IRLLKG",45,0,
2,2.-1,"IDSS",31,14,
1,2.0,"IDSS",31,14,
2,3.-1,"Vcc_Current",22,9,
1,3.0,"IOP",29,2,
1,3.1,"IOPMIN",29,0,
1,3.2,"IOPMAX26",26,3,
1,3.3,"IOPMAX30",25,1,
1,3.4,"IOPSW",22,3,
2,4.-1,"UVLO",22,0,
1,4.0,"VSTART",22,0,
1,4.1,"ISTART",22,0,
1,4.2,"VSTOP",22,0,
1,4.3,"UVLO_HYS",22,0,
1,4.4,"DIVSTOP",22,0,
2,5.-1,"Vfb_Current",20,2,
1,5.0,"IFB",22,0,
1,5.1,"IPK",22,0,
1,5.2,"IDELAY",20,2,
1,5.3,"VFBOFF",20,0,
2,6.-1,"TSS",20,0,
1,6.0,"TSS",20,0,
2,7.-1,"Start_Current",14,6,
1,7.0,"IJLKG",14,6,
1,7.1,"ICH",14,0,
1,7.2,"ISTRVCC",14,0,
1,7.3,"ISTD",14,0,
1,7.4,"VSTR",14,0,
2,8.-1,"FOSC",10,4,
1,8.0,"FSS",10,4,
1,8.1,"TON_MAX",10,0,
1,8.2,"TOFF_MAX",10,0,
1,8.3,"DMAX",10,0,
1,8.4,"Fstable",10,0,
1,8.5,"Dmin",10,0,
2,9.-1,"VSD",10,0,
1,9.0,"VSD",10,0,
2,10.-1,"Burst_Thershold",10,0,
1,10.0,"VBURH",10,0,
1,10.1,"VBURL",10,0,
1,10.2,"Burst_Hys",10,0,
2,11.-1,"VOVP",10,0,
1,11.0,"VOVP",10,0,
2,12.-1,"AR",10,0,
1,12.0,"AR",10,0,
2,13.-1,"ILIMIT",1,9,
1,13.0,"ILIM",1,9,
1,13.1,"SILIM1",1,0,
1,13.2,"SILIM2",1,0,
2,14.-1,"IDSS1",1,0,
1,14.0,"IDSS1",1,0,
3, 102, 1, 634528, 135845, 0,
250,1,1,1,
250,1,5,57,
250,1,6,14,
250,1,7,9,
250,1,8,0,
250,1,9,2,
250,1,10,0,
250,1,11,6,
250,1,12,4,
250,1,13,0,
250,1,14,0,
250,1,15,0,
250,1,16,0,
250,1,17,9,
250,1,18,0,
250,1,19,0,
250,1,20,0,
250,1,21,0,
250,1,22,0,
250,1,23,0,
250,1,24,0,
250,1,25,0,
250,1,32,0,
260,1,1,1,
260,1,3,57,
260,1,4,44,
202,1,1.-1,45,57,
201,1,1.0,74,28,
201,1,1.1,74,0,
201,1,1.2,74,0,
201,1,1.3,69,5,
201,1,1.4,67,2,
201,1,1.5,67,0,
201,1,1.6,56,11,
201,1,1.7,46,10,
201,1,1.8,45,1,
201,1,1.9,45,0,
202,1,2.-1,31,14,
201,1,2.0,31,14,
202,1,3.-1,22,9,
201,1,3.0,29,2,
201,1,3.1,29,0,
201,1,3.2,26,3,
201,1,3.3,25,1,
201,1,3.4,22,3,
202,1,4.-1,22,0,
201,1,4.0,22,0,
201,1,4.1,22,0,
201,1,4.2,22,0,
201,1,4.3,22,0,
201,1,4.4,22,0,
202,1,5.-1,20,2,
201,1,5.0,22,0,
201,1,5.1,22,0,
201,1,5.2,20,2,
201,1,5.3,20,0,
202,1,6.-1,20,0,
201,1,6.0,20,0,
202,1,7.-1,14,6,
201,1,7.0,14,6,
201,1,7.1,14,0,
201,1,7.2,14,0,
201,1,7.3,14,0,
201,1,7.4,14,0,
202,1,8.-1,10,4,
201,1,8.0,10,4,
201,1,8.1,10,0,
201,1,8.2,10,0,
201,1,8.3,10,0,
201,1,8.4,10,0,
201,1,8.5,10,0,
202,1,9.-1,10,0,
201,1,9.0,10,0,
202,1,10.-1,10,0,
201,1,10.0,10,0,
201,1,10.1,10,0,
201,1,10.2,10,0,
202,1,11.-1,10,0,
201,1,11.0,10,0,
202,1,12.-1,10,0,
201,1,12.0,10,0,
202,1,13.-1,1,9,
201,1,13.0,1,9,
201,1,13.1,1,0,
201,1,13.2,1,0,
202,1,14.-1,1,0,
201,1,14.0,1,0,
203,1,102,1,0,
250,2,1,0,
250,2,5,0,
250,2,6,0,
250,2,7,0,
250,2,8,0,
250,2,9,0,
250,2,10,0,
250,2,11,0,
250,2,12,0,
250,2,13,0,
250,2,14,0,
250,2,15,0,
250,2,16,0,
250,2,17,0,
250,2,18,0,
250,2,19,0,
250,2,20,0,
250,2,21,0,
250,2,22,0,
250,2,23,0,
250,2,24,0,
250,2,25,0,
250,2,32,0,
260,2,1,0,
260,2,3,0,
260,2,4,0,
202,2,1.-1,0,0,
202,2,2.-1,0,0,
202,2,3.-1,0,0,
202,2,4.-1,0,0,
202,2,5.-1,0,0,
202,2,6.-1,0,0,
202,2,7.-1,0,0,
202,2,8.-1,0,0,
202,2,9.-1,0,0,
202,2,10.-1,0,0,
202,2,11.-1,0,0,
202,2,12.-1,0,0,
202,2,13.-1,0,0,
202,2,14.-1,0,0,
203,2,0,0,0,
30,"06/27/2019  01:01:16","06/27/2019  01:03:21",
